[ 2019-07-15T11:43:41+08:00 ] 192.168.1.211 /fin/index.php/home/index/jrpointperspays.html
ERR: 1054:Unknown column 'zhiwwud' in 'group statement'
 [ SQL语句 ] : SELECT `persname`,`jgh`,`zhiwud`,sum(sum) as sums FROM `finance_jrpointsum` WHERE ( `date` >= '2019-07-01' AND `date` <= '2019-07-31'  ) AND `zhiwud` NOT IN ('1') GROUP BY persname,jgh,zhiwwud 
ERR: 1054:Unknown column 'zhiwwud' in 'group statement'
 [ SQL语句 ] : SELECT `persname`,`jgh`,`zhiwud`,sum(sum) as sums FROM `finance_jrpointsum` WHERE ( `date` >= '2019-07-01' AND `date` <= '2019-07-31'  ) AND `zhiwud` NOT IN ('1') GROUP BY persname,jgh,zhiwwud 

[ 2019-07-15T11:43:49+08:00 ] 192.168.1.211 /fin/index.php/home/index/jrpointperspays.html
ERR: 1054:Unknown column 'zhiwwud' in 'group statement'
 [ SQL语句 ] : SELECT `persname`,`jgh`,`zhiwud`,sum(sum) as sums FROM `finance_jrpointsum` WHERE ( `date` >= '2019-07-01' AND `date` <= '2019-07-31'  ) AND `zhiwud` NOT IN ('1') GROUP BY persname,jgh,zhiwwud 
ERR: 1054:Unknown column 'zhiwwud' in 'group statement'
 [ SQL语句 ] : SELECT `persname`,`jgh`,`zhiwud`,sum(sum) as sums FROM `finance_jrpointsum` WHERE ( `date` >= '2019-07-01' AND `date` <= '2019-07-31'  ) AND `zhiwud` NOT IN ('1') GROUP BY persname,jgh,zhiwwud 

[ 2019-07-15T11:43:57+08:00 ] 192.168.1.211 /fin/index.php/home/index/jrpointperspays.html
ERR: 1054:Unknown column 'zhiwwud' in 'group statement'
 [ SQL语句 ] : SELECT `persname`,`jgh`,`zhiwud`,sum(sum) as sums FROM `finance_jrpointsum` WHERE ( `date` >= '2019-07-01' AND `date` <= '2019-07-31'  ) AND `zhiwud` NOT IN ('1') GROUP BY persname,jgh,zhiwwud 
ERR: 1054:Unknown column 'zhiwwud' in 'group statement'
 [ SQL语句 ] : SELECT `persname`,`jgh`,`zhiwud`,sum(sum) as sums FROM `finance_jrpointsum` WHERE ( `date` >= '2019-07-01' AND `date` <= '2019-07-31'  ) AND `zhiwud` NOT IN ('1') GROUP BY persname,jgh,zhiwwud 

[ 2019-07-15T15:32:23+08:00 ] 192.168.1.211 /fin/index.php/home/index/jrpointperspays.html
ERR: Think\Controller:dispaly方法不存在！

[ 2019-07-15T15:34:29+08:00 ] 192.168.1.211 /fin/index.php/home/index/jrpointperspays.html
ERR: 1064:You have an error in your SQL syntax; check the manual that corresponds to your MySQL server version for the right syntax to use near 'desc jgh' at line 1
 [ SQL语句 ] : SELECT `districtid`,`persname`,`jgh`,`zhiwu`,`dwname`,`zhiwud`,sum(sum) as sums FROM `finance_jrpointsum` WHERE `districtid` = 1 AND ( `date` >= '2019-05-01' AND `date` <= '2019-05-31'  ) AND `shenhe` = 1 AND `zhiwud` NOT IN ('1') GROUP BY persname,zhiwu,dwname,jgh,zhiwud ORDER BY desc jgh 
ERR: 1064:You have an error in your SQL syntax; check the manual that corresponds to your MySQL server version for the right syntax to use near 'desc jgh' at line 1
 [ SQL语句 ] : SELECT `districtid`,`persname`,`jgh`,`zhiwu`,`dwname`,`zhiwud`,sum(sum) as sums FROM `finance_jrpointsum` WHERE `districtid` = 1 AND ( `date` >= '2019-05-01' AND `date` <= '2019-05-31'  ) AND `shenhe` = 1 AND `zhiwud` NOT IN ('1') GROUP BY persname,zhiwu,dwname,jgh,zhiwud ORDER BY desc jgh 

