[ 2019-08-27T11:17:58+08:00 ] ::1 /jrhr/index.php/Home/Index/jrtenthouinfooldups.html
ERR: Call to a member function addall() on null

[ 2019-08-27T11:18:43+08:00 ] ::1 /jrhr/index.php/Home/Index/jrtenthouinfooldups.html
ERR: Call to a member function addall() on null

[ 2019-08-27T11:19:12+08:00 ] ::1 /jrhr/index.php/Home/Index/jrtenthouinfooldups.html
ERR: Call to a member function addall() on null

[ 2019-08-27T11:19:29+08:00 ] ::1 /jrhr/index.php/Home/Index/jrtenthouinfoups.html
ERR: 1146:Table 'posthr.hr_jrclienttenthou' doesn't exist
 [ SQL语句 ] : SHOW COLUMNS FROM `hr_jrclienttenthou`

[ 2019-08-27T11:34:48+08:00 ] ::1 /jrhr/index.php/Home/Index/jrtenthouinfoups.html
ERR: 1146:Table 'posthr.hr_jrclienttenthou' doesn't exist
 [ SQL语句 ] : SHOW COLUMNS FROM `hr_jrclienttenthou`

[ 2019-08-27T11:36:24+08:00 ] ::1 /jrhr/index.php/Home/Index/jrtenthouinfoups.html
ERR: 1146:Table 'posthr.hr_jrclienttenthou' doesn't exist
 [ SQL语句 ] : SHOW COLUMNS FROM `hr_jrclienttenthou`

[ 2019-08-27T11:39:25+08:00 ] ::1 /jrhr/index.php/Home/Index/jrtenthouinfooldups.html
ERR: Call to a member function addall() on null

[ 2019-08-27T11:40:47+08:00 ] ::1 /jrhr/index.php/Home/Index/jrtenthouinfooldups.html
ERR: Call to a member function addall() on null

[ 2019-08-27T14:40:15+08:00 ] ::1 /jrhr/index.php/Home/Index/jrtenthoupt
ERR: 1064:You have an error in your SQL syntax; check the manual that corresponds to your MySQL server version for the right syntax to use near ''A1 )' at line 1
 [ SQL语句 ] : SELECT * FROM `hr_jrdanwei` WHERE ( jiagou = 'A1 ) 

