[ 2019-09-20T09:38:49+08:00 ] ::1 /cost/index.php/Home/Admin/pointcardwdinvestlist.html?page=1&limit=20
INFO: [ app_begin ] --START--
INFO: Run Behavior\ReadHtmlCacheBehavior [ RunTime:0.000454s ]
INFO: [ app_begin ] --END-- [ RunTime:0.000990s ]
NOTIC: [8] Undefined index: stats /Library/WebServer/Documents/cost/Application/Home/Controller/AdminController.class.php 第 1803 行.
NOTIC: [8] Undefined index: card /Library/WebServer/Documents/cost/Application/Home/Controller/AdminController.class.php 第 1804 行.
NOTIC: [8] Undefined index: jgh /Library/WebServer/Documents/cost/Application/Home/Controller/AdminController.class.php 第 1805 行.
NOTIC: [8] Undefined index: date /Library/WebServer/Documents/cost/Application/Home/Controller/AdminController.class.php 第 1806 行.
SQL: SHOW COLUMNS FROM `hr_costcardout` [ RunTime:0.0028s ]
SQL: SELECT * FROM `hr_costcardout` WHERE `stats` = 2 LIMIT 0,20   [ RunTime:0.0008s ]
SQL: SHOW COLUMNS FROM `hr_danwei` [ RunTime:0.0023s ]
SQL: SELECT * FROM `hr_danwei` WHERE ( jiagou = 'A1' )  [ RunTime:0.0006s ]
SQL: SELECT COUNT(*) AS tp_count FROM `hr_costcardout` WHERE `stats` = 2 LIMIT 1   [ RunTime:0.0013s ]
INFO: [ app_end ] --START--
INFO: Run Behavior\ShowPageTraceBehavior [ RunTime:0.001088s ]
INFO: [ app_end ] --END-- [ RunTime:0.001414s ]

[ 2019-09-20T09:38:51+08:00 ] ::1 /cost/index.php/Home/Admin/pointcardwdfinancelist.html?page=1&limit=20
INFO: [ app_begin ] --START--
INFO: Run Behavior\ReadHtmlCacheBehavior [ RunTime:0.000351s ]
INFO: [ app_begin ] --END-- [ RunTime:0.000733s ]
NOTIC: [8] Undefined index: stats /Library/WebServer/Documents/cost/Application/Home/Controller/AdminController.class.php 第 1725 行.
NOTIC: [8] Undefined index: card /Library/WebServer/Documents/cost/Application/Home/Controller/AdminController.class.php 第 1726 行.
NOTIC: [8] Undefined index: jgh /Library/WebServer/Documents/cost/Application/Home/Controller/AdminController.class.php 第 1727 行.
NOTIC: [8] Undefined index: date /Library/WebServer/Documents/cost/Application/Home/Controller/AdminController.class.php 第 1728 行.
SQL: SHOW COLUMNS FROM `hr_costcardout` [ RunTime:0.0025s ]
SQL: SELECT * FROM `hr_costcardout` WHERE `stats` = 8 LIMIT 0,20   [ RunTime:0.0004s ]
SQL: SHOW COLUMNS FROM `hr_danwei` [ RunTime:0.0016s ]
SQL: SELECT * FROM `hr_danwei` WHERE ( jiagou = 'A1' )  [ RunTime:0.0004s ]
SQL: SELECT COUNT(*) AS tp_count FROM `hr_costcardout` WHERE `stats` = 8 LIMIT 1   [ RunTime:0.0002s ]
INFO: [ app_end ] --START--
INFO: Run Behavior\ShowPageTraceBehavior [ RunTime:0.000423s ]
INFO: [ app_end ] --END-- [ RunTime:0.000577s ]

[ 2019-09-20T09:39:07+08:00 ] ::1 /cost/index.php/Home/Admin/pointcardwdfinancelist.html?page=1&limit=20&stats=8&jgh=&date=
INFO: [ app_begin ] --START--
INFO: Run Behavior\ReadHtmlCacheBehavior [ RunTime:0.000673s ]
INFO: [ app_begin ] --END-- [ RunTime:0.001384s ]
NOTIC: [8] Undefined index: card /Library/WebServer/Documents/cost/Application/Home/Controller/AdminController.class.php 第 1726 行.
SQL: SHOW COLUMNS FROM `hr_costcardout` [ RunTime:0.0020s ]
SQL: SELECT * FROM `hr_costcardout` WHERE `stats` = '8' LIMIT 0,20   [ RunTime:0.0005s ]
SQL: SHOW COLUMNS FROM `hr_danwei` [ RunTime:0.0019s ]
SQL: SELECT * FROM `hr_danwei` WHERE ( jiagou = 'A1' )  [ RunTime:0.0004s ]
SQL: SELECT COUNT(*) AS tp_count FROM `hr_costcardout` WHERE `stats` = '8' LIMIT 1   [ RunTime:0.0002s ]
INFO: [ app_end ] --START--
INFO: Run Behavior\ShowPageTraceBehavior [ RunTime:0.000430s ]
INFO: [ app_end ] --END-- [ RunTime:0.000575s ]

[ 2019-09-20T09:39:17+08:00 ] ::1 /cost/index.php/Home/Admin/pointcardwdinlist.html?page=1&limit=20
INFO: [ app_begin ] --START--
INFO: Run Behavior\ReadHtmlCacheBehavior [ RunTime:0.001013s ]
INFO: [ app_begin ] --END-- [ RunTime:0.001784s ]
NOTIC: [8] Undefined index: card /Library/WebServer/Documents/cost/Application/Home/Controller/AdminController.class.php 第 1339 行.
NOTIC: [8] Undefined index: jgh /Library/WebServer/Documents/cost/Application/Home/Controller/AdminController.class.php 第 1340 行.
NOTIC: [8] Undefined index: date /Library/WebServer/Documents/cost/Application/Home/Controller/AdminController.class.php 第 1341 行.
SQL: SHOW COLUMNS FROM `hr_costcard` [ RunTime:0.0025s ]
SQL: SELECT * FROM `hr_costcard` WHERE `stats` = 4 LIMIT 0,20   [ RunTime:0.0020s ]
SQL: SHOW COLUMNS FROM `hr_danwei` [ RunTime:0.0035s ]
SQL: SELECT * FROM `hr_danwei` WHERE ( jiagou = 'A1' )  [ RunTime:0.0005s ]
SQL: SELECT COUNT(*) AS tp_count FROM `hr_costcard` WHERE `stats` = 4 LIMIT 1   [ RunTime:0.0003s ]
INFO: [ app_end ] --START--
INFO: Run Behavior\ShowPageTraceBehavior [ RunTime:0.000534s ]
INFO: [ app_end ] --END-- [ RunTime:0.000715s ]

[ 2019-09-20T09:39:21+08:00 ] ::1 /cost/index.php/Home/Admin/pointcardwdeditlist.html?page=1&limit=20
INFO: [ app_begin ] --START--
INFO: Run Behavior\ReadHtmlCacheBehavior [ RunTime:0.001079s ]
INFO: [ app_begin ] --END-- [ RunTime:0.002335s ]
NOTIC: [8] Undefined index: stats /Library/WebServer/Documents/cost/Application/Home/Controller/AdminController.class.php 第 1454 行.
NOTIC: [8] Undefined index: jgh /Library/WebServer/Documents/cost/Application/Home/Controller/AdminController.class.php 第 1455 行.
NOTIC: [8] Undefined index: date /Library/WebServer/Documents/cost/Application/Home/Controller/AdminController.class.php 第 1456 行.
SQL: SHOW COLUMNS FROM `hr_costcard` [ RunTime:0.0025s ]
SQL: SELECT * FROM `hr_costcard` WHERE `stats` NOT IN ('1') LIMIT 0,20   [ RunTime:0.0006s ]
SQL: SHOW COLUMNS FROM `hr_danwei` [ RunTime:0.0019s ]
SQL: SELECT * FROM `hr_danwei` WHERE ( jiagou = 'A1' )  [ RunTime:0.0005s ]
SQL: SELECT COUNT(*) AS tp_count FROM `hr_costcard` WHERE `stats` NOT IN ('1') LIMIT 1   [ RunTime:0.0011s ]
INFO: [ app_end ] --START--
INFO: Run Behavior\ShowPageTraceBehavior [ RunTime:0.000754s ]
INFO: [ app_end ] --END-- [ RunTime:0.000994s ]

[ 2019-09-20T09:39:49+08:00 ] ::1 /cost/index.php/Home/Admin/pointcardwdshlist.html?page=1&limit=20
INFO: [ app_begin ] --START--
INFO: Run Behavior\ReadHtmlCacheBehavior [ RunTime:0.000578s ]
INFO: [ app_begin ] --END-- [ RunTime:0.001262s ]
NOTIC: [8] Undefined index: card /Library/WebServer/Documents/cost/Application/Home/Controller/AdminController.class.php 第 1594 行.
NOTIC: [8] Undefined index: jgh /Library/WebServer/Documents/cost/Application/Home/Controller/AdminController.class.php 第 1595 行.
NOTIC: [8] Undefined index: date /Library/WebServer/Documents/cost/Application/Home/Controller/AdminController.class.php 第 1596 行.
SQL: SHOW COLUMNS FROM `hr_costcardout` [ RunTime:0.0030s ]
SQL: SELECT * FROM `hr_costcardout` WHERE `stats` = 3 LIMIT 0,20   [ RunTime:0.0005s ]
SQL: SHOW COLUMNS FROM `hr_danwei` [ RunTime:0.0038s ]
SQL: SELECT * FROM `hr_danwei` WHERE ( jiagou = 'A1' )  [ RunTime:0.0006s ]
SQL: SELECT COUNT(*) AS tp_count FROM `hr_costcardout` WHERE `stats` = 3 LIMIT 1   [ RunTime:0.0003s ]
INFO: [ app_end ] --START--
INFO: Run Behavior\ShowPageTraceBehavior [ RunTime:0.000531s ]
INFO: [ app_end ] --END-- [ RunTime:0.000748s ]

[ 2019-09-20T09:39:52+08:00 ] ::1 /cost/index.php/Home/Admin/pointcardwdinlist.html?page=1&limit=20
INFO: [ app_begin ] --START--
INFO: Run Behavior\ReadHtmlCacheBehavior [ RunTime:0.000526s ]
INFO: [ app_begin ] --END-- [ RunTime:0.001089s ]
NOTIC: [8] Undefined index: card /Library/WebServer/Documents/cost/Application/Home/Controller/AdminController.class.php 第 1339 行.
NOTIC: [8] Undefined index: jgh /Library/WebServer/Documents/cost/Application/Home/Controller/AdminController.class.php 第 1340 行.
NOTIC: [8] Undefined index: date /Library/WebServer/Documents/cost/Application/Home/Controller/AdminController.class.php 第 1341 行.
SQL: SHOW COLUMNS FROM `hr_costcard` [ RunTime:0.0034s ]
SQL: SELECT * FROM `hr_costcard` WHERE `stats` = 4 LIMIT 0,20   [ RunTime:0.0003s ]
SQL: SHOW COLUMNS FROM `hr_danwei` [ RunTime:0.0018s ]
SQL: SELECT * FROM `hr_danwei` WHERE ( jiagou = 'A1' )  [ RunTime:0.0007s ]
SQL: SELECT COUNT(*) AS tp_count FROM `hr_costcard` WHERE `stats` = 4 LIMIT 1   [ RunTime:0.0009s ]
INFO: [ app_end ] --START--
INFO: Run Behavior\ShowPageTraceBehavior [ RunTime:0.001004s ]
INFO: [ app_end ] --END-- [ RunTime:0.001234s ]

[ 2019-09-20T09:57:37+08:00 ] ::1 /cost/index.php/Home/Admin/pointcardwdeditlist.html?page=1&limit=20
INFO: [ app_begin ] --START--
INFO: Run Behavior\ReadHtmlCacheBehavior [ RunTime:0.000592s ]
INFO: [ app_begin ] --END-- [ RunTime:0.001152s ]
NOTIC: [8] Undefined index: stats /Library/WebServer/Documents/cost/Application/Home/Controller/AdminController.class.php 第 1454 行.
NOTIC: [8] Undefined index: jgh /Library/WebServer/Documents/cost/Application/Home/Controller/AdminController.class.php 第 1455 行.
NOTIC: [8] Undefined index: date /Library/WebServer/Documents/cost/Application/Home/Controller/AdminController.class.php 第 1456 行.
SQL: SHOW COLUMNS FROM `hr_costcard` [ RunTime:0.0026s ]
SQL: SELECT * FROM `hr_costcard` WHERE `stats` NOT IN ('1') LIMIT 0,20   [ RunTime:0.0006s ]
SQL: SHOW COLUMNS FROM `hr_danwei` [ RunTime:0.0021s ]
SQL: SELECT * FROM `hr_danwei` WHERE ( jiagou = 'A1' )  [ RunTime:0.0005s ]
SQL: SELECT COUNT(*) AS tp_count FROM `hr_costcard` WHERE `stats` NOT IN ('1') LIMIT 1   [ RunTime:0.0016s ]
INFO: [ app_end ] --START--
INFO: Run Behavior\ShowPageTraceBehavior [ RunTime:0.001171s ]
INFO: [ app_end ] --END-- [ RunTime:0.001429s ]

[ 2019-09-20T10:05:51+08:00 ] ::1 /cost/index.php/Home/Admin/pointcardwdeditlist.html?page=1&limit=20
INFO: [ app_begin ] --START--
INFO: Run Behavior\ReadHtmlCacheBehavior [ RunTime:0.000513s ]
INFO: [ app_begin ] --END-- [ RunTime:0.001080s ]
NOTIC: [8] Undefined index: stats /Library/WebServer/Documents/cost/Application/Home/Controller/AdminController.class.php 第 1454 行.
NOTIC: [8] Undefined index: jgh /Library/WebServer/Documents/cost/Application/Home/Controller/AdminController.class.php 第 1455 行.
NOTIC: [8] Undefined index: date /Library/WebServer/Documents/cost/Application/Home/Controller/AdminController.class.php 第 1456 行.
SQL: SHOW COLUMNS FROM `hr_costcard` [ RunTime:0.0026s ]
SQL: SELECT * FROM `hr_costcard` WHERE `stats` NOT IN ('1') LIMIT 0,20   [ RunTime:0.0007s ]
SQL: SHOW COLUMNS FROM `hr_danwei` [ RunTime:0.0047s ]
SQL: SELECT * FROM `hr_danwei` WHERE ( jiagou = 'A1' )  [ RunTime:0.0012s ]
SQL: SELECT COUNT(*) AS tp_count FROM `hr_costcard` WHERE `stats` NOT IN ('1') LIMIT 1   [ RunTime:0.0004s ]
INFO: [ app_end ] --START--
INFO: Run Behavior\ShowPageTraceBehavior [ RunTime:0.000608s ]
INFO: [ app_end ] --END-- [ RunTime:0.000816s ]

[ 2019-09-20T10:05:53+08:00 ] ::1 /cost/index.php/Home/Admin/pointcarddetail.html?cardid=1,2
ERR: Think\Controller:pcistats方法不存在！

[ 2019-09-20T10:05:57+08:00 ] ::1 /cost/index.php/Home/Admin/pointcardwdeditlist.html?page=1&limit=20
INFO: [ app_begin ] --START--
INFO: Run Behavior\ReadHtmlCacheBehavior [ RunTime:0.001017s ]
INFO: [ app_begin ] --END-- [ RunTime:0.002123s ]
NOTIC: [8] Undefined index: stats /Library/WebServer/Documents/cost/Application/Home/Controller/AdminController.class.php 第 1454 行.
NOTIC: [8] Undefined index: jgh /Library/WebServer/Documents/cost/Application/Home/Controller/AdminController.class.php 第 1455 行.
NOTIC: [8] Undefined index: date /Library/WebServer/Documents/cost/Application/Home/Controller/AdminController.class.php 第 1456 行.
SQL: SHOW COLUMNS FROM `hr_costcard` [ RunTime:0.0020s ]
SQL: SELECT * FROM `hr_costcard` WHERE `stats` NOT IN ('1') LIMIT 0,20   [ RunTime:0.0003s ]
SQL: SHOW COLUMNS FROM `hr_danwei` [ RunTime:0.0018s ]
SQL: SELECT * FROM `hr_danwei` WHERE ( jiagou = 'A1' )  [ RunTime:0.0008s ]
SQL: SELECT COUNT(*) AS tp_count FROM `hr_costcard` WHERE `stats` NOT IN ('1') LIMIT 1   [ RunTime:0.0004s ]
INFO: [ app_end ] --START--
INFO: Run Behavior\ShowPageTraceBehavior [ RunTime:0.000681s ]
INFO: [ app_end ] --END-- [ RunTime:0.000870s ]

[ 2019-09-20T10:07:58+08:00 ] ::1 /cost/index.php/Home/Admin/pointcardwdeditlist.html?page=1&limit=20
INFO: [ app_begin ] --START--
INFO: Run Behavior\ReadHtmlCacheBehavior [ RunTime:0.000737s ]
INFO: [ app_begin ] --END-- [ RunTime:0.001737s ]
NOTIC: [8] Undefined index: stats /Library/WebServer/Documents/cost/Application/Home/Controller/AdminController.class.php 第 1454 行.
NOTIC: [8] Undefined index: jgh /Library/WebServer/Documents/cost/Application/Home/Controller/AdminController.class.php 第 1455 行.
NOTIC: [8] Undefined index: date /Library/WebServer/Documents/cost/Application/Home/Controller/AdminController.class.php 第 1456 行.
SQL: SHOW COLUMNS FROM `hr_costcard` [ RunTime:0.0041s ]
SQL: SELECT * FROM `hr_costcard` WHERE `stats` NOT IN ('1') LIMIT 0,20   [ RunTime:0.0009s ]
SQL: SHOW COLUMNS FROM `hr_danwei` [ RunTime:0.0022s ]
SQL: SELECT * FROM `hr_danwei` WHERE ( jiagou = 'A1' )  [ RunTime:0.0010s ]
SQL: SELECT COUNT(*) AS tp_count FROM `hr_costcard` WHERE `stats` NOT IN ('1') LIMIT 1   [ RunTime:0.0006s ]
INFO: [ app_end ] --START--
INFO: Run Behavior\ShowPageTraceBehavior [ RunTime:0.000708s ]
INFO: [ app_end ] --END-- [ RunTime:0.000919s ]

[ 2019-09-20T10:08:13+08:00 ] ::1 /cost/index.php/Home/Admin/pointcardwdeditlist.html?page=1&limit=20
INFO: [ app_begin ] --START--
INFO: Run Behavior\ReadHtmlCacheBehavior [ RunTime:0.000430s ]
INFO: [ app_begin ] --END-- [ RunTime:0.001069s ]
NOTIC: [8] Undefined index: stats /Library/WebServer/Documents/cost/Application/Home/Controller/AdminController.class.php 第 1454 行.
NOTIC: [8] Undefined index: jgh /Library/WebServer/Documents/cost/Application/Home/Controller/AdminController.class.php 第 1455 行.
NOTIC: [8] Undefined index: date /Library/WebServer/Documents/cost/Application/Home/Controller/AdminController.class.php 第 1456 行.
SQL: SHOW COLUMNS FROM `hr_costcard` [ RunTime:0.0023s ]
SQL: SELECT * FROM `hr_costcard` WHERE `stats` NOT IN ('1') LIMIT 0,20   [ RunTime:0.0010s ]
SQL: SHOW COLUMNS FROM `hr_danwei` [ RunTime:0.0031s ]
SQL: SELECT * FROM `hr_danwei` WHERE ( jiagou = 'A1' )  [ RunTime:0.0005s ]
SQL: SELECT COUNT(*) AS tp_count FROM `hr_costcard` WHERE `stats` NOT IN ('1') LIMIT 1   [ RunTime:0.0002s ]
INFO: [ app_end ] --START--
INFO: Run Behavior\ShowPageTraceBehavior [ RunTime:0.000435s ]
INFO: [ app_end ] --END-- [ RunTime:0.000635s ]

[ 2019-09-20T10:08:35+08:00 ] ::1 /cost/index.php/Home/Admin/pointcardwdeditlist.html?page=1&limit=20
INFO: [ app_begin ] --START--
INFO: Run Behavior\ReadHtmlCacheBehavior [ RunTime:0.000498s ]
INFO: [ app_begin ] --END-- [ RunTime:0.001060s ]
NOTIC: [8] Undefined index: stats /Library/WebServer/Documents/cost/Application/Home/Controller/AdminController.class.php 第 1454 行.
NOTIC: [8] Undefined index: jgh /Library/WebServer/Documents/cost/Application/Home/Controller/AdminController.class.php 第 1455 行.
NOTIC: [8] Undefined index: date /Library/WebServer/Documents/cost/Application/Home/Controller/AdminController.class.php 第 1456 行.
SQL: SHOW COLUMNS FROM `hr_costcard` [ RunTime:0.0018s ]
SQL: SELECT * FROM `hr_costcard` WHERE `stats` NOT IN ('1') LIMIT 0,20   [ RunTime:0.0003s ]
SQL: SHOW COLUMNS FROM `hr_danwei` [ RunTime:0.0016s ]
SQL: SELECT * FROM `hr_danwei` WHERE ( jiagou = 'A1' )  [ RunTime:0.0004s ]
SQL: SELECT COUNT(*) AS tp_count FROM `hr_costcard` WHERE `stats` NOT IN ('1') LIMIT 1   [ RunTime:0.0002s ]
INFO: [ app_end ] --START--
INFO: Run Behavior\ShowPageTraceBehavior [ RunTime:0.000591s ]
INFO: [ app_end ] --END-- [ RunTime:0.000802s ]

[ 2019-09-20T10:34:38+08:00 ] ::1 /cost/index.php/Home/Admin/pointcardwdeditlist.html?page=1&limit=20
INFO: [ app_begin ] --START--
INFO: Run Behavior\ReadHtmlCacheBehavior [ RunTime:0.000359s ]
INFO: [ app_begin ] --END-- [ RunTime:0.000790s ]
NOTIC: [8] Undefined index: stats /Library/WebServer/Documents/cost/Application/Home/Controller/AdminController.class.php 第 1454 行.
NOTIC: [8] Undefined index: jgh /Library/WebServer/Documents/cost/Application/Home/Controller/AdminController.class.php 第 1455 行.
NOTIC: [8] Undefined index: date /Library/WebServer/Documents/cost/Application/Home/Controller/AdminController.class.php 第 1456 行.
SQL: SHOW COLUMNS FROM `hr_costcard` [ RunTime:0.0029s ]
SQL: SELECT * FROM `hr_costcard` WHERE `stats` NOT IN ('1') LIMIT 0,20   [ RunTime:0.0009s ]
SQL: SHOW COLUMNS FROM `hr_danwei` [ RunTime:0.0018s ]
SQL: SELECT * FROM `hr_danwei` WHERE ( jiagou = 'A1' )  [ RunTime:0.0004s ]
SQL: SELECT COUNT(*) AS tp_count FROM `hr_costcard` WHERE `stats` NOT IN ('1') LIMIT 1   [ RunTime:0.0004s ]
INFO: [ app_end ] --START--
INFO: Run Behavior\ShowPageTraceBehavior [ RunTime:0.000692s ]
INFO: [ app_end ] --END-- [ RunTime:0.000887s ]

[ 2019-09-20T10:34:44+08:00 ] ::1 /cost/index.php/Home/Admin/pointcardwdeditlist.html?page=1&limit=20
INFO: [ app_begin ] --START--
INFO: Run Behavior\ReadHtmlCacheBehavior [ RunTime:0.000791s ]
INFO: [ app_begin ] --END-- [ RunTime:0.001851s ]
NOTIC: [8] Undefined index: stats /Library/WebServer/Documents/cost/Application/Home/Controller/AdminController.class.php 第 1454 行.
NOTIC: [8] Undefined index: jgh /Library/WebServer/Documents/cost/Application/Home/Controller/AdminController.class.php 第 1455 行.
NOTIC: [8] Undefined index: date /Library/WebServer/Documents/cost/Application/Home/Controller/AdminController.class.php 第 1456 行.
SQL: SHOW COLUMNS FROM `hr_costcard` [ RunTime:0.0043s ]
SQL: SELECT * FROM `hr_costcard` WHERE `stats` NOT IN ('1') LIMIT 0,20   [ RunTime:0.0005s ]
SQL: SHOW COLUMNS FROM `hr_danwei` [ RunTime:0.0034s ]
SQL: SELECT * FROM `hr_danwei` WHERE ( jiagou = 'A1' )  [ RunTime:0.0009s ]
SQL: SELECT COUNT(*) AS tp_count FROM `hr_costcard` WHERE `stats` NOT IN ('1') LIMIT 1   [ RunTime:0.0005s ]
INFO: [ app_end ] --START--
INFO: Run Behavior\ShowPageTraceBehavior [ RunTime:0.000831s ]
INFO: [ app_end ] --END-- [ RunTime:0.001042s ]

[ 2019-09-20T10:43:09+08:00 ] ::1 /cost/index.php/Home/Admin/pointcardwdfinancelist.html?page=1&limit=20
INFO: [ app_begin ] --START--
INFO: Run Behavior\ReadHtmlCacheBehavior [ RunTime:0.000302s ]
INFO: [ app_begin ] --END-- [ RunTime:0.000674s ]
NOTIC: [8] Undefined index: stats /Library/WebServer/Documents/cost/Application/Home/Controller/AdminController.class.php 第 1725 行.
NOTIC: [8] Undefined index: card /Library/WebServer/Documents/cost/Application/Home/Controller/AdminController.class.php 第 1726 行.
NOTIC: [8] Undefined index: jgh /Library/WebServer/Documents/cost/Application/Home/Controller/AdminController.class.php 第 1727 行.
NOTIC: [8] Undefined index: date /Library/WebServer/Documents/cost/Application/Home/Controller/AdminController.class.php 第 1728 行.
SQL: SHOW COLUMNS FROM `hr_costcardout` [ RunTime:0.0020s ]
SQL: SELECT * FROM `hr_costcardout` WHERE `stats` = 8 LIMIT 0,20   [ RunTime:0.0005s ]
SQL: SHOW COLUMNS FROM `hr_danwei` [ RunTime:0.0061s ]
SQL: SELECT * FROM `hr_danwei` WHERE ( jiagou = 'A1' )  [ RunTime:0.0008s ]
SQL: SELECT COUNT(*) AS tp_count FROM `hr_costcardout` WHERE `stats` = 8 LIMIT 1   [ RunTime:0.0005s ]
INFO: [ app_end ] --START--
INFO: Run Behavior\ShowPageTraceBehavior [ RunTime:0.000515s ]
INFO: [ app_end ] --END-- [ RunTime:0.000678s ]

[ 2019-09-20T11:52:33+08:00 ] ::1 /cost/index.php/Home/Index/pointcardedits.html?page=1&limit=20
INFO: [ app_begin ] --START--
INFO: Run Behavior\ReadHtmlCacheBehavior [ RunTime:0.000432s ]
INFO: [ app_begin ] --END-- [ RunTime:0.000908s ]
NOTIC: [8] Undefined index: stats /Library/WebServer/Documents/cost/Application/Home/Controller/IndexController.class.php 第 2401 行.
NOTIC: [8] Undefined index: card /Library/WebServer/Documents/cost/Application/Home/Controller/IndexController.class.php 第 2402 行.
NOTIC: [8] Undefined index: date /Library/WebServer/Documents/cost/Application/Home/Controller/IndexController.class.php 第 2403 行.
SQL: SHOW COLUMNS FROM `hr_costcardin` [ RunTime:0.0023s ]
SQL: SELECT * FROM `hr_costcardin` WHERE `jgh` = '63' LIMIT 0,20   [ RunTime:0.0005s ]
SQL: SHOW COLUMNS FROM `hr_danwei` [ RunTime:0.0019s ]
SQL: SELECT * FROM `hr_danwei` WHERE ( jiagou = 'A1' )  [ RunTime:0.0005s ]
SQL: SELECT COUNT(*) AS tp_count FROM `hr_costcardin` WHERE `jgh` = '63' LIMIT 1   [ RunTime:0.0007s ]
INFO: [ app_end ] --START--
INFO: Run Behavior\ShowPageTraceBehavior [ RunTime:0.000853s ]
INFO: [ app_end ] --END-- [ RunTime:0.001143s ]

[ 2019-09-20T11:56:08+08:00 ] ::1 /cost/index.php/Home/Index/pointcardedits.html?page=1&limit=20
INFO: [ app_begin ] --START--
INFO: Run Behavior\ReadHtmlCacheBehavior [ RunTime:0.000820s ]
INFO: [ app_begin ] --END-- [ RunTime:0.001905s ]
NOTIC: [8] Undefined index: stats /Library/WebServer/Documents/cost/Application/Home/Controller/IndexController.class.php 第 2401 行.
NOTIC: [8] Undefined index: card /Library/WebServer/Documents/cost/Application/Home/Controller/IndexController.class.php 第 2402 行.
NOTIC: [8] Undefined index: date /Library/WebServer/Documents/cost/Application/Home/Controller/IndexController.class.php 第 2403 行.
SQL: SHOW COLUMNS FROM `hr_costcardin` [ RunTime:0.0018s ]
SQL: SELECT * FROM `hr_costcardin` WHERE `jgh` = '63' LIMIT 0,20   [ RunTime:0.0006s ]
SQL: SHOW COLUMNS FROM `hr_danwei` [ RunTime:0.0026s ]
SQL: SELECT * FROM `hr_danwei` WHERE ( jiagou = 'A1' )  [ RunTime:0.0004s ]
SQL: SELECT COUNT(*) AS tp_count FROM `hr_costcardin` WHERE `jgh` = '63' LIMIT 1   [ RunTime:0.0003s ]
INFO: [ app_end ] --START--
INFO: Run Behavior\ShowPageTraceBehavior [ RunTime:0.000526s ]
INFO: [ app_end ] --END-- [ RunTime:0.000719s ]

[ 2019-09-20T11:56:10+08:00 ] ::1 /cost/index.php/Home/Index/pointcardouts.html?page=1&limit=20
INFO: [ app_begin ] --START--
INFO: Run Behavior\ReadHtmlCacheBehavior [ RunTime:0.000338s ]
INFO: [ app_begin ] --END-- [ RunTime:0.000744s ]
NOTIC: [8] Undefined index: stats /Library/WebServer/Documents/cost/Application/Home/Controller/IndexController.class.php 第 2471 行.
NOTIC: [8] Undefined index: card /Library/WebServer/Documents/cost/Application/Home/Controller/IndexController.class.php 第 2472 行.
NOTIC: [8] Undefined index: date /Library/WebServer/Documents/cost/Application/Home/Controller/IndexController.class.php 第 2473 行.
SQL: SHOW COLUMNS FROM `hr_costcardin` [ RunTime:0.0028s ]
SQL: SELECT * FROM `hr_costcardin` WHERE `jgh` = '63' AND `stats` = 5 LIMIT 0,20   [ RunTime:0.0009s ]
SQL: SHOW COLUMNS FROM `hr_danwei` [ RunTime:0.0041s ]
SQL: SELECT * FROM `hr_danwei` WHERE ( jiagou = 'A1' )  [ RunTime:0.0005s ]
SQL: SELECT COUNT(*) AS tp_count FROM `hr_costcardin` WHERE `jgh` = '63' AND `stats` = 5 LIMIT 1   [ RunTime:0.0004s ]
INFO: [ app_end ] --START--
INFO: Run Behavior\ShowPageTraceBehavior [ RunTime:0.000494s ]
INFO: [ app_end ] --END-- [ RunTime:0.000699s ]

[ 2019-09-20T11:56:15+08:00 ] ::1 /cost/index.php/Home/Index/pointcardouts.html?page=1&limit=20
INFO: [ app_begin ] --START--
INFO: Run Behavior\ReadHtmlCacheBehavior [ RunTime:0.000502s ]
INFO: [ app_begin ] --END-- [ RunTime:0.001059s ]
NOTIC: [8] Undefined index: stats /Library/WebServer/Documents/cost/Application/Home/Controller/IndexController.class.php 第 2471 行.
NOTIC: [8] Undefined index: card /Library/WebServer/Documents/cost/Application/Home/Controller/IndexController.class.php 第 2472 行.
NOTIC: [8] Undefined index: date /Library/WebServer/Documents/cost/Application/Home/Controller/IndexController.class.php 第 2473 行.
SQL: SHOW COLUMNS FROM `hr_costcardin` [ RunTime:0.0023s ]
SQL: SELECT * FROM `hr_costcardin` WHERE `jgh` = '63' AND `stats` = 5 LIMIT 0,20   [ RunTime:0.0005s ]
SQL: SHOW COLUMNS FROM `hr_danwei` [ RunTime:0.0027s ]
SQL: SELECT * FROM `hr_danwei` WHERE ( jiagou = 'A1' )  [ RunTime:0.0016s ]
SQL: SELECT COUNT(*) AS tp_count FROM `hr_costcardin` WHERE `jgh` = '63' AND `stats` = 5 LIMIT 1   [ RunTime:0.0005s ]
INFO: [ app_end ] --START--
INFO: Run Behavior\ShowPageTraceBehavior [ RunTime:0.000481s ]
INFO: [ app_end ] --END-- [ RunTime:0.000648s ]

[ 2019-09-20T11:56:22+08:00 ] ::1 /cost/index.php/Home/Index/pointcardlosss.html?page=1&limit=20
INFO: [ app_begin ] --START--
INFO: Run Behavior\ReadHtmlCacheBehavior [ RunTime:0.000335s ]
INFO: [ app_begin ] --END-- [ RunTime:0.000734s ]
NOTIC: [8] Undefined index: stats /Library/WebServer/Documents/cost/Application/Home/Controller/IndexController.class.php 第 2588 行.
NOTIC: [8] Undefined index: card /Library/WebServer/Documents/cost/Application/Home/Controller/IndexController.class.php 第 2589 行.
NOTIC: [8] Undefined index: date /Library/WebServer/Documents/cost/Application/Home/Controller/IndexController.class.php 第 2590 行.
SQL: SHOW COLUMNS FROM `hr_costcardout` [ RunTime:0.0046s ]
SQL: SELECT * FROM `hr_costcardout` WHERE `jgh` = '63' AND `stats` = 2 LIMIT 0,20   [ RunTime:0.0005s ]
SQL: SHOW COLUMNS FROM `hr_danwei` [ RunTime:0.0016s ]
SQL: SELECT * FROM `hr_danwei` WHERE ( jiagou = 'A1' )  [ RunTime:0.0004s ]
SQL: SELECT COUNT(*) AS tp_count FROM `hr_costcardout` WHERE `jgh` = '63' AND `stats` = 2 LIMIT 1   [ RunTime:0.0003s ]
INFO: [ app_end ] --START--
INFO: Run Behavior\ShowPageTraceBehavior [ RunTime:0.000425s ]
INFO: [ app_end ] --END-- [ RunTime:0.000578s ]

[ 2019-09-20T11:56:27+08:00 ] ::1 /cost/index.php/Home/Index/pointcardlosss.html?page=1&limit=20&stats=2&card=&date=
INFO: [ app_begin ] --START--
INFO: Run Behavior\ReadHtmlCacheBehavior [ RunTime:0.000560s ]
INFO: [ app_begin ] --END-- [ RunTime:0.001067s ]
SQL: SHOW COLUMNS FROM `hr_costcardout` [ RunTime:0.0029s ]
SQL: SELECT * FROM `hr_costcardout` WHERE `stats` = 2 AND `jgh` = '63' LIMIT 0,20   [ RunTime:0.0011s ]
SQL: SHOW COLUMNS FROM `hr_danwei` [ RunTime:0.0023s ]
SQL: SELECT * FROM `hr_danwei` WHERE ( jiagou = 'A1' )  [ RunTime:0.0004s ]
SQL: SELECT COUNT(*) AS tp_count FROM `hr_costcardout` WHERE `stats` = 2 AND `jgh` = '63' LIMIT 1   [ RunTime:0.0003s ]
INFO: [ app_end ] --START--
INFO: Run Behavior\ShowPageTraceBehavior [ RunTime:0.000600s ]
INFO: [ app_end ] --END-- [ RunTime:0.000768s ]

[ 2019-09-20T14:30:13+08:00 ] ::1 /cost/index.php/Home/Index/pointcardedits.html?page=1&limit=20
INFO: [ app_begin ] --START--
INFO: Run Behavior\ReadHtmlCacheBehavior [ RunTime:0.003723s ]
INFO: [ app_begin ] --END-- [ RunTime:0.006448s ]
NOTIC: [8] Undefined index: stats /Library/WebServer/Documents/cost/Application/Home/Controller/IndexController.class.php 第 2401 行.
NOTIC: [8] Undefined index: card /Library/WebServer/Documents/cost/Application/Home/Controller/IndexController.class.php 第 2402 行.
NOTIC: [8] Undefined index: date /Library/WebServer/Documents/cost/Application/Home/Controller/IndexController.class.php 第 2403 行.
SQL: SHOW COLUMNS FROM `hr_costcardin` [ RunTime:0.0022s ]
SQL: SELECT * FROM `hr_costcardin` WHERE `jgh` = '63' LIMIT 0,20   [ RunTime:0.0009s ]
SQL: SHOW COLUMNS FROM `hr_danwei` [ RunTime:0.0027s ]
SQL: SELECT * FROM `hr_danwei` WHERE ( jiagou = 'A1' )  [ RunTime:0.0010s ]
SQL: SELECT COUNT(*) AS tp_count FROM `hr_costcardin` WHERE `jgh` = '63' LIMIT 1   [ RunTime:0.0017s ]
INFO: [ app_end ] --START--
INFO: Run Behavior\ShowPageTraceBehavior [ RunTime:0.000815s ]
INFO: [ app_end ] --END-- [ RunTime:0.001148s ]

[ 2019-09-20T14:30:18+08:00 ] ::1 /cost/index.php/Home/Index/pointcardedits.html?page=1&limit=20
INFO: [ app_begin ] --START--
INFO: Run Behavior\ReadHtmlCacheBehavior [ RunTime:0.000382s ]
INFO: [ app_begin ] --END-- [ RunTime:0.000794s ]
NOTIC: [8] Undefined index: stats /Library/WebServer/Documents/cost/Application/Home/Controller/IndexController.class.php 第 2401 行.
NOTIC: [8] Undefined index: card /Library/WebServer/Documents/cost/Application/Home/Controller/IndexController.class.php 第 2402 行.
NOTIC: [8] Undefined index: date /Library/WebServer/Documents/cost/Application/Home/Controller/IndexController.class.php 第 2403 行.
SQL: SHOW COLUMNS FROM `hr_costcardin` [ RunTime:0.0030s ]
SQL: SELECT * FROM `hr_costcardin` WHERE `jgh` = '63' LIMIT 0,20   [ RunTime:0.0005s ]
SQL: SHOW COLUMNS FROM `hr_danwei` [ RunTime:0.0053s ]
SQL: SELECT * FROM `hr_danwei` WHERE ( jiagou = 'A1' )  [ RunTime:0.0007s ]
SQL: SELECT COUNT(*) AS tp_count FROM `hr_costcardin` WHERE `jgh` = '63' LIMIT 1   [ RunTime:0.0003s ]
INFO: [ app_end ] --START--
INFO: Run Behavior\ShowPageTraceBehavior [ RunTime:0.000679s ]
INFO: [ app_end ] --END-- [ RunTime:0.001100s ]

[ 2019-09-20T14:30:26+08:00 ] ::1 /cost/index.php/Home/Index/pointcardedits.html?page=1&limit=20&stats=8&card=&date=
INFO: [ app_begin ] --START--
INFO: Run Behavior\ReadHtmlCacheBehavior [ RunTime:0.000506s ]
INFO: [ app_begin ] --END-- [ RunTime:0.001043s ]
SQL: SHOW COLUMNS FROM `hr_costcardin` [ RunTime:0.0017s ]
SQL: SELECT * FROM `hr_costcardin` WHERE `stats` = '8' AND `jgh` = '63' LIMIT 0,20   [ RunTime:0.0006s ]
SQL: SHOW COLUMNS FROM `hr_danwei` [ RunTime:0.0017s ]
SQL: SELECT * FROM `hr_danwei` WHERE ( jiagou = 'A1' )  [ RunTime:0.0004s ]
SQL: SELECT COUNT(*) AS tp_count FROM `hr_costcardin` WHERE `stats` = '8' AND `jgh` = '63' LIMIT 1   [ RunTime:0.0003s ]
INFO: [ app_end ] --START--
INFO: Run Behavior\ShowPageTraceBehavior [ RunTime:0.000377s ]
INFO: [ app_end ] --END-- [ RunTime:0.000511s ]

[ 2019-09-20T14:30:32+08:00 ] ::1 /cost/index.php/Home/Index/pointcardlosss.html?page=1&limit=20
INFO: [ app_begin ] --START--
INFO: Run Behavior\ReadHtmlCacheBehavior [ RunTime:0.000748s ]
INFO: [ app_begin ] --END-- [ RunTime:0.001272s ]
NOTIC: [8] Undefined index: stats /Library/WebServer/Documents/cost/Application/Home/Controller/IndexController.class.php 第 2588 行.
NOTIC: [8] Undefined index: card /Library/WebServer/Documents/cost/Application/Home/Controller/IndexController.class.php 第 2589 行.
NOTIC: [8] Undefined index: date /Library/WebServer/Documents/cost/Application/Home/Controller/IndexController.class.php 第 2590 行.
SQL: SHOW COLUMNS FROM `hr_costcardout` [ RunTime:0.0034s ]
SQL: SELECT * FROM `hr_costcardout` WHERE `jgh` = '63' AND `stats` = 2 LIMIT 0,20   [ RunTime:0.0011s ]
SQL: SHOW COLUMNS FROM `hr_danwei` [ RunTime:0.0018s ]
SQL: SELECT * FROM `hr_danwei` WHERE ( jiagou = 'A1' )  [ RunTime:0.0004s ]
SQL: SELECT COUNT(*) AS tp_count FROM `hr_costcardout` WHERE `jgh` = '63' AND `stats` = 2 LIMIT 1   [ RunTime:0.0003s ]
INFO: [ app_end ] --START--
INFO: Run Behavior\ShowPageTraceBehavior [ RunTime:0.000454s ]
INFO: [ app_end ] --END-- [ RunTime:0.000604s ]

[ 2019-09-20T14:43:20+08:00 ] ::1 /cost/index.php/Home/Index/pointcardlosss.html?page=1&limit=20
INFO: [ app_begin ] --START--
INFO: Run Behavior\ReadHtmlCacheBehavior [ RunTime:0.000332s ]
INFO: [ app_begin ] --END-- [ RunTime:0.000691s ]
NOTIC: [8] Undefined index: stats /Library/WebServer/Documents/cost/Application/Home/Controller/IndexController.class.php 第 2588 行.
NOTIC: [8] Undefined index: card /Library/WebServer/Documents/cost/Application/Home/Controller/IndexController.class.php 第 2589 行.
NOTIC: [8] Undefined index: date /Library/WebServer/Documents/cost/Application/Home/Controller/IndexController.class.php 第 2590 行.
SQL: SHOW COLUMNS FROM `hr_costcardout` [ RunTime:0.0040s ]
SQL: SELECT * FROM `hr_costcardout` WHERE `jgh` = '63' AND `stats` = 2 LIMIT 0,20   [ RunTime:0.0011s ]
SQL: SHOW COLUMNS FROM `hr_danwei` [ RunTime:0.0021s ]
SQL: SELECT * FROM `hr_danwei` WHERE ( jiagou = 'A1' )  [ RunTime:0.0006s ]
SQL: SELECT COUNT(*) AS tp_count FROM `hr_costcardout` WHERE `jgh` = '63' AND `stats` = 2 LIMIT 1   [ RunTime:0.0003s ]
INFO: [ app_end ] --START--
INFO: Run Behavior\ShowPageTraceBehavior [ RunTime:0.000451s ]
INFO: [ app_end ] --END-- [ RunTime:0.000619s ]

[ 2019-09-20T14:43:23+08:00 ] ::1 /cost/index.php/Home/Index/pointcardlosss.html?page=1&limit=20&stats=8&card=&date=
INFO: [ app_begin ] --START--
INFO: Run Behavior\ReadHtmlCacheBehavior [ RunTime:0.000668s ]
INFO: [ app_begin ] --END-- [ RunTime:0.001983s ]
SQL: SHOW COLUMNS FROM `hr_costcardout` [ RunTime:0.0016s ]
SQL: SELECT * FROM `hr_costcardout` WHERE `stats` = 2 AND `jgh` = '63' LIMIT 0,20   [ RunTime:0.0004s ]
SQL: SHOW COLUMNS FROM `hr_danwei` [ RunTime:0.0040s ]
SQL: SELECT * FROM `hr_danwei` WHERE ( jiagou = 'A1' )  [ RunTime:0.0009s ]
SQL: SELECT COUNT(*) AS tp_count FROM `hr_costcardout` WHERE `stats` = 2 AND `jgh` = '63' LIMIT 1   [ RunTime:0.0005s ]
INFO: [ app_end ] --START--
INFO: Run Behavior\ShowPageTraceBehavior [ RunTime:0.000411s ]
INFO: [ app_end ] --END-- [ RunTime:0.000561s ]

[ 2019-09-20T14:43:25+08:00 ] ::1 /cost/index.php/Home/Index/pointcardlosss.html?page=1&limit=20&stats=2&card=&date=
INFO: [ app_begin ] --START--
INFO: Run Behavior\ReadHtmlCacheBehavior [ RunTime:0.000690s ]
INFO: [ app_begin ] --END-- [ RunTime:0.001130s ]
SQL: SHOW COLUMNS FROM `hr_costcardout` [ RunTime:0.0017s ]
SQL: SELECT * FROM `hr_costcardout` WHERE `stats` = 2 AND `jgh` = '63' LIMIT 0,20   [ RunTime:0.0013s ]
SQL: SHOW COLUMNS FROM `hr_danwei` [ RunTime:0.0032s ]
SQL: SELECT * FROM `hr_danwei` WHERE ( jiagou = 'A1' )  [ RunTime:0.0005s ]
SQL: SELECT COUNT(*) AS tp_count FROM `hr_costcardout` WHERE `stats` = 2 AND `jgh` = '63' LIMIT 1   [ RunTime:0.0003s ]
INFO: [ app_end ] --START--
INFO: Run Behavior\ShowPageTraceBehavior [ RunTime:0.000624s ]
INFO: [ app_end ] --END-- [ RunTime:0.000792s ]

[ 2019-09-20T14:43:29+08:00 ] ::1 /cost/index.php/Home/Index/pointcardlosss.html?page=1&limit=20&stats=8&card=&date=
INFO: [ app_begin ] --START--
INFO: Run Behavior\ReadHtmlCacheBehavior [ RunTime:0.000298s ]
INFO: [ app_begin ] --END-- [ RunTime:0.000617s ]
SQL: SHOW COLUMNS FROM `hr_costcardout` [ RunTime:0.0016s ]
SQL: SELECT * FROM `hr_costcardout` WHERE `stats` = 2 AND `jgh` = '63' LIMIT 0,20   [ RunTime:0.0006s ]
SQL: SHOW COLUMNS FROM `hr_danwei` [ RunTime:0.0025s ]
SQL: SELECT * FROM `hr_danwei` WHERE ( jiagou = 'A1' )  [ RunTime:0.0004s ]
SQL: SELECT COUNT(*) AS tp_count FROM `hr_costcardout` WHERE `stats` = 2 AND `jgh` = '63' LIMIT 1   [ RunTime:0.0002s ]
INFO: [ app_end ] --START--
INFO: Run Behavior\ShowPageTraceBehavior [ RunTime:0.000380s ]
INFO: [ app_end ] --END-- [ RunTime:0.000521s ]

[ 2019-09-20T14:43:49+08:00 ] ::1 /cost/index.php/Home/Index/pointcardedits.html?page=1&limit=20
INFO: [ app_begin ] --START--
INFO: Run Behavior\ReadHtmlCacheBehavior [ RunTime:0.000466s ]
INFO: [ app_begin ] --END-- [ RunTime:0.000875s ]
NOTIC: [8] Undefined index: stats /Library/WebServer/Documents/cost/Application/Home/Controller/IndexController.class.php 第 2401 行.
NOTIC: [8] Undefined index: card /Library/WebServer/Documents/cost/Application/Home/Controller/IndexController.class.php 第 2402 行.
NOTIC: [8] Undefined index: date /Library/WebServer/Documents/cost/Application/Home/Controller/IndexController.class.php 第 2403 行.
SQL: SHOW COLUMNS FROM `hr_costcardin` [ RunTime:0.0027s ]
SQL: SELECT * FROM `hr_costcardin` WHERE `jgh` = '63' LIMIT 0,20   [ RunTime:0.0004s ]
SQL: SHOW COLUMNS FROM `hr_danwei` [ RunTime:0.0020s ]
SQL: SELECT * FROM `hr_danwei` WHERE ( jiagou = 'A1' )  [ RunTime:0.0008s ]
SQL: SELECT COUNT(*) AS tp_count FROM `hr_costcardin` WHERE `jgh` = '63' LIMIT 1   [ RunTime:0.0005s ]
INFO: [ app_end ] --START--
INFO: Run Behavior\ShowPageTraceBehavior [ RunTime:0.000516s ]
INFO: [ app_end ] --END-- [ RunTime:0.000685s ]

[ 2019-09-20T14:43:59+08:00 ] ::1 /cost/index.php/Home/Index/pointcardedits.html?page=1&limit=20
INFO: [ app_begin ] --START--
INFO: Run Behavior\ReadHtmlCacheBehavior [ RunTime:0.000497s ]
INFO: [ app_begin ] --END-- [ RunTime:0.001043s ]
NOTIC: [8] Undefined index: stats /Library/WebServer/Documents/cost/Application/Home/Controller/IndexController.class.php 第 2401 行.
NOTIC: [8] Undefined index: card /Library/WebServer/Documents/cost/Application/Home/Controller/IndexController.class.php 第 2402 行.
NOTIC: [8] Undefined index: date /Library/WebServer/Documents/cost/Application/Home/Controller/IndexController.class.php 第 2403 行.
SQL: SHOW COLUMNS FROM `hr_costcardin` [ RunTime:0.0048s ]
SQL: SELECT * FROM `hr_costcardin` WHERE `jgh` = '63' LIMIT 0,20   [ RunTime:0.0013s ]
SQL: SHOW COLUMNS FROM `hr_danwei` [ RunTime:0.0029s ]
SQL: SELECT * FROM `hr_danwei` WHERE ( jiagou = 'A1' )  [ RunTime:0.0009s ]
SQL: SELECT COUNT(*) AS tp_count FROM `hr_costcardin` WHERE `jgh` = '63' LIMIT 1   [ RunTime:0.0005s ]
INFO: [ app_end ] --START--
INFO: Run Behavior\ShowPageTraceBehavior [ RunTime:0.000880s ]
INFO: [ app_end ] --END-- [ RunTime:0.001276s ]

[ 2019-09-20T14:44:29+08:00 ] ::1 /cost/index.php/Home/Index/pointcardedits.html?page=1&limit=20
INFO: [ app_begin ] --START--
INFO: Run Behavior\ReadHtmlCacheBehavior [ RunTime:0.000374s ]
INFO: [ app_begin ] --END-- [ RunTime:0.000781s ]
NOTIC: [8] Undefined index: stats /Library/WebServer/Documents/cost/Application/Home/Controller/IndexController.class.php 第 2401 行.
NOTIC: [8] Undefined index: card /Library/WebServer/Documents/cost/Application/Home/Controller/IndexController.class.php 第 2402 行.
NOTIC: [8] Undefined index: date /Library/WebServer/Documents/cost/Application/Home/Controller/IndexController.class.php 第 2403 行.
SQL: SHOW COLUMNS FROM `hr_costcardin` [ RunTime:0.0018s ]
SQL: SELECT * FROM `hr_costcardin` WHERE `jgh` = '63' LIMIT 0,20   [ RunTime:0.0003s ]
SQL: SHOW COLUMNS FROM `hr_danwei` [ RunTime:0.0025s ]
SQL: SELECT * FROM `hr_danwei` WHERE ( jiagou = 'A1' )  [ RunTime:0.0008s ]
SQL: SELECT COUNT(*) AS tp_count FROM `hr_costcardin` WHERE `jgh` = '63' LIMIT 1   [ RunTime:0.0003s ]
INFO: [ app_end ] --START--
INFO: Run Behavior\ShowPageTraceBehavior [ RunTime:0.000463s ]
INFO: [ app_end ] --END-- [ RunTime:0.000729s ]

[ 2019-09-20T14:44:35+08:00 ] ::1 /cost/index.php/Home/Index/pointcardedits.html?page=1&limit=20
INFO: [ app_begin ] --START--
INFO: Run Behavior\ReadHtmlCacheBehavior [ RunTime:0.000455s ]
INFO: [ app_begin ] --END-- [ RunTime:0.000961s ]
NOTIC: [8] Undefined index: stats /Library/WebServer/Documents/cost/Application/Home/Controller/IndexController.class.php 第 2401 行.
NOTIC: [8] Undefined index: card /Library/WebServer/Documents/cost/Application/Home/Controller/IndexController.class.php 第 2402 行.
NOTIC: [8] Undefined index: date /Library/WebServer/Documents/cost/Application/Home/Controller/IndexController.class.php 第 2403 行.
SQL: SHOW COLUMNS FROM `hr_costcardin` [ RunTime:0.0020s ]
SQL: SELECT * FROM `hr_costcardin` WHERE `jgh` = '63' LIMIT 0,20   [ RunTime:0.0006s ]
SQL: SHOW COLUMNS FROM `hr_danwei` [ RunTime:0.0030s ]
SQL: SELECT * FROM `hr_danwei` WHERE ( jiagou = 'A1' )  [ RunTime:0.0006s ]
SQL: SELECT COUNT(*) AS tp_count FROM `hr_costcardin` WHERE `jgh` = '63' LIMIT 1   [ RunTime:0.0003s ]
INFO: [ app_end ] --START--
INFO: Run Behavior\ShowPageTraceBehavior [ RunTime:0.001088s ]
INFO: [ app_end ] --END-- [ RunTime:0.001459s ]

[ 2019-09-20T14:44:37+08:00 ] ::1 /cost/index.php/Home/Index/pointcardouts.html?page=1&limit=20
INFO: [ app_begin ] --START--
INFO: Run Behavior\ReadHtmlCacheBehavior [ RunTime:0.000512s ]
INFO: [ app_begin ] --END-- [ RunTime:0.001050s ]
NOTIC: [8] Undefined index: stats /Library/WebServer/Documents/cost/Application/Home/Controller/IndexController.class.php 第 2471 行.
NOTIC: [8] Undefined index: card /Library/WebServer/Documents/cost/Application/Home/Controller/IndexController.class.php 第 2472 行.
NOTIC: [8] Undefined index: date /Library/WebServer/Documents/cost/Application/Home/Controller/IndexController.class.php 第 2473 行.
SQL: SHOW COLUMNS FROM `hr_costcardin` [ RunTime:0.0021s ]
SQL: SELECT * FROM `hr_costcardin` WHERE `jgh` = '63' AND `stats` = 5 LIMIT 0,20   [ RunTime:0.0006s ]
SQL: SHOW COLUMNS FROM `hr_danwei` [ RunTime:0.0023s ]
SQL: SELECT * FROM `hr_danwei` WHERE ( jiagou = 'A1' )  [ RunTime:0.0006s ]
SQL: SELECT COUNT(*) AS tp_count FROM `hr_costcardin` WHERE `jgh` = '63' AND `stats` = 5 LIMIT 1   [ RunTime:0.0023s ]
INFO: [ app_end ] --START--
INFO: Run Behavior\ShowPageTraceBehavior [ RunTime:0.001402s ]
INFO: [ app_end ] --END-- [ RunTime:0.001752s ]

[ 2019-09-20T14:44:40+08:00 ] ::1 /cost/index.php/Home/Index/pointcardedits.html?page=1&limit=20
INFO: [ app_begin ] --START--
INFO: Run Behavior\ReadHtmlCacheBehavior [ RunTime:0.000324s ]
INFO: [ app_begin ] --END-- [ RunTime:0.000666s ]
NOTIC: [8] Undefined index: stats /Library/WebServer/Documents/cost/Application/Home/Controller/IndexController.class.php 第 2401 行.
NOTIC: [8] Undefined index: card /Library/WebServer/Documents/cost/Application/Home/Controller/IndexController.class.php 第 2402 行.
NOTIC: [8] Undefined index: date /Library/WebServer/Documents/cost/Application/Home/Controller/IndexController.class.php 第 2403 行.
SQL: SHOW COLUMNS FROM `hr_costcardin` [ RunTime:0.0017s ]
SQL: SELECT * FROM `hr_costcardin` WHERE `jgh` = '63' LIMIT 0,20   [ RunTime:0.0003s ]
SQL: SHOW COLUMNS FROM `hr_danwei` [ RunTime:0.0024s ]
SQL: SELECT * FROM `hr_danwei` WHERE ( jiagou = 'A1' )  [ RunTime:0.0008s ]
SQL: SELECT COUNT(*) AS tp_count FROM `hr_costcardin` WHERE `jgh` = '63' LIMIT 1   [ RunTime:0.0003s ]
INFO: [ app_end ] --START--
INFO: Run Behavior\ShowPageTraceBehavior [ RunTime:0.000474s ]
INFO: [ app_end ] --END-- [ RunTime:0.000706s ]

[ 2019-09-20T14:45:53+08:00 ] ::1 /cost/index.php/Home/Index/pointcardedits.html?page=1&limit=20
INFO: [ app_begin ] --START--
INFO: Run Behavior\ReadHtmlCacheBehavior [ RunTime:0.001369s ]
INFO: [ app_begin ] --END-- [ RunTime:0.002696s ]
NOTIC: [8] Undefined index: stats /Library/WebServer/Documents/cost/Application/Home/Controller/IndexController.class.php 第 2413 行.
NOTIC: [8] Undefined index: card /Library/WebServer/Documents/cost/Application/Home/Controller/IndexController.class.php 第 2414 行.
NOTIC: [8] Undefined index: date /Library/WebServer/Documents/cost/Application/Home/Controller/IndexController.class.php 第 2415 行.
SQL: SHOW COLUMNS FROM `hr_costcardin` [ RunTime:0.0054s ]
SQL: SELECT * FROM `hr_costcardin` WHERE `jgh` = '63' LIMIT 0,20   [ RunTime:0.0004s ]
SQL: SHOW COLUMNS FROM `hr_danwei` [ RunTime:0.0018s ]
SQL: SELECT * FROM `hr_danwei` WHERE ( jiagou = 'A1' )  [ RunTime:0.0005s ]
SQL: SELECT COUNT(*) AS tp_count FROM `hr_costcardin` WHERE `jgh` = '63' LIMIT 1   [ RunTime:0.0009s ]
INFO: [ app_end ] --START--
INFO: Run Behavior\ShowPageTraceBehavior [ RunTime:0.000941s ]
INFO: [ app_end ] --END-- [ RunTime:0.001192s ]

[ 2019-09-20T14:45:55+08:00 ] ::1 /cost/index.php/Home/Index/pointcardedits.html?page=1&limit=20
INFO: [ app_begin ] --START--
INFO: Run Behavior\ReadHtmlCacheBehavior [ RunTime:0.000810s ]
INFO: [ app_begin ] --END-- [ RunTime:0.001377s ]
NOTIC: [8] Undefined index: stats /Library/WebServer/Documents/cost/Application/Home/Controller/IndexController.class.php 第 2413 行.
NOTIC: [8] Undefined index: card /Library/WebServer/Documents/cost/Application/Home/Controller/IndexController.class.php 第 2414 行.
NOTIC: [8] Undefined index: date /Library/WebServer/Documents/cost/Application/Home/Controller/IndexController.class.php 第 2415 行.
SQL: SHOW COLUMNS FROM `hr_costcardin` [ RunTime:0.0030s ]
SQL: SELECT * FROM `hr_costcardin` WHERE `jgh` = '63' LIMIT 0,20   [ RunTime:0.0004s ]
SQL: SHOW COLUMNS FROM `hr_danwei` [ RunTime:0.0020s ]
SQL: SELECT * FROM `hr_danwei` WHERE ( jiagou = 'A1' )  [ RunTime:0.0006s ]
SQL: SELECT COUNT(*) AS tp_count FROM `hr_costcardin` WHERE `jgh` = '63' LIMIT 1   [ RunTime:0.0005s ]
INFO: [ app_end ] --START--
INFO: Run Behavior\ShowPageTraceBehavior [ RunTime:0.000842s ]
INFO: [ app_end ] --END-- [ RunTime:0.001065s ]

[ 2019-09-20T14:46:05+08:00 ] ::1 /cost/index.php/Home/Index/pointcardedits.html?page=1&limit=20
INFO: [ app_begin ] --START--
INFO: Run Behavior\ReadHtmlCacheBehavior [ RunTime:0.001391s ]
INFO: [ app_begin ] --END-- [ RunTime:0.002741s ]
NOTIC: [8] Undefined index: stats /Library/WebServer/Documents/cost/Application/Home/Controller/IndexController.class.php 第 2413 行.
NOTIC: [8] Undefined index: card /Library/WebServer/Documents/cost/Application/Home/Controller/IndexController.class.php 第 2414 行.
NOTIC: [8] Undefined index: date /Library/WebServer/Documents/cost/Application/Home/Controller/IndexController.class.php 第 2415 行.
SQL: SHOW COLUMNS FROM `hr_costcardin` [ RunTime:0.0048s ]
SQL: SELECT * FROM `hr_costcardin` WHERE `jgh` = '63' LIMIT 0,20   [ RunTime:0.0011s ]
SQL: SHOW COLUMNS FROM `hr_danwei` [ RunTime:0.0030s ]
SQL: SELECT * FROM `hr_danwei` WHERE ( jiagou = 'A1' )  [ RunTime:0.0009s ]
SQL: SELECT COUNT(*) AS tp_count FROM `hr_costcardin` WHERE `jgh` = '63' LIMIT 1   [ RunTime:0.0003s ]
INFO: [ app_end ] --START--
INFO: Run Behavior\ShowPageTraceBehavior [ RunTime:0.000443s ]
INFO: [ app_end ] --END-- [ RunTime:0.000612s ]

[ 2019-09-20T14:46:14+08:00 ] ::1 /cost/index.php/Home/Index/pointcardedits.html?page=1&limit=20&stats=8&card=&date=
INFO: [ app_begin ] --START--
INFO: Run Behavior\ReadHtmlCacheBehavior [ RunTime:0.000707s ]
INFO: [ app_begin ] --END-- [ RunTime:0.001688s ]
SQL: SHOW COLUMNS FROM `hr_costcardin` [ RunTime:0.0016s ]
SQL: SELECT * FROM `hr_costcardin` WHERE `stats` = '8' AND `jgh` = '63' LIMIT 0,20   [ RunTime:0.0005s ]
SQL: SHOW COLUMNS FROM `hr_danwei` [ RunTime:0.0021s ]
SQL: SELECT * FROM `hr_danwei` WHERE ( jiagou = 'A1' )  [ RunTime:0.0004s ]
SQL: SELECT COUNT(*) AS tp_count FROM `hr_costcardin` WHERE `stats` = '8' AND `jgh` = '63' LIMIT 1   [ RunTime:0.0002s ]
INFO: [ app_end ] --START--
INFO: Run Behavior\ShowPageTraceBehavior [ RunTime:0.000382s ]
INFO: [ app_end ] --END-- [ RunTime:0.000526s ]

[ 2019-09-20T14:46:15+08:00 ] ::1 /cost/index.php/Home/Index/pointcardedits.html?page=1&limit=20&stats=8&card=&date=
INFO: [ app_begin ] --START--
INFO: Run Behavior\ReadHtmlCacheBehavior [ RunTime:0.000304s ]
INFO: [ app_begin ] --END-- [ RunTime:0.000645s ]
SQL: SHOW COLUMNS FROM `hr_costcardin` [ RunTime:0.0015s ]
SQL: SELECT * FROM `hr_costcardin` WHERE `stats` = '8' AND `jgh` = '63' LIMIT 0,20   [ RunTime:0.0002s ]
SQL: SHOW COLUMNS FROM `hr_danwei` [ RunTime:0.0036s ]
SQL: SELECT * FROM `hr_danwei` WHERE ( jiagou = 'A1' )  [ RunTime:0.0006s ]
SQL: SELECT COUNT(*) AS tp_count FROM `hr_costcardin` WHERE `stats` = '8' AND `jgh` = '63' LIMIT 1   [ RunTime:0.0004s ]
INFO: [ app_end ] --START--
INFO: Run Behavior\ShowPageTraceBehavior [ RunTime:0.000395s ]
INFO: [ app_end ] --END-- [ RunTime:0.000540s ]

[ 2019-09-20T14:46:35+08:00 ] ::1 /cost/index.php/Home/Index/pointcardedits.html?page=1&limit=20&stats=2&card=&date=
INFO: [ app_begin ] --START--
INFO: Run Behavior\ReadHtmlCacheBehavior [ RunTime:0.000352s ]
INFO: [ app_begin ] --END-- [ RunTime:0.000757s ]
SQL: SHOW COLUMNS FROM `hr_costcardin` [ RunTime:0.0028s ]
SQL: SELECT * FROM `hr_costcardin` WHERE `stats` = '2' AND `jgh` = '63' LIMIT 0,20   [ RunTime:0.0004s ]
SQL: SHOW COLUMNS FROM `hr_danwei` [ RunTime:0.0015s ]
SQL: SELECT * FROM `hr_danwei` WHERE ( jiagou = 'A1' )  [ RunTime:0.0004s ]
SQL: SELECT COUNT(*) AS tp_count FROM `hr_costcardin` WHERE `stats` = '2' AND `jgh` = '63' LIMIT 1   [ RunTime:0.0004s ]
INFO: [ app_end ] --START--
INFO: Run Behavior\ShowPageTraceBehavior [ RunTime:0.000561s ]
INFO: [ app_end ] --END-- [ RunTime:0.000721s ]

[ 2019-09-20T14:47:42+08:00 ] ::1 /cost/index.php/Home/Admin/pointcardwdeditlist.html?page=1&limit=20
INFO: [ app_begin ] --START--
INFO: Run Behavior\ReadHtmlCacheBehavior [ RunTime:0.000372s ]
INFO: [ app_begin ] --END-- [ RunTime:0.000756s ]
NOTIC: [8] Undefined index: stats /Library/WebServer/Documents/cost/Application/Home/Controller/AdminController.class.php 第 1458 行.
NOTIC: [8] Undefined index: jgh /Library/WebServer/Documents/cost/Application/Home/Controller/AdminController.class.php 第 1459 行.
NOTIC: [8] Undefined index: date /Library/WebServer/Documents/cost/Application/Home/Controller/AdminController.class.php 第 1460 行.
SQL: SHOW COLUMNS FROM `hr_costcard` [ RunTime:0.0019s ]
SQL: SELECT * FROM `hr_costcard` WHERE `stats` NOT IN ('1') LIMIT 0,20   [ RunTime:0.0004s ]
SQL: SHOW COLUMNS FROM `hr_danwei` [ RunTime:0.0023s ]
SQL: SELECT * FROM `hr_danwei` WHERE ( jiagou = 'A1' )  [ RunTime:0.0006s ]
SQL: SELECT COUNT(*) AS tp_count FROM `hr_costcard` WHERE `stats` NOT IN ('1') LIMIT 1   [ RunTime:0.0007s ]
INFO: [ app_end ] --START--
INFO: Run Behavior\ShowPageTraceBehavior [ RunTime:0.000656s ]
INFO: [ app_end ] --END-- [ RunTime:0.000844s ]

[ 2019-09-20T14:47:51+08:00 ] ::1 /cost/index.php/Home/Admin/pointcardwdeditlist.html?page=1&limit=20
INFO: [ app_begin ] --START--
INFO: Run Behavior\ReadHtmlCacheBehavior [ RunTime:0.000578s ]
INFO: [ app_begin ] --END-- [ RunTime:0.001202s ]
NOTIC: [8] Undefined index: stats /Library/WebServer/Documents/cost/Application/Home/Controller/AdminController.class.php 第 1458 行.
NOTIC: [8] Undefined index: jgh /Library/WebServer/Documents/cost/Application/Home/Controller/AdminController.class.php 第 1459 行.
NOTIC: [8] Undefined index: date /Library/WebServer/Documents/cost/Application/Home/Controller/AdminController.class.php 第 1460 行.
SQL: SHOW COLUMNS FROM `hr_costcard` [ RunTime:0.0025s ]
SQL: SELECT * FROM `hr_costcard` WHERE `stats` NOT IN ('1') LIMIT 0,20   [ RunTime:0.0004s ]
SQL: SHOW COLUMNS FROM `hr_danwei` [ RunTime:0.0053s ]
SQL: SELECT * FROM `hr_danwei` WHERE ( jiagou = 'A1' )  [ RunTime:0.0008s ]
SQL: SELECT COUNT(*) AS tp_count FROM `hr_costcard` WHERE `stats` NOT IN ('1') LIMIT 1   [ RunTime:0.0003s ]
INFO: [ app_end ] --START--
INFO: Run Behavior\ShowPageTraceBehavior [ RunTime:0.000491s ]
INFO: [ app_end ] --END-- [ RunTime:0.000657s ]

[ 2019-09-20T14:52:50+08:00 ] ::1 /cost/index.php/Home/Admin/pointcardwdinvestlist.html?page=1&limit=20
INFO: [ app_begin ] --START--
INFO: Run Behavior\ReadHtmlCacheBehavior [ RunTime:0.000418s ]
INFO: [ app_begin ] --END-- [ RunTime:0.000972s ]
NOTIC: [8] Undefined index: stats /Library/WebServer/Documents/cost/Application/Home/Controller/AdminController.class.php 第 1807 行.
NOTIC: [8] Undefined index: card /Library/WebServer/Documents/cost/Application/Home/Controller/AdminController.class.php 第 1808 行.
NOTIC: [8] Undefined index: jgh /Library/WebServer/Documents/cost/Application/Home/Controller/AdminController.class.php 第 1809 行.
NOTIC: [8] Undefined index: date /Library/WebServer/Documents/cost/Application/Home/Controller/AdminController.class.php 第 1810 行.
SQL: SHOW COLUMNS FROM `hr_costcardout` [ RunTime:0.0025s ]
SQL: SELECT * FROM `hr_costcardout` WHERE `stats` = 2 LIMIT 0,20   [ RunTime:0.0005s ]
SQL: SHOW COLUMNS FROM `hr_danwei` [ RunTime:0.0018s ]
SQL: SELECT * FROM `hr_danwei` WHERE ( jiagou = 'A1' )  [ RunTime:0.0004s ]
SQL: SELECT COUNT(*) AS tp_count FROM `hr_costcardout` WHERE `stats` = 2 LIMIT 1   [ RunTime:0.0012s ]
INFO: [ app_end ] --START--
INFO: Run Behavior\ShowPageTraceBehavior [ RunTime:0.000920s ]
INFO: [ app_end ] --END-- [ RunTime:0.001278s ]

[ 2019-09-20T14:52:53+08:00 ] ::1 /cost/index.php/Home/Admin/pointcardwdinvestlist.html?page=1&limit=20&stats=2&jgh=&date=
INFO: [ app_begin ] --START--
INFO: Run Behavior\ReadHtmlCacheBehavior [ RunTime:0.000505s ]
INFO: [ app_begin ] --END-- [ RunTime:0.001316s ]
NOTIC: [8] Undefined index: card /Library/WebServer/Documents/cost/Application/Home/Controller/AdminController.class.php 第 1808 行.
SQL: SHOW COLUMNS FROM `hr_costcardout` [ RunTime:0.0024s ]
SQL: SELECT * FROM `hr_costcardout` WHERE `stats` = '2' LIMIT 0,20   [ RunTime:0.0013s ]
SQL: SHOW COLUMNS FROM `hr_danwei` [ RunTime:0.0024s ]
SQL: SELECT * FROM `hr_danwei` WHERE ( jiagou = 'A1' )  [ RunTime:0.0005s ]
SQL: SELECT COUNT(*) AS tp_count FROM `hr_costcardout` WHERE `stats` = '2' LIMIT 1   [ RunTime:0.0002s ]
INFO: [ app_end ] --START--
INFO: Run Behavior\ShowPageTraceBehavior [ RunTime:0.000469s ]
INFO: [ app_end ] --END-- [ RunTime:0.000622s ]

[ 2019-09-20T14:53:01+08:00 ] ::1 /cost/index.php/Home/Admin/pointcardwdeditlist.html?page=1&limit=20
INFO: [ app_begin ] --START--
INFO: Run Behavior\ReadHtmlCacheBehavior [ RunTime:0.000374s ]
INFO: [ app_begin ] --END-- [ RunTime:0.000833s ]
NOTIC: [8] Undefined index: stats /Library/WebServer/Documents/cost/Application/Home/Controller/AdminController.class.php 第 1458 行.
NOTIC: [8] Undefined index: jgh /Library/WebServer/Documents/cost/Application/Home/Controller/AdminController.class.php 第 1459 行.
NOTIC: [8] Undefined index: date /Library/WebServer/Documents/cost/Application/Home/Controller/AdminController.class.php 第 1460 行.
SQL: SHOW COLUMNS FROM `hr_costcard` [ RunTime:0.0038s ]
SQL: SELECT * FROM `hr_costcard` WHERE `stats` NOT IN ('1') LIMIT 0,20   [ RunTime:0.0010s ]
SQL: SHOW COLUMNS FROM `hr_danwei` [ RunTime:0.0022s ]
SQL: SELECT * FROM `hr_danwei` WHERE ( jiagou = 'A1' )  [ RunTime:0.0008s ]
SQL: SELECT COUNT(*) AS tp_count FROM `hr_costcard` WHERE `stats` NOT IN ('1') LIMIT 1   [ RunTime:0.0004s ]
INFO: [ app_end ] --START--
INFO: Run Behavior\ShowPageTraceBehavior [ RunTime:0.000869s ]
INFO: [ app_end ] --END-- [ RunTime:0.001075s ]

[ 2019-09-20T14:53:30+08:00 ] ::1 /cost/index.php/Home/Admin/pointcardwdeditlist.html?page=1&limit=20&stats=4&jgh=&date=
INFO: [ app_begin ] --START--
INFO: Run Behavior\ReadHtmlCacheBehavior [ RunTime:0.000547s ]
INFO: [ app_begin ] --END-- [ RunTime:0.001186s ]
SQL: SHOW COLUMNS FROM `hr_costcard` [ RunTime:0.0023s ]
SQL: SELECT * FROM `hr_costcard` WHERE `stats` = '4' LIMIT 0,20   [ RunTime:0.0004s ]
SQL: SHOW COLUMNS FROM `hr_danwei` [ RunTime:0.0015s ]
SQL: SELECT * FROM `hr_danwei` WHERE ( jiagou = 'A1' )  [ RunTime:0.0004s ]
SQL: SELECT COUNT(*) AS tp_count FROM `hr_costcard` WHERE `stats` = '4' LIMIT 1   [ RunTime:0.0008s ]
INFO: [ app_end ] --START--
INFO: Run Behavior\ShowPageTraceBehavior [ RunTime:0.000966s ]
INFO: [ app_end ] --END-- [ RunTime:0.001232s ]

[ 2019-09-20T14:53:36+08:00 ] ::1 /cost/index.php/Home/Admin/pointcardwdeditlist.html?page=1&limit=20&stats=2&jgh=&date=
INFO: [ app_begin ] --START--
INFO: Run Behavior\ReadHtmlCacheBehavior [ RunTime:0.000837s ]
INFO: [ app_begin ] --END-- [ RunTime:0.002177s ]
SQL: SHOW COLUMNS FROM `hr_costcard` [ RunTime:0.0020s ]
SQL: SELECT * FROM `hr_costcard` WHERE `stats` = '2' LIMIT 0,20   [ RunTime:0.0004s ]
SQL: SHOW COLUMNS FROM `hr_danwei` [ RunTime:0.0017s ]
SQL: SELECT * FROM `hr_danwei` WHERE ( jiagou = 'A1' )  [ RunTime:0.0005s ]
SQL: SELECT COUNT(*) AS tp_count FROM `hr_costcard` WHERE `stats` = '2' LIMIT 1   [ RunTime:0.0002s ]
INFO: [ app_end ] --START--
INFO: Run Behavior\ShowPageTraceBehavior [ RunTime:0.001065s ]
INFO: [ app_end ] --END-- [ RunTime:0.001813s ]

[ 2019-09-20T14:53:44+08:00 ] ::1 /cost/index.php/Home/Admin/pointcardwdeditlist.html?page=1&limit=20
INFO: [ app_begin ] --START--
INFO: Run Behavior\ReadHtmlCacheBehavior [ RunTime:0.000432s ]
INFO: [ app_begin ] --END-- [ RunTime:0.000905s ]
NOTIC: [8] Undefined index: stats /Library/WebServer/Documents/cost/Application/Home/Controller/AdminController.class.php 第 1458 行.
NOTIC: [8] Undefined index: jgh /Library/WebServer/Documents/cost/Application/Home/Controller/AdminController.class.php 第 1459 行.
NOTIC: [8] Undefined index: date /Library/WebServer/Documents/cost/Application/Home/Controller/AdminController.class.php 第 1460 行.
SQL: SHOW COLUMNS FROM `hr_costcard` [ RunTime:0.0024s ]
SQL: SELECT * FROM `hr_costcard` WHERE `stats` NOT IN ('1') LIMIT 0,20   [ RunTime:0.0004s ]
SQL: SHOW COLUMNS FROM `hr_danwei` [ RunTime:0.0050s ]
SQL: SELECT * FROM `hr_danwei` WHERE ( jiagou = 'A1' )  [ RunTime:0.0010s ]
SQL: SELECT COUNT(*) AS tp_count FROM `hr_costcard` WHERE `stats` NOT IN ('1') LIMIT 1   [ RunTime:0.0003s ]
INFO: [ app_end ] --START--
INFO: Run Behavior\ShowPageTraceBehavior [ RunTime:0.000409s ]
INFO: [ app_end ] --END-- [ RunTime:0.000554s ]

[ 2019-09-20T15:29:51+08:00 ] ::1 /cost/index.php/Home/Admin/pointcardwdeditlist.html?page=1&limit=20
INFO: [ app_begin ] --START--
INFO: Run Behavior\ReadHtmlCacheBehavior [ RunTime:0.000371s ]
INFO: [ app_begin ] --END-- [ RunTime:0.000832s ]
NOTIC: [8] Undefined index: stats /Library/WebServer/Documents/cost/Application/Home/Controller/AdminController.class.php 第 1458 行.
NOTIC: [8] Undefined index: jgh /Library/WebServer/Documents/cost/Application/Home/Controller/AdminController.class.php 第 1459 行.
NOTIC: [8] Undefined index: date /Library/WebServer/Documents/cost/Application/Home/Controller/AdminController.class.php 第 1460 行.
SQL: SHOW COLUMNS FROM `hr_costcard` [ RunTime:0.0034s ]
SQL: SELECT * FROM `hr_costcard` WHERE `stats` NOT IN ('1') LIMIT 0,20   [ RunTime:0.0004s ]
SQL: SHOW COLUMNS FROM `hr_danwei` [ RunTime:0.0023s ]
SQL: SELECT * FROM `hr_danwei` WHERE ( jiagou = 'A1' )  [ RunTime:0.0007s ]
SQL: SELECT COUNT(*) AS tp_count FROM `hr_costcard` WHERE `stats` NOT IN ('1') LIMIT 1   [ RunTime:0.0003s ]
INFO: [ app_end ] --START--
INFO: Run Behavior\ShowPageTraceBehavior [ RunTime:0.001150s ]
INFO: [ app_end ] --END-- [ RunTime:0.001423s ]

[ 2019-09-20T15:30:21+08:00 ] ::1 /cost/index.php/Home/Admin/pointcardwdinvestlist.html?page=1&limit=20
INFO: [ app_begin ] --START--
INFO: Run Behavior\ReadHtmlCacheBehavior [ RunTime:0.000344s ]
INFO: [ app_begin ] --END-- [ RunTime:0.000712s ]
NOTIC: [8] Undefined index: stats /Library/WebServer/Documents/cost/Application/Home/Controller/AdminController.class.php 第 1807 行.
NOTIC: [8] Undefined index: card /Library/WebServer/Documents/cost/Application/Home/Controller/AdminController.class.php 第 1808 行.
NOTIC: [8] Undefined index: jgh /Library/WebServer/Documents/cost/Application/Home/Controller/AdminController.class.php 第 1809 行.
NOTIC: [8] Undefined index: date /Library/WebServer/Documents/cost/Application/Home/Controller/AdminController.class.php 第 1810 行.
SQL: SHOW COLUMNS FROM `hr_costcardout` [ RunTime:0.0025s ]
SQL: SELECT * FROM `hr_costcardout` WHERE `stats` = 2 LIMIT 0,20   [ RunTime:0.0004s ]
SQL: SHOW COLUMNS FROM `hr_danwei` [ RunTime:0.0016s ]
SQL: SELECT * FROM `hr_danwei` WHERE ( jiagou = 'A1' )  [ RunTime:0.0006s ]
SQL: SELECT COUNT(*) AS tp_count FROM `hr_costcardout` WHERE `stats` = 2 LIMIT 1   [ RunTime:0.0015s ]
INFO: [ app_end ] --START--
INFO: Run Behavior\ShowPageTraceBehavior [ RunTime:0.000894s ]
INFO: [ app_end ] --END-- [ RunTime:0.001146s ]

[ 2019-09-20T15:30:34+08:00 ] ::1 /cost/index.php/Home/Index/pointcardouts.html?page=1&limit=20
INFO: [ app_begin ] --START--
INFO: Run Behavior\ReadHtmlCacheBehavior [ RunTime:0.000429s ]
INFO: [ app_begin ] --END-- [ RunTime:0.000854s ]
NOTIC: [8] Undefined index: stats /Library/WebServer/Documents/cost/Application/Home/Controller/IndexController.class.php 第 2483 行.
NOTIC: [8] Undefined index: card /Library/WebServer/Documents/cost/Application/Home/Controller/IndexController.class.php 第 2484 行.
NOTIC: [8] Undefined index: date /Library/WebServer/Documents/cost/Application/Home/Controller/IndexController.class.php 第 2485 行.
SQL: SHOW COLUMNS FROM `hr_costcardin` [ RunTime:0.0029s ]
SQL: SELECT * FROM `hr_costcardin` WHERE `jgh` = '63' AND `stats` = 5 LIMIT 0,20   [ RunTime:0.0008s ]
SQL: SHOW COLUMNS FROM `hr_danwei` [ RunTime:0.0020s ]
SQL: SELECT * FROM `hr_danwei` WHERE ( jiagou = 'A1' )  [ RunTime:0.0005s ]
SQL: SELECT COUNT(*) AS tp_count FROM `hr_costcardin` WHERE `jgh` = '63' AND `stats` = 5 LIMIT 1   [ RunTime:0.0005s ]
INFO: [ app_end ] --START--
INFO: Run Behavior\ShowPageTraceBehavior [ RunTime:0.000618s ]
INFO: [ app_end ] --END-- [ RunTime:0.000779s ]

[ 2019-09-20T15:31:01+08:00 ] ::1 /cost/index.php/Home/Index/pointcardouts.html?page=1&limit=20
INFO: [ app_begin ] --START--
INFO: Run Behavior\ReadHtmlCacheBehavior [ RunTime:0.000382s ]
INFO: [ app_begin ] --END-- [ RunTime:0.000857s ]
NOTIC: [8] Undefined index: stats /Library/WebServer/Documents/cost/Application/Home/Controller/IndexController.class.php 第 2483 行.
NOTIC: [8] Undefined index: card /Library/WebServer/Documents/cost/Application/Home/Controller/IndexController.class.php 第 2484 行.
NOTIC: [8] Undefined index: date /Library/WebServer/Documents/cost/Application/Home/Controller/IndexController.class.php 第 2485 行.
SQL: SHOW COLUMNS FROM `hr_costcardin` [ RunTime:0.0024s ]
SQL: SELECT * FROM `hr_costcardin` WHERE `jgh` = '63' AND `stats` = 5 LIMIT 0,20   [ RunTime:0.0007s ]
SQL: SHOW COLUMNS FROM `hr_danwei` [ RunTime:0.0029s ]
SQL: SELECT * FROM `hr_danwei` WHERE ( jiagou = 'A1' )  [ RunTime:0.0014s ]
SQL: SELECT COUNT(*) AS tp_count FROM `hr_costcardin` WHERE `jgh` = '63' AND `stats` = 5 LIMIT 1   [ RunTime:0.0011s ]
INFO: [ app_end ] --START--
INFO: Run Behavior\ShowPageTraceBehavior [ RunTime:0.000596s ]
INFO: [ app_end ] --END-- [ RunTime:0.000856s ]

[ 2019-09-20T15:31:04+08:00 ] ::1 /cost/index.php/Home/Index/pointcardlosss.html?page=1&limit=20
INFO: [ app_begin ] --START--
INFO: Run Behavior\ReadHtmlCacheBehavior [ RunTime:0.000371s ]
INFO: [ app_begin ] --END-- [ RunTime:0.000919s ]
NOTIC: [8] Undefined index: stats /Library/WebServer/Documents/cost/Application/Home/Controller/IndexController.class.php 第 2600 行.
NOTIC: [8] Undefined index: card /Library/WebServer/Documents/cost/Application/Home/Controller/IndexController.class.php 第 2601 行.
NOTIC: [8] Undefined index: date /Library/WebServer/Documents/cost/Application/Home/Controller/IndexController.class.php 第 2602 行.
SQL: SHOW COLUMNS FROM `hr_costcardout` [ RunTime:0.0034s ]
SQL: SELECT * FROM `hr_costcardout` WHERE `jgh` = '63' AND `stats` = 2 LIMIT 0,20   [ RunTime:0.0005s ]
SQL: SHOW COLUMNS FROM `hr_danwei` [ RunTime:0.0027s ]
SQL: SELECT * FROM `hr_danwei` WHERE ( jiagou = 'A1' )  [ RunTime:0.0008s ]
SQL: SELECT COUNT(*) AS tp_count FROM `hr_costcardout` WHERE `jgh` = '63' AND `stats` = 2 LIMIT 1   [ RunTime:0.0003s ]
INFO: [ app_end ] --START--
INFO: Run Behavior\ShowPageTraceBehavior [ RunTime:0.000419s ]
INFO: [ app_end ] --END-- [ RunTime:0.000566s ]

[ 2019-09-20T15:31:13+08:00 ] ::1 /cost/index.php/Home/Index/pointcardlosss.html?page=1&limit=20&stats=8&card=&date=
INFO: [ app_begin ] --START--
INFO: Run Behavior\ReadHtmlCacheBehavior [ RunTime:0.000397s ]
INFO: [ app_begin ] --END-- [ RunTime:0.000784s ]
SQL: SHOW COLUMNS FROM `hr_costcardout` [ RunTime:0.0016s ]
SQL: SELECT * FROM `hr_costcardout` WHERE `stats` = 2 AND `jgh` = '63' LIMIT 0,20   [ RunTime:0.0004s ]
SQL: SHOW COLUMNS FROM `hr_danwei` [ RunTime:0.0018s ]
SQL: SELECT * FROM `hr_danwei` WHERE ( jiagou = 'A1' )  [ RunTime:0.0003s ]
SQL: SELECT COUNT(*) AS tp_count FROM `hr_costcardout` WHERE `stats` = 2 AND `jgh` = '63' LIMIT 1   [ RunTime:0.0002s ]
INFO: [ app_end ] --START--
INFO: Run Behavior\ShowPageTraceBehavior [ RunTime:0.000417s ]
INFO: [ app_end ] --END-- [ RunTime:0.000555s ]

[ 2019-09-20T15:31:15+08:00 ] ::1 /cost/index.php/Home/Index/pointcardlosss.html?page=1&limit=20&stats=8&card=&date=
INFO: [ app_begin ] --START--
INFO: Run Behavior\ReadHtmlCacheBehavior [ RunTime:0.001335s ]
INFO: [ app_begin ] --END-- [ RunTime:0.002090s ]
SQL: SHOW COLUMNS FROM `hr_costcardout` [ RunTime:0.0020s ]
SQL: SELECT * FROM `hr_costcardout` WHERE `stats` = 2 AND `jgh` = '63' LIMIT 0,20   [ RunTime:0.0005s ]
SQL: SHOW COLUMNS FROM `hr_danwei` [ RunTime:0.0017s ]
SQL: SELECT * FROM `hr_danwei` WHERE ( jiagou = 'A1' )  [ RunTime:0.0003s ]
SQL: SELECT COUNT(*) AS tp_count FROM `hr_costcardout` WHERE `stats` = 2 AND `jgh` = '63' LIMIT 1   [ RunTime:0.0003s ]
INFO: [ app_end ] --START--
INFO: Run Behavior\ShowPageTraceBehavior [ RunTime:0.000563s ]
INFO: [ app_end ] --END-- [ RunTime:0.000763s ]

[ 2019-09-20T15:31:15+08:00 ] ::1 /cost/index.php/Home/Index/pointcardlosss.html?page=1&limit=20&stats=8&card=&date=
INFO: [ app_begin ] --START--
INFO: Run Behavior\ReadHtmlCacheBehavior [ RunTime:0.002150s ]
INFO: [ app_begin ] --END-- [ RunTime:0.003929s ]
SQL: SHOW COLUMNS FROM `hr_costcardout` [ RunTime:0.0016s ]
SQL: SELECT * FROM `hr_costcardout` WHERE `stats` = 2 AND `jgh` = '63' LIMIT 0,20   [ RunTime:0.0004s ]
SQL: SHOW COLUMNS FROM `hr_danwei` [ RunTime:0.0037s ]
SQL: SELECT * FROM `hr_danwei` WHERE ( jiagou = 'A1' )  [ RunTime:0.0008s ]
SQL: SELECT COUNT(*) AS tp_count FROM `hr_costcardout` WHERE `stats` = 2 AND `jgh` = '63' LIMIT 1   [ RunTime:0.0006s ]
INFO: [ app_end ] --START--
INFO: Run Behavior\ShowPageTraceBehavior [ RunTime:0.000412s ]
INFO: [ app_end ] --END-- [ RunTime:0.000582s ]

[ 2019-09-20T15:31:19+08:00 ] ::1 /cost/index.php/Home/Index/pointcardlosss.html?page=1&limit=20&stats=2&card=&date=
INFO: [ app_begin ] --START--
INFO: Run Behavior\ReadHtmlCacheBehavior [ RunTime:0.000420s ]
INFO: [ app_begin ] --END-- [ RunTime:0.000812s ]
SQL: SHOW COLUMNS FROM `hr_costcardout` [ RunTime:0.0031s ]
SQL: SELECT * FROM `hr_costcardout` WHERE `stats` = 2 AND `jgh` = '63' LIMIT 0,20   [ RunTime:0.0008s ]
SQL: SHOW COLUMNS FROM `hr_danwei` [ RunTime:0.0022s ]
SQL: SELECT * FROM `hr_danwei` WHERE ( jiagou = 'A1' )  [ RunTime:0.0004s ]
SQL: SELECT COUNT(*) AS tp_count FROM `hr_costcardout` WHERE `stats` = 2 AND `jgh` = '63' LIMIT 1   [ RunTime:0.0003s ]
INFO: [ app_end ] --START--
INFO: Run Behavior\ShowPageTraceBehavior [ RunTime:0.000651s ]
INFO: [ app_end ] --END-- [ RunTime:0.000809s ]

[ 2019-09-20T15:33:50+08:00 ] ::1 /cost/index.php/Home/Index/pointcardouts.html?page=1&limit=20
INFO: [ app_begin ] --START--
INFO: Run Behavior\ReadHtmlCacheBehavior [ RunTime:0.000368s ]
INFO: [ app_begin ] --END-- [ RunTime:0.000777s ]
NOTIC: [8] Undefined index: stats /Library/WebServer/Documents/cost/Application/Home/Controller/IndexController.class.php 第 2483 行.
NOTIC: [8] Undefined index: card /Library/WebServer/Documents/cost/Application/Home/Controller/IndexController.class.php 第 2484 行.
NOTIC: [8] Undefined index: date /Library/WebServer/Documents/cost/Application/Home/Controller/IndexController.class.php 第 2485 行.
SQL: SHOW COLUMNS FROM `hr_costcardin` [ RunTime:0.0018s ]
SQL: SELECT * FROM `hr_costcardin` WHERE `jgh` = '63' AND `stats` = 5 LIMIT 0,20   [ RunTime:0.0014s ]
SQL: SHOW COLUMNS FROM `hr_danwei` [ RunTime:0.0027s ]
SQL: SELECT * FROM `hr_danwei` WHERE ( jiagou = 'A1' )  [ RunTime:0.0004s ]
SQL: SELECT COUNT(*) AS tp_count FROM `hr_costcardin` WHERE `jgh` = '63' AND `stats` = 5 LIMIT 1   [ RunTime:0.0003s ]
INFO: [ app_end ] --START--
INFO: Run Behavior\ShowPageTraceBehavior [ RunTime:0.000405s ]
INFO: [ app_end ] --END-- [ RunTime:0.000559s ]

[ 2019-09-20T15:33:58+08:00 ] ::1 /cost/index.php/Home/Index/pointcardedits.html?page=1&limit=20
INFO: [ app_begin ] --START--
INFO: Run Behavior\ReadHtmlCacheBehavior [ RunTime:0.000411s ]
INFO: [ app_begin ] --END-- [ RunTime:0.000788s ]
NOTIC: [8] Undefined index: stats /Library/WebServer/Documents/cost/Application/Home/Controller/IndexController.class.php 第 2413 行.
NOTIC: [8] Undefined index: card /Library/WebServer/Documents/cost/Application/Home/Controller/IndexController.class.php 第 2414 行.
NOTIC: [8] Undefined index: date /Library/WebServer/Documents/cost/Application/Home/Controller/IndexController.class.php 第 2415 行.
SQL: SHOW COLUMNS FROM `hr_costcardin` [ RunTime:0.0015s ]
SQL: SELECT * FROM `hr_costcardin` WHERE `jgh` = '63' LIMIT 0,20   [ RunTime:0.0003s ]
SQL: SHOW COLUMNS FROM `hr_danwei` [ RunTime:0.0014s ]
SQL: SELECT * FROM `hr_danwei` WHERE ( jiagou = 'A1' )  [ RunTime:0.0004s ]
SQL: SELECT COUNT(*) AS tp_count FROM `hr_costcardin` WHERE `jgh` = '63' LIMIT 1   [ RunTime:0.0002s ]
INFO: [ app_end ] --START--
INFO: Run Behavior\ShowPageTraceBehavior [ RunTime:0.000573s ]
INFO: [ app_end ] --END-- [ RunTime:0.000776s ]

[ 2019-09-20T15:35:30+08:00 ] ::1 /cost/index.php/Home/Index/pointcardedits.html?page=1&limit=20
INFO: [ app_begin ] --START--
INFO: Run Behavior\ReadHtmlCacheBehavior [ RunTime:0.001776s ]
INFO: [ app_begin ] --END-- [ RunTime:0.003102s ]
NOTIC: [8] Undefined index: stats /Library/WebServer/Documents/cost/Application/Home/Controller/IndexController.class.php 第 2413 行.
NOTIC: [8] Undefined index: card /Library/WebServer/Documents/cost/Application/Home/Controller/IndexController.class.php 第 2414 行.
NOTIC: [8] Undefined index: date /Library/WebServer/Documents/cost/Application/Home/Controller/IndexController.class.php 第 2415 行.
SQL: SHOW COLUMNS FROM `hr_costcardin` [ RunTime:0.0040s ]
SQL: SELECT * FROM `hr_costcardin` WHERE `jgh` = '63' LIMIT 0,20   [ RunTime:0.0005s ]
SQL: SHOW COLUMNS FROM `hr_danwei` [ RunTime:0.0018s ]
SQL: SELECT * FROM `hr_danwei` WHERE ( jiagou = 'A1' )  [ RunTime:0.0004s ]
SQL: SELECT COUNT(*) AS tp_count FROM `hr_costcardin` WHERE `jgh` = '63' LIMIT 1   [ RunTime:0.0002s ]
INFO: [ app_end ] --START--
INFO: Run Behavior\ShowPageTraceBehavior [ RunTime:0.000767s ]
INFO: [ app_end ] --END-- [ RunTime:0.001114s ]

[ 2019-09-20T15:35:48+08:00 ] ::1 /cost/index.php/Home/Index/pointcardouts.html?page=1&limit=20
INFO: [ app_begin ] --START--
INFO: Run Behavior\ReadHtmlCacheBehavior [ RunTime:0.000337s ]
INFO: [ app_begin ] --END-- [ RunTime:0.000748s ]
NOTIC: [8] Undefined index: stats /Library/WebServer/Documents/cost/Application/Home/Controller/IndexController.class.php 第 2483 行.
NOTIC: [8] Undefined index: card /Library/WebServer/Documents/cost/Application/Home/Controller/IndexController.class.php 第 2484 行.
NOTIC: [8] Undefined index: date /Library/WebServer/Documents/cost/Application/Home/Controller/IndexController.class.php 第 2485 行.
SQL: SHOW COLUMNS FROM `hr_costcardin` [ RunTime:0.0039s ]
SQL: SELECT * FROM `hr_costcardin` WHERE `jgh` = '63' AND `stats` = 5 LIMIT 0,20   [ RunTime:0.0006s ]
SQL: SHOW COLUMNS FROM `hr_danwei` [ RunTime:0.0020s ]
SQL: SELECT * FROM `hr_danwei` WHERE ( jiagou = 'A1' )  [ RunTime:0.0004s ]
SQL: SELECT COUNT(*) AS tp_count FROM `hr_costcardin` WHERE `jgh` = '63' AND `stats` = 5 LIMIT 1   [ RunTime:0.0006s ]
INFO: [ app_end ] --START--
INFO: Run Behavior\ShowPageTraceBehavior [ RunTime:0.000747s ]
INFO: [ app_end ] --END-- [ RunTime:0.000941s ]

[ 2019-09-20T15:35:50+08:00 ] ::1 /cost/index.php/Home/Index/pointcardedits.html?page=1&limit=20
INFO: [ app_begin ] --START--
INFO: Run Behavior\ReadHtmlCacheBehavior [ RunTime:0.000305s ]
INFO: [ app_begin ] --END-- [ RunTime:0.000676s ]
NOTIC: [8] Undefined index: stats /Library/WebServer/Documents/cost/Application/Home/Controller/IndexController.class.php 第 2413 行.
NOTIC: [8] Undefined index: card /Library/WebServer/Documents/cost/Application/Home/Controller/IndexController.class.php 第 2414 行.
NOTIC: [8] Undefined index: date /Library/WebServer/Documents/cost/Application/Home/Controller/IndexController.class.php 第 2415 行.
SQL: SHOW COLUMNS FROM `hr_costcardin` [ RunTime:0.0016s ]
SQL: SELECT * FROM `hr_costcardin` WHERE `jgh` = '63' LIMIT 0,20   [ RunTime:0.0003s ]
SQL: SHOW COLUMNS FROM `hr_danwei` [ RunTime:0.0021s ]
SQL: SELECT * FROM `hr_danwei` WHERE ( jiagou = 'A1' )  [ RunTime:0.0009s ]
SQL: SELECT COUNT(*) AS tp_count FROM `hr_costcardin` WHERE `jgh` = '63' LIMIT 1   [ RunTime:0.0003s ]
INFO: [ app_end ] --START--
INFO: Run Behavior\ShowPageTraceBehavior [ RunTime:0.001034s ]
INFO: [ app_end ] --END-- [ RunTime:0.001298s ]

[ 2019-09-20T15:37:57+08:00 ] ::1 /cost/index.php/Home/Admin/pointcardwdfinancelist.html?page=1&limit=20
INFO: [ app_begin ] --START--
INFO: Run Behavior\ReadHtmlCacheBehavior [ RunTime:0.000495s ]
INFO: [ app_begin ] --END-- [ RunTime:0.001381s ]
NOTIC: [8] Undefined index: stats /Library/WebServer/Documents/cost/Application/Home/Controller/AdminController.class.php 第 1729 行.
NOTIC: [8] Undefined index: card /Library/WebServer/Documents/cost/Application/Home/Controller/AdminController.class.php 第 1730 行.
NOTIC: [8] Undefined index: jgh /Library/WebServer/Documents/cost/Application/Home/Controller/AdminController.class.php 第 1731 行.
NOTIC: [8] Undefined index: date /Library/WebServer/Documents/cost/Application/Home/Controller/AdminController.class.php 第 1732 行.
SQL: SHOW COLUMNS FROM `hr_costcardout` [ RunTime:0.0038s ]
SQL: SELECT * FROM `hr_costcardout` WHERE `stats` = 8 LIMIT 0,20   [ RunTime:0.0005s ]
SQL: SHOW COLUMNS FROM `hr_danwei` [ RunTime:0.0018s ]
SQL: SELECT * FROM `hr_danwei` WHERE ( jiagou = 'A1' )  [ RunTime:0.0006s ]
SQL: SELECT COUNT(*) AS tp_count FROM `hr_costcardout` WHERE `stats` = 8 LIMIT 1   [ RunTime:0.0004s ]
INFO: [ app_end ] --START--
INFO: Run Behavior\ShowPageTraceBehavior [ RunTime:0.000663s ]
INFO: [ app_end ] --END-- [ RunTime:0.000837s ]

[ 2019-09-20T15:38:14+08:00 ] ::1 /cost/index.php/Home/Admin/pointcardwdinvestlist.html?page=1&limit=20
INFO: [ app_begin ] --START--
INFO: Run Behavior\ReadHtmlCacheBehavior [ RunTime:0.000340s ]
INFO: [ app_begin ] --END-- [ RunTime:0.000716s ]
NOTIC: [8] Undefined index: stats /Library/WebServer/Documents/cost/Application/Home/Controller/AdminController.class.php 第 1807 行.
NOTIC: [8] Undefined index: card /Library/WebServer/Documents/cost/Application/Home/Controller/AdminController.class.php 第 1808 行.
NOTIC: [8] Undefined index: jgh /Library/WebServer/Documents/cost/Application/Home/Controller/AdminController.class.php 第 1809 行.
NOTIC: [8] Undefined index: date /Library/WebServer/Documents/cost/Application/Home/Controller/AdminController.class.php 第 1810 行.
SQL: SHOW COLUMNS FROM `hr_costcardout` [ RunTime:0.0042s ]
SQL: SELECT * FROM `hr_costcardout` WHERE `stats` = 2 LIMIT 0,20   [ RunTime:0.0004s ]
SQL: SHOW COLUMNS FROM `hr_danwei` [ RunTime:0.0018s ]
SQL: SELECT * FROM `hr_danwei` WHERE ( jiagou = 'A1' )  [ RunTime:0.0007s ]
SQL: SELECT COUNT(*) AS tp_count FROM `hr_costcardout` WHERE `stats` = 2 LIMIT 1   [ RunTime:0.0005s ]
INFO: [ app_end ] --START--
INFO: Run Behavior\ShowPageTraceBehavior [ RunTime:0.000702s ]
INFO: [ app_end ] --END-- [ RunTime:0.000880s ]

[ 2019-09-20T15:39:58+08:00 ] ::1 /cost/index.php/Home/Admin/pointcardinvest.html
INFO: [ app_begin ] --START--
INFO: Run Behavior\ReadHtmlCacheBehavior [ RunTime:0.000343s ]
INFO: [ app_begin ] --END-- [ RunTime:0.000740s ]
SQL: SHOW COLUMNS FROM `hr_costcardout` [ RunTime:0.0022s ]
NOTIC: [8] Undefined variable: count /Library/WebServer/Documents/cost/Application/Home/Controller/AdminController.class.php 第 1875 行.
NOTIC: [8] Undefined variable: ccor /Library/WebServer/Documents/cost/Application/Home/Controller/AdminController.class.php 第 1875 行.
INFO: [ app_end ] --START--
INFO: Run Behavior\ShowPageTraceBehavior [ RunTime:0.000425s ]
INFO: [ app_end ] --END-- [ RunTime:0.000677s ]

[ 2019-09-20T15:39:58+08:00 ] ::1 /cost/index.php/Home/Admin/pointcardwdinvestlist.html?page=1&limit=20
INFO: [ app_begin ] --START--
INFO: Run Behavior\ReadHtmlCacheBehavior [ RunTime:0.000431s ]
INFO: [ app_begin ] --END-- [ RunTime:0.000817s ]
NOTIC: [8] Undefined index: stats /Library/WebServer/Documents/cost/Application/Home/Controller/AdminController.class.php 第 1807 行.
NOTIC: [8] Undefined index: card /Library/WebServer/Documents/cost/Application/Home/Controller/AdminController.class.php 第 1808 行.
NOTIC: [8] Undefined index: jgh /Library/WebServer/Documents/cost/Application/Home/Controller/AdminController.class.php 第 1809 行.
NOTIC: [8] Undefined index: date /Library/WebServer/Documents/cost/Application/Home/Controller/AdminController.class.php 第 1810 行.
SQL: SHOW COLUMNS FROM `hr_costcardout` [ RunTime:0.0024s ]
SQL: SELECT * FROM `hr_costcardout` WHERE `stats` = 2 LIMIT 0,20   [ RunTime:0.0004s ]
SQL: SHOW COLUMNS FROM `hr_danwei` [ RunTime:0.0036s ]
SQL: SELECT * FROM `hr_danwei` WHERE ( jiagou = 'A1' )  [ RunTime:0.0006s ]
SQL: SELECT COUNT(*) AS tp_count FROM `hr_costcardout` WHERE `stats` = 2 LIMIT 1   [ RunTime:0.0004s ]
INFO: [ app_end ] --START--
INFO: Run Behavior\ShowPageTraceBehavior [ RunTime:0.000583s ]
INFO: [ app_end ] --END-- [ RunTime:0.000839s ]

[ 2019-09-20T15:41:02+08:00 ] ::1 /cost/index.php/Home/Admin/pointcardwdinvestlist.html?page=1&limit=20
INFO: [ app_begin ] --START--
INFO: Run Behavior\ReadHtmlCacheBehavior [ RunTime:0.000728s ]
INFO: [ app_begin ] --END-- [ RunTime:0.001514s ]
NOTIC: [8] Undefined index: stats /Library/WebServer/Documents/cost/Application/Home/Controller/AdminController.class.php 第 1807 行.
NOTIC: [8] Undefined index: card /Library/WebServer/Documents/cost/Application/Home/Controller/AdminController.class.php 第 1808 行.
NOTIC: [8] Undefined index: jgh /Library/WebServer/Documents/cost/Application/Home/Controller/AdminController.class.php 第 1809 行.
NOTIC: [8] Undefined index: date /Library/WebServer/Documents/cost/Application/Home/Controller/AdminController.class.php 第 1810 行.
SQL: SHOW COLUMNS FROM `hr_costcardout` [ RunTime:0.0070s ]
SQL: SELECT * FROM `hr_costcardout` WHERE `stats` = 2 LIMIT 0,20   [ RunTime:0.0019s ]
SQL: SHOW COLUMNS FROM `hr_danwei` [ RunTime:0.0026s ]
SQL: SELECT * FROM `hr_danwei` WHERE ( jiagou = 'A1' )  [ RunTime:0.0010s ]
SQL: SELECT COUNT(*) AS tp_count FROM `hr_costcardout` WHERE `stats` = 2 LIMIT 1   [ RunTime:0.0004s ]
INFO: [ app_end ] --START--
INFO: Run Behavior\ShowPageTraceBehavior [ RunTime:0.000462s ]
INFO: [ app_end ] --END-- [ RunTime:0.000637s ]

[ 2019-09-20T15:41:03+08:00 ] ::1 /cost/index.php/Home/Admin/pointcardinvest.html
INFO: [ app_begin ] --START--
INFO: Run Behavior\ReadHtmlCacheBehavior [ RunTime:0.000819s ]
INFO: [ app_begin ] --END-- [ RunTime:0.001624s ]
SQL: SHOW COLUMNS FROM `hr_costcardout` [ RunTime:0.0028s ]
NOTIC: [8] Undefined variable: count /Library/WebServer/Documents/cost/Application/Home/Controller/AdminController.class.php 第 1875 行.
NOTIC: [8] Undefined variable: ccor /Library/WebServer/Documents/cost/Application/Home/Controller/AdminController.class.php 第 1875 行.
INFO: [ app_end ] --START--
INFO: Run Behavior\ShowPageTraceBehavior [ RunTime:0.000754s ]
INFO: [ app_end ] --END-- [ RunTime:0.000956s ]

[ 2019-09-20T15:41:04+08:00 ] ::1 /cost/index.php/Home/Admin/pointcardwdinvestlist.html?page=1&limit=20
INFO: [ app_begin ] --START--
INFO: Run Behavior\ReadHtmlCacheBehavior [ RunTime:0.000521s ]
INFO: [ app_begin ] --END-- [ RunTime:0.001173s ]
NOTIC: [8] Undefined index: stats /Library/WebServer/Documents/cost/Application/Home/Controller/AdminController.class.php 第 1807 行.
NOTIC: [8] Undefined index: card /Library/WebServer/Documents/cost/Application/Home/Controller/AdminController.class.php 第 1808 行.
NOTIC: [8] Undefined index: jgh /Library/WebServer/Documents/cost/Application/Home/Controller/AdminController.class.php 第 1809 行.
NOTIC: [8] Undefined index: date /Library/WebServer/Documents/cost/Application/Home/Controller/AdminController.class.php 第 1810 行.
SQL: SHOW COLUMNS FROM `hr_costcardout` [ RunTime:0.0024s ]
SQL: SELECT * FROM `hr_costcardout` WHERE `stats` = 2 LIMIT 0,20   [ RunTime:0.0007s ]
SQL: SHOW COLUMNS FROM `hr_danwei` [ RunTime:0.0021s ]
SQL: SELECT * FROM `hr_danwei` WHERE ( jiagou = 'A1' )  [ RunTime:0.0004s ]
SQL: SELECT COUNT(*) AS tp_count FROM `hr_costcardout` WHERE `stats` = 2 LIMIT 1   [ RunTime:0.0017s ]
INFO: [ app_end ] --START--
INFO: Run Behavior\ShowPageTraceBehavior [ RunTime:0.001208s ]
INFO: [ app_end ] --END-- [ RunTime:0.001557s ]

[ 2019-09-20T15:51:40+08:00 ] ::1 /cost/index.php/Home/Admin/pointcardinvest.html
INFO: [ app_begin ] --START--
INFO: Run Behavior\ReadHtmlCacheBehavior [ RunTime:0.000392s ]
INFO: [ app_begin ] --END-- [ RunTime:0.001180s ]
SQL: SHOW COLUMNS FROM `hr_costcardout` [ RunTime:0.0031s ]
SQL: SHOW COLUMNS FROM `hr_costcard` [ RunTime:0.0037s ]
SQL: SHOW COLUMNS FROM `hr_costcardin` [ RunTime:0.0025s ]
SQL: UPDATE `hr_costcardout` SET `stats`='7' WHERE ( cardoutid = '4' ) [ RunTime:0.0031s ]
SQL: UPDATE `hr_costcard` SET `stats`='7' WHERE ( cardid = '4' ) [ RunTime:0.0011s ]
SQL: UPDATE `hr_costcardin` SET `stats`='7' WHERE ( cardinid = '4' ) [ RunTime:0.0014s ]
NOTIC: [8] Undefined variable: count /Library/WebServer/Documents/cost/Application/Home/Controller/AdminController.class.php 第 1884 行.
INFO: [ app_end ] --START--
INFO: Run Behavior\ShowPageTraceBehavior [ RunTime:0.000738s ]
INFO: [ app_end ] --END-- [ RunTime:0.001044s ]

[ 2019-09-20T15:51:41+08:00 ] ::1 /cost/index.php/Home/Admin/pointcardwdinvestlist.html?page=1&limit=20
INFO: [ app_begin ] --START--
INFO: Run Behavior\ReadHtmlCacheBehavior [ RunTime:0.000471s ]
INFO: [ app_begin ] --END-- [ RunTime:0.001240s ]
NOTIC: [8] Undefined index: stats /Library/WebServer/Documents/cost/Application/Home/Controller/AdminController.class.php 第 1807 行.
NOTIC: [8] Undefined index: card /Library/WebServer/Documents/cost/Application/Home/Controller/AdminController.class.php 第 1808 行.
NOTIC: [8] Undefined index: jgh /Library/WebServer/Documents/cost/Application/Home/Controller/AdminController.class.php 第 1809 行.
NOTIC: [8] Undefined index: date /Library/WebServer/Documents/cost/Application/Home/Controller/AdminController.class.php 第 1810 行.
SQL: SHOW COLUMNS FROM `hr_costcardout` [ RunTime:0.0028s ]
SQL: SELECT * FROM `hr_costcardout` WHERE `stats` = 2 LIMIT 0,20   [ RunTime:0.0010s ]
SQL: SHOW COLUMNS FROM `hr_danwei` [ RunTime:0.0018s ]
SQL: SELECT * FROM `hr_danwei` WHERE ( jiagou = 'A1' )  [ RunTime:0.0004s ]
SQL: SELECT COUNT(*) AS tp_count FROM `hr_costcardout` WHERE `stats` = 2 LIMIT 1   [ RunTime:0.0002s ]
INFO: [ app_end ] --START--
INFO: Run Behavior\ShowPageTraceBehavior [ RunTime:0.000425s ]
INFO: [ app_end ] --END-- [ RunTime:0.000570s ]

[ 2019-09-20T15:51:45+08:00 ] ::1 /cost/index.php/Home/Admin/pointcardwdinvestlist.html?page=1&limit=20&stats=7&jgh=&date=
INFO: [ app_begin ] --START--
INFO: Run Behavior\ReadHtmlCacheBehavior [ RunTime:0.001390s ]
INFO: [ app_begin ] --END-- [ RunTime:0.002699s ]
NOTIC: [8] Undefined index: card /Library/WebServer/Documents/cost/Application/Home/Controller/AdminController.class.php 第 1808 行.
SQL: SHOW COLUMNS FROM `hr_costcardout` [ RunTime:0.0031s ]
SQL: SELECT * FROM `hr_costcardout` WHERE `stats` = '7' LIMIT 0,20   [ RunTime:0.0013s ]
SQL: SHOW COLUMNS FROM `hr_danwei` [ RunTime:0.0028s ]
SQL: SELECT * FROM `hr_danwei` WHERE ( jiagou = 'A1' )  [ RunTime:0.0004s ]
SQL: SELECT COUNT(*) AS tp_count FROM `hr_costcardout` WHERE `stats` = '7' LIMIT 1   [ RunTime:0.0003s ]
INFO: [ app_end ] --START--
INFO: Run Behavior\ShowPageTraceBehavior [ RunTime:0.000631s ]
INFO: [ app_end ] --END-- [ RunTime:0.000827s ]

[ 2019-09-20T15:52:00+08:00 ] ::1 /cost/index.php/Home/Admin/pointcardwdeditlist.html?page=1&limit=20
INFO: [ app_begin ] --START--
INFO: Run Behavior\ReadHtmlCacheBehavior [ RunTime:0.000424s ]
INFO: [ app_begin ] --END-- [ RunTime:0.000859s ]
NOTIC: [8] Undefined index: stats /Library/WebServer/Documents/cost/Application/Home/Controller/AdminController.class.php 第 1458 行.
NOTIC: [8] Undefined index: jgh /Library/WebServer/Documents/cost/Application/Home/Controller/AdminController.class.php 第 1459 行.
NOTIC: [8] Undefined index: date /Library/WebServer/Documents/cost/Application/Home/Controller/AdminController.class.php 第 1460 行.
SQL: SHOW COLUMNS FROM `hr_costcard` [ RunTime:0.0028s ]
SQL: SELECT * FROM `hr_costcard` WHERE `stats` NOT IN ('1') LIMIT 0,20   [ RunTime:0.0005s ]
SQL: SHOW COLUMNS FROM `hr_danwei` [ RunTime:0.0041s ]
SQL: SELECT * FROM `hr_danwei` WHERE ( jiagou = 'A1' )  [ RunTime:0.0010s ]
SQL: SELECT COUNT(*) AS tp_count FROM `hr_costcard` WHERE `stats` NOT IN ('1') LIMIT 1   [ RunTime:0.0004s ]
INFO: [ app_end ] --START--
INFO: Run Behavior\ShowPageTraceBehavior [ RunTime:0.000445s ]
INFO: [ app_end ] --END-- [ RunTime:0.000612s ]

[ 2019-09-20T15:52:24+08:00 ] ::1 /cost/index.php/Home/Admin/pointcardwdinvestlist.html?page=1&limit=20
INFO: [ app_begin ] --START--
INFO: Run Behavior\ReadHtmlCacheBehavior [ RunTime:0.000475s ]
INFO: [ app_begin ] --END-- [ RunTime:0.000952s ]
NOTIC: [8] Undefined index: stats /Library/WebServer/Documents/cost/Application/Home/Controller/AdminController.class.php 第 1807 行.
NOTIC: [8] Undefined index: card /Library/WebServer/Documents/cost/Application/Home/Controller/AdminController.class.php 第 1808 行.
NOTIC: [8] Undefined index: jgh /Library/WebServer/Documents/cost/Application/Home/Controller/AdminController.class.php 第 1809 行.
NOTIC: [8] Undefined index: date /Library/WebServer/Documents/cost/Application/Home/Controller/AdminController.class.php 第 1810 行.
SQL: SHOW COLUMNS FROM `hr_costcardout` [ RunTime:0.0021s ]
SQL: SELECT * FROM `hr_costcardout` WHERE `stats` = 2 LIMIT 0,20   [ RunTime:0.0004s ]
SQL: SHOW COLUMNS FROM `hr_danwei` [ RunTime:0.0020s ]
SQL: SELECT * FROM `hr_danwei` WHERE ( jiagou = 'A1' )  [ RunTime:0.0013s ]
SQL: SELECT COUNT(*) AS tp_count FROM `hr_costcardout` WHERE `stats` = 2 LIMIT 1   [ RunTime:0.0009s ]
INFO: [ app_end ] --START--
INFO: Run Behavior\ShowPageTraceBehavior [ RunTime:0.000935s ]
INFO: [ app_end ] --END-- [ RunTime:0.001183s ]

[ 2019-09-20T15:52:27+08:00 ] ::1 /cost/index.php/Home/Admin/pointcardwdinvestlist.html?page=1&limit=20&stats=7&jgh=&date=
INFO: [ app_begin ] --START--
INFO: Run Behavior\ReadHtmlCacheBehavior [ RunTime:0.000416s ]
INFO: [ app_begin ] --END-- [ RunTime:0.000929s ]
NOTIC: [8] Undefined index: card /Library/WebServer/Documents/cost/Application/Home/Controller/AdminController.class.php 第 1808 行.
SQL: SHOW COLUMNS FROM `hr_costcardout` [ RunTime:0.0016s ]
SQL: SELECT * FROM `hr_costcardout` WHERE `stats` = '7' LIMIT 0,20   [ RunTime:0.0005s ]
SQL: SHOW COLUMNS FROM `hr_danwei` [ RunTime:0.0017s ]
SQL: SELECT * FROM `hr_danwei` WHERE ( jiagou = 'A1' )  [ RunTime:0.0003s ]
SQL: SELECT COUNT(*) AS tp_count FROM `hr_costcardout` WHERE `stats` = '7' LIMIT 1   [ RunTime:0.0002s ]
INFO: [ app_end ] --START--
INFO: Run Behavior\ShowPageTraceBehavior [ RunTime:0.000375s ]
INFO: [ app_end ] --END-- [ RunTime:0.000565s ]

[ 2019-09-20T15:52:29+08:00 ] ::1 /cost/index.php/Home/Admin/pointcardover.html
INFO: [ app_begin ] --START--
INFO: Run Behavior\ReadHtmlCacheBehavior [ RunTime:0.000493s ]
INFO: [ app_begin ] --END-- [ RunTime:0.001015s ]
SQL: SHOW COLUMNS FROM `hr_costcardout` [ RunTime:0.0025s ]
SQL: SHOW COLUMNS FROM `hr_costcard` [ RunTime:0.0025s ]
SQL: SHOW COLUMNS FROM `hr_costcardin` [ RunTime:0.0022s ]
SQL: UPDATE `hr_costcardout` SET `stats`='8' WHERE ( cardoutid = '4' ) [ RunTime:0.0021s ]
NOTIC: [8] Undefined variable: count /Library/WebServer/Documents/cost/Application/Home/Controller/AdminController.class.php 第 1898 行.
SQL: UPDATE `hr_costcard` SET `stats`='8' WHERE ( cardid = '4' ) [ RunTime:0.0016s ]
SQL: UPDATE `hr_costcardin` SET `stats`='8' WHERE ( cardinid = '4' ) [ RunTime:0.0014s ]
INFO: [ app_end ] --START--
INFO: Run Behavior\ShowPageTraceBehavior [ RunTime:0.000718s ]
INFO: [ app_end ] --END-- [ RunTime:0.000905s ]

[ 2019-09-20T15:52:29+08:00 ] ::1 /cost/index.php/Home/Admin/pointcardwdinvestlist.html?page=1&limit=20
INFO: [ app_begin ] --START--
INFO: Run Behavior\ReadHtmlCacheBehavior [ RunTime:0.000488s ]
INFO: [ app_begin ] --END-- [ RunTime:0.001053s ]
NOTIC: [8] Undefined index: stats /Library/WebServer/Documents/cost/Application/Home/Controller/AdminController.class.php 第 1807 行.
NOTIC: [8] Undefined index: card /Library/WebServer/Documents/cost/Application/Home/Controller/AdminController.class.php 第 1808 行.
NOTIC: [8] Undefined index: jgh /Library/WebServer/Documents/cost/Application/Home/Controller/AdminController.class.php 第 1809 行.
NOTIC: [8] Undefined index: date /Library/WebServer/Documents/cost/Application/Home/Controller/AdminController.class.php 第 1810 行.
SQL: SHOW COLUMNS FROM `hr_costcardout` [ RunTime:0.0026s ]
SQL: SELECT * FROM `hr_costcardout` WHERE `stats` = 2 LIMIT 0,20   [ RunTime:0.0009s ]
SQL: SHOW COLUMNS FROM `hr_danwei` [ RunTime:0.0035s ]
SQL: SELECT * FROM `hr_danwei` WHERE ( jiagou = 'A1' )  [ RunTime:0.0017s ]
SQL: SELECT COUNT(*) AS tp_count FROM `hr_costcardout` WHERE `stats` = 2 LIMIT 1   [ RunTime:0.0014s ]
INFO: [ app_end ] --START--
INFO: Run Behavior\ShowPageTraceBehavior [ RunTime:0.000790s ]
INFO: [ app_end ] --END-- [ RunTime:0.001057s ]

[ 2019-09-20T15:52:35+08:00 ] ::1 /cost/index.php/Home/Admin/pointcardwdfinancelist.html?page=1&limit=20
INFO: [ app_begin ] --START--
INFO: Run Behavior\ReadHtmlCacheBehavior [ RunTime:0.000342s ]
INFO: [ app_begin ] --END-- [ RunTime:0.000708s ]
NOTIC: [8] Undefined index: stats /Library/WebServer/Documents/cost/Application/Home/Controller/AdminController.class.php 第 1729 行.
NOTIC: [8] Undefined index: card /Library/WebServer/Documents/cost/Application/Home/Controller/AdminController.class.php 第 1730 行.
NOTIC: [8] Undefined index: jgh /Library/WebServer/Documents/cost/Application/Home/Controller/AdminController.class.php 第 1731 行.
NOTIC: [8] Undefined index: date /Library/WebServer/Documents/cost/Application/Home/Controller/AdminController.class.php 第 1732 行.
SQL: SHOW COLUMNS FROM `hr_costcardout` [ RunTime:0.0026s ]
SQL: SELECT * FROM `hr_costcardout` WHERE `stats` = 8 LIMIT 0,20   [ RunTime:0.0003s ]
SQL: SHOW COLUMNS FROM `hr_danwei` [ RunTime:0.0015s ]
SQL: SELECT * FROM `hr_danwei` WHERE ( jiagou = 'A1' )  [ RunTime:0.0004s ]
SQL: SELECT COUNT(*) AS tp_count FROM `hr_costcardout` WHERE `stats` = 8 LIMIT 1   [ RunTime:0.0005s ]
INFO: [ app_end ] --START--
INFO: Run Behavior\ShowPageTraceBehavior [ RunTime:0.000680s ]
INFO: [ app_end ] --END-- [ RunTime:0.000861s ]

[ 2019-09-20T15:52:53+08:00 ] ::1 /cost/index.php/Home/Admin/pointcardwdeditlist.html?page=1&limit=20
INFO: [ app_begin ] --START--
INFO: Run Behavior\ReadHtmlCacheBehavior [ RunTime:0.000415s ]
INFO: [ app_begin ] --END-- [ RunTime:0.000895s ]
NOTIC: [8] Undefined index: stats /Library/WebServer/Documents/cost/Application/Home/Controller/AdminController.class.php 第 1458 行.
NOTIC: [8] Undefined index: jgh /Library/WebServer/Documents/cost/Application/Home/Controller/AdminController.class.php 第 1459 行.
NOTIC: [8] Undefined index: date /Library/WebServer/Documents/cost/Application/Home/Controller/AdminController.class.php 第 1460 行.
SQL: SHOW COLUMNS FROM `hr_costcard` [ RunTime:0.0018s ]
SQL: SELECT * FROM `hr_costcard` WHERE `stats` NOT IN ('1') LIMIT 0,20   [ RunTime:0.0005s ]
SQL: SHOW COLUMNS FROM `hr_danwei` [ RunTime:0.0020s ]
SQL: SELECT * FROM `hr_danwei` WHERE ( jiagou = 'A1' )  [ RunTime:0.0004s ]
SQL: SELECT COUNT(*) AS tp_count FROM `hr_costcard` WHERE `stats` NOT IN ('1') LIMIT 1   [ RunTime:0.0002s ]
INFO: [ app_end ] --START--
INFO: Run Behavior\ShowPageTraceBehavior [ RunTime:0.000395s ]
INFO: [ app_end ] --END-- [ RunTime:0.000530s ]

[ 2019-09-20T15:53:07+08:00 ] ::1 /cost/index.php/Home/Index/pointcardlosss.html?page=1&limit=20
INFO: [ app_begin ] --START--
INFO: Run Behavior\ReadHtmlCacheBehavior [ RunTime:0.000813s ]
INFO: [ app_begin ] --END-- [ RunTime:0.001553s ]
NOTIC: [8] Undefined index: stats /Library/WebServer/Documents/cost/Application/Home/Controller/IndexController.class.php 第 2600 行.
NOTIC: [8] Undefined index: card /Library/WebServer/Documents/cost/Application/Home/Controller/IndexController.class.php 第 2601 行.
NOTIC: [8] Undefined index: date /Library/WebServer/Documents/cost/Application/Home/Controller/IndexController.class.php 第 2602 行.
SQL: SHOW COLUMNS FROM `hr_costcardout` [ RunTime:0.0032s ]
SQL: SELECT * FROM `hr_costcardout` WHERE `jgh` = '63' AND `stats` = 2 LIMIT 0,20   [ RunTime:0.0004s ]
SQL: SHOW COLUMNS FROM `hr_danwei` [ RunTime:0.0018s ]
SQL: SELECT * FROM `hr_danwei` WHERE ( jiagou = 'A1' )  [ RunTime:0.0008s ]
SQL: SELECT COUNT(*) AS tp_count FROM `hr_costcardout` WHERE `jgh` = '63' AND `stats` = 2 LIMIT 1   [ RunTime:0.0006s ]
INFO: [ app_end ] --START--
INFO: Run Behavior\ShowPageTraceBehavior [ RunTime:0.000722s ]
INFO: [ app_end ] --END-- [ RunTime:0.000942s ]

[ 2019-09-20T15:53:10+08:00 ] ::1 /cost/index.php/Home/Index/pointcardlosss.html?page=1&limit=20&stats=8&card=&date=
INFO: [ app_begin ] --START--
INFO: Run Behavior\ReadHtmlCacheBehavior [ RunTime:0.000316s ]
INFO: [ app_begin ] --END-- [ RunTime:0.000657s ]
SQL: SHOW COLUMNS FROM `hr_costcardout` [ RunTime:0.0017s ]
SQL: SELECT * FROM `hr_costcardout` WHERE `stats` = 2 AND `jgh` = '63' LIMIT 0,20   [ RunTime:0.0003s ]
SQL: SHOW COLUMNS FROM `hr_danwei` [ RunTime:0.0018s ]
SQL: SELECT * FROM `hr_danwei` WHERE ( jiagou = 'A1' )  [ RunTime:0.0005s ]
SQL: SELECT COUNT(*) AS tp_count FROM `hr_costcardout` WHERE `stats` = 2 AND `jgh` = '63' LIMIT 1   [ RunTime:0.0003s ]
INFO: [ app_end ] --START--
INFO: Run Behavior\ShowPageTraceBehavior [ RunTime:0.000366s ]
INFO: [ app_end ] --END-- [ RunTime:0.000495s ]

[ 2019-09-20T15:53:11+08:00 ] ::1 /cost/index.php/Home/Index/pointcardlosss.html?page=1&limit=20&stats=8&card=&date=
INFO: [ app_begin ] --START--
INFO: Run Behavior\ReadHtmlCacheBehavior [ RunTime:0.000361s ]
INFO: [ app_begin ] --END-- [ RunTime:0.000822s ]
SQL: SHOW COLUMNS FROM `hr_costcardout` [ RunTime:0.0025s ]
SQL: SELECT * FROM `hr_costcardout` WHERE `stats` = 2 AND `jgh` = '63' LIMIT 0,20   [ RunTime:0.0004s ]
SQL: SHOW COLUMNS FROM `hr_danwei` [ RunTime:0.0017s ]
SQL: SELECT * FROM `hr_danwei` WHERE ( jiagou = 'A1' )  [ RunTime:0.0006s ]
SQL: SELECT COUNT(*) AS tp_count FROM `hr_costcardout` WHERE `stats` = 2 AND `jgh` = '63' LIMIT 1   [ RunTime:0.0003s ]
INFO: [ app_end ] --START--
INFO: Run Behavior\ShowPageTraceBehavior [ RunTime:0.000425s ]
INFO: [ app_end ] --END-- [ RunTime:0.000573s ]

[ 2019-09-20T15:53:23+08:00 ] ::1 /cost/index.php/Home/Index/pointcardouts.html?page=1&limit=20
INFO: [ app_begin ] --START--
INFO: Run Behavior\ReadHtmlCacheBehavior [ RunTime:0.000456s ]
INFO: [ app_begin ] --END-- [ RunTime:0.001171s ]
NOTIC: [8] Undefined index: stats /Library/WebServer/Documents/cost/Application/Home/Controller/IndexController.class.php 第 2483 行.
NOTIC: [8] Undefined index: card /Library/WebServer/Documents/cost/Application/Home/Controller/IndexController.class.php 第 2484 行.
NOTIC: [8] Undefined index: date /Library/WebServer/Documents/cost/Application/Home/Controller/IndexController.class.php 第 2485 行.
SQL: SHOW COLUMNS FROM `hr_costcardin` [ RunTime:0.0034s ]
SQL: SELECT * FROM `hr_costcardin` WHERE `jgh` = '63' AND `stats` = 5 LIMIT 0,20   [ RunTime:0.0004s ]
SQL: SHOW COLUMNS FROM `hr_danwei` [ RunTime:0.0016s ]
SQL: SELECT * FROM `hr_danwei` WHERE ( jiagou = 'A1' )  [ RunTime:0.0004s ]
SQL: SELECT COUNT(*) AS tp_count FROM `hr_costcardin` WHERE `jgh` = '63' AND `stats` = 5 LIMIT 1   [ RunTime:0.0003s ]
INFO: [ app_end ] --START--
INFO: Run Behavior\ShowPageTraceBehavior [ RunTime:0.000388s ]
INFO: [ app_end ] --END-- [ RunTime:0.000533s ]

[ 2019-09-20T15:53:25+08:00 ] ::1 /cost/index.php/Home/Index/pointcardlosss.html?page=1&limit=20
INFO: [ app_begin ] --START--
INFO: Run Behavior\ReadHtmlCacheBehavior [ RunTime:0.000969s ]
INFO: [ app_begin ] --END-- [ RunTime:0.002508s ]
NOTIC: [8] Undefined index: stats /Library/WebServer/Documents/cost/Application/Home/Controller/IndexController.class.php 第 2600 行.
NOTIC: [8] Undefined index: card /Library/WebServer/Documents/cost/Application/Home/Controller/IndexController.class.php 第 2601 行.
NOTIC: [8] Undefined index: date /Library/WebServer/Documents/cost/Application/Home/Controller/IndexController.class.php 第 2602 行.
SQL: SHOW COLUMNS FROM `hr_costcardout` [ RunTime:0.0022s ]
SQL: SELECT * FROM `hr_costcardout` WHERE `jgh` = '63' AND `stats` = 2 LIMIT 0,20   [ RunTime:0.0006s ]
SQL: SHOW COLUMNS FROM `hr_danwei` [ RunTime:0.0030s ]
SQL: SELECT * FROM `hr_danwei` WHERE ( jiagou = 'A1' )  [ RunTime:0.0017s ]
SQL: SELECT COUNT(*) AS tp_count FROM `hr_costcardout` WHERE `jgh` = '63' AND `stats` = 2 LIMIT 1   [ RunTime:0.0011s ]
INFO: [ app_end ] --START--
INFO: Run Behavior\ShowPageTraceBehavior [ RunTime:0.000740s ]
INFO: [ app_end ] --END-- [ RunTime:0.000938s ]

[ 2019-09-20T15:53:28+08:00 ] ::1 /cost/index.php/Home/Index/pointcardlosss.html?page=1&limit=20&stats=2&card=&date=
INFO: [ app_begin ] --START--
INFO: Run Behavior\ReadHtmlCacheBehavior [ RunTime:0.000600s ]
INFO: [ app_begin ] --END-- [ RunTime:0.001021s ]
SQL: SHOW COLUMNS FROM `hr_costcardout` [ RunTime:0.0016s ]
SQL: SELECT * FROM `hr_costcardout` WHERE `stats` = 2 AND `jgh` = '63' LIMIT 0,20   [ RunTime:0.0003s ]
SQL: SHOW COLUMNS FROM `hr_danwei` [ RunTime:0.0026s ]
SQL: SELECT * FROM `hr_danwei` WHERE ( jiagou = 'A1' )  [ RunTime:0.0017s ]
SQL: SELECT COUNT(*) AS tp_count FROM `hr_costcardout` WHERE `stats` = 2 AND `jgh` = '63' LIMIT 1   [ RunTime:0.0006s ]
INFO: [ app_end ] --START--
INFO: Run Behavior\ShowPageTraceBehavior [ RunTime:0.000555s ]
INFO: [ app_end ] --END-- [ RunTime:0.000752s ]

[ 2019-09-20T15:53:28+08:00 ] ::1 /cost/index.php/Home/Index/pointcardlosss.html?page=1&limit=20&stats=2&card=&date=
INFO: [ app_begin ] --START--
INFO: Run Behavior\ReadHtmlCacheBehavior [ RunTime:0.000463s ]
INFO: [ app_begin ] --END-- [ RunTime:0.001010s ]
SQL: SHOW COLUMNS FROM `hr_costcardout` [ RunTime:0.0025s ]
SQL: SELECT * FROM `hr_costcardout` WHERE `stats` = 2 AND `jgh` = '63' LIMIT 0,20   [ RunTime:0.0004s ]
SQL: SHOW COLUMNS FROM `hr_danwei` [ RunTime:0.0019s ]
SQL: SELECT * FROM `hr_danwei` WHERE ( jiagou = 'A1' )  [ RunTime:0.0005s ]
SQL: SELECT COUNT(*) AS tp_count FROM `hr_costcardout` WHERE `stats` = 2 AND `jgh` = '63' LIMIT 1   [ RunTime:0.0003s ]
INFO: [ app_end ] --START--
INFO: Run Behavior\ShowPageTraceBehavior [ RunTime:0.000431s ]
INFO: [ app_end ] --END-- [ RunTime:0.000597s ]

[ 2019-09-20T15:55:52+08:00 ] ::1 /cost/index.php/Home/Index/pointcardlosss.html?page=1&limit=20
INFO: [ app_begin ] --START--
INFO: Run Behavior\ReadHtmlCacheBehavior [ RunTime:0.000373s ]
INFO: [ app_begin ] --END-- [ RunTime:0.000907s ]
NOTIC: [8] Undefined index: stats /Library/WebServer/Documents/cost/Application/Home/Controller/IndexController.class.php 第 2600 行.
NOTIC: [8] Undefined index: card /Library/WebServer/Documents/cost/Application/Home/Controller/IndexController.class.php 第 2601 行.
NOTIC: [8] Undefined index: date /Library/WebServer/Documents/cost/Application/Home/Controller/IndexController.class.php 第 2602 行.
SQL: SHOW COLUMNS FROM `hr_costcardout` [ RunTime:0.0021s ]
SQL: SELECT * FROM `hr_costcardout` WHERE `stats` = 2 AND `jgh` = '63' LIMIT 0,20   [ RunTime:0.0007s ]
SQL: SHOW COLUMNS FROM `hr_danwei` [ RunTime:0.0025s ]
SQL: SELECT * FROM `hr_danwei` WHERE ( jiagou = 'A1' )  [ RunTime:0.0008s ]
SQL: SELECT COUNT(*) AS tp_count FROM `hr_costcardout` WHERE `stats` = 2 AND `jgh` = '63' LIMIT 1   [ RunTime:0.0014s ]
INFO: [ app_end ] --START--
INFO: Run Behavior\ShowPageTraceBehavior [ RunTime:0.001208s ]
INFO: [ app_end ] --END-- [ RunTime:0.001525s ]

[ 2019-09-20T15:55:54+08:00 ] ::1 /cost/index.php/Home/Index/pointcardlosss.html?page=1&limit=20&stats=8&card=&date=
INFO: [ app_begin ] --START--
INFO: Run Behavior\ReadHtmlCacheBehavior [ RunTime:0.001546s ]
INFO: [ app_begin ] --END-- [ RunTime:0.003370s ]
SQL: SHOW COLUMNS FROM `hr_costcardout` [ RunTime:0.0028s ]
SQL: SELECT * FROM `hr_costcardout` WHERE `stats` = '8' AND `jgh` = '63' LIMIT 0,20   [ RunTime:0.0016s ]
SQL: SHOW COLUMNS FROM `hr_danwei` [ RunTime:0.0023s ]
SQL: SELECT * FROM `hr_danwei` WHERE ( jiagou = 'A1' )  [ RunTime:0.0003s ]
SQL: SELECT COUNT(*) AS tp_count FROM `hr_costcardout` WHERE `stats` = '8' AND `jgh` = '63' LIMIT 1   [ RunTime:0.0003s ]
INFO: [ app_end ] --START--
INFO: Run Behavior\ShowPageTraceBehavior [ RunTime:0.000454s ]
INFO: [ app_end ] --END-- [ RunTime:0.000607s ]

