[ 2019-07-22T08:26:16+08:00 ] ::1 /cost/index.php/Home/Admin/pointcardwdinlist.html?page=1&limit=20
INFO: [ app_begin ] --START--
INFO: Run Behavior\ReadHtmlCacheBehavior [ RunTime:0.000265s ]
INFO: [ app_begin ] --END-- [ RunTime:0.000542s ]
NOTIC: [8] Undefined index: card /Library/WebServer/Documents/cost/Application/Home/Controller/AdminController.class.php 第 1180 行.
NOTIC: [8] Undefined index: jgh /Library/WebServer/Documents/cost/Application/Home/Controller/AdminController.class.php 第 1181 行.
NOTIC: [8] Undefined index: date /Library/WebServer/Documents/cost/Application/Home/Controller/AdminController.class.php 第 1182 行.
SQL: SHOW COLUMNS FROM `hr_costcard` [ RunTime:0.0013s ]
SQL: SELECT * FROM `hr_costcard` WHERE `stats` = 4 LIMIT 0,20   [ RunTime:0.0003s ]
SQL: SHOW COLUMNS FROM `hr_danwei` [ RunTime:0.0013s ]
SQL: SELECT * FROM `hr_danwei` WHERE ( jiagou = 'A1' )  [ RunTime:0.0003s ]
SQL: SELECT COUNT(*) AS tp_count FROM `hr_costcard` WHERE `stats` = 4 LIMIT 1   [ RunTime:0.0002s ]
INFO: [ app_end ] --START--
INFO: Run Behavior\ShowPageTraceBehavior [ RunTime:0.000323s ]
INFO: [ app_end ] --END-- [ RunTime:0.000445s ]

[ 2019-07-22T08:26:18+08:00 ] ::1 /cost/index.php/Home/Admin/pointcardwdshlist.html?page=1&limit=20
INFO: [ app_begin ] --START--
INFO: Run Behavior\ReadHtmlCacheBehavior [ RunTime:0.000301s ]
INFO: [ app_begin ] --END-- [ RunTime:0.000627s ]
NOTIC: [8] Undefined index: card /Library/WebServer/Documents/cost/Application/Home/Controller/AdminController.class.php 第 1430 行.
NOTIC: [8] Undefined index: jgh /Library/WebServer/Documents/cost/Application/Home/Controller/AdminController.class.php 第 1431 行.
NOTIC: [8] Undefined index: date /Library/WebServer/Documents/cost/Application/Home/Controller/AdminController.class.php 第 1432 行.
SQL: SHOW COLUMNS FROM `hr_costcardout` [ RunTime:0.0016s ]
SQL: SELECT * FROM `hr_costcardout` WHERE `stats` = 3 LIMIT 0,20   [ RunTime:0.0003s ]
SQL: SHOW COLUMNS FROM `hr_danwei` [ RunTime:0.0013s ]
SQL: SELECT * FROM `hr_danwei` WHERE ( jiagou = 'A1' )  [ RunTime:0.0003s ]
SQL: SELECT COUNT(*) AS tp_count FROM `hr_costcardout` WHERE `stats` = 3 LIMIT 1   [ RunTime:0.0002s ]
INFO: [ app_end ] --START--
INFO: Run Behavior\ShowPageTraceBehavior [ RunTime:0.000394s ]
INFO: [ app_end ] --END-- [ RunTime:0.000525s ]

[ 2019-07-22T09:25:26+08:00 ] ::1 /cost/index.php/Home/Admin/pointcardwdinlist.html?page=1&limit=20
INFO: [ app_begin ] --START--
INFO: Run Behavior\ReadHtmlCacheBehavior [ RunTime:0.000307s ]
INFO: [ app_begin ] --END-- [ RunTime:0.000652s ]
NOTIC: [8] Undefined index: card /Library/WebServer/Documents/cost/Application/Home/Controller/AdminController.class.php 第 1180 行.
NOTIC: [8] Undefined index: jgh /Library/WebServer/Documents/cost/Application/Home/Controller/AdminController.class.php 第 1181 行.
NOTIC: [8] Undefined index: date /Library/WebServer/Documents/cost/Application/Home/Controller/AdminController.class.php 第 1182 行.
SQL: SHOW COLUMNS FROM `hr_costcard` [ RunTime:0.0015s ]
SQL: SELECT * FROM `hr_costcard` WHERE `stats` = 4 LIMIT 0,20   [ RunTime:0.0002s ]
SQL: SHOW COLUMNS FROM `hr_danwei` [ RunTime:0.0013s ]
SQL: SELECT * FROM `hr_danwei` WHERE ( jiagou = 'A1' )  [ RunTime:0.0003s ]
SQL: SELECT COUNT(*) AS tp_count FROM `hr_costcard` WHERE `stats` = 4 LIMIT 1   [ RunTime:0.0002s ]
INFO: [ app_end ] --START--
INFO: Run Behavior\ShowPageTraceBehavior [ RunTime:0.000409s ]
INFO: [ app_end ] --END-- [ RunTime:0.000545s ]

[ 2019-07-22T09:25:37+08:00 ] ::1 /cost/index.php/Home/Index/pointcardedits.html?page=1&limit=20
INFO: [ app_begin ] --START--
INFO: Run Behavior\ReadHtmlCacheBehavior [ RunTime:0.000302s ]
INFO: [ app_begin ] --END-- [ RunTime:0.000644s ]
NOTIC: [8] Undefined index: stats /Library/WebServer/Documents/cost/Application/Home/Controller/IndexController.class.php 第 2396 行.
NOTIC: [8] Undefined index: card /Library/WebServer/Documents/cost/Application/Home/Controller/IndexController.class.php 第 2397 行.
NOTIC: [8] Undefined index: date /Library/WebServer/Documents/cost/Application/Home/Controller/IndexController.class.php 第 2398 行.
SQL: SHOW COLUMNS FROM `hr_costcardin` [ RunTime:0.0014s ]
SQL: SELECT * FROM `hr_costcardin` WHERE `jgh` = '5' LIMIT 0,20   [ RunTime:0.0003s ]
SQL: SHOW COLUMNS FROM `hr_danwei` [ RunTime:0.0012s ]
SQL: SELECT * FROM `hr_danwei` WHERE ( jiagou = 'A1' )  [ RunTime:0.0003s ]
SQL: SELECT COUNT(*) AS tp_count FROM `hr_costcardin` WHERE `jgh` = '5' LIMIT 1   [ RunTime:0.0002s ]
INFO: [ app_end ] --START--
INFO: Run Behavior\ShowPageTraceBehavior [ RunTime:0.000317s ]
INFO: [ app_end ] --END-- [ RunTime:0.000469s ]

[ 2019-07-22T10:10:32+08:00 ] ::1 /cost/index.php/Home/Index/pointcardedits.html?page=1&limit=20
INFO: [ app_begin ] --START--
INFO: Run Behavior\ReadHtmlCacheBehavior [ RunTime:0.000286s ]
INFO: [ app_begin ] --END-- [ RunTime:0.000602s ]
NOTIC: [8] Undefined index: stats /Library/WebServer/Documents/cost/Application/Home/Controller/IndexController.class.php 第 2396 行.
NOTIC: [8] Undefined index: card /Library/WebServer/Documents/cost/Application/Home/Controller/IndexController.class.php 第 2397 行.
NOTIC: [8] Undefined index: date /Library/WebServer/Documents/cost/Application/Home/Controller/IndexController.class.php 第 2398 行.
SQL: SHOW COLUMNS FROM `hr_costcardin` [ RunTime:0.0015s ]
SQL: SELECT * FROM `hr_costcardin` WHERE `jgh` = '5' LIMIT 0,20   [ RunTime:0.0003s ]
SQL: SHOW COLUMNS FROM `hr_danwei` [ RunTime:0.0013s ]
SQL: SELECT * FROM `hr_danwei` WHERE ( jiagou = 'A1' )  [ RunTime:0.0003s ]
SQL: SELECT COUNT(*) AS tp_count FROM `hr_costcardin` WHERE `jgh` = '5' LIMIT 1   [ RunTime:0.0003s ]
INFO: [ app_end ] --START--
INFO: Run Behavior\ShowPageTraceBehavior [ RunTime:0.000367s ]
INFO: [ app_end ] --END-- [ RunTime:0.000520s ]

[ 2019-07-22T12:12:51+08:00 ] 192.168.1.211 /cost/index.php/Home/Admin/pointcardwdinlist.html?page=1&limit=20
INFO: [ app_begin ] --START--
INFO: Run Behavior\ReadHtmlCacheBehavior [ RunTime:0.000352s ]
INFO: [ app_begin ] --END-- [ RunTime:0.000781s ]
NOTIC: [8] Undefined index: card /Library/WebServer/Documents/cost/Application/Home/Controller/AdminController.class.php 第 1214 行.
NOTIC: [8] Undefined index: jgh /Library/WebServer/Documents/cost/Application/Home/Controller/AdminController.class.php 第 1215 行.
NOTIC: [8] Undefined index: date /Library/WebServer/Documents/cost/Application/Home/Controller/AdminController.class.php 第 1216 行.
SQL: SHOW COLUMNS FROM `hr_costcard` [ RunTime:0.0014s ]
SQL: SELECT * FROM `hr_costcard` WHERE `stats` = 4 LIMIT 0,20   [ RunTime:0.0002s ]
SQL: SHOW COLUMNS FROM `hr_danwei` [ RunTime:0.0013s ]
SQL: SELECT * FROM `hr_danwei` WHERE ( jiagou = 'A1' )  [ RunTime:0.0003s ]
SQL: SELECT COUNT(*) AS tp_count FROM `hr_costcard` WHERE `stats` = 4 LIMIT 1   [ RunTime:0.0002s ]
INFO: [ app_end ] --START--
INFO: Run Behavior\ShowPageTraceBehavior [ RunTime:0.000308s ]
INFO: [ app_end ] --END-- [ RunTime:0.000447s ]

[ 2019-07-22T12:13:03+08:00 ] 192.168.1.211 /cost/index.php/Home/Admin/pointcardwdshlist.html?page=1&limit=20
INFO: [ app_begin ] --START--
INFO: Run Behavior\ReadHtmlCacheBehavior [ RunTime:0.000334s ]
INFO: [ app_begin ] --END-- [ RunTime:0.000685s ]
NOTIC: [8] Undefined index: card /Library/WebServer/Documents/cost/Application/Home/Controller/AdminController.class.php 第 1464 行.
NOTIC: [8] Undefined index: jgh /Library/WebServer/Documents/cost/Application/Home/Controller/AdminController.class.php 第 1465 行.
NOTIC: [8] Undefined index: date /Library/WebServer/Documents/cost/Application/Home/Controller/AdminController.class.php 第 1466 行.
SQL: SHOW COLUMNS FROM `hr_costcardout` [ RunTime:0.0017s ]
SQL: SELECT * FROM `hr_costcardout` WHERE `stats` = 3 LIMIT 0,20   [ RunTime:0.0004s ]
SQL: SHOW COLUMNS FROM `hr_danwei` [ RunTime:0.0015s ]
SQL: SELECT * FROM `hr_danwei` WHERE ( jiagou = 'A1' )  [ RunTime:0.0003s ]
SQL: SELECT COUNT(*) AS tp_count FROM `hr_costcardout` WHERE `stats` = 3 LIMIT 1   [ RunTime:0.0002s ]
INFO: [ app_end ] --START--
INFO: Run Behavior\ShowPageTraceBehavior [ RunTime:0.000312s ]
INFO: [ app_end ] --END-- [ RunTime:0.000449s ]

[ 2019-07-22T12:13:05+08:00 ] 192.168.1.211 /cost/index.php/Home/Admin/pointcardwdeditlist.html?page=1&limit=20
INFO: [ app_begin ] --START--
INFO: Run Behavior\ReadHtmlCacheBehavior [ RunTime:0.000331s ]
INFO: [ app_begin ] --END-- [ RunTime:0.000686s ]
NOTIC: [8] Undefined index: stats /Library/WebServer/Documents/cost/Application/Home/Controller/AdminController.class.php 第 1324 行.
NOTIC: [8] Undefined index: jgh /Library/WebServer/Documents/cost/Application/Home/Controller/AdminController.class.php 第 1325 行.
NOTIC: [8] Undefined index: date /Library/WebServer/Documents/cost/Application/Home/Controller/AdminController.class.php 第 1326 行.
SQL: SHOW COLUMNS FROM `hr_costcard` [ RunTime:0.0014s ]
SQL: SELECT * FROM `hr_costcard` WHERE `stats` NOT IN ('1') LIMIT 0,20   [ RunTime:0.0002s ]
SQL: SHOW COLUMNS FROM `hr_danwei` [ RunTime:0.0013s ]
SQL: SELECT * FROM `hr_danwei` WHERE ( jiagou = 'A1' )  [ RunTime:0.0003s ]
SQL: SELECT COUNT(*) AS tp_count FROM `hr_costcard` WHERE `stats` NOT IN ('1') LIMIT 1   [ RunTime:0.0002s ]
INFO: [ app_end ] --START--
INFO: Run Behavior\ShowPageTraceBehavior [ RunTime:0.000326s ]
INFO: [ app_end ] --END-- [ RunTime:0.000464s ]

[ 2019-07-22T12:15:30+08:00 ] 192.168.1.211 /cost/index.php/Home/Admin/pointcardwdeditlist.html?page=1&limit=20
INFO: [ app_begin ] --START--
INFO: Run Behavior\ReadHtmlCacheBehavior [ RunTime:0.000349s ]
INFO: [ app_begin ] --END-- [ RunTime:0.000700s ]
NOTIC: [8] Undefined index: stats /Library/WebServer/Documents/cost/Application/Home/Controller/AdminController.class.php 第 1324 行.
NOTIC: [8] Undefined index: jgh /Library/WebServer/Documents/cost/Application/Home/Controller/AdminController.class.php 第 1325 行.
NOTIC: [8] Undefined index: date /Library/WebServer/Documents/cost/Application/Home/Controller/AdminController.class.php 第 1326 行.
SQL: SHOW COLUMNS FROM `hr_costcard` [ RunTime:0.0017s ]
SQL: SELECT * FROM `hr_costcard` WHERE `stats` NOT IN ('1') LIMIT 0,20   [ RunTime:0.0002s ]
SQL: SHOW COLUMNS FROM `hr_danwei` [ RunTime:0.0015s ]
SQL: SELECT * FROM `hr_danwei` WHERE ( jiagou = 'A1' )  [ RunTime:0.0003s ]
SQL: SELECT COUNT(*) AS tp_count FROM `hr_costcard` WHERE `stats` NOT IN ('1') LIMIT 1   [ RunTime:0.0002s ]
INFO: [ app_end ] --START--
INFO: Run Behavior\ShowPageTraceBehavior [ RunTime:0.000329s ]
INFO: [ app_end ] --END-- [ RunTime:0.000473s ]

[ 2019-07-22T12:20:48+08:00 ] 192.168.1.211 /cost/index.php/Home/Index/pointcardedits.html?page=1&limit=20
INFO: [ app_begin ] --START--
INFO: Run Behavior\ReadHtmlCacheBehavior [ RunTime:0.000343s ]
INFO: [ app_begin ] --END-- [ RunTime:0.000729s ]
NOTIC: [8] Undefined index: stats /Library/WebServer/Documents/cost/Application/Home/Controller/IndexController.class.php 第 2396 行.
NOTIC: [8] Undefined index: card /Library/WebServer/Documents/cost/Application/Home/Controller/IndexController.class.php 第 2397 行.
NOTIC: [8] Undefined index: date /Library/WebServer/Documents/cost/Application/Home/Controller/IndexController.class.php 第 2398 行.
SQL: SHOW COLUMNS FROM `hr_costcardin` [ RunTime:0.0014s ]
SQL: SELECT * FROM `hr_costcardin` WHERE `jgh` = '5' LIMIT 0,20   [ RunTime:0.0003s ]
SQL: SHOW COLUMNS FROM `hr_danwei` [ RunTime:0.0013s ]
SQL: SELECT * FROM `hr_danwei` WHERE ( jiagou = 'A1' )  [ RunTime:0.0003s ]
SQL: SELECT COUNT(*) AS tp_count FROM `hr_costcardin` WHERE `jgh` = '5' LIMIT 1   [ RunTime:0.0002s ]
INFO: [ app_end ] --START--
INFO: Run Behavior\ShowPageTraceBehavior [ RunTime:0.000312s ]
INFO: [ app_end ] --END-- [ RunTime:0.000448s ]

[ 2019-07-22T12:21:05+08:00 ] 192.168.1.211 /cost/index.php/Home/Admin/pointcardwdinlist.html?page=1&limit=20
INFO: [ app_begin ] --START--
INFO: Run Behavior\ReadHtmlCacheBehavior [ RunTime:0.000398s ]
INFO: [ app_begin ] --END-- [ RunTime:0.000759s ]
NOTIC: [8] Undefined index: card /Library/WebServer/Documents/cost/Application/Home/Controller/AdminController.class.php 第 1214 行.
NOTIC: [8] Undefined index: jgh /Library/WebServer/Documents/cost/Application/Home/Controller/AdminController.class.php 第 1215 行.
NOTIC: [8] Undefined index: date /Library/WebServer/Documents/cost/Application/Home/Controller/AdminController.class.php 第 1216 行.
SQL: SHOW COLUMNS FROM `hr_costcard` [ RunTime:0.0014s ]
SQL: SELECT * FROM `hr_costcard` WHERE `stats` = 4 LIMIT 0,20   [ RunTime:0.0003s ]
SQL: SHOW COLUMNS FROM `hr_danwei` [ RunTime:0.0013s ]
SQL: SELECT * FROM `hr_danwei` WHERE ( jiagou = 'A1' )  [ RunTime:0.0003s ]
SQL: SELECT COUNT(*) AS tp_count FROM `hr_costcard` WHERE `stats` = 4 LIMIT 1   [ RunTime:0.0002s ]
INFO: [ app_end ] --START--
INFO: Run Behavior\ShowPageTraceBehavior [ RunTime:0.000299s ]
INFO: [ app_end ] --END-- [ RunTime:0.000434s ]

[ 2019-07-22T12:21:10+08:00 ] 192.168.1.211 /cost/index.php/Home/Admin/pointcardinstats.html
INFO: [ app_begin ] --START--
INFO: Run Behavior\ReadHtmlCacheBehavior [ RunTime:0.000309s ]
INFO: [ app_begin ] --END-- [ RunTime:0.000653s ]
SQL: SHOW COLUMNS FROM `hr_costcard` [ RunTime:0.0014s ]
SQL: SHOW COLUMNS FROM `hr_costcardin` [ RunTime:0.0013s ]
SQL: UPDATE `hr_costcard` SET `stats`='5' WHERE ( cardid = '1' ) [ RunTime:0.0012s ]
SQL: UPDATE `hr_costcardin` SET `stats`='5' WHERE ( cardid = '1' ) [ RunTime:0.0009s ]
INFO: [ app_end ] --START--
INFO: Run Behavior\ShowPageTraceBehavior [ RunTime:0.000370s ]
INFO: [ app_end ] --END-- [ RunTime:0.000515s ]

[ 2019-07-22T12:21:10+08:00 ] 192.168.1.211 /cost/index.php/Home/Admin/pointcardinstats.html
INFO: [ app_begin ] --START--
INFO: Run Behavior\ReadHtmlCacheBehavior [ RunTime:0.000313s ]
INFO: [ app_begin ] --END-- [ RunTime:0.000667s ]
SQL: SHOW COLUMNS FROM `hr_costcard` [ RunTime:0.0015s ]
SQL: SHOW COLUMNS FROM `hr_costcardin` [ RunTime:0.0013s ]
SQL: UPDATE `hr_costcard` SET `stats`='5' WHERE ( cardid = '2' ) [ RunTime:0.0013s ]
SQL: UPDATE `hr_costcardin` SET `stats`='5' WHERE ( cardid = '2' ) [ RunTime:0.0008s ]
INFO: [ app_end ] --START--
INFO: Run Behavior\ShowPageTraceBehavior [ RunTime:0.000354s ]
INFO: [ app_end ] --END-- [ RunTime:0.000481s ]

[ 2019-07-22T12:21:12+08:00 ] 192.168.1.211 /cost/index.php/Home/Admin/pointcardwdinlist.html?page=1&limit=20&card=&jgh=&date=
INFO: [ app_begin ] --START--
INFO: Run Behavior\ReadHtmlCacheBehavior [ RunTime:0.000344s ]
INFO: [ app_begin ] --END-- [ RunTime:0.000695s ]
SQL: SHOW COLUMNS FROM `hr_costcard` [ RunTime:0.0015s ]
SQL: SELECT * FROM `hr_costcard` WHERE `stats` = 4 LIMIT 0,20   [ RunTime:0.0002s ]
SQL: SHOW COLUMNS FROM `hr_danwei` [ RunTime:0.0013s ]
SQL: SELECT * FROM `hr_danwei` WHERE ( jiagou = 'A1' )  [ RunTime:0.0003s ]
SQL: SELECT COUNT(*) AS tp_count FROM `hr_costcard` WHERE `stats` = 4 LIMIT 1   [ RunTime:0.0002s ]
INFO: [ app_end ] --START--
INFO: Run Behavior\ShowPageTraceBehavior [ RunTime:0.000317s ]
INFO: [ app_end ] --END-- [ RunTime:0.000458s ]

[ 2019-07-22T12:21:17+08:00 ] 192.168.1.211 /cost/index.php/Home/Admin/pointcardinbatchstats.html
INFO: [ app_begin ] --START--
INFO: Run Behavior\ReadHtmlCacheBehavior [ RunTime:0.000334s ]
INFO: [ app_begin ] --END-- [ RunTime:0.000695s ]
SQL: SHOW COLUMNS FROM `hr_costcard` [ RunTime:0.0014s ]
SQL: SHOW COLUMNS FROM `hr_costcardin` [ RunTime:0.0013s ]
SQL: UPDATE `hr_costcard` SET `stats`='5' WHERE ( cardid = '3' ) [ RunTime:0.0012s ]
SQL: UPDATE `hr_costcardin` SET `stats`='5' WHERE ( cardid = '3' ) [ RunTime:0.0010s ]
NOTIC: [8] Undefined variable: countin /Library/WebServer/Documents/cost/Application/Home/Controller/AdminController.class.php 第 1294 行.
NOTIC: [8] Undefined variable: count /Library/WebServer/Documents/cost/Application/Home/Controller/AdminController.class.php 第 1296 行.
SQL: UPDATE `hr_costcard` SET `stats`='5' WHERE ( cardid = '4' ) [ RunTime:0.0007s ]
SQL: UPDATE `hr_costcardin` SET `stats`='5' WHERE ( cardid = '4' ) [ RunTime:0.0008s ]
SQL: UPDATE `hr_costcard` SET `stats`='5' WHERE ( cardid = '5' ) [ RunTime:0.0007s ]
SQL: UPDATE `hr_costcardin` SET `stats`='5' WHERE ( cardid = '5' ) [ RunTime:0.0007s ]
SQL: UPDATE `hr_costcard` SET `stats`='5' WHERE ( cardid = '6' ) [ RunTime:0.0007s ]
SQL: UPDATE `hr_costcardin` SET `stats`='5' WHERE ( cardid = '6' ) [ RunTime:0.0006s ]
SQL: UPDATE `hr_costcard` SET `stats`='5' WHERE ( cardid = '7' ) [ RunTime:0.0007s ]
SQL: UPDATE `hr_costcardin` SET `stats`='5' WHERE ( cardid = '7' ) [ RunTime:0.0006s ]
SQL: UPDATE `hr_costcard` SET `stats`='5' WHERE ( cardid = '8' ) [ RunTime:0.0006s ]
SQL: UPDATE `hr_costcardin` SET `stats`='5' WHERE ( cardid = '8' ) [ RunTime:0.0006s ]
SQL: UPDATE `hr_costcard` SET `stats`='5' WHERE ( cardid = '9' ) [ RunTime:0.0006s ]
SQL: UPDATE `hr_costcardin` SET `stats`='5' WHERE ( cardid = '9' ) [ RunTime:0.0006s ]
SQL: UPDATE `hr_costcard` SET `stats`='5' WHERE ( cardid = '10' ) [ RunTime:0.0006s ]
SQL: UPDATE `hr_costcardin` SET `stats`='5' WHERE ( cardid = '10' ) [ RunTime:0.0005s ]
INFO: [ app_end ] --START--
INFO: Run Behavior\ShowPageTraceBehavior [ RunTime:0.000334s ]
INFO: [ app_end ] --END-- [ RunTime:0.000459s ]

[ 2019-07-22T12:21:21+08:00 ] 192.168.1.211 /cost/index.php/Home/Admin/pointcardwdinlist.html?page=1&limit=20
INFO: [ app_begin ] --START--
INFO: Run Behavior\ReadHtmlCacheBehavior [ RunTime:0.000377s ]
INFO: [ app_begin ] --END-- [ RunTime:0.000742s ]
NOTIC: [8] Undefined index: card /Library/WebServer/Documents/cost/Application/Home/Controller/AdminController.class.php 第 1214 行.
NOTIC: [8] Undefined index: jgh /Library/WebServer/Documents/cost/Application/Home/Controller/AdminController.class.php 第 1215 行.
NOTIC: [8] Undefined index: date /Library/WebServer/Documents/cost/Application/Home/Controller/AdminController.class.php 第 1216 行.
SQL: SHOW COLUMNS FROM `hr_costcard` [ RunTime:0.0015s ]
SQL: SELECT * FROM `hr_costcard` WHERE `stats` = 4 LIMIT 0,20   [ RunTime:0.0003s ]
SQL: SHOW COLUMNS FROM `hr_danwei` [ RunTime:0.0013s ]
SQL: SELECT * FROM `hr_danwei` WHERE ( jiagou = 'A1' )  [ RunTime:0.0003s ]
SQL: SELECT COUNT(*) AS tp_count FROM `hr_costcard` WHERE `stats` = 4 LIMIT 1   [ RunTime:0.0002s ]
INFO: [ app_end ] --START--
INFO: Run Behavior\ShowPageTraceBehavior [ RunTime:0.000304s ]
INFO: [ app_end ] --END-- [ RunTime:0.000442s ]

[ 2019-07-22T12:22:41+08:00 ] 192.168.1.211 /cost/index.php/Home/Admin/pointcardwdinlist.html?page=1&limit=20
INFO: [ app_begin ] --START--
INFO: Run Behavior\ReadHtmlCacheBehavior [ RunTime:0.000333s ]
INFO: [ app_begin ] --END-- [ RunTime:0.000694s ]
NOTIC: [8] Undefined index: card /Library/WebServer/Documents/cost/Application/Home/Controller/AdminController.class.php 第 1214 行.
NOTIC: [8] Undefined index: jgh /Library/WebServer/Documents/cost/Application/Home/Controller/AdminController.class.php 第 1215 行.
NOTIC: [8] Undefined index: date /Library/WebServer/Documents/cost/Application/Home/Controller/AdminController.class.php 第 1216 行.
SQL: SHOW COLUMNS FROM `hr_costcard` [ RunTime:0.0014s ]
SQL: SELECT * FROM `hr_costcard` WHERE `stats` = 4 LIMIT 0,20   [ RunTime:0.0003s ]
SQL: SHOW COLUMNS FROM `hr_danwei` [ RunTime:0.0013s ]
SQL: SELECT * FROM `hr_danwei` WHERE ( jiagou = 'A1' )  [ RunTime:0.0003s ]
SQL: SELECT COUNT(*) AS tp_count FROM `hr_costcard` WHERE `stats` = 4 LIMIT 1   [ RunTime:0.0002s ]
INFO: [ app_end ] --START--
INFO: Run Behavior\ShowPageTraceBehavior [ RunTime:0.000308s ]
INFO: [ app_end ] --END-- [ RunTime:0.000445s ]

[ 2019-07-22T12:22:45+08:00 ] 192.168.1.211 /cost/index.php/Home/Admin/pointcardwdinlist.html?page=1&limit=20
INFO: [ app_begin ] --START--
INFO: Run Behavior\ReadHtmlCacheBehavior [ RunTime:0.000330s ]
INFO: [ app_begin ] --END-- [ RunTime:0.000680s ]
NOTIC: [8] Undefined index: card /Library/WebServer/Documents/cost/Application/Home/Controller/AdminController.class.php 第 1214 行.
NOTIC: [8] Undefined index: jgh /Library/WebServer/Documents/cost/Application/Home/Controller/AdminController.class.php 第 1215 行.
NOTIC: [8] Undefined index: date /Library/WebServer/Documents/cost/Application/Home/Controller/AdminController.class.php 第 1216 行.
SQL: SHOW COLUMNS FROM `hr_costcard` [ RunTime:0.0017s ]
SQL: SELECT * FROM `hr_costcard` WHERE `stats` = 4 LIMIT 0,20   [ RunTime:0.0002s ]
SQL: SHOW COLUMNS FROM `hr_danwei` [ RunTime:0.0015s ]
SQL: SELECT * FROM `hr_danwei` WHERE ( jiagou = 'A1' )  [ RunTime:0.0003s ]
SQL: SELECT COUNT(*) AS tp_count FROM `hr_costcard` WHERE `stats` = 4 LIMIT 1   [ RunTime:0.0002s ]
INFO: [ app_end ] --START--
INFO: Run Behavior\ShowPageTraceBehavior [ RunTime:0.000332s ]
INFO: [ app_end ] --END-- [ RunTime:0.000471s ]

[ 2019-07-22T12:22:48+08:00 ] 192.168.1.211 /cost/index.php/Home/Admin/pointcardwdshlist.html?page=1&limit=20
INFO: [ app_begin ] --START--
INFO: Run Behavior\ReadHtmlCacheBehavior [ RunTime:0.000242s ]
INFO: [ app_begin ] --END-- [ RunTime:0.000496s ]
NOTIC: [8] Undefined index: card /Library/WebServer/Documents/cost/Application/Home/Controller/AdminController.class.php 第 1464 行.
NOTIC: [8] Undefined index: jgh /Library/WebServer/Documents/cost/Application/Home/Controller/AdminController.class.php 第 1465 行.
NOTIC: [8] Undefined index: date /Library/WebServer/Documents/cost/Application/Home/Controller/AdminController.class.php 第 1466 行.
SQL: SHOW COLUMNS FROM `hr_costcardout` [ RunTime:0.0017s ]
SQL: SELECT * FROM `hr_costcardout` WHERE `stats` = 3 LIMIT 0,20   [ RunTime:0.0003s ]
SQL: SHOW COLUMNS FROM `hr_danwei` [ RunTime:0.0015s ]
SQL: SELECT * FROM `hr_danwei` WHERE ( jiagou = 'A1' )  [ RunTime:0.0003s ]
SQL: SELECT COUNT(*) AS tp_count FROM `hr_costcardout` WHERE `stats` = 3 LIMIT 1   [ RunTime:0.0002s ]
INFO: [ app_end ] --START--
INFO: Run Behavior\ShowPageTraceBehavior [ RunTime:0.000312s ]
INFO: [ app_end ] --END-- [ RunTime:0.000444s ]

[ 2019-07-22T12:22:50+08:00 ] 192.168.1.211 /cost/index.php/Home/Admin/pointcardwdshlist.html?page=1&limit=20
INFO: [ app_begin ] --START--
INFO: Run Behavior\ReadHtmlCacheBehavior [ RunTime:0.000357s ]
INFO: [ app_begin ] --END-- [ RunTime:0.000802s ]
NOTIC: [8] Undefined index: card /Library/WebServer/Documents/cost/Application/Home/Controller/AdminController.class.php 第 1464 行.
NOTIC: [8] Undefined index: jgh /Library/WebServer/Documents/cost/Application/Home/Controller/AdminController.class.php 第 1465 行.
NOTIC: [8] Undefined index: date /Library/WebServer/Documents/cost/Application/Home/Controller/AdminController.class.php 第 1466 行.
SQL: SHOW COLUMNS FROM `hr_costcardout` [ RunTime:0.0014s ]
SQL: SELECT * FROM `hr_costcardout` WHERE `stats` = 3 LIMIT 0,20   [ RunTime:0.0003s ]
SQL: SHOW COLUMNS FROM `hr_danwei` [ RunTime:0.0013s ]
SQL: SELECT * FROM `hr_danwei` WHERE ( jiagou = 'A1' )  [ RunTime:0.0003s ]
SQL: SELECT COUNT(*) AS tp_count FROM `hr_costcardout` WHERE `stats` = 3 LIMIT 1   [ RunTime:0.0002s ]
INFO: [ app_end ] --START--
INFO: Run Behavior\ShowPageTraceBehavior [ RunTime:0.000309s ]
INFO: [ app_end ] --END-- [ RunTime:0.000442s ]

[ 2019-07-22T12:22:52+08:00 ] 192.168.1.211 /cost/index.php/Home/Admin/pointcardwdeditlist.html?page=1&limit=20
INFO: [ app_begin ] --START--
INFO: Run Behavior\ReadHtmlCacheBehavior [ RunTime:0.000347s ]
INFO: [ app_begin ] --END-- [ RunTime:0.000698s ]
NOTIC: [8] Undefined index: stats /Library/WebServer/Documents/cost/Application/Home/Controller/AdminController.class.php 第 1324 行.
NOTIC: [8] Undefined index: jgh /Library/WebServer/Documents/cost/Application/Home/Controller/AdminController.class.php 第 1325 行.
NOTIC: [8] Undefined index: date /Library/WebServer/Documents/cost/Application/Home/Controller/AdminController.class.php 第 1326 行.
SQL: SHOW COLUMNS FROM `hr_costcard` [ RunTime:0.0015s ]
SQL: SELECT * FROM `hr_costcard` WHERE `stats` NOT IN ('1') LIMIT 0,20   [ RunTime:0.0003s ]
SQL: SHOW COLUMNS FROM `hr_danwei` [ RunTime:0.0013s ]
SQL: SELECT * FROM `hr_danwei` WHERE ( jiagou = 'A1' )  [ RunTime:0.0003s ]
SQL: SELECT COUNT(*) AS tp_count FROM `hr_costcard` WHERE `stats` NOT IN ('1') LIMIT 1   [ RunTime:0.0002s ]
INFO: [ app_end ] --START--
INFO: Run Behavior\ShowPageTraceBehavior [ RunTime:0.000320s ]
INFO: [ app_end ] --END-- [ RunTime:0.000457s ]

[ 2019-07-22T12:22:58+08:00 ] 192.168.1.211 /cost/index.php/Home/Admin/pointcardwdeditlist.html?page=1&limit=20&stats=1&jgh=&date=
INFO: [ app_begin ] --START--
INFO: Run Behavior\ReadHtmlCacheBehavior [ RunTime:0.000381s ]
INFO: [ app_begin ] --END-- [ RunTime:0.000736s ]
SQL: SHOW COLUMNS FROM `hr_costcard` [ RunTime:0.0014s ]
SQL: SELECT * FROM `hr_costcard` WHERE `stats` = '1' LIMIT 0,20   [ RunTime:0.0002s ]
SQL: SHOW COLUMNS FROM `hr_danwei` [ RunTime:0.0013s ]
SQL: SELECT * FROM `hr_danwei` WHERE ( jiagou = 'A1' )  [ RunTime:0.0003s ]
SQL: SELECT COUNT(*) AS tp_count FROM `hr_costcard` WHERE `stats` = '1' LIMIT 1   [ RunTime:0.0002s ]
INFO: [ app_end ] --START--
INFO: Run Behavior\ShowPageTraceBehavior [ RunTime:0.000302s ]
INFO: [ app_end ] --END-- [ RunTime:0.000437s ]

[ 2019-07-22T12:23:00+08:00 ] 192.168.1.211 /cost/index.php/Home/Admin/pointcardwdeditlist.html?page=1&limit=20&stats=0&jgh=&date=
INFO: [ app_begin ] --START--
INFO: Run Behavior\ReadHtmlCacheBehavior [ RunTime:0.000359s ]
INFO: [ app_begin ] --END-- [ RunTime:0.000720s ]
SQL: SHOW COLUMNS FROM `hr_costcard` [ RunTime:0.0014s ]
SQL: SELECT * FROM `hr_costcard` WHERE `stats` = '0' LIMIT 0,20   [ RunTime:0.0002s ]
SQL: SHOW COLUMNS FROM `hr_danwei` [ RunTime:0.0013s ]
SQL: SELECT * FROM `hr_danwei` WHERE ( jiagou = 'A1' )  [ RunTime:0.0003s ]
SQL: SELECT COUNT(*) AS tp_count FROM `hr_costcard` WHERE `stats` = '0' LIMIT 1   [ RunTime:0.0002s ]
INFO: [ app_end ] --START--
INFO: Run Behavior\ShowPageTraceBehavior [ RunTime:0.000304s ]
INFO: [ app_end ] --END-- [ RunTime:0.000440s ]

[ 2019-07-22T12:23:06+08:00 ] 192.168.1.211 /cost/index.php/Home/Admin/pointcardwdeditlist.html?page=1&limit=20&stats=5&jgh=&date=
INFO: [ app_begin ] --START--
INFO: Run Behavior\ReadHtmlCacheBehavior [ RunTime:0.000330s ]
INFO: [ app_begin ] --END-- [ RunTime:0.000683s ]
SQL: SHOW COLUMNS FROM `hr_costcard` [ RunTime:0.0014s ]
SQL: SELECT * FROM `hr_costcard` WHERE `stats` = '5' LIMIT 0,20   [ RunTime:0.0003s ]
SQL: SHOW COLUMNS FROM `hr_danwei` [ RunTime:0.0013s ]
SQL: SELECT * FROM `hr_danwei` WHERE ( jiagou = 'A1' )  [ RunTime:0.0003s ]
SQL: SELECT COUNT(*) AS tp_count FROM `hr_costcard` WHERE `stats` = '5' LIMIT 1   [ RunTime:0.0002s ]
INFO: [ app_end ] --START--
INFO: Run Behavior\ShowPageTraceBehavior [ RunTime:0.000304s ]
INFO: [ app_end ] --END-- [ RunTime:0.000441s ]

[ 2019-07-22T12:23:14+08:00 ] 192.168.1.211 /cost/index.php/Home/Admin/pointcardwdeditlist.html?page=1&limit=20&stats=6&jgh=&date=
INFO: [ app_begin ] --START--
INFO: Run Behavior\ReadHtmlCacheBehavior [ RunTime:0.000337s ]
INFO: [ app_begin ] --END-- [ RunTime:0.000718s ]
SQL: SHOW COLUMNS FROM `hr_costcard` [ RunTime:0.0014s ]
SQL: SELECT * FROM `hr_costcard` WHERE `stats` = '6' LIMIT 0,20   [ RunTime:0.0002s ]
SQL: SHOW COLUMNS FROM `hr_danwei` [ RunTime:0.0013s ]
SQL: SELECT * FROM `hr_danwei` WHERE ( jiagou = 'A1' )  [ RunTime:0.0003s ]
SQL: SELECT COUNT(*) AS tp_count FROM `hr_costcard` WHERE `stats` = '6' LIMIT 1   [ RunTime:0.0002s ]
INFO: [ app_end ] --START--
INFO: Run Behavior\ShowPageTraceBehavior [ RunTime:0.000307s ]
INFO: [ app_end ] --END-- [ RunTime:0.000444s ]

[ 2019-07-22T12:23:29+08:00 ] 192.168.1.211 /cost/index.php/Home/Index/pointcardedits.html?page=1&limit=20
INFO: [ app_begin ] --START--
INFO: Run Behavior\ReadHtmlCacheBehavior [ RunTime:0.000334s ]
INFO: [ app_begin ] --END-- [ RunTime:0.000690s ]
NOTIC: [8] Undefined index: stats /Library/WebServer/Documents/cost/Application/Home/Controller/IndexController.class.php 第 2396 行.
NOTIC: [8] Undefined index: card /Library/WebServer/Documents/cost/Application/Home/Controller/IndexController.class.php 第 2397 行.
NOTIC: [8] Undefined index: date /Library/WebServer/Documents/cost/Application/Home/Controller/IndexController.class.php 第 2398 行.
SQL: SHOW COLUMNS FROM `hr_costcardin` [ RunTime:0.0017s ]
SQL: SELECT * FROM `hr_costcardin` WHERE `jgh` = '5' LIMIT 0,20   [ RunTime:0.0003s ]
SQL: SHOW COLUMNS FROM `hr_danwei` [ RunTime:0.0014s ]
SQL: SELECT * FROM `hr_danwei` WHERE ( jiagou = 'A1' )  [ RunTime:0.0003s ]
SQL: SELECT COUNT(*) AS tp_count FROM `hr_costcardin` WHERE `jgh` = '5' LIMIT 1   [ RunTime:0.0002s ]
INFO: [ app_end ] --START--
INFO: Run Behavior\ShowPageTraceBehavior [ RunTime:0.000313s ]
INFO: [ app_end ] --END-- [ RunTime:0.000449s ]

[ 2019-07-22T12:23:37+08:00 ] 192.168.1.211 /cost/index.php/Home/Index/pointcardouts.html?page=1&limit=20
INFO: [ app_begin ] --START--
INFO: Run Behavior\ReadHtmlCacheBehavior [ RunTime:0.000334s ]
INFO: [ app_begin ] --END-- [ RunTime:0.000687s ]
NOTIC: [8] Undefined index: stats /Library/WebServer/Documents/cost/Application/Home/Controller/IndexController.class.php 第 2466 行.
NOTIC: [8] Undefined index: card /Library/WebServer/Documents/cost/Application/Home/Controller/IndexController.class.php 第 2467 行.
NOTIC: [8] Undefined index: date /Library/WebServer/Documents/cost/Application/Home/Controller/IndexController.class.php 第 2468 行.
SQL: SHOW COLUMNS FROM `hr_costcardin` [ RunTime:0.0016s ]
SQL: SELECT * FROM `hr_costcardin` WHERE `jgh` = '5' AND `stats` = 5 LIMIT 0,20   [ RunTime:0.0004s ]
SQL: SHOW COLUMNS FROM `hr_danwei` [ RunTime:0.0014s ]
SQL: SELECT * FROM `hr_danwei` WHERE ( jiagou = 'A1' )  [ RunTime:0.0003s ]
SQL: SELECT COUNT(*) AS tp_count FROM `hr_costcardin` WHERE `jgh` = '5' AND `stats` = 5 LIMIT 1   [ RunTime:0.0002s ]
INFO: [ app_end ] --START--
INFO: Run Behavior\ShowPageTraceBehavior [ RunTime:0.000303s ]
INFO: [ app_end ] --END-- [ RunTime:0.000434s ]

[ 2019-07-22T12:23:59+08:00 ] 192.168.1.211 /cost/index.php/Home/Index/pointcardouts.html?page=1&limit=20
INFO: [ app_begin ] --START--
INFO: Run Behavior\ReadHtmlCacheBehavior [ RunTime:0.000333s ]
INFO: [ app_begin ] --END-- [ RunTime:0.000700s ]
NOTIC: [8] Undefined index: stats /Library/WebServer/Documents/cost/Application/Home/Controller/IndexController.class.php 第 2466 行.
NOTIC: [8] Undefined index: card /Library/WebServer/Documents/cost/Application/Home/Controller/IndexController.class.php 第 2467 行.
NOTIC: [8] Undefined index: date /Library/WebServer/Documents/cost/Application/Home/Controller/IndexController.class.php 第 2468 行.
SQL: SHOW COLUMNS FROM `hr_costcardin` [ RunTime:0.0014s ]
SQL: SELECT * FROM `hr_costcardin` WHERE `jgh` = '5' AND `stats` = 5 LIMIT 0,20   [ RunTime:0.0003s ]
SQL: SHOW COLUMNS FROM `hr_danwei` [ RunTime:0.0013s ]
SQL: SELECT * FROM `hr_danwei` WHERE ( jiagou = 'A1' )  [ RunTime:0.0003s ]
SQL: SELECT COUNT(*) AS tp_count FROM `hr_costcardin` WHERE `jgh` = '5' AND `stats` = 5 LIMIT 1   [ RunTime:0.0002s ]
INFO: [ app_end ] --START--
INFO: Run Behavior\ShowPageTraceBehavior [ RunTime:0.000328s ]
INFO: [ app_end ] --END-- [ RunTime:0.000466s ]

[ 2019-07-22T12:24:34+08:00 ] 192.168.1.211 /cost/index.php/Home/Index/pointcardlosss.html?page=1&limit=20
INFO: [ app_begin ] --START--
INFO: Run Behavior\ReadHtmlCacheBehavior [ RunTime:0.000332s ]
INFO: [ app_begin ] --END-- [ RunTime:0.000685s ]
NOTIC: [8] Undefined index: stats /Library/WebServer/Documents/cost/Application/Home/Controller/IndexController.class.php 第 2583 行.
NOTIC: [8] Undefined index: card /Library/WebServer/Documents/cost/Application/Home/Controller/IndexController.class.php 第 2584 行.
NOTIC: [8] Undefined index: date /Library/WebServer/Documents/cost/Application/Home/Controller/IndexController.class.php 第 2585 行.
SQL: SHOW COLUMNS FROM `hr_costcardout` [ RunTime:0.0015s ]
SQL: SELECT * FROM `hr_costcardout` WHERE `jgh` = '5' AND `stats` = 2 LIMIT 0,20   [ RunTime:0.0003s ]
SQL: SHOW COLUMNS FROM `hr_danwei` [ RunTime:0.0013s ]
SQL: SELECT * FROM `hr_danwei` WHERE ( jiagou = 'A1' )  [ RunTime:0.0003s ]
SQL: SELECT COUNT(*) AS tp_count FROM `hr_costcardout` WHERE `jgh` = '5' AND `stats` = 2 LIMIT 1   [ RunTime:0.0002s ]
INFO: [ app_end ] --START--
INFO: Run Behavior\ShowPageTraceBehavior [ RunTime:0.000323s ]
INFO: [ app_end ] --END-- [ RunTime:0.000454s ]

[ 2019-07-22T12:24:44+08:00 ] 192.168.1.211 /cost/index.php/Home/Index/pointcardlosss.html?page=1&limit=20&stats=2&card=&date=
INFO: [ app_begin ] --START--
INFO: Run Behavior\ReadHtmlCacheBehavior [ RunTime:0.000350s ]
INFO: [ app_begin ] --END-- [ RunTime:0.000745s ]
SQL: SHOW COLUMNS FROM `hr_costcardout` [ RunTime:0.0015s ]
SQL: SELECT * FROM `hr_costcardout` WHERE `stats` = 2 AND `jgh` = '5' LIMIT 0,20   [ RunTime:0.0002s ]
SQL: SHOW COLUMNS FROM `hr_danwei` [ RunTime:0.0013s ]
SQL: SELECT * FROM `hr_danwei` WHERE ( jiagou = 'A1' )  [ RunTime:0.0003s ]
SQL: SELECT COUNT(*) AS tp_count FROM `hr_costcardout` WHERE `stats` = 2 AND `jgh` = '5' LIMIT 1   [ RunTime:0.0002s ]
INFO: [ app_end ] --START--
INFO: Run Behavior\ShowPageTraceBehavior [ RunTime:0.000311s ]
INFO: [ app_end ] --END-- [ RunTime:0.000447s ]

[ 2019-07-22T12:24:47+08:00 ] 192.168.1.211 /cost/index.php/Home/Index/pointcardlosss.html?page=1&limit=20&stats=&card=&date=
INFO: [ app_begin ] --START--
INFO: Run Behavior\ReadHtmlCacheBehavior [ RunTime:0.000340s ]
INFO: [ app_begin ] --END-- [ RunTime:0.000708s ]
SQL: SHOW COLUMNS FROM `hr_costcardout` [ RunTime:0.0015s ]
SQL: SELECT * FROM `hr_costcardout` WHERE `jgh` = '5' AND `stats` = 2 LIMIT 0,20   [ RunTime:0.0003s ]
SQL: SHOW COLUMNS FROM `hr_danwei` [ RunTime:0.0013s ]
SQL: SELECT * FROM `hr_danwei` WHERE ( jiagou = 'A1' )  [ RunTime:0.0003s ]
SQL: SELECT COUNT(*) AS tp_count FROM `hr_costcardout` WHERE `jgh` = '5' AND `stats` = 2 LIMIT 1   [ RunTime:0.0002s ]
INFO: [ app_end ] --START--
INFO: Run Behavior\ShowPageTraceBehavior [ RunTime:0.000308s ]
INFO: [ app_end ] --END-- [ RunTime:0.000446s ]

[ 2019-07-22T12:24:51+08:00 ] 192.168.1.211 /cost/index.php/Home/Index/pointcardedits.html?page=1&limit=20
INFO: [ app_begin ] --START--
INFO: Run Behavior\ReadHtmlCacheBehavior [ RunTime:0.000365s ]
INFO: [ app_begin ] --END-- [ RunTime:0.000726s ]
NOTIC: [8] Undefined index: stats /Library/WebServer/Documents/cost/Application/Home/Controller/IndexController.class.php 第 2396 行.
NOTIC: [8] Undefined index: card /Library/WebServer/Documents/cost/Application/Home/Controller/IndexController.class.php 第 2397 行.
NOTIC: [8] Undefined index: date /Library/WebServer/Documents/cost/Application/Home/Controller/IndexController.class.php 第 2398 行.
SQL: SHOW COLUMNS FROM `hr_costcardin` [ RunTime:0.0014s ]
SQL: SELECT * FROM `hr_costcardin` WHERE `jgh` = '5' LIMIT 0,20   [ RunTime:0.0002s ]
SQL: SHOW COLUMNS FROM `hr_danwei` [ RunTime:0.0013s ]
SQL: SELECT * FROM `hr_danwei` WHERE ( jiagou = 'A1' )  [ RunTime:0.0003s ]
SQL: SELECT COUNT(*) AS tp_count FROM `hr_costcardin` WHERE `jgh` = '5' LIMIT 1   [ RunTime:0.0002s ]
INFO: [ app_end ] --START--
INFO: Run Behavior\ShowPageTraceBehavior [ RunTime:0.000313s ]
INFO: [ app_end ] --END-- [ RunTime:0.000450s ]

[ 2019-07-22T12:24:57+08:00 ] 192.168.1.211 /cost/index.php/Home/Index/pointcardouts.html?page=1&limit=20
INFO: [ app_begin ] --START--
INFO: Run Behavior\ReadHtmlCacheBehavior [ RunTime:0.000341s ]
INFO: [ app_begin ] --END-- [ RunTime:0.000724s ]
NOTIC: [8] Undefined index: stats /Library/WebServer/Documents/cost/Application/Home/Controller/IndexController.class.php 第 2466 行.
NOTIC: [8] Undefined index: card /Library/WebServer/Documents/cost/Application/Home/Controller/IndexController.class.php 第 2467 行.
NOTIC: [8] Undefined index: date /Library/WebServer/Documents/cost/Application/Home/Controller/IndexController.class.php 第 2468 行.
SQL: SHOW COLUMNS FROM `hr_costcardin` [ RunTime:0.0014s ]
SQL: SELECT * FROM `hr_costcardin` WHERE `jgh` = '5' AND `stats` = 5 LIMIT 0,20   [ RunTime:0.0003s ]
SQL: SHOW COLUMNS FROM `hr_danwei` [ RunTime:0.0013s ]
SQL: SELECT * FROM `hr_danwei` WHERE ( jiagou = 'A1' )  [ RunTime:0.0003s ]
SQL: SELECT COUNT(*) AS tp_count FROM `hr_costcardin` WHERE `jgh` = '5' AND `stats` = 5 LIMIT 1   [ RunTime:0.0002s ]
INFO: [ app_end ] --START--
INFO: Run Behavior\ShowPageTraceBehavior [ RunTime:0.000306s ]
INFO: [ app_end ] --END-- [ RunTime:0.000443s ]

[ 2019-07-22T12:25:46+08:00 ] 192.168.1.211 /cost/index.php/Home/Index/pointcardouts.html?page=1&limit=20
INFO: [ app_begin ] --START--
INFO: Run Behavior\ReadHtmlCacheBehavior [ RunTime:0.000336s ]
INFO: [ app_begin ] --END-- [ RunTime:0.000694s ]
NOTIC: [8] Undefined index: stats /Library/WebServer/Documents/cost/Application/Home/Controller/IndexController.class.php 第 2466 行.
NOTIC: [8] Undefined index: card /Library/WebServer/Documents/cost/Application/Home/Controller/IndexController.class.php 第 2467 行.
NOTIC: [8] Undefined index: date /Library/WebServer/Documents/cost/Application/Home/Controller/IndexController.class.php 第 2468 行.
SQL: SHOW COLUMNS FROM `hr_costcardin` [ RunTime:0.0015s ]
SQL: SELECT * FROM `hr_costcardin` WHERE `jgh` = '5' AND `stats` = 5 LIMIT 0,20   [ RunTime:0.0003s ]
SQL: SHOW COLUMNS FROM `hr_danwei` [ RunTime:0.0013s ]
SQL: SELECT * FROM `hr_danwei` WHERE ( jiagou = 'A1' )  [ RunTime:0.0003s ]
SQL: SELECT COUNT(*) AS tp_count FROM `hr_costcardin` WHERE `jgh` = '5' AND `stats` = 5 LIMIT 1   [ RunTime:0.0002s ]
INFO: [ app_end ] --START--
INFO: Run Behavior\ShowPageTraceBehavior [ RunTime:0.000306s ]
INFO: [ app_end ] --END-- [ RunTime:0.000444s ]

[ 2019-07-22T12:25:53+08:00 ] 192.168.1.211 /cost/index.php/Home/Index/pointcardlosss.html?page=1&limit=20
INFO: [ app_begin ] --START--
INFO: Run Behavior\ReadHtmlCacheBehavior [ RunTime:0.000336s ]
INFO: [ app_begin ] --END-- [ RunTime:0.000692s ]
NOTIC: [8] Undefined index: stats /Library/WebServer/Documents/cost/Application/Home/Controller/IndexController.class.php 第 2583 行.
NOTIC: [8] Undefined index: card /Library/WebServer/Documents/cost/Application/Home/Controller/IndexController.class.php 第 2584 行.
NOTIC: [8] Undefined index: date /Library/WebServer/Documents/cost/Application/Home/Controller/IndexController.class.php 第 2585 行.
SQL: SHOW COLUMNS FROM `hr_costcardout` [ RunTime:0.0015s ]
SQL: SELECT * FROM `hr_costcardout` WHERE `jgh` = '5' AND `stats` = 2 LIMIT 0,20   [ RunTime:0.0003s ]
SQL: SHOW COLUMNS FROM `hr_danwei` [ RunTime:0.0013s ]
SQL: SELECT * FROM `hr_danwei` WHERE ( jiagou = 'A1' )  [ RunTime:0.0003s ]
SQL: SELECT COUNT(*) AS tp_count FROM `hr_costcardout` WHERE `jgh` = '5' AND `stats` = 2 LIMIT 1   [ RunTime:0.0002s ]
INFO: [ app_end ] --START--
INFO: Run Behavior\ShowPageTraceBehavior [ RunTime:0.000305s ]
INFO: [ app_end ] --END-- [ RunTime:0.000431s ]

[ 2019-07-22T12:26:01+08:00 ] 192.168.1.211 /cost/index.php/Home/Index/pointcardlosss.html?page=1&limit=20
INFO: [ app_begin ] --START--
INFO: Run Behavior\ReadHtmlCacheBehavior [ RunTime:0.000338s ]
INFO: [ app_begin ] --END-- [ RunTime:0.000700s ]
NOTIC: [8] Undefined index: stats /Library/WebServer/Documents/cost/Application/Home/Controller/IndexController.class.php 第 2583 行.
NOTIC: [8] Undefined index: card /Library/WebServer/Documents/cost/Application/Home/Controller/IndexController.class.php 第 2584 行.
NOTIC: [8] Undefined index: date /Library/WebServer/Documents/cost/Application/Home/Controller/IndexController.class.php 第 2585 行.
SQL: SHOW COLUMNS FROM `hr_costcardout` [ RunTime:0.0015s ]
SQL: SELECT * FROM `hr_costcardout` WHERE `jgh` = '5' AND `stats` = 2 LIMIT 0,20   [ RunTime:0.0003s ]
SQL: SHOW COLUMNS FROM `hr_danwei` [ RunTime:0.0013s ]
SQL: SELECT * FROM `hr_danwei` WHERE ( jiagou = 'A1' )  [ RunTime:0.0003s ]
SQL: SELECT COUNT(*) AS tp_count FROM `hr_costcardout` WHERE `jgh` = '5' AND `stats` = 2 LIMIT 1   [ RunTime:0.0002s ]
INFO: [ app_end ] --START--
INFO: Run Behavior\ShowPageTraceBehavior [ RunTime:0.000302s ]
INFO: [ app_end ] --END-- [ RunTime:0.000436s ]

