[ 2019-09-23T08:35:36+08:00 ] ::1 /cost/index.php/Home/Index/pointcardedits.html?page=1&limit=20
INFO: [ app_begin ] --START--
INFO: Run Behavior\ReadHtmlCacheBehavior [ RunTime:0.000937s ]
INFO: [ app_begin ] --END-- [ RunTime:0.001636s ]
NOTIC: [8] Undefined index: stats /Library/WebServer/Documents/cost/Application/Home/Controller/IndexController.class.php 第 2413 行.
NOTIC: [8] Undefined index: card /Library/WebServer/Documents/cost/Application/Home/Controller/IndexController.class.php 第 2414 行.
NOTIC: [8] Undefined index: date /Library/WebServer/Documents/cost/Application/Home/Controller/IndexController.class.php 第 2415 行.
SQL: SHOW COLUMNS FROM `hr_costcardin` [ RunTime:0.0019s ]
SQL: SELECT * FROM `hr_costcardin` WHERE `jgh` = '63' LIMIT 0,20   [ RunTime:0.0004s ]
SQL: SHOW COLUMNS FROM `hr_danwei` [ RunTime:0.0046s ]
SQL: SELECT * FROM `hr_danwei` WHERE ( jiagou = 'A1' )  [ RunTime:0.0007s ]
SQL: SELECT COUNT(*) AS tp_count FROM `hr_costcardin` WHERE `jgh` = '63' LIMIT 1   [ RunTime:0.0004s ]
INFO: [ app_end ] --START--
INFO: Run Behavior\ShowPageTraceBehavior [ RunTime:0.000560s ]
INFO: [ app_end ] --END-- [ RunTime:0.000711s ]

[ 2019-09-23T08:35:52+08:00 ] ::1 /cost/index.php/Home/Admin/pointcardwdeditlist.html?page=1&limit=20
INFO: [ app_begin ] --START--
INFO: Run Behavior\ReadHtmlCacheBehavior [ RunTime:0.000559s ]
INFO: [ app_begin ] --END-- [ RunTime:0.001026s ]
NOTIC: [8] Undefined index: stats /Library/WebServer/Documents/cost/Application/Home/Controller/AdminController.class.php 第 1458 行.
NOTIC: [8] Undefined index: jgh /Library/WebServer/Documents/cost/Application/Home/Controller/AdminController.class.php 第 1459 行.
NOTIC: [8] Undefined index: date /Library/WebServer/Documents/cost/Application/Home/Controller/AdminController.class.php 第 1460 行.
SQL: SHOW COLUMNS FROM `hr_costcard` [ RunTime:0.0023s ]
SQL: SELECT * FROM `hr_costcard` WHERE `stats` NOT IN ('1') LIMIT 0,20   [ RunTime:0.0004s ]
SQL: SHOW COLUMNS FROM `hr_danwei` [ RunTime:0.0024s ]
SQL: SELECT * FROM `hr_danwei` WHERE ( jiagou = 'A1' )  [ RunTime:0.0010s ]
SQL: SELECT COUNT(*) AS tp_count FROM `hr_costcard` WHERE `stats` NOT IN ('1') LIMIT 1   [ RunTime:0.0005s ]
INFO: [ app_end ] --START--
INFO: Run Behavior\ShowPageTraceBehavior [ RunTime:0.000429s ]
INFO: [ app_end ] --END-- [ RunTime:0.000582s ]

[ 2019-09-23T08:36:26+08:00 ] ::1 /cost/index.php/Home/Admin/pointcardwdinlist.html?page=1&limit=20
INFO: [ app_begin ] --START--
INFO: Run Behavior\ReadHtmlCacheBehavior [ RunTime:0.000840s ]
INFO: [ app_begin ] --END-- [ RunTime:0.001643s ]
NOTIC: [8] Undefined index: card /Library/WebServer/Documents/cost/Application/Home/Controller/AdminController.class.php 第 1343 行.
NOTIC: [8] Undefined index: jgh /Library/WebServer/Documents/cost/Application/Home/Controller/AdminController.class.php 第 1344 行.
NOTIC: [8] Undefined index: date /Library/WebServer/Documents/cost/Application/Home/Controller/AdminController.class.php 第 1345 行.
SQL: SHOW COLUMNS FROM `hr_costcard` [ RunTime:0.0033s ]
SQL: SELECT * FROM `hr_costcard` WHERE `stats` = 4 LIMIT 0,20   [ RunTime:0.0009s ]
SQL: SHOW COLUMNS FROM `hr_danwei` [ RunTime:0.0020s ]
SQL: SELECT * FROM `hr_danwei` WHERE ( jiagou = 'A1' )  [ RunTime:0.0004s ]
SQL: SELECT COUNT(*) AS tp_count FROM `hr_costcard` WHERE `stats` = 4 LIMIT 1   [ RunTime:0.0004s ]
INFO: [ app_end ] --START--
INFO: Run Behavior\ShowPageTraceBehavior [ RunTime:0.000757s ]
INFO: [ app_end ] --END-- [ RunTime:0.000974s ]

[ 2019-09-23T08:36:49+08:00 ] ::1 /cost/index.php/Home/Admin/pointcardwdinlist.html?page=1&limit=20
INFO: [ app_begin ] --START--
INFO: Run Behavior\ReadHtmlCacheBehavior [ RunTime:0.000461s ]
INFO: [ app_begin ] --END-- [ RunTime:0.000980s ]
NOTIC: [8] Undefined index: card /Library/WebServer/Documents/cost/Application/Home/Controller/AdminController.class.php 第 1343 行.
NOTIC: [8] Undefined index: jgh /Library/WebServer/Documents/cost/Application/Home/Controller/AdminController.class.php 第 1344 行.
NOTIC: [8] Undefined index: date /Library/WebServer/Documents/cost/Application/Home/Controller/AdminController.class.php 第 1345 行.
SQL: SHOW COLUMNS FROM `hr_costcard` [ RunTime:0.0029s ]
SQL: SELECT * FROM `hr_costcard` WHERE `stats` = 4 LIMIT 0,20   [ RunTime:0.0012s ]
SQL: SHOW COLUMNS FROM `hr_danwei` [ RunTime:0.0036s ]
SQL: SELECT * FROM `hr_danwei` WHERE ( jiagou = 'A1' )  [ RunTime:0.0012s ]
SQL: SELECT COUNT(*) AS tp_count FROM `hr_costcard` WHERE `stats` = 4 LIMIT 1   [ RunTime:0.0004s ]
INFO: [ app_end ] --START--
INFO: Run Behavior\ShowPageTraceBehavior [ RunTime:0.000514s ]
INFO: [ app_end ] --END-- [ RunTime:0.000703s ]

[ 2019-09-23T08:36:54+08:00 ] ::1 /cost/index.php/Home/Admin/pointcardinbatchstats.html
INFO: [ app_begin ] --START--
INFO: Run Behavior\ReadHtmlCacheBehavior [ RunTime:0.000483s ]
INFO: [ app_begin ] --END-- [ RunTime:0.000944s ]
SQL: SHOW COLUMNS FROM `hr_costcard` [ RunTime:0.0019s ]
SQL: SHOW COLUMNS FROM `hr_costcardin` [ RunTime:0.0026s ]
SQL: UPDATE `hr_costcard` SET `stats`='5' WHERE ( cardid = '5' ) [ RunTime:0.0020s ]
SQL: UPDATE `hr_costcardin` SET `stats`='5' WHERE ( cardid = '5' ) [ RunTime:0.0013s ]
NOTIC: [8] Undefined variable: countin /Library/WebServer/Documents/cost/Application/Home/Controller/AdminController.class.php 第 1423 行.
NOTIC: [8] Undefined variable: count /Library/WebServer/Documents/cost/Application/Home/Controller/AdminController.class.php 第 1425 行.
SQL: UPDATE `hr_costcard` SET `stats`='5' WHERE ( cardid = '6' ) [ RunTime:0.0025s ]
SQL: UPDATE `hr_costcardin` SET `stats`='5' WHERE ( cardid = '6' ) [ RunTime:0.0016s ]
SQL: UPDATE `hr_costcard` SET `stats`='5' WHERE ( cardid = '7' ) [ RunTime:0.0008s ]
SQL: UPDATE `hr_costcardin` SET `stats`='5' WHERE ( cardid = '7' ) [ RunTime:0.0008s ]
SQL: UPDATE `hr_costcard` SET `stats`='5' WHERE ( cardid = '8' ) [ RunTime:0.0012s ]
SQL: UPDATE `hr_costcardin` SET `stats`='5' WHERE ( cardid = '8' ) [ RunTime:0.0010s ]
SQL: UPDATE `hr_costcard` SET `stats`='5' WHERE ( cardid = '9' ) [ RunTime:0.0007s ]
SQL: UPDATE `hr_costcardin` SET `stats`='5' WHERE ( cardid = '9' ) [ RunTime:0.0006s ]
SQL: UPDATE `hr_costcard` SET `stats`='5' WHERE ( cardid = '10' ) [ RunTime:0.0018s ]
SQL: UPDATE `hr_costcardin` SET `stats`='5' WHERE ( cardid = '10' ) [ RunTime:0.0020s ]
INFO: [ app_end ] --START--
INFO: Run Behavior\ShowPageTraceBehavior [ RunTime:0.001131s ]
INFO: [ app_end ] --END-- [ RunTime:0.001613s ]

[ 2019-09-23T08:36:54+08:00 ] ::1 /cost/index.php/Home/Admin/pointcardwdinlist.html?page=1&limit=20
INFO: [ app_begin ] --START--
INFO: Run Behavior\ReadHtmlCacheBehavior [ RunTime:0.000381s ]
INFO: [ app_begin ] --END-- [ RunTime:0.000831s ]
NOTIC: [8] Undefined index: card /Library/WebServer/Documents/cost/Application/Home/Controller/AdminController.class.php 第 1343 行.
NOTIC: [8] Undefined index: jgh /Library/WebServer/Documents/cost/Application/Home/Controller/AdminController.class.php 第 1344 行.
NOTIC: [8] Undefined index: date /Library/WebServer/Documents/cost/Application/Home/Controller/AdminController.class.php 第 1345 行.
SQL: SHOW COLUMNS FROM `hr_costcard` [ RunTime:0.0025s ]
SQL: SELECT * FROM `hr_costcard` WHERE `stats` = 4 LIMIT 0,20   [ RunTime:0.0003s ]
SQL: SHOW COLUMNS FROM `hr_danwei` [ RunTime:0.0030s ]
SQL: SELECT * FROM `hr_danwei` WHERE ( jiagou = 'A1' )  [ RunTime:0.0009s ]
SQL: SELECT COUNT(*) AS tp_count FROM `hr_costcard` WHERE `stats` = 4 LIMIT 1   [ RunTime:0.0003s ]
INFO: [ app_end ] --START--
INFO: Run Behavior\ShowPageTraceBehavior [ RunTime:0.000624s ]
INFO: [ app_end ] --END-- [ RunTime:0.000891s ]

[ 2019-09-23T08:36:58+08:00 ] ::1 /cost/index.php/Home/Admin/pointcardwdshlist.html?page=1&limit=20
INFO: [ app_begin ] --START--
INFO: Run Behavior\ReadHtmlCacheBehavior [ RunTime:0.000480s ]
INFO: [ app_begin ] --END-- [ RunTime:0.001003s ]
NOTIC: [8] Undefined index: card /Library/WebServer/Documents/cost/Application/Home/Controller/AdminController.class.php 第 1598 行.
NOTIC: [8] Undefined index: jgh /Library/WebServer/Documents/cost/Application/Home/Controller/AdminController.class.php 第 1599 行.
NOTIC: [8] Undefined index: date /Library/WebServer/Documents/cost/Application/Home/Controller/AdminController.class.php 第 1600 行.
SQL: SHOW COLUMNS FROM `hr_costcardout` [ RunTime:0.0037s ]
SQL: SELECT * FROM `hr_costcardout` WHERE `stats` = 3 LIMIT 0,20   [ RunTime:0.0019s ]
SQL: SHOW COLUMNS FROM `hr_danwei` [ RunTime:0.0038s ]
SQL: SELECT * FROM `hr_danwei` WHERE ( jiagou = 'A1' )  [ RunTime:0.0008s ]
SQL: SELECT COUNT(*) AS tp_count FROM `hr_costcardout` WHERE `stats` = 3 LIMIT 1   [ RunTime:0.0005s ]
INFO: [ app_end ] --START--
INFO: Run Behavior\ShowPageTraceBehavior [ RunTime:0.001018s ]
INFO: [ app_end ] --END-- [ RunTime:0.001296s ]

[ 2019-09-23T08:37:21+08:00 ] ::1 /cost/index.php/Home/Admin/pointcardwdeditlist.html?page=1&limit=20
INFO: [ app_begin ] --START--
INFO: Run Behavior\ReadHtmlCacheBehavior [ RunTime:0.000913s ]
INFO: [ app_begin ] --END-- [ RunTime:0.002184s ]
NOTIC: [8] Undefined index: stats /Library/WebServer/Documents/cost/Application/Home/Controller/AdminController.class.php 第 1458 行.
NOTIC: [8] Undefined index: jgh /Library/WebServer/Documents/cost/Application/Home/Controller/AdminController.class.php 第 1459 行.
NOTIC: [8] Undefined index: date /Library/WebServer/Documents/cost/Application/Home/Controller/AdminController.class.php 第 1460 行.
SQL: SHOW COLUMNS FROM `hr_costcard` [ RunTime:0.0023s ]
SQL: SELECT * FROM `hr_costcard` WHERE `stats` NOT IN ('1') LIMIT 0,20   [ RunTime:0.0004s ]
SQL: SHOW COLUMNS FROM `hr_danwei` [ RunTime:0.0017s ]
SQL: SELECT * FROM `hr_danwei` WHERE ( jiagou = 'A1' )  [ RunTime:0.0005s ]
SQL: SELECT COUNT(*) AS tp_count FROM `hr_costcard` WHERE `stats` NOT IN ('1') LIMIT 1   [ RunTime:0.0006s ]
INFO: [ app_end ] --START--
INFO: Run Behavior\ShowPageTraceBehavior [ RunTime:0.000666s ]
INFO: [ app_end ] --END-- [ RunTime:0.000856s ]

[ 2019-09-23T08:37:30+08:00 ] ::1 /cost/index.php/Home/Admin/pointcardwdeditlist.html?page=1&limit=20
INFO: [ app_begin ] --START--
INFO: Run Behavior\ReadHtmlCacheBehavior [ RunTime:0.001081s ]
INFO: [ app_begin ] --END-- [ RunTime:0.001642s ]
NOTIC: [8] Undefined index: stats /Library/WebServer/Documents/cost/Application/Home/Controller/AdminController.class.php 第 1458 行.
NOTIC: [8] Undefined index: jgh /Library/WebServer/Documents/cost/Application/Home/Controller/AdminController.class.php 第 1459 行.
NOTIC: [8] Undefined index: date /Library/WebServer/Documents/cost/Application/Home/Controller/AdminController.class.php 第 1460 行.
SQL: SHOW COLUMNS FROM `hr_costcard` [ RunTime:0.0029s ]
SQL: SELECT * FROM `hr_costcard` WHERE `stats` NOT IN ('1') LIMIT 0,20   [ RunTime:0.0017s ]
SQL: SHOW COLUMNS FROM `hr_danwei` [ RunTime:0.0021s ]
SQL: SELECT * FROM `hr_danwei` WHERE ( jiagou = 'A1' )  [ RunTime:0.0004s ]
SQL: SELECT COUNT(*) AS tp_count FROM `hr_costcard` WHERE `stats` NOT IN ('1') LIMIT 1   [ RunTime:0.0002s ]
INFO: [ app_end ] --START--
INFO: Run Behavior\ShowPageTraceBehavior [ RunTime:0.000412s ]
INFO: [ app_end ] --END-- [ RunTime:0.000563s ]

[ 2019-09-23T08:37:33+08:00 ] ::1 /cost/index.php/Home/Admin/pointcardwdinlist.html?page=1&limit=20
INFO: [ app_begin ] --START--
INFO: Run Behavior\ReadHtmlCacheBehavior [ RunTime:0.000408s ]
INFO: [ app_begin ] --END-- [ RunTime:0.000878s ]
NOTIC: [8] Undefined index: card /Library/WebServer/Documents/cost/Application/Home/Controller/AdminController.class.php 第 1343 行.
NOTIC: [8] Undefined index: jgh /Library/WebServer/Documents/cost/Application/Home/Controller/AdminController.class.php 第 1344 行.
NOTIC: [8] Undefined index: date /Library/WebServer/Documents/cost/Application/Home/Controller/AdminController.class.php 第 1345 行.
SQL: SHOW COLUMNS FROM `hr_costcard` [ RunTime:0.0021s ]
SQL: SELECT * FROM `hr_costcard` WHERE `stats` = 4 LIMIT 0,20   [ RunTime:0.0007s ]
SQL: SHOW COLUMNS FROM `hr_danwei` [ RunTime:0.0031s ]
SQL: SELECT * FROM `hr_danwei` WHERE ( jiagou = 'A1' )  [ RunTime:0.0005s ]
SQL: SELECT COUNT(*) AS tp_count FROM `hr_costcard` WHERE `stats` = 4 LIMIT 1   [ RunTime:0.0014s ]
INFO: [ app_end ] --START--
INFO: Run Behavior\ShowPageTraceBehavior [ RunTime:0.001172s ]
INFO: [ app_end ] --END-- [ RunTime:0.001545s ]

[ 2019-09-23T08:37:34+08:00 ] ::1 /cost/index.php/Home/Admin/pointcardwdshlist.html?page=1&limit=20
INFO: [ app_begin ] --START--
INFO: Run Behavior\ReadHtmlCacheBehavior [ RunTime:0.001062s ]
INFO: [ app_begin ] --END-- [ RunTime:0.002129s ]
NOTIC: [8] Undefined index: card /Library/WebServer/Documents/cost/Application/Home/Controller/AdminController.class.php 第 1598 行.
NOTIC: [8] Undefined index: jgh /Library/WebServer/Documents/cost/Application/Home/Controller/AdminController.class.php 第 1599 行.
NOTIC: [8] Undefined index: date /Library/WebServer/Documents/cost/Application/Home/Controller/AdminController.class.php 第 1600 行.
SQL: SHOW COLUMNS FROM `hr_costcardout` [ RunTime:0.0023s ]
SQL: SELECT * FROM `hr_costcardout` WHERE `stats` = 3 LIMIT 0,20   [ RunTime:0.0008s ]
SQL: SHOW COLUMNS FROM `hr_danwei` [ RunTime:0.0044s ]
SQL: SELECT * FROM `hr_danwei` WHERE ( jiagou = 'A1' )  [ RunTime:0.0012s ]
SQL: SELECT COUNT(*) AS tp_count FROM `hr_costcardout` WHERE `stats` = 3 LIMIT 1   [ RunTime:0.0004s ]
INFO: [ app_end ] --START--
INFO: Run Behavior\ShowPageTraceBehavior [ RunTime:0.000453s ]
INFO: [ app_end ] --END-- [ RunTime:0.000662s ]

[ 2019-09-23T08:37:38+08:00 ] ::1 /cost/index.php/Home/Admin/pointcardwdinvestlist.html?page=1&limit=20
INFO: [ app_begin ] --START--
INFO: Run Behavior\ReadHtmlCacheBehavior [ RunTime:0.000401s ]
INFO: [ app_begin ] --END-- [ RunTime:0.001168s ]
NOTIC: [8] Undefined index: stats /Library/WebServer/Documents/cost/Application/Home/Controller/AdminController.class.php 第 1807 行.
NOTIC: [8] Undefined index: card /Library/WebServer/Documents/cost/Application/Home/Controller/AdminController.class.php 第 1808 行.
NOTIC: [8] Undefined index: jgh /Library/WebServer/Documents/cost/Application/Home/Controller/AdminController.class.php 第 1809 行.
NOTIC: [8] Undefined index: date /Library/WebServer/Documents/cost/Application/Home/Controller/AdminController.class.php 第 1810 行.
SQL: SHOW COLUMNS FROM `hr_costcardout` [ RunTime:0.0062s ]
SQL: SELECT * FROM `hr_costcardout` WHERE `stats` = 2 LIMIT 0,20   [ RunTime:0.0009s ]
SQL: SHOW COLUMNS FROM `hr_danwei` [ RunTime:0.0030s ]
SQL: SELECT * FROM `hr_danwei` WHERE ( jiagou = 'A1' )  [ RunTime:0.0008s ]
SQL: SELECT COUNT(*) AS tp_count FROM `hr_costcardout` WHERE `stats` = 2 LIMIT 1   [ RunTime:0.0014s ]
INFO: [ app_end ] --START--
INFO: Run Behavior\ShowPageTraceBehavior [ RunTime:0.001018s ]
INFO: [ app_end ] --END-- [ RunTime:0.001376s ]

[ 2019-09-23T08:37:48+08:00 ] ::1 /cost/index.php/Home/Index/pointcardouts.html?page=1&limit=20
INFO: [ app_begin ] --START--
INFO: Run Behavior\ReadHtmlCacheBehavior [ RunTime:0.000420s ]
INFO: [ app_begin ] --END-- [ RunTime:0.001000s ]
NOTIC: [8] Undefined index: stats /Library/WebServer/Documents/cost/Application/Home/Controller/IndexController.class.php 第 2483 行.
NOTIC: [8] Undefined index: card /Library/WebServer/Documents/cost/Application/Home/Controller/IndexController.class.php 第 2484 行.
NOTIC: [8] Undefined index: date /Library/WebServer/Documents/cost/Application/Home/Controller/IndexController.class.php 第 2485 行.
SQL: SHOW COLUMNS FROM `hr_costcardin` [ RunTime:0.0027s ]
SQL: SELECT * FROM `hr_costcardin` WHERE `jgh` = '63' AND `stats` = 5 LIMIT 0,20   [ RunTime:0.0013s ]
SQL: SHOW COLUMNS FROM `hr_danwei` [ RunTime:0.0035s ]
SQL: SELECT * FROM `hr_danwei` WHERE ( jiagou = 'A1' )  [ RunTime:0.0007s ]
SQL: SELECT COUNT(*) AS tp_count FROM `hr_costcardin` WHERE `jgh` = '63' AND `stats` = 5 LIMIT 1   [ RunTime:0.0008s ]
INFO: [ app_end ] --START--
INFO: Run Behavior\ShowPageTraceBehavior [ RunTime:0.000894s ]
INFO: [ app_end ] --END-- [ RunTime:0.001110s ]

[ 2019-09-23T08:38:14+08:00 ] ::1 /cost/index.php/Home/Index/pointcardouts.html?page=1&limit=20
INFO: [ app_begin ] --START--
INFO: Run Behavior\ReadHtmlCacheBehavior [ RunTime:0.002140s ]
INFO: [ app_begin ] --END-- [ RunTime:0.003629s ]
NOTIC: [8] Undefined index: stats /Library/WebServer/Documents/cost/Application/Home/Controller/IndexController.class.php 第 2483 行.
NOTIC: [8] Undefined index: card /Library/WebServer/Documents/cost/Application/Home/Controller/IndexController.class.php 第 2484 行.
NOTIC: [8] Undefined index: date /Library/WebServer/Documents/cost/Application/Home/Controller/IndexController.class.php 第 2485 行.
SQL: SHOW COLUMNS FROM `hr_costcardin` [ RunTime:0.0020s ]
SQL: SELECT * FROM `hr_costcardin` WHERE `jgh` = '63' AND `stats` = 5 LIMIT 0,20   [ RunTime:0.0005s ]
SQL: SHOW COLUMNS FROM `hr_danwei` [ RunTime:0.0023s ]
SQL: SELECT * FROM `hr_danwei` WHERE ( jiagou = 'A1' )  [ RunTime:0.0009s ]
SQL: SELECT COUNT(*) AS tp_count FROM `hr_costcardin` WHERE `jgh` = '63' AND `stats` = 5 LIMIT 1   [ RunTime:0.0006s ]
INFO: [ app_end ] --START--
INFO: Run Behavior\ShowPageTraceBehavior [ RunTime:0.002145s ]
INFO: [ app_end ] --END-- [ RunTime:0.003103s ]

[ 2019-09-23T08:38:31+08:00 ] ::1 /cost/index.php/Home/Index/pointcardlosss.html?page=1&limit=20
INFO: [ app_begin ] --START--
INFO: Run Behavior\ReadHtmlCacheBehavior [ RunTime:0.000605s ]
INFO: [ app_begin ] --END-- [ RunTime:0.001341s ]
NOTIC: [8] Undefined index: stats /Library/WebServer/Documents/cost/Application/Home/Controller/IndexController.class.php 第 2600 行.
NOTIC: [8] Undefined index: card /Library/WebServer/Documents/cost/Application/Home/Controller/IndexController.class.php 第 2601 行.
NOTIC: [8] Undefined index: date /Library/WebServer/Documents/cost/Application/Home/Controller/IndexController.class.php 第 2602 行.
SQL: SHOW COLUMNS FROM `hr_costcardout` [ RunTime:0.0047s ]
SQL: SELECT * FROM `hr_costcardout` WHERE `stats` = 2 AND `jgh` = '63' LIMIT 0,20   [ RunTime:0.0009s ]
SQL: SHOW COLUMNS FROM `hr_danwei` [ RunTime:0.0031s ]
SQL: SELECT * FROM `hr_danwei` WHERE ( jiagou = 'A1' )  [ RunTime:0.0008s ]
SQL: SELECT COUNT(*) AS tp_count FROM `hr_costcardout` WHERE `stats` = 2 AND `jgh` = '63' LIMIT 1   [ RunTime:0.0017s ]
INFO: [ app_end ] --START--
INFO: Run Behavior\ShowPageTraceBehavior [ RunTime:0.001103s ]
INFO: [ app_end ] --END-- [ RunTime:0.001432s ]

[ 2019-09-23T08:38:35+08:00 ] ::1 /cost/index.php/Home/Index/pointcardedits.html?page=1&limit=20
INFO: [ app_begin ] --START--
INFO: Run Behavior\ReadHtmlCacheBehavior [ RunTime:0.000347s ]
INFO: [ app_begin ] --END-- [ RunTime:0.000707s ]
NOTIC: [8] Undefined index: stats /Library/WebServer/Documents/cost/Application/Home/Controller/IndexController.class.php 第 2413 行.
NOTIC: [8] Undefined index: card /Library/WebServer/Documents/cost/Application/Home/Controller/IndexController.class.php 第 2414 行.
NOTIC: [8] Undefined index: date /Library/WebServer/Documents/cost/Application/Home/Controller/IndexController.class.php 第 2415 行.
SQL: SHOW COLUMNS FROM `hr_costcardin` [ RunTime:0.0021s ]
SQL: SELECT * FROM `hr_costcardin` WHERE `jgh` = '63' LIMIT 0,20   [ RunTime:0.0005s ]
SQL: SHOW COLUMNS FROM `hr_danwei` [ RunTime:0.0025s ]
SQL: SELECT * FROM `hr_danwei` WHERE ( jiagou = 'A1' )  [ RunTime:0.0017s ]
SQL: SELECT COUNT(*) AS tp_count FROM `hr_costcardin` WHERE `jgh` = '63' LIMIT 1   [ RunTime:0.0004s ]
INFO: [ app_end ] --START--
INFO: Run Behavior\ShowPageTraceBehavior [ RunTime:0.000443s ]
INFO: [ app_end ] --END-- [ RunTime:0.000600s ]

[ 2019-09-23T08:38:48+08:00 ] ::1 /cost/index.php/Home/Admin/pointcardwdinvestlist.html?page=1&limit=20
INFO: [ app_begin ] --START--
INFO: Run Behavior\ReadHtmlCacheBehavior [ RunTime:0.000669s ]
INFO: [ app_begin ] --END-- [ RunTime:0.001320s ]
NOTIC: [8] Undefined index: stats /Library/WebServer/Documents/cost/Application/Home/Controller/AdminController.class.php 第 1807 行.
NOTIC: [8] Undefined index: card /Library/WebServer/Documents/cost/Application/Home/Controller/AdminController.class.php 第 1808 行.
NOTIC: [8] Undefined index: jgh /Library/WebServer/Documents/cost/Application/Home/Controller/AdminController.class.php 第 1809 行.
NOTIC: [8] Undefined index: date /Library/WebServer/Documents/cost/Application/Home/Controller/AdminController.class.php 第 1810 行.
SQL: SHOW COLUMNS FROM `hr_costcardout` [ RunTime:0.0028s ]
SQL: SELECT * FROM `hr_costcardout` WHERE `stats` = 2 LIMIT 0,20   [ RunTime:0.0012s ]
SQL: SHOW COLUMNS FROM `hr_danwei` [ RunTime:0.0018s ]
SQL: SELECT * FROM `hr_danwei` WHERE ( jiagou = 'A1' )  [ RunTime:0.0005s ]
SQL: SELECT COUNT(*) AS tp_count FROM `hr_costcardout` WHERE `stats` = 2 LIMIT 1   [ RunTime:0.0005s ]
INFO: [ app_end ] --START--
INFO: Run Behavior\ShowPageTraceBehavior [ RunTime:0.001043s ]
INFO: [ app_end ] --END-- [ RunTime:0.001258s ]

[ 2019-09-23T08:38:53+08:00 ] ::1 /cost/index.php/Home/Admin/pointcardwdinvestlist.html?page=1&limit=20&stats=7&jgh=&date=
INFO: [ app_begin ] --START--
INFO: Run Behavior\ReadHtmlCacheBehavior [ RunTime:0.000564s ]
INFO: [ app_begin ] --END-- [ RunTime:0.001130s ]
NOTIC: [8] Undefined index: card /Library/WebServer/Documents/cost/Application/Home/Controller/AdminController.class.php 第 1808 行.
SQL: SHOW COLUMNS FROM `hr_costcardout` [ RunTime:0.0018s ]
SQL: SELECT * FROM `hr_costcardout` WHERE `stats` = '7' LIMIT 0,20   [ RunTime:0.0003s ]
SQL: SHOW COLUMNS FROM `hr_danwei` [ RunTime:0.0015s ]
SQL: SELECT * FROM `hr_danwei` WHERE ( jiagou = 'A1' )  [ RunTime:0.0003s ]
SQL: SELECT COUNT(*) AS tp_count FROM `hr_costcardout` WHERE `stats` = '7' LIMIT 1   [ RunTime:0.0002s ]
INFO: [ app_end ] --START--
INFO: Run Behavior\ShowPageTraceBehavior [ RunTime:0.000370s ]
INFO: [ app_end ] --END-- [ RunTime:0.000512s ]

[ 2019-09-23T08:38:56+08:00 ] ::1 /cost/index.php/Home/Admin/pointcardwdfinancelist.html?page=1&limit=20
INFO: [ app_begin ] --START--
INFO: Run Behavior\ReadHtmlCacheBehavior [ RunTime:0.000505s ]
INFO: [ app_begin ] --END-- [ RunTime:0.001032s ]
NOTIC: [8] Undefined index: stats /Library/WebServer/Documents/cost/Application/Home/Controller/AdminController.class.php 第 1729 行.
NOTIC: [8] Undefined index: card /Library/WebServer/Documents/cost/Application/Home/Controller/AdminController.class.php 第 1730 行.
NOTIC: [8] Undefined index: jgh /Library/WebServer/Documents/cost/Application/Home/Controller/AdminController.class.php 第 1731 行.
NOTIC: [8] Undefined index: date /Library/WebServer/Documents/cost/Application/Home/Controller/AdminController.class.php 第 1732 行.
SQL: SHOW COLUMNS FROM `hr_costcardout` [ RunTime:0.0023s ]
SQL: SELECT * FROM `hr_costcardout` WHERE `stats` = 8 LIMIT 0,20   [ RunTime:0.0005s ]
SQL: SHOW COLUMNS FROM `hr_danwei` [ RunTime:0.0037s ]
SQL: SELECT * FROM `hr_danwei` WHERE ( jiagou = 'A1' )  [ RunTime:0.0011s ]
SQL: SELECT COUNT(*) AS tp_count FROM `hr_costcardout` WHERE `stats` = 8 LIMIT 1   [ RunTime:0.0007s ]
INFO: [ app_end ] --START--
INFO: Run Behavior\ShowPageTraceBehavior [ RunTime:0.000772s ]
INFO: [ app_end ] --END-- [ RunTime:0.000959s ]

[ 2019-09-23T08:39:03+08:00 ] ::1 /cost/index.php/Home/Admin/pointcardwdinvestlist.html?page=1&limit=20
INFO: [ app_begin ] --START--
INFO: Run Behavior\ReadHtmlCacheBehavior [ RunTime:0.000390s ]
INFO: [ app_begin ] --END-- [ RunTime:0.000958s ]
NOTIC: [8] Undefined index: stats /Library/WebServer/Documents/cost/Application/Home/Controller/AdminController.class.php 第 1807 行.
NOTIC: [8] Undefined index: card /Library/WebServer/Documents/cost/Application/Home/Controller/AdminController.class.php 第 1808 行.
NOTIC: [8] Undefined index: jgh /Library/WebServer/Documents/cost/Application/Home/Controller/AdminController.class.php 第 1809 行.
NOTIC: [8] Undefined index: date /Library/WebServer/Documents/cost/Application/Home/Controller/AdminController.class.php 第 1810 行.
SQL: SHOW COLUMNS FROM `hr_costcardout` [ RunTime:0.0044s ]
SQL: SELECT * FROM `hr_costcardout` WHERE `stats` = 2 LIMIT 0,20   [ RunTime:0.0010s ]
SQL: SHOW COLUMNS FROM `hr_danwei` [ RunTime:0.0020s ]
SQL: SELECT * FROM `hr_danwei` WHERE ( jiagou = 'A1' )  [ RunTime:0.0005s ]
SQL: SELECT COUNT(*) AS tp_count FROM `hr_costcardout` WHERE `stats` = 2 LIMIT 1   [ RunTime:0.0006s ]
INFO: [ app_end ] --START--
INFO: Run Behavior\ShowPageTraceBehavior [ RunTime:0.000674s ]
INFO: [ app_end ] --END-- [ RunTime:0.000860s ]

[ 2019-09-23T08:39:11+08:00 ] ::1 /cost/index.php/Home/Admin/pointcardwdinlist.html?page=1&limit=20
INFO: [ app_begin ] --START--
INFO: Run Behavior\ReadHtmlCacheBehavior [ RunTime:0.000473s ]
INFO: [ app_begin ] --END-- [ RunTime:0.001030s ]
NOTIC: [8] Undefined index: card /Library/WebServer/Documents/cost/Application/Home/Controller/AdminController.class.php 第 1343 行.
NOTIC: [8] Undefined index: jgh /Library/WebServer/Documents/cost/Application/Home/Controller/AdminController.class.php 第 1344 行.
NOTIC: [8] Undefined index: date /Library/WebServer/Documents/cost/Application/Home/Controller/AdminController.class.php 第 1345 行.
SQL: SHOW COLUMNS FROM `hr_costcard` [ RunTime:0.0046s ]
SQL: SELECT * FROM `hr_costcard` WHERE `stats` = 4 LIMIT 0,20   [ RunTime:0.0013s ]
SQL: SHOW COLUMNS FROM `hr_danwei` [ RunTime:0.0032s ]
SQL: SELECT * FROM `hr_danwei` WHERE ( jiagou = 'A1' )  [ RunTime:0.0009s ]
SQL: SELECT COUNT(*) AS tp_count FROM `hr_costcard` WHERE `stats` = 4 LIMIT 1   [ RunTime:0.0006s ]
INFO: [ app_end ] --START--
INFO: Run Behavior\ShowPageTraceBehavior [ RunTime:0.000876s ]
INFO: [ app_end ] --END-- [ RunTime:0.001164s ]

[ 2019-09-23T08:39:13+08:00 ] ::1 /cost/index.php/Home/Admin/pointcardwdeditlist.html?page=1&limit=20
INFO: [ app_begin ] --START--
INFO: Run Behavior\ReadHtmlCacheBehavior [ RunTime:0.000560s ]
INFO: [ app_begin ] --END-- [ RunTime:0.001284s ]
NOTIC: [8] Undefined index: stats /Library/WebServer/Documents/cost/Application/Home/Controller/AdminController.class.php 第 1458 行.
NOTIC: [8] Undefined index: jgh /Library/WebServer/Documents/cost/Application/Home/Controller/AdminController.class.php 第 1459 行.
NOTIC: [8] Undefined index: date /Library/WebServer/Documents/cost/Application/Home/Controller/AdminController.class.php 第 1460 行.
SQL: SHOW COLUMNS FROM `hr_costcard` [ RunTime:0.0025s ]
SQL: SELECT * FROM `hr_costcard` WHERE `stats` NOT IN ('1') LIMIT 0,20   [ RunTime:0.0007s ]
SQL: SHOW COLUMNS FROM `hr_danwei` [ RunTime:0.0039s ]
SQL: SELECT * FROM `hr_danwei` WHERE ( jiagou = 'A1' )  [ RunTime:0.0010s ]
SQL: SELECT COUNT(*) AS tp_count FROM `hr_costcard` WHERE `stats` NOT IN ('1') LIMIT 1   [ RunTime:0.0003s ]
INFO: [ app_end ] --START--
INFO: Run Behavior\ShowPageTraceBehavior [ RunTime:0.000490s ]
INFO: [ app_end ] --END-- [ RunTime:0.000667s ]

[ 2019-09-23T08:39:24+08:00 ] ::1 /cost/index.php/Home/Admin/pointcardwdeditlist.html?page=1&limit=20
INFO: [ app_begin ] --START--
INFO: Run Behavior\ReadHtmlCacheBehavior [ RunTime:0.000382s ]
INFO: [ app_begin ] --END-- [ RunTime:0.000742s ]
NOTIC: [8] Undefined index: stats /Library/WebServer/Documents/cost/Application/Home/Controller/AdminController.class.php 第 1458 行.
NOTIC: [8] Undefined index: jgh /Library/WebServer/Documents/cost/Application/Home/Controller/AdminController.class.php 第 1459 行.
NOTIC: [8] Undefined index: date /Library/WebServer/Documents/cost/Application/Home/Controller/AdminController.class.php 第 1460 行.
SQL: SHOW COLUMNS FROM `hr_costcard` [ RunTime:0.0015s ]
SQL: SELECT * FROM `hr_costcard` WHERE `stats` NOT IN ('1') LIMIT 0,20   [ RunTime:0.0003s ]
SQL: SHOW COLUMNS FROM `hr_danwei` [ RunTime:0.0015s ]
SQL: SELECT * FROM `hr_danwei` WHERE ( jiagou = 'A1' )  [ RunTime:0.0006s ]
SQL: SELECT COUNT(*) AS tp_count FROM `hr_costcard` WHERE `stats` NOT IN ('1') LIMIT 1   [ RunTime:0.0005s ]
INFO: [ app_end ] --START--
INFO: Run Behavior\ShowPageTraceBehavior [ RunTime:0.001534s ]
INFO: [ app_end ] --END-- [ RunTime:0.001944s ]

[ 2019-09-23T08:39:27+08:00 ] ::1 /cost/index.php/Home/Admin/pointcardwdinvestlist.html?page=1&limit=20
INFO: [ app_begin ] --START--
INFO: Run Behavior\ReadHtmlCacheBehavior [ RunTime:0.000553s ]
INFO: [ app_begin ] --END-- [ RunTime:0.001291s ]
NOTIC: [8] Undefined index: stats /Library/WebServer/Documents/cost/Application/Home/Controller/AdminController.class.php 第 1807 行.
NOTIC: [8] Undefined index: card /Library/WebServer/Documents/cost/Application/Home/Controller/AdminController.class.php 第 1808 行.
NOTIC: [8] Undefined index: jgh /Library/WebServer/Documents/cost/Application/Home/Controller/AdminController.class.php 第 1809 行.
NOTIC: [8] Undefined index: date /Library/WebServer/Documents/cost/Application/Home/Controller/AdminController.class.php 第 1810 行.
SQL: SHOW COLUMNS FROM `hr_costcardout` [ RunTime:0.0051s ]
SQL: SELECT * FROM `hr_costcardout` WHERE `stats` = 2 LIMIT 0,20   [ RunTime:0.0008s ]
SQL: SHOW COLUMNS FROM `hr_danwei` [ RunTime:0.0018s ]
SQL: SELECT * FROM `hr_danwei` WHERE ( jiagou = 'A1' )  [ RunTime:0.0004s ]
SQL: SELECT COUNT(*) AS tp_count FROM `hr_costcardout` WHERE `stats` = 2 LIMIT 1   [ RunTime:0.0002s ]
INFO: [ app_end ] --START--
INFO: Run Behavior\ShowPageTraceBehavior [ RunTime:0.000742s ]
INFO: [ app_end ] --END-- [ RunTime:0.000921s ]

[ 2019-09-23T08:39:29+08:00 ] ::1 /cost/index.php/Home/Admin/pointcardinvest.html
INFO: [ app_begin ] --START--
INFO: Run Behavior\ReadHtmlCacheBehavior [ RunTime:0.000448s ]
INFO: [ app_begin ] --END-- [ RunTime:0.000871s ]
SQL: SHOW COLUMNS FROM `hr_costcardout` [ RunTime:0.0036s ]
SQL: SHOW COLUMNS FROM `hr_costcard` [ RunTime:0.0024s ]
SQL: SHOW COLUMNS FROM `hr_costcardin` [ RunTime:0.0024s ]
SQL: UPDATE `hr_costcardout` SET `stats`='7' WHERE ( cardoutid = '5' ) [ RunTime:0.0037s ]
SQL: UPDATE `hr_costcard` SET `stats`='7' WHERE ( cardid = '5' ) [ RunTime:0.0014s ]
SQL: UPDATE `hr_costcardin` SET `stats`='7' WHERE ( cardinid = '5' ) [ RunTime:0.0011s ]
NOTIC: [8] Undefined variable: count /Library/WebServer/Documents/cost/Application/Home/Controller/AdminController.class.php 第 1884 行.
INFO: [ app_end ] --START--
INFO: Run Behavior\ShowPageTraceBehavior [ RunTime:0.000492s ]
INFO: [ app_end ] --END-- [ RunTime:0.000656s ]

[ 2019-09-23T08:39:29+08:00 ] ::1 /cost/index.php/Home/Admin/pointcardwdinvestlist.html?page=1&limit=20
INFO: [ app_begin ] --START--
INFO: Run Behavior\ReadHtmlCacheBehavior [ RunTime:0.000838s ]
INFO: [ app_begin ] --END-- [ RunTime:0.001642s ]
NOTIC: [8] Undefined index: stats /Library/WebServer/Documents/cost/Application/Home/Controller/AdminController.class.php 第 1807 行.
NOTIC: [8] Undefined index: card /Library/WebServer/Documents/cost/Application/Home/Controller/AdminController.class.php 第 1808 行.
NOTIC: [8] Undefined index: jgh /Library/WebServer/Documents/cost/Application/Home/Controller/AdminController.class.php 第 1809 行.
NOTIC: [8] Undefined index: date /Library/WebServer/Documents/cost/Application/Home/Controller/AdminController.class.php 第 1810 行.
SQL: SHOW COLUMNS FROM `hr_costcardout` [ RunTime:0.0043s ]
SQL: SELECT * FROM `hr_costcardout` WHERE `stats` = 2 LIMIT 0,20   [ RunTime:0.0007s ]
SQL: SHOW COLUMNS FROM `hr_danwei` [ RunTime:0.0028s ]
SQL: SELECT * FROM `hr_danwei` WHERE ( jiagou = 'A1' )  [ RunTime:0.0018s ]
SQL: SELECT COUNT(*) AS tp_count FROM `hr_costcardout` WHERE `stats` = 2 LIMIT 1   [ RunTime:0.0008s ]
INFO: [ app_end ] --START--
INFO: Run Behavior\ShowPageTraceBehavior [ RunTime:0.000681s ]
INFO: [ app_end ] --END-- [ RunTime:0.001103s ]

[ 2019-09-23T08:39:32+08:00 ] ::1 /cost/index.php/Home/Admin/pointcardwdinvestlist.html?page=1&limit=20&stats=7&jgh=&date=
INFO: [ app_begin ] --START--
INFO: Run Behavior\ReadHtmlCacheBehavior [ RunTime:0.000537s ]
INFO: [ app_begin ] --END-- [ RunTime:0.001349s ]
NOTIC: [8] Undefined index: card /Library/WebServer/Documents/cost/Application/Home/Controller/AdminController.class.php 第 1808 行.
SQL: SHOW COLUMNS FROM `hr_costcardout` [ RunTime:0.0042s ]
SQL: SELECT * FROM `hr_costcardout` WHERE `stats` = '7' LIMIT 0,20   [ RunTime:0.0007s ]
SQL: SHOW COLUMNS FROM `hr_danwei` [ RunTime:0.0018s ]
SQL: SELECT * FROM `hr_danwei` WHERE ( jiagou = 'A1' )  [ RunTime:0.0006s ]
SQL: SELECT COUNT(*) AS tp_count FROM `hr_costcardout` WHERE `stats` = '7' LIMIT 1   [ RunTime:0.0003s ]
INFO: [ app_end ] --START--
INFO: Run Behavior\ShowPageTraceBehavior [ RunTime:0.000656s ]
INFO: [ app_end ] --END-- [ RunTime:0.000829s ]

[ 2019-09-23T08:39:55+08:00 ] ::1 /cost/index.php/Home/Admin/pointcardwdfinancelist.html?page=1&limit=20
INFO: [ app_begin ] --START--
INFO: Run Behavior\ReadHtmlCacheBehavior [ RunTime:0.000420s ]
INFO: [ app_begin ] --END-- [ RunTime:0.000817s ]
NOTIC: [8] Undefined index: stats /Library/WebServer/Documents/cost/Application/Home/Controller/AdminController.class.php 第 1729 行.
NOTIC: [8] Undefined index: card /Library/WebServer/Documents/cost/Application/Home/Controller/AdminController.class.php 第 1730 行.
NOTIC: [8] Undefined index: jgh /Library/WebServer/Documents/cost/Application/Home/Controller/AdminController.class.php 第 1731 行.
NOTIC: [8] Undefined index: date /Library/WebServer/Documents/cost/Application/Home/Controller/AdminController.class.php 第 1732 行.
SQL: SHOW COLUMNS FROM `hr_costcardout` [ RunTime:0.0019s ]
SQL: SELECT * FROM `hr_costcardout` WHERE `stats` = 8 LIMIT 0,20   [ RunTime:0.0004s ]
SQL: SHOW COLUMNS FROM `hr_danwei` [ RunTime:0.0025s ]
SQL: SELECT * FROM `hr_danwei` WHERE ( jiagou = 'A1' )  [ RunTime:0.0007s ]
SQL: SELECT COUNT(*) AS tp_count FROM `hr_costcardout` WHERE `stats` = 8 LIMIT 1   [ RunTime:0.0005s ]
INFO: [ app_end ] --START--
INFO: Run Behavior\ShowPageTraceBehavior [ RunTime:0.000570s ]
INFO: [ app_end ] --END-- [ RunTime:0.001008s ]

[ 2019-09-23T08:40:11+08:00 ] ::1 /cost/index.php/Home/Admin/pointcardwdfinancelist.html?page=1&limit=20&stats=2&jgh=&date=
INFO: [ app_begin ] --START--
INFO: Run Behavior\ReadHtmlCacheBehavior [ RunTime:0.000403s ]
INFO: [ app_begin ] --END-- [ RunTime:0.000827s ]
NOTIC: [8] Undefined index: card /Library/WebServer/Documents/cost/Application/Home/Controller/AdminController.class.php 第 1730 行.
SQL: SHOW COLUMNS FROM `hr_costcardout` [ RunTime:0.0033s ]
SQL: SELECT * FROM `hr_costcardout` WHERE `stats` = '2' LIMIT 0,20   [ RunTime:0.0006s ]
SQL: SHOW COLUMNS FROM `hr_danwei` [ RunTime:0.0017s ]
SQL: SELECT * FROM `hr_danwei` WHERE ( jiagou = 'A1' )  [ RunTime:0.0004s ]
SQL: SELECT COUNT(*) AS tp_count FROM `hr_costcardout` WHERE `stats` = '2' LIMIT 1   [ RunTime:0.0002s ]
INFO: [ app_end ] --START--
INFO: Run Behavior\ShowPageTraceBehavior [ RunTime:0.000605s ]
INFO: [ app_end ] --END-- [ RunTime:0.000770s ]

[ 2019-09-23T08:40:14+08:00 ] ::1 /cost/index.php/Home/Admin/pointcardwdfinancelist.html?page=1&limit=20&stats=8&jgh=&date=
INFO: [ app_begin ] --START--
INFO: Run Behavior\ReadHtmlCacheBehavior [ RunTime:0.000444s ]
INFO: [ app_begin ] --END-- [ RunTime:0.000789s ]
NOTIC: [8] Undefined index: card /Library/WebServer/Documents/cost/Application/Home/Controller/AdminController.class.php 第 1730 行.
SQL: SHOW COLUMNS FROM `hr_costcardout` [ RunTime:0.0021s ]
SQL: SELECT * FROM `hr_costcardout` WHERE `stats` = '8' LIMIT 0,20   [ RunTime:0.0004s ]
SQL: SHOW COLUMNS FROM `hr_danwei` [ RunTime:0.0016s ]
SQL: SELECT * FROM `hr_danwei` WHERE ( jiagou = 'A1' )  [ RunTime:0.0006s ]
SQL: SELECT COUNT(*) AS tp_count FROM `hr_costcardout` WHERE `stats` = '8' LIMIT 1   [ RunTime:0.0003s ]
INFO: [ app_end ] --START--
INFO: Run Behavior\ShowPageTraceBehavior [ RunTime:0.000587s ]
INFO: [ app_end ] --END-- [ RunTime:0.000740s ]

[ 2019-09-23T08:40:19+08:00 ] ::1 /cost/index.php/Home/Admin/pointcardwdfinancelist.html?page=1&limit=20&stats=7&jgh=&date=
INFO: [ app_begin ] --START--
INFO: Run Behavior\ReadHtmlCacheBehavior [ RunTime:0.000435s ]
INFO: [ app_begin ] --END-- [ RunTime:0.000890s ]
NOTIC: [8] Undefined index: card /Library/WebServer/Documents/cost/Application/Home/Controller/AdminController.class.php 第 1730 行.
SQL: SHOW COLUMNS FROM `hr_costcardout` [ RunTime:0.0022s ]
SQL: SELECT * FROM `hr_costcardout` WHERE `stats` = '7' LIMIT 0,20   [ RunTime:0.0004s ]
SQL: SHOW COLUMNS FROM `hr_danwei` [ RunTime:0.0018s ]
SQL: SELECT * FROM `hr_danwei` WHERE ( jiagou = 'A1' )  [ RunTime:0.0006s ]
SQL: SELECT COUNT(*) AS tp_count FROM `hr_costcardout` WHERE `stats` = '7' LIMIT 1   [ RunTime:0.0006s ]
INFO: [ app_end ] --START--
INFO: Run Behavior\ShowPageTraceBehavior [ RunTime:0.000714s ]
INFO: [ app_end ] --END-- [ RunTime:0.000927s ]

[ 2019-09-23T08:40:30+08:00 ] ::1 /cost/index.php/Home/Index/pointcardedits.html?page=1&limit=20
INFO: [ app_begin ] --START--
INFO: Run Behavior\ReadHtmlCacheBehavior [ RunTime:0.000477s ]
INFO: [ app_begin ] --END-- [ RunTime:0.001019s ]
NOTIC: [8] Undefined index: stats /Library/WebServer/Documents/cost/Application/Home/Controller/IndexController.class.php 第 2413 行.
NOTIC: [8] Undefined index: card /Library/WebServer/Documents/cost/Application/Home/Controller/IndexController.class.php 第 2414 行.
NOTIC: [8] Undefined index: date /Library/WebServer/Documents/cost/Application/Home/Controller/IndexController.class.php 第 2415 行.
SQL: SHOW COLUMNS FROM `hr_costcardin` [ RunTime:0.0020s ]
SQL: SELECT * FROM `hr_costcardin` WHERE `jgh` = '63' LIMIT 0,20   [ RunTime:0.0005s ]
SQL: SHOW COLUMNS FROM `hr_danwei` [ RunTime:0.0022s ]
SQL: SELECT * FROM `hr_danwei` WHERE ( jiagou = 'A1' )  [ RunTime:0.0007s ]
SQL: SELECT COUNT(*) AS tp_count FROM `hr_costcardin` WHERE `jgh` = '63' LIMIT 1   [ RunTime:0.0008s ]
INFO: [ app_end ] --START--
INFO: Run Behavior\ShowPageTraceBehavior [ RunTime:0.001503s ]
INFO: [ app_end ] --END-- [ RunTime:0.001898s ]

