[ 2019-09-18T08:44:19+08:00 ] ::1 /cost/index.php/Home/Index/pointcardedits.html?page=1&limit=20
INFO: [ app_begin ] --START--
INFO: Run Behavior\ReadHtmlCacheBehavior [ RunTime:0.001071s ]
INFO: [ app_begin ] --END-- [ RunTime:0.002197s ]
NOTIC: [8] Undefined index: stats /Library/WebServer/Documents/cost/Application/Home/Controller/IndexController.class.php 第 2396 行.
NOTIC: [8] Undefined index: card /Library/WebServer/Documents/cost/Application/Home/Controller/IndexController.class.php 第 2397 行.
NOTIC: [8] Undefined index: date /Library/WebServer/Documents/cost/Application/Home/Controller/IndexController.class.php 第 2398 行.
SQL: SHOW COLUMNS FROM `hr_costcardin` [ RunTime:0.0029s ]
SQL: SELECT * FROM `hr_costcardin` WHERE `jgh` = '63' LIMIT 0,20   [ RunTime:0.0005s ]
SQL: SHOW COLUMNS FROM `hr_danwei` [ RunTime:0.0025s ]
SQL: SELECT * FROM `hr_danwei` WHERE ( jiagou = 'A1' )  [ RunTime:0.0008s ]
SQL: SELECT COUNT(*) AS tp_count FROM `hr_costcardin` WHERE `jgh` = '63' LIMIT 1   [ RunTime:0.0004s ]
INFO: [ app_end ] --START--
INFO: Run Behavior\ShowPageTraceBehavior [ RunTime:0.000643s ]
INFO: [ app_end ] --END-- [ RunTime:0.000869s ]

[ 2019-09-18T08:44:27+08:00 ] ::1 /cost/index.php/Home/Index/pointcardedits.html?page=1&limit=20
INFO: [ app_begin ] --START--
INFO: Run Behavior\ReadHtmlCacheBehavior [ RunTime:0.000427s ]
INFO: [ app_begin ] --END-- [ RunTime:0.000882s ]
NOTIC: [8] Undefined index: stats /Library/WebServer/Documents/cost/Application/Home/Controller/IndexController.class.php 第 2396 行.
NOTIC: [8] Undefined index: card /Library/WebServer/Documents/cost/Application/Home/Controller/IndexController.class.php 第 2397 行.
NOTIC: [8] Undefined index: date /Library/WebServer/Documents/cost/Application/Home/Controller/IndexController.class.php 第 2398 行.
SQL: SHOW COLUMNS FROM `hr_costcardin` [ RunTime:0.0018s ]
SQL: SELECT * FROM `hr_costcardin` WHERE `jgh` = '63' LIMIT 0,20   [ RunTime:0.0020s ]
SQL: SHOW COLUMNS FROM `hr_danwei` [ RunTime:0.0053s ]
SQL: SELECT * FROM `hr_danwei` WHERE ( jiagou = 'A1' )  [ RunTime:0.0009s ]
SQL: SELECT COUNT(*) AS tp_count FROM `hr_costcardin` WHERE `jgh` = '63' LIMIT 1   [ RunTime:0.0007s ]
INFO: [ app_end ] --START--
INFO: Run Behavior\ShowPageTraceBehavior [ RunTime:0.001411s ]
INFO: [ app_end ] --END-- [ RunTime:0.001723s ]

[ 2019-09-18T08:44:43+08:00 ] ::1 /cost/index.php/Home/Index/pointcardedits.html?page=1&limit=20
INFO: [ app_begin ] --START--
INFO: Run Behavior\ReadHtmlCacheBehavior [ RunTime:0.000906s ]
INFO: [ app_begin ] --END-- [ RunTime:0.001787s ]
NOTIC: [8] Undefined index: stats /Library/WebServer/Documents/cost/Application/Home/Controller/IndexController.class.php 第 2396 行.
NOTIC: [8] Undefined index: card /Library/WebServer/Documents/cost/Application/Home/Controller/IndexController.class.php 第 2397 行.
NOTIC: [8] Undefined index: date /Library/WebServer/Documents/cost/Application/Home/Controller/IndexController.class.php 第 2398 行.
SQL: SHOW COLUMNS FROM `hr_costcardin` [ RunTime:0.0016s ]
SQL: SELECT * FROM `hr_costcardin` WHERE `jgh` = '63' LIMIT 0,20   [ RunTime:0.0003s ]
SQL: SHOW COLUMNS FROM `hr_danwei` [ RunTime:0.0040s ]
SQL: SELECT * FROM `hr_danwei` WHERE ( jiagou = 'A1' )  [ RunTime:0.0005s ]
SQL: SELECT COUNT(*) AS tp_count FROM `hr_costcardin` WHERE `jgh` = '63' LIMIT 1   [ RunTime:0.0002s ]
INFO: [ app_end ] --START--
INFO: Run Behavior\ShowPageTraceBehavior [ RunTime:0.000405s ]
INFO: [ app_end ] --END-- [ RunTime:0.000551s ]

[ 2019-09-18T08:45:07+08:00 ] ::1 /cost/index.php/Home/Index/pointcardedits.html?page=1&limit=20
INFO: [ app_begin ] --START--
INFO: Run Behavior\ReadHtmlCacheBehavior [ RunTime:0.000502s ]
INFO: [ app_begin ] --END-- [ RunTime:0.001027s ]
NOTIC: [8] Undefined index: stats /Library/WebServer/Documents/cost/Application/Home/Controller/IndexController.class.php 第 2396 行.
NOTIC: [8] Undefined index: card /Library/WebServer/Documents/cost/Application/Home/Controller/IndexController.class.php 第 2397 行.
NOTIC: [8] Undefined index: date /Library/WebServer/Documents/cost/Application/Home/Controller/IndexController.class.php 第 2398 行.
SQL: SHOW COLUMNS FROM `hr_costcardin` [ RunTime:0.0039s ]
SQL: SELECT * FROM `hr_costcardin` WHERE `jgh` = '63' LIMIT 0,20   [ RunTime:0.0015s ]
SQL: SHOW COLUMNS FROM `hr_danwei` [ RunTime:0.0037s ]
SQL: SELECT * FROM `hr_danwei` WHERE ( jiagou = 'A1' )  [ RunTime:0.0005s ]
SQL: SELECT COUNT(*) AS tp_count FROM `hr_costcardin` WHERE `jgh` = '63' LIMIT 1   [ RunTime:0.0006s ]
INFO: [ app_end ] --START--
INFO: Run Behavior\ShowPageTraceBehavior [ RunTime:0.001226s ]
INFO: [ app_end ] --END-- [ RunTime:0.001464s ]

[ 2019-09-18T08:46:01+08:00 ] ::1 /cost/index.php/Home/Index/pointcardedits.html?page=1&limit=20
INFO: [ app_begin ] --START--
INFO: Run Behavior\ReadHtmlCacheBehavior [ RunTime:0.000375s ]
INFO: [ app_begin ] --END-- [ RunTime:0.000807s ]
NOTIC: [8] Undefined index: stats /Library/WebServer/Documents/cost/Application/Home/Controller/IndexController.class.php 第 2396 行.
NOTIC: [8] Undefined index: card /Library/WebServer/Documents/cost/Application/Home/Controller/IndexController.class.php 第 2397 行.
NOTIC: [8] Undefined index: date /Library/WebServer/Documents/cost/Application/Home/Controller/IndexController.class.php 第 2398 行.
SQL: SHOW COLUMNS FROM `hr_costcardin` [ RunTime:0.0028s ]
SQL: SELECT * FROM `hr_costcardin` WHERE `jgh` = '63' LIMIT 0,20   [ RunTime:0.0003s ]
SQL: SHOW COLUMNS FROM `hr_danwei` [ RunTime:0.0016s ]
SQL: SELECT * FROM `hr_danwei` WHERE ( jiagou = 'A1' )  [ RunTime:0.0016s ]
SQL: SELECT COUNT(*) AS tp_count FROM `hr_costcardin` WHERE `jgh` = '63' LIMIT 1   [ RunTime:0.0017s ]
INFO: [ app_end ] --START--
INFO: Run Behavior\ShowPageTraceBehavior [ RunTime:0.000909s ]
INFO: [ app_end ] --END-- [ RunTime:0.001197s ]

[ 2019-09-18T08:46:08+08:00 ] ::1 /cost/index.php/Home/Index/pointcardedits.html?page=1&limit=20
INFO: [ app_begin ] --START--
INFO: Run Behavior\ReadHtmlCacheBehavior [ RunTime:0.000407s ]
INFO: [ app_begin ] --END-- [ RunTime:0.001003s ]
NOTIC: [8] Undefined index: stats /Library/WebServer/Documents/cost/Application/Home/Controller/IndexController.class.php 第 2396 行.
NOTIC: [8] Undefined index: card /Library/WebServer/Documents/cost/Application/Home/Controller/IndexController.class.php 第 2397 行.
NOTIC: [8] Undefined index: date /Library/WebServer/Documents/cost/Application/Home/Controller/IndexController.class.php 第 2398 行.
SQL: SHOW COLUMNS FROM `hr_costcardin` [ RunTime:0.0041s ]
SQL: SELECT * FROM `hr_costcardin` WHERE `jgh` = '63' LIMIT 0,20   [ RunTime:0.0010s ]
SQL: SHOW COLUMNS FROM `hr_danwei` [ RunTime:0.0020s ]
SQL: SELECT * FROM `hr_danwei` WHERE ( jiagou = 'A1' )  [ RunTime:0.0005s ]
SQL: SELECT COUNT(*) AS tp_count FROM `hr_costcardin` WHERE `jgh` = '63' LIMIT 1   [ RunTime:0.0003s ]
INFO: [ app_end ] --START--
INFO: Run Behavior\ShowPageTraceBehavior [ RunTime:0.000855s ]
INFO: [ app_end ] --END-- [ RunTime:0.001250s ]

[ 2019-09-18T08:47:25+08:00 ] ::1 /cost/index.php/Home/Index/pointcardedits.html?page=1&limit=20
INFO: [ app_begin ] --START--
INFO: Run Behavior\ReadHtmlCacheBehavior [ RunTime:0.000370s ]
INFO: [ app_begin ] --END-- [ RunTime:0.000765s ]
NOTIC: [8] Undefined index: stats /Library/WebServer/Documents/cost/Application/Home/Controller/IndexController.class.php 第 2396 行.
NOTIC: [8] Undefined index: card /Library/WebServer/Documents/cost/Application/Home/Controller/IndexController.class.php 第 2397 行.
NOTIC: [8] Undefined index: date /Library/WebServer/Documents/cost/Application/Home/Controller/IndexController.class.php 第 2398 行.
SQL: SHOW COLUMNS FROM `hr_costcardin` [ RunTime:0.0022s ]
SQL: SELECT * FROM `hr_costcardin` WHERE `jgh` = '63' LIMIT 0,20   [ RunTime:0.0006s ]
SQL: SHOW COLUMNS FROM `hr_danwei` [ RunTime:0.0045s ]
SQL: SELECT * FROM `hr_danwei` WHERE ( jiagou = 'A1' )  [ RunTime:0.0014s ]
SQL: SELECT COUNT(*) AS tp_count FROM `hr_costcardin` WHERE `jgh` = '63' LIMIT 1   [ RunTime:0.0004s ]
INFO: [ app_end ] --START--
INFO: Run Behavior\ShowPageTraceBehavior [ RunTime:0.000460s ]
INFO: [ app_end ] --END-- [ RunTime:0.000631s ]

[ 2019-09-18T08:50:17+08:00 ] ::1 /cost/index.php/Home/Index/pointcardedits.html?page=1&limit=20
INFO: [ app_begin ] --START--
INFO: Run Behavior\ReadHtmlCacheBehavior [ RunTime:0.000730s ]
INFO: [ app_begin ] --END-- [ RunTime:0.001325s ]
NOTIC: [8] Undefined index: stats /Library/WebServer/Documents/cost/Application/Home/Controller/IndexController.class.php 第 2396 行.
NOTIC: [8] Undefined index: card /Library/WebServer/Documents/cost/Application/Home/Controller/IndexController.class.php 第 2397 行.
NOTIC: [8] Undefined index: date /Library/WebServer/Documents/cost/Application/Home/Controller/IndexController.class.php 第 2398 行.
SQL: SHOW COLUMNS FROM `hr_costcardin` [ RunTime:0.0028s ]
SQL: SELECT * FROM `hr_costcardin` WHERE `jgh` = '63' LIMIT 0,20   [ RunTime:0.0003s ]
SQL: SHOW COLUMNS FROM `hr_danwei` [ RunTime:0.0028s ]
SQL: SELECT * FROM `hr_danwei` WHERE ( jiagou = 'A1' )  [ RunTime:0.0014s ]
SQL: SELECT COUNT(*) AS tp_count FROM `hr_costcardin` WHERE `jgh` = '63' LIMIT 1   [ RunTime:0.0004s ]
INFO: [ app_end ] --START--
INFO: Run Behavior\ShowPageTraceBehavior [ RunTime:0.000472s ]
INFO: [ app_end ] --END-- [ RunTime:0.000838s ]

[ 2019-09-18T08:50:41+08:00 ] ::1 /cost/index.php/Home/Index/pointcardedits.html?page=1&limit=20
INFO: [ app_begin ] --START--
INFO: Run Behavior\ReadHtmlCacheBehavior [ RunTime:0.000393s ]
INFO: [ app_begin ] --END-- [ RunTime:0.000839s ]
NOTIC: [8] Undefined index: stats /Library/WebServer/Documents/cost/Application/Home/Controller/IndexController.class.php 第 2396 行.
NOTIC: [8] Undefined index: card /Library/WebServer/Documents/cost/Application/Home/Controller/IndexController.class.php 第 2397 行.
NOTIC: [8] Undefined index: date /Library/WebServer/Documents/cost/Application/Home/Controller/IndexController.class.php 第 2398 行.
SQL: SHOW COLUMNS FROM `hr_costcardin` [ RunTime:0.0017s ]
SQL: SELECT * FROM `hr_costcardin` WHERE `jgh` = '63' LIMIT 0,20   [ RunTime:0.0003s ]
SQL: SHOW COLUMNS FROM `hr_danwei` [ RunTime:0.0016s ]
SQL: SELECT * FROM `hr_danwei` WHERE ( jiagou = 'A1' )  [ RunTime:0.0004s ]
SQL: SELECT COUNT(*) AS tp_count FROM `hr_costcardin` WHERE `jgh` = '63' LIMIT 1   [ RunTime:0.0002s ]
INFO: [ app_end ] --START--
INFO: Run Behavior\ShowPageTraceBehavior [ RunTime:0.000404s ]
INFO: [ app_end ] --END-- [ RunTime:0.000562s ]

[ 2019-09-18T10:09:57+08:00 ] ::1 /cost/index.php/Home/Index/pointcardedits.html?page=1&limit=20
INFO: [ app_begin ] --START--
INFO: Run Behavior\ReadHtmlCacheBehavior [ RunTime:0.000448s ]
INFO: [ app_begin ] --END-- [ RunTime:0.000911s ]
NOTIC: [8] Undefined index: stats /Library/WebServer/Documents/cost/Application/Home/Controller/IndexController.class.php 第 2396 行.
NOTIC: [8] Undefined index: card /Library/WebServer/Documents/cost/Application/Home/Controller/IndexController.class.php 第 2397 行.
NOTIC: [8] Undefined index: date /Library/WebServer/Documents/cost/Application/Home/Controller/IndexController.class.php 第 2398 行.
SQL: SHOW COLUMNS FROM `hr_costcardin` [ RunTime:0.0019s ]
SQL: SELECT * FROM `hr_costcardin` WHERE `jgh` = '63' LIMIT 0,20   [ RunTime:0.0009s ]
SQL: SHOW COLUMNS FROM `hr_danwei` [ RunTime:0.0033s ]
SQL: SELECT * FROM `hr_danwei` WHERE ( jiagou = 'A1' )  [ RunTime:0.0005s ]
SQL: SELECT COUNT(*) AS tp_count FROM `hr_costcardin` WHERE `jgh` = '63' LIMIT 1   [ RunTime:0.0002s ]
INFO: [ app_end ] --START--
INFO: Run Behavior\ShowPageTraceBehavior [ RunTime:0.000529s ]
INFO: [ app_end ] --END-- [ RunTime:0.000686s ]

[ 2019-09-18T16:28:39+08:00 ] ::1 /cost/index.php/Home/Index/pointcardedits.html?page=1&limit=20
INFO: [ app_begin ] --START--
INFO: Run Behavior\ReadHtmlCacheBehavior [ RunTime:0.000423s ]
INFO: [ app_begin ] --END-- [ RunTime:0.000911s ]
NOTIC: [8] Undefined index: stats /Library/WebServer/Documents/cost/Application/Home/Controller/IndexController.class.php 第 2396 行.
NOTIC: [8] Undefined index: card /Library/WebServer/Documents/cost/Application/Home/Controller/IndexController.class.php 第 2397 行.
NOTIC: [8] Undefined index: date /Library/WebServer/Documents/cost/Application/Home/Controller/IndexController.class.php 第 2398 行.
SQL: SHOW COLUMNS FROM `hr_costcardin` [ RunTime:0.0036s ]
SQL: SELECT * FROM `hr_costcardin` WHERE `jgh` = '63' LIMIT 0,20   [ RunTime:0.0014s ]
SQL: SHOW COLUMNS FROM `hr_danwei` [ RunTime:0.0041s ]
SQL: SELECT * FROM `hr_danwei` WHERE ( jiagou = 'A1' )  [ RunTime:0.0009s ]
SQL: SELECT COUNT(*) AS tp_count FROM `hr_costcardin` WHERE `jgh` = '63' LIMIT 1   [ RunTime:0.0003s ]
INFO: [ app_end ] --START--
INFO: Run Behavior\ShowPageTraceBehavior [ RunTime:0.000452s ]
INFO: [ app_end ] --END-- [ RunTime:0.000625s ]

[ 2019-09-18T16:28:49+08:00 ] ::1 /cost/index.php/Home/Index/pointcardedits.html?page=1&limit=20
INFO: [ app_begin ] --START--
INFO: Run Behavior\ReadHtmlCacheBehavior [ RunTime:0.000362s ]
INFO: [ app_begin ] --END-- [ RunTime:0.000747s ]
NOTIC: [8] Undefined index: stats /Library/WebServer/Documents/cost/Application/Home/Controller/IndexController.class.php 第 2396 行.
NOTIC: [8] Undefined index: card /Library/WebServer/Documents/cost/Application/Home/Controller/IndexController.class.php 第 2397 行.
NOTIC: [8] Undefined index: date /Library/WebServer/Documents/cost/Application/Home/Controller/IndexController.class.php 第 2398 行.
SQL: SHOW COLUMNS FROM `hr_costcardin` [ RunTime:0.0050s ]
SQL: SELECT * FROM `hr_costcardin` WHERE `jgh` = '63' LIMIT 0,20   [ RunTime:0.0004s ]
SQL: SHOW COLUMNS FROM `hr_danwei` [ RunTime:0.0020s ]
SQL: SELECT * FROM `hr_danwei` WHERE ( jiagou = 'A1' )  [ RunTime:0.0009s ]
SQL: SELECT COUNT(*) AS tp_count FROM `hr_costcardin` WHERE `jgh` = '63' LIMIT 1   [ RunTime:0.0005s ]
INFO: [ app_end ] --START--
INFO: Run Behavior\ShowPageTraceBehavior [ RunTime:0.000533s ]
INFO: [ app_end ] --END-- [ RunTime:0.000847s ]

[ 2019-09-18T16:32:09+08:00 ] ::1 /cost/index.php/Home/Index/pointcardedits.html?page=1&limit=20
INFO: [ app_begin ] --START--
INFO: Run Behavior\ReadHtmlCacheBehavior [ RunTime:0.000557s ]
INFO: [ app_begin ] --END-- [ RunTime:0.001025s ]
NOTIC: [8] Undefined index: stats /Library/WebServer/Documents/cost/Application/Home/Controller/IndexController.class.php 第 2396 行.
NOTIC: [8] Undefined index: card /Library/WebServer/Documents/cost/Application/Home/Controller/IndexController.class.php 第 2397 行.
NOTIC: [8] Undefined index: date /Library/WebServer/Documents/cost/Application/Home/Controller/IndexController.class.php 第 2398 行.
SQL: SHOW COLUMNS FROM `hr_costcardin` [ RunTime:0.0020s ]
SQL: SELECT * FROM `hr_costcardin` WHERE `jgh` = '63' LIMIT 0,20   [ RunTime:0.0004s ]
SQL: SHOW COLUMNS FROM `hr_danwei` [ RunTime:0.0041s ]
SQL: SELECT * FROM `hr_danwei` WHERE ( jiagou = 'A1' )  [ RunTime:0.0010s ]
SQL: SELECT COUNT(*) AS tp_count FROM `hr_costcardin` WHERE `jgh` = '63' LIMIT 1   [ RunTime:0.0004s ]
INFO: [ app_end ] --START--
INFO: Run Behavior\ShowPageTraceBehavior [ RunTime:0.001903s ]
INFO: [ app_end ] --END-- [ RunTime:0.002363s ]

[ 2019-09-18T16:32:20+08:00 ] ::1 /cost/index.php/Home/Index/pointcardedits.html?page=1&limit=20
INFO: [ app_begin ] --START--
INFO: Run Behavior\ReadHtmlCacheBehavior [ RunTime:0.000461s ]
INFO: [ app_begin ] --END-- [ RunTime:0.000942s ]
NOTIC: [8] Undefined index: stats /Library/WebServer/Documents/cost/Application/Home/Controller/IndexController.class.php 第 2396 行.
NOTIC: [8] Undefined index: card /Library/WebServer/Documents/cost/Application/Home/Controller/IndexController.class.php 第 2397 行.
NOTIC: [8] Undefined index: date /Library/WebServer/Documents/cost/Application/Home/Controller/IndexController.class.php 第 2398 行.
SQL: SHOW COLUMNS FROM `hr_costcardin` [ RunTime:0.0021s ]
SQL: SELECT * FROM `hr_costcardin` WHERE `jgh` = '63' LIMIT 0,20   [ RunTime:0.0007s ]
SQL: SHOW COLUMNS FROM `hr_danwei` [ RunTime:0.0027s ]
SQL: SELECT * FROM `hr_danwei` WHERE ( jiagou = 'A1' )  [ RunTime:0.0019s ]
SQL: SELECT COUNT(*) AS tp_count FROM `hr_costcardin` WHERE `jgh` = '63' LIMIT 1   [ RunTime:0.0004s ]
INFO: [ app_end ] --START--
INFO: Run Behavior\ShowPageTraceBehavior [ RunTime:0.000453s ]
INFO: [ app_end ] --END-- [ RunTime:0.000623s ]

