[ 2019-12-03T08:44:41+08:00 ] ::1 /cost/index.php/Home/Ic/welcomes.html?page=1&limit=10
INFO: [ app_begin ] --START--
INFO: Run Behavior\ReadHtmlCacheBehavior [ RunTime:0.000581s ]
INFO: [ app_begin ] --END-- [ RunTime:0.001030s ]
SQL: SHOW COLUMNS FROM `hr_icequipment_sub` [ RunTime:0.0016s ]
SQL: SELECT * FROM `hr_icequipment_sub` WHERE `stats` = 0  [ RunTime:0.0004s ]
SQL: SHOW COLUMNS FROM `hr_icdevice` [ RunTime:0.0014s ]
SQL: SELECT * FROM `hr_icdevice`  [ RunTime:0.0003s ]
SQL: SHOW COLUMNS FROM `hr_icdevice_class` [ RunTime:0.0016s ]
SQL: SELECT * FROM `hr_icdevice_class`  [ RunTime:0.0004s ]
SQL: SHOW COLUMNS FROM `hr_icdispose` [ RunTime:0.0015s ]
SQL: SELECT * FROM `hr_icdispose`  [ RunTime:0.0004s ]
SQL: SHOW COLUMNS FROM `hr_icdevice_sub` [ RunTime:0.0016s ]
SQL: SELECT * FROM `hr_icdevice_sub`  [ RunTime:0.0004s ]
SQL: SHOW COLUMNS FROM `hr_icmaintenance` [ RunTime:0.0014s ]
SQL: SELECT * FROM `hr_icmaintenance`  [ RunTime:0.0003s ]
SQL: SHOW COLUMNS FROM `hr_icsupplier` [ RunTime:0.0013s ]
SQL: SELECT * FROM `hr_icsupplier`  [ RunTime:0.0003s ]
SQL: SHOW COLUMNS FROM `hr_icpurcha` [ RunTime:0.0013s ]
SQL: SELECT * FROM `hr_icpurcha`  [ RunTime:0.0003s ]
NOTIC: [8] Undefined index: cpu /Library/WebServer/Documents/cost/Application/Home/Controller/IcController.class.php 第 122 行.
NOTIC: [8] Undefined index: ram /Library/WebServer/Documents/cost/Application/Home/Controller/IcController.class.php 第 122 行.
NOTIC: [8] Undefined index: rom /Library/WebServer/Documents/cost/Application/Home/Controller/IcController.class.php 第 122 行.
NOTIC: [8] Undefined index: cpu /Library/WebServer/Documents/cost/Application/Home/Controller/IcController.class.php 第 122 行.
NOTIC: [8] Undefined index: ram /Library/WebServer/Documents/cost/Application/Home/Controller/IcController.class.php 第 122 行.
NOTIC: [8] Undefined index: rom /Library/WebServer/Documents/cost/Application/Home/Controller/IcController.class.php 第 122 行.
NOTIC: [8] Undefined index: cpu /Library/WebServer/Documents/cost/Application/Home/Controller/IcController.class.php 第 122 行.
NOTIC: [8] Undefined index: ram /Library/WebServer/Documents/cost/Application/Home/Controller/IcController.class.php 第 122 行.
NOTIC: [8] Undefined index: rom /Library/WebServer/Documents/cost/Application/Home/Controller/IcController.class.php 第 122 行.
NOTIC: [8] Undefined index: cpu /Library/WebServer/Documents/cost/Application/Home/Controller/IcController.class.php 第 122 行.
NOTIC: [8] Undefined index: ram /Library/WebServer/Documents/cost/Application/Home/Controller/IcController.class.php 第 122 行.
NOTIC: [8] Undefined index: rom /Library/WebServer/Documents/cost/Application/Home/Controller/IcController.class.php 第 122 行.
NOTIC: [8] Undefined index: cpu /Library/WebServer/Documents/cost/Application/Home/Controller/IcController.class.php 第 122 行.
NOTIC: [8] Undefined index: ram /Library/WebServer/Documents/cost/Application/Home/Controller/IcController.class.php 第 122 行.
NOTIC: [8] Undefined index: rom /Library/WebServer/Documents/cost/Application/Home/Controller/IcController.class.php 第 122 行.
NOTIC: [8] Undefined index: purchaid /Library/WebServer/Documents/cost/Application/Home/Controller/IcController.class.php 第 165 行.
NOTIC: [8] Undefined index: purchaid /Library/WebServer/Documents/cost/Application/Home/Controller/IcController.class.php 第 165 行.
NOTIC: [8] Undefined index: mianman /Library/WebServer/Documents/cost/Application/Home/Controller/IcController.class.php 第 182 行.
NOTIC: [8] Undefined index: mianman /Library/WebServer/Documents/cost/Application/Home/Controller/IcController.class.php 第 182 行.
NOTIC: [8] Undefined index: mianman /Library/WebServer/Documents/cost/Application/Home/Controller/IcController.class.php 第 182 行.
SQL: SHOW COLUMNS FROM `hr_icequipment` [ RunTime:0.0017s ]
SQL: SHOW COLUMNS FROM `hr_jrdanwei` [ RunTime:0.0013s ]
SQL: SELECT * FROM `hr_jrdanwei` WHERE ( jiagou = 'A1' )  [ RunTime:0.0002s ]
NOTIC: [8] Undefined offset: 1 /Library/WebServer/Documents/cost/Application/Home/Controller/IcController.class.php 第 214 行.
NOTIC: [8] Undefined offset: 2 /Library/WebServer/Documents/cost/Application/Home/Controller/IcController.class.php 第 214 行.
NOTIC: [8] Undefined offset: 3 /Library/WebServer/Documents/cost/Application/Home/Controller/IcController.class.php 第 214 行.
NOTIC: [8] Undefined index: dispose /Library/WebServer/Documents/cost/Application/Home/Controller/IcController.class.php 第 214 行.
NOTIC: [8] Undefined index: dispose /Library/WebServer/Documents/cost/Application/Home/Controller/IcController.class.php 第 214 行.
NOTIC: [8] Undefined index: dispose /Library/WebServer/Documents/cost/Application/Home/Controller/IcController.class.php 第 214 行.
NOTIC: [8] Undefined index: dispose /Library/WebServer/Documents/cost/Application/Home/Controller/IcController.class.php 第 214 行.
NOTIC: [8] Undefined offset: 9 /Library/WebServer/Documents/cost/Application/Home/Controller/IcController.class.php 第 214 行.
SQL: SELECT COUNT(*) AS tp_count FROM `hr_icequipment_sub` WHERE `stats` = 0 LIMIT 1   [ RunTime:0.0003s ]
INFO: [ app_end ] --START--
INFO: Run Behavior\ShowPageTraceBehavior [ RunTime:0.000525s ]
INFO: [ app_end ] --END-- [ RunTime:0.000699s ]

[ 2019-12-03T12:13:58+08:00 ] ::1 /cost/index.php/Home/Ic/equipment_tablemat?equipmentid=1
INFO: [ app_begin ] --START--
INFO: Run Behavior\ReadHtmlCacheBehavior [ RunTime:0.000937s ]
INFO: [ app_begin ] --END-- [ RunTime:0.001867s ]
SQL: SHOW COLUMNS FROM `hr_icequipment` [ RunTime:0.0014s ]
SQL: SELECT * FROM `hr_icequipment` WHERE `equipmentid` = 1  [ RunTime:0.0003s ]
SQL: SHOW COLUMNS FROM `hr_ictablemat_class` [ RunTime:0.0013s ]
SQL: SELECT * FROM `hr_ictablemat_class` WHERE `tablemat_classid` = 1 LIMIT 1   [ RunTime:0.0003s ]
INFO: [ app_end ] --START--
INFO: Run Behavior\ShowPageTraceBehavior [ RunTime:0.000830s ]
INFO: [ app_end ] --END-- [ RunTime:0.001021s ]

[ 2019-12-03T12:13:58+08:00 ] ::1 /cost/index.php/Home/Ic/equipment_subs.html?page=1&limit=15
INFO: [ app_begin ] --START--
INFO: Run Behavior\ReadHtmlCacheBehavior [ RunTime:0.000358s ]
INFO: [ app_begin ] --END-- [ RunTime:0.000717s ]
SQL: SHOW COLUMNS FROM `hr_icequipment_sub` [ RunTime:0.0014s ]
SQL: SELECT * FROM `hr_icequipment_sub` WHERE `jgh` = '33001454' AND `equipmentid` = 1 AND `stats` = '0'  [ RunTime:0.0004s ]
SQL: SHOW COLUMNS FROM `hr_ictablemat` [ RunTime:0.0014s ]
SQL: SELECT * FROM `hr_ictablemat` WHERE `tablemat_classid` = 1 AND `stats` = 0  [ RunTime:0.0004s ]
SQL: SHOW COLUMNS FROM `hr_icdevice` [ RunTime:0.0012s ]
SQL: SELECT * FROM `hr_icdevice`  [ RunTime:0.0002s ]
SQL: SHOW COLUMNS FROM `hr_icdevice_class` [ RunTime:0.0012s ]
SQL: SELECT * FROM `hr_icdevice_class`  [ RunTime:0.0003s ]
SQL: SHOW COLUMNS FROM `hr_icdispose` [ RunTime:0.0012s ]
SQL: SELECT * FROM `hr_icdispose`  [ RunTime:0.0002s ]
SQL: SHOW COLUMNS FROM `hr_icdevice_sub` [ RunTime:0.0012s ]
SQL: SELECT * FROM `hr_icdevice_sub`  [ RunTime:0.0002s ]
SQL: SHOW COLUMNS FROM `hr_icmaintenance` [ RunTime:0.0012s ]
SQL: SELECT * FROM `hr_icmaintenance`  [ RunTime:0.0003s ]
SQL: SHOW COLUMNS FROM `hr_icsupplier` [ RunTime:0.0013s ]
SQL: SELECT * FROM `hr_icsupplier`  [ RunTime:0.0002s ]
SQL: SHOW COLUMNS FROM `hr_icpurcha` [ RunTime:0.0011s ]
SQL: SELECT * FROM `hr_icpurcha`  [ RunTime:0.0002s ]
SQL: SELECT * FROM `hr_icdevice`  [ RunTime:0.0001s ]
SQL: SELECT * FROM `hr_icdevice_class`  [ RunTime:0.0001s ]
SQL: SELECT * FROM `hr_icdispose`  [ RunTime:0.0001s ]
SQL: SELECT * FROM `hr_icdevice_sub`  [ RunTime:0.0001s ]
SQL: SELECT * FROM `hr_icmaintenance`  [ RunTime:0.0001s ]
SQL: SELECT * FROM `hr_icsupplier`  [ RunTime:0.0001s ]
SQL: SELECT * FROM `hr_icpurcha`  [ RunTime:0.0001s ]
NOTIC: [8] Undefined index: device_subid /Library/WebServer/Documents/cost/Application/Home/Controller/IcController.class.php 第 81 行.
NOTIC: [8] Undefined index: device_subid /Library/WebServer/Documents/cost/Application/Home/Controller/IcController.class.php 第 81 行.
NOTIC: [8] Undefined index: device_subid /Library/WebServer/Documents/cost/Application/Home/Controller/IcController.class.php 第 81 行.
NOTIC: [8] Undefined index: device_subid /Library/WebServer/Documents/cost/Application/Home/Controller/IcController.class.php 第 81 行.
NOTIC: [8] Undefined index: device_subid /Library/WebServer/Documents/cost/Application/Home/Controller/IcController.class.php 第 81 行.
NOTIC: [8] Undefined index: device_subid /Library/WebServer/Documents/cost/Application/Home/Controller/IcController.class.php 第 81 行.
NOTIC: [8] Undefined index: device_subid /Library/WebServer/Documents/cost/Application/Home/Controller/IcController.class.php 第 81 行.
NOTIC: [8] Undefined index: device_subid /Library/WebServer/Documents/cost/Application/Home/Controller/IcController.class.php 第 81 行.
NOTIC: [8] Undefined index: device_subid /Library/WebServer/Documents/cost/Application/Home/Controller/IcController.class.php 第 81 行.
NOTIC: [8] Undefined index: device_subid /Library/WebServer/Documents/cost/Application/Home/Controller/IcController.class.php 第 81 行.
NOTIC: [8] Undefined index: device_subid /Library/WebServer/Documents/cost/Application/Home/Controller/IcController.class.php 第 81 行.
NOTIC: [8] Undefined index: device_subid /Library/WebServer/Documents/cost/Application/Home/Controller/IcController.class.php 第 81 行.
NOTIC: [8] Undefined index: device_subid /Library/WebServer/Documents/cost/Application/Home/Controller/IcController.class.php 第 81 行.
NOTIC: [8] Undefined index: device_subid /Library/WebServer/Documents/cost/Application/Home/Controller/IcController.class.php 第 81 行.
NOTIC: [8] Undefined index: device_subid /Library/WebServer/Documents/cost/Application/Home/Controller/IcController.class.php 第 81 行.
NOTIC: [8] Undefined index: device_subid /Library/WebServer/Documents/cost/Application/Home/Controller/IcController.class.php 第 81 行.
NOTIC: [8] Undefined index: device_subid /Library/WebServer/Documents/cost/Application/Home/Controller/IcController.class.php 第 81 行.
NOTIC: [8] Undefined index: device_subid /Library/WebServer/Documents/cost/Application/Home/Controller/IcController.class.php 第 81 行.
NOTIC: [8] Undefined index: device_subid /Library/WebServer/Documents/cost/Application/Home/Controller/IcController.class.php 第 81 行.
NOTIC: [8] Undefined index: device_subid /Library/WebServer/Documents/cost/Application/Home/Controller/IcController.class.php 第 81 行.
NOTIC: [8] Undefined index: device_subid /Library/WebServer/Documents/cost/Application/Home/Controller/IcController.class.php 第 81 行.
NOTIC: [8] Undefined index: device_subid /Library/WebServer/Documents/cost/Application/Home/Controller/IcController.class.php 第 81 行.
NOTIC: [8] Undefined index: device_subid /Library/WebServer/Documents/cost/Application/Home/Controller/IcController.class.php 第 81 行.
NOTIC: [8] Undefined index: device_subid /Library/WebServer/Documents/cost/Application/Home/Controller/IcController.class.php 第 81 行.
NOTIC: [8] Undefined index: disposeid /Library/WebServer/Documents/cost/Application/Home/Controller/IcController.class.php 第 119 行.
NOTIC: [8] Undefined index: disposeid /Library/WebServer/Documents/cost/Application/Home/Controller/IcController.class.php 第 119 行.
NOTIC: [8] Undefined index: disposeid /Library/WebServer/Documents/cost/Application/Home/Controller/IcController.class.php 第 119 行.
NOTIC: [8] Undefined index: disposeid /Library/WebServer/Documents/cost/Application/Home/Controller/IcController.class.php 第 119 行.
NOTIC: [8] Undefined index: disposeid /Library/WebServer/Documents/cost/Application/Home/Controller/IcController.class.php 第 119 行.
NOTIC: [8] Undefined index: disposeid /Library/WebServer/Documents/cost/Application/Home/Controller/IcController.class.php 第 119 行.
NOTIC: [8] Undefined index: disposeid /Library/WebServer/Documents/cost/Application/Home/Controller/IcController.class.php 第 119 行.
NOTIC: [8] Undefined index: disposeid /Library/WebServer/Documents/cost/Application/Home/Controller/IcController.class.php 第 119 行.
NOTIC: [8] Undefined index: disposeid /Library/WebServer/Documents/cost/Application/Home/Controller/IcController.class.php 第 119 行.
NOTIC: [8] Undefined index: disposeid /Library/WebServer/Documents/cost/Application/Home/Controller/IcController.class.php 第 119 行.
NOTIC: [8] Undefined index: disposeid /Library/WebServer/Documents/cost/Application/Home/Controller/IcController.class.php 第 119 行.
NOTIC: [8] Undefined index: disposeid /Library/WebServer/Documents/cost/Application/Home/Controller/IcController.class.php 第 119 行.
NOTIC: [8] Undefined index: device_classid /Library/WebServer/Documents/cost/Application/Home/Controller/IcController.class.php 第 135 行.
NOTIC: [8] Undefined index: device_classid /Library/WebServer/Documents/cost/Application/Home/Controller/IcController.class.php 第 135 行.
NOTIC: [8] Undefined index: device_classid /Library/WebServer/Documents/cost/Application/Home/Controller/IcController.class.php 第 135 行.
NOTIC: [8] Undefined index: device_classid /Library/WebServer/Documents/cost/Application/Home/Controller/IcController.class.php 第 135 行.
NOTIC: [8] Undefined index: device_classid /Library/WebServer/Documents/cost/Application/Home/Controller/IcController.class.php 第 135 行.
NOTIC: [8] Undefined index: device_classid /Library/WebServer/Documents/cost/Application/Home/Controller/IcController.class.php 第 135 行.
NOTIC: [8] Undefined index: device_classid /Library/WebServer/Documents/cost/Application/Home/Controller/IcController.class.php 第 135 行.
NOTIC: [8] Undefined index: device_classid /Library/WebServer/Documents/cost/Application/Home/Controller/IcController.class.php 第 135 行.
NOTIC: [8] Undefined index: device_classid /Library/WebServer/Documents/cost/Application/Home/Controller/IcController.class.php 第 135 行.
NOTIC: [8] Undefined index: device_classid /Library/WebServer/Documents/cost/Application/Home/Controller/IcController.class.php 第 135 行.
NOTIC: [8] Undefined index: device_classid /Library/WebServer/Documents/cost/Application/Home/Controller/IcController.class.php 第 135 行.
NOTIC: [8] Undefined index: device_classid /Library/WebServer/Documents/cost/Application/Home/Controller/IcController.class.php 第 135 行.
NOTIC: [8] Undefined index: device_classid /Library/WebServer/Documents/cost/Application/Home/Controller/IcController.class.php 第 135 行.
NOTIC: [8] Undefined index: device_classid /Library/WebServer/Documents/cost/Application/Home/Controller/IcController.class.php 第 135 行.
NOTIC: [8] Undefined index: device_classid /Library/WebServer/Documents/cost/Application/Home/Controller/IcController.class.php 第 135 行.
NOTIC: [8] Undefined index: device_classid /Library/WebServer/Documents/cost/Application/Home/Controller/IcController.class.php 第 135 行.
NOTIC: [8] Undefined index: device_classid /Library/WebServer/Documents/cost/Application/Home/Controller/IcController.class.php 第 135 行.
NOTIC: [8] Undefined index: device_classid /Library/WebServer/Documents/cost/Application/Home/Controller/IcController.class.php 第 135 行.
NOTIC: [8] Undefined index: supplierid /Library/WebServer/Documents/cost/Application/Home/Controller/IcController.class.php 第 150 行.
NOTIC: [8] Undefined index: supplierid /Library/WebServer/Documents/cost/Application/Home/Controller/IcController.class.php 第 150 行.
NOTIC: [8] Undefined index: supplierid /Library/WebServer/Documents/cost/Application/Home/Controller/IcController.class.php 第 150 行.
NOTIC: [8] Undefined index: supplierid /Library/WebServer/Documents/cost/Application/Home/Controller/IcController.class.php 第 150 行.
NOTIC: [8] Undefined index: supplierid /Library/WebServer/Documents/cost/Application/Home/Controller/IcController.class.php 第 150 行.
NOTIC: [8] Undefined index: supplierid /Library/WebServer/Documents/cost/Application/Home/Controller/IcController.class.php 第 150 行.
NOTIC: [8] Undefined index: supplierid /Library/WebServer/Documents/cost/Application/Home/Controller/IcController.class.php 第 150 行.
NOTIC: [8] Undefined index: supplierid /Library/WebServer/Documents/cost/Application/Home/Controller/IcController.class.php 第 150 行.
NOTIC: [8] Undefined index: supplierid /Library/WebServer/Documents/cost/Application/Home/Controller/IcController.class.php 第 150 行.
NOTIC: [8] Undefined index: supplierid /Library/WebServer/Documents/cost/Application/Home/Controller/IcController.class.php 第 150 行.
NOTIC: [8] Undefined index: supplierid /Library/WebServer/Documents/cost/Application/Home/Controller/IcController.class.php 第 150 行.
NOTIC: [8] Undefined index: supplierid /Library/WebServer/Documents/cost/Application/Home/Controller/IcController.class.php 第 150 行.
NOTIC: [8] Undefined index: purchaid /Library/WebServer/Documents/cost/Application/Home/Controller/IcController.class.php 第 165 行.
NOTIC: [8] Undefined index: purchaid /Library/WebServer/Documents/cost/Application/Home/Controller/IcController.class.php 第 165 行.
NOTIC: [8] Undefined index: purchaid /Library/WebServer/Documents/cost/Application/Home/Controller/IcController.class.php 第 165 行.
NOTIC: [8] Undefined index: purchaid /Library/WebServer/Documents/cost/Application/Home/Controller/IcController.class.php 第 165 行.
NOTIC: [8] Undefined index: purchaid /Library/WebServer/Documents/cost/Application/Home/Controller/IcController.class.php 第 165 行.
NOTIC: [8] Undefined index: purchaid /Library/WebServer/Documents/cost/Application/Home/Controller/IcController.class.php 第 165 行.
NOTIC: [8] Undefined index: maintenanceid /Library/WebServer/Documents/cost/Application/Home/Controller/IcController.class.php 第 178 行.
NOTIC: [8] Undefined index: maintenanceid /Library/WebServer/Documents/cost/Application/Home/Controller/IcController.class.php 第 178 行.
NOTIC: [8] Undefined index: maintenanceid /Library/WebServer/Documents/cost/Application/Home/Controller/IcController.class.php 第 178 行.
NOTIC: [8] Undefined index: maintenanceid /Library/WebServer/Documents/cost/Application/Home/Controller/IcController.class.php 第 178 行.
NOTIC: [8] Undefined index: maintenanceid /Library/WebServer/Documents/cost/Application/Home/Controller/IcController.class.php 第 178 行.
NOTIC: [8] Undefined index: maintenanceid /Library/WebServer/Documents/cost/Application/Home/Controller/IcController.class.php 第 178 行.
SQL: SELECT COUNT(*) AS tp_count FROM `hr_icequipment_sub` WHERE `jgh` = '33001454' AND `equipmentid` = 1 AND `stats` = '0' LIMIT 1   [ RunTime:0.0003s ]
INFO: [ app_end ] --START--
INFO: Run Behavior\ShowPageTraceBehavior [ RunTime:0.000375s ]
INFO: [ app_end ] --END-- [ RunTime:0.000539s ]

[ 2019-12-03T12:14:03+08:00 ] ::1 /cost/index.php/Home/Ic/welcomes.html?page=1&limit=10
INFO: [ app_begin ] --START--
INFO: Run Behavior\ReadHtmlCacheBehavior [ RunTime:0.000442s ]
INFO: [ app_begin ] --END-- [ RunTime:0.000974s ]
SQL: SHOW COLUMNS FROM `hr_icequipment_sub` [ RunTime:0.0015s ]
SQL: SELECT * FROM `hr_icequipment_sub` WHERE `stats` = 0  [ RunTime:0.0003s ]
SQL: SHOW COLUMNS FROM `hr_icdevice` [ RunTime:0.0014s ]
SQL: SELECT * FROM `hr_icdevice`  [ RunTime:0.0003s ]
SQL: SHOW COLUMNS FROM `hr_icdevice_class` [ RunTime:0.0014s ]
SQL: SELECT * FROM `hr_icdevice_class`  [ RunTime:0.0003s ]
SQL: SHOW COLUMNS FROM `hr_icdispose` [ RunTime:0.0014s ]
SQL: SELECT * FROM `hr_icdispose`  [ RunTime:0.0003s ]
SQL: SHOW COLUMNS FROM `hr_icdevice_sub` [ RunTime:0.0016s ]
SQL: SELECT * FROM `hr_icdevice_sub`  [ RunTime:0.0003s ]
SQL: SHOW COLUMNS FROM `hr_icmaintenance` [ RunTime:0.0015s ]
SQL: SELECT * FROM `hr_icmaintenance`  [ RunTime:0.0002s ]
SQL: SHOW COLUMNS FROM `hr_icsupplier` [ RunTime:0.0015s ]
SQL: SELECT * FROM `hr_icsupplier`  [ RunTime:0.0002s ]
SQL: SHOW COLUMNS FROM `hr_icpurcha` [ RunTime:0.0014s ]
SQL: SELECT * FROM `hr_icpurcha`  [ RunTime:0.0003s ]
NOTIC: [8] Undefined index: cpu /Library/WebServer/Documents/cost/Application/Home/Controller/IcController.class.php 第 122 行.
NOTIC: [8] Undefined index: ram /Library/WebServer/Documents/cost/Application/Home/Controller/IcController.class.php 第 122 行.
NOTIC: [8] Undefined index: rom /Library/WebServer/Documents/cost/Application/Home/Controller/IcController.class.php 第 122 行.
NOTIC: [8] Undefined index: cpu /Library/WebServer/Documents/cost/Application/Home/Controller/IcController.class.php 第 122 行.
NOTIC: [8] Undefined index: ram /Library/WebServer/Documents/cost/Application/Home/Controller/IcController.class.php 第 122 行.
NOTIC: [8] Undefined index: rom /Library/WebServer/Documents/cost/Application/Home/Controller/IcController.class.php 第 122 行.
NOTIC: [8] Undefined index: cpu /Library/WebServer/Documents/cost/Application/Home/Controller/IcController.class.php 第 122 行.
NOTIC: [8] Undefined index: ram /Library/WebServer/Documents/cost/Application/Home/Controller/IcController.class.php 第 122 行.
NOTIC: [8] Undefined index: rom /Library/WebServer/Documents/cost/Application/Home/Controller/IcController.class.php 第 122 行.
NOTIC: [8] Undefined index: cpu /Library/WebServer/Documents/cost/Application/Home/Controller/IcController.class.php 第 122 行.
NOTIC: [8] Undefined index: ram /Library/WebServer/Documents/cost/Application/Home/Controller/IcController.class.php 第 122 行.
NOTIC: [8] Undefined index: rom /Library/WebServer/Documents/cost/Application/Home/Controller/IcController.class.php 第 122 行.
NOTIC: [8] Undefined index: cpu /Library/WebServer/Documents/cost/Application/Home/Controller/IcController.class.php 第 122 行.
NOTIC: [8] Undefined index: ram /Library/WebServer/Documents/cost/Application/Home/Controller/IcController.class.php 第 122 行.
NOTIC: [8] Undefined index: rom /Library/WebServer/Documents/cost/Application/Home/Controller/IcController.class.php 第 122 行.
NOTIC: [8] Undefined index: purchaid /Library/WebServer/Documents/cost/Application/Home/Controller/IcController.class.php 第 165 行.
NOTIC: [8] Undefined index: purchaid /Library/WebServer/Documents/cost/Application/Home/Controller/IcController.class.php 第 165 行.
NOTIC: [8] Undefined index: mianman /Library/WebServer/Documents/cost/Application/Home/Controller/IcController.class.php 第 182 行.
NOTIC: [8] Undefined index: mianman /Library/WebServer/Documents/cost/Application/Home/Controller/IcController.class.php 第 182 行.
NOTIC: [8] Undefined index: mianman /Library/WebServer/Documents/cost/Application/Home/Controller/IcController.class.php 第 182 行.
SQL: SHOW COLUMNS FROM `hr_icequipment` [ RunTime:0.0014s ]
SQL: SHOW COLUMNS FROM `hr_jrdanwei` [ RunTime:0.0013s ]
SQL: SELECT * FROM `hr_jrdanwei` WHERE ( jiagou = 'A1' )  [ RunTime:0.0003s ]
NOTIC: [8] Undefined offset: 1 /Library/WebServer/Documents/cost/Application/Home/Controller/IcController.class.php 第 214 行.
NOTIC: [8] Undefined offset: 2 /Library/WebServer/Documents/cost/Application/Home/Controller/IcController.class.php 第 214 行.
NOTIC: [8] Undefined offset: 3 /Library/WebServer/Documents/cost/Application/Home/Controller/IcController.class.php 第 214 行.
NOTIC: [8] Undefined index: dispose /Library/WebServer/Documents/cost/Application/Home/Controller/IcController.class.php 第 214 行.
NOTIC: [8] Undefined index: dispose /Library/WebServer/Documents/cost/Application/Home/Controller/IcController.class.php 第 214 行.
NOTIC: [8] Undefined index: dispose /Library/WebServer/Documents/cost/Application/Home/Controller/IcController.class.php 第 214 行.
NOTIC: [8] Undefined index: dispose /Library/WebServer/Documents/cost/Application/Home/Controller/IcController.class.php 第 214 行.
NOTIC: [8] Undefined offset: 9 /Library/WebServer/Documents/cost/Application/Home/Controller/IcController.class.php 第 214 行.
SQL: SELECT COUNT(*) AS tp_count FROM `hr_icequipment_sub` WHERE `stats` = 0 LIMIT 1   [ RunTime:0.0003s ]
INFO: [ app_end ] --START--
INFO: Run Behavior\ShowPageTraceBehavior [ RunTime:0.000444s ]
INFO: [ app_end ] --END-- [ RunTime:0.000651s ]

[ 2019-12-03T12:14:05+08:00 ] ::1 /cost/index.php/Home/Ic/equipment_tablemat?equipmentid=2
INFO: [ app_begin ] --START--
INFO: Run Behavior\ReadHtmlCacheBehavior [ RunTime:0.000330s ]
INFO: [ app_begin ] --END-- [ RunTime:0.000714s ]
SQL: SHOW COLUMNS FROM `hr_icequipment` [ RunTime:0.0014s ]
SQL: SELECT * FROM `hr_icequipment` WHERE `equipmentid` = 2  [ RunTime:0.0003s ]
SQL: SHOW COLUMNS FROM `hr_ictablemat_class` [ RunTime:0.0012s ]
SQL: SELECT * FROM `hr_ictablemat_class` WHERE `tablemat_classid` = 1 LIMIT 1   [ RunTime:0.0002s ]
INFO: [ app_end ] --START--
INFO: Run Behavior\ShowPageTraceBehavior [ RunTime:0.000327s ]
INFO: [ app_end ] --END-- [ RunTime:0.000501s ]

[ 2019-12-03T12:14:05+08:00 ] ::1 /cost/index.php/Home/Ic/equipment_subs.html?page=1&limit=15
INFO: [ app_begin ] --START--
INFO: Run Behavior\ReadHtmlCacheBehavior [ RunTime:0.000327s ]
INFO: [ app_begin ] --END-- [ RunTime:0.000720s ]
SQL: SHOW COLUMNS FROM `hr_icequipment_sub` [ RunTime:0.0014s ]
SQL: SELECT * FROM `hr_icequipment_sub` WHERE `jgh` = '33001516' AND `equipmentid` = 2 AND `stats` = '0'  [ RunTime:0.0003s ]
SQL: SHOW COLUMNS FROM `hr_ictablemat` [ RunTime:0.0014s ]
SQL: SELECT * FROM `hr_ictablemat` WHERE `tablemat_classid` = 1 AND `stats` = 0  [ RunTime:0.0004s ]
SQL: SHOW COLUMNS FROM `hr_icdevice` [ RunTime:0.0013s ]
SQL: SELECT * FROM `hr_icdevice`  [ RunTime:0.0002s ]
SQL: SHOW COLUMNS FROM `hr_icdevice_class` [ RunTime:0.0012s ]
SQL: SELECT * FROM `hr_icdevice_class`  [ RunTime:0.0002s ]
SQL: SHOW COLUMNS FROM `hr_icdispose` [ RunTime:0.0013s ]
SQL: SELECT * FROM `hr_icdispose`  [ RunTime:0.0002s ]
SQL: SHOW COLUMNS FROM `hr_icdevice_sub` [ RunTime:0.0014s ]
SQL: SELECT * FROM `hr_icdevice_sub`  [ RunTime:0.0002s ]
SQL: SHOW COLUMNS FROM `hr_icmaintenance` [ RunTime:0.0012s ]
SQL: SELECT * FROM `hr_icmaintenance`  [ RunTime:0.0002s ]
SQL: SHOW COLUMNS FROM `hr_icsupplier` [ RunTime:0.0011s ]
SQL: SELECT * FROM `hr_icsupplier`  [ RunTime:0.0002s ]
SQL: SHOW COLUMNS FROM `hr_icpurcha` [ RunTime:0.0013s ]
SQL: SELECT * FROM `hr_icpurcha`  [ RunTime:0.0002s ]
NOTIC: [8] Undefined index: cpu /Library/WebServer/Documents/cost/Application/Home/Controller/IcController.class.php 第 122 行.
NOTIC: [8] Undefined index: ram /Library/WebServer/Documents/cost/Application/Home/Controller/IcController.class.php 第 122 行.
NOTIC: [8] Undefined index: rom /Library/WebServer/Documents/cost/Application/Home/Controller/IcController.class.php 第 122 行.
NOTIC: [8] Undefined index: mianman /Library/WebServer/Documents/cost/Application/Home/Controller/IcController.class.php 第 182 行.
SQL: SELECT * FROM `hr_icdevice`  [ RunTime:0.0002s ]
SQL: SELECT * FROM `hr_icdevice_class`  [ RunTime:0.0001s ]
SQL: SELECT * FROM `hr_icdispose`  [ RunTime:0.0001s ]
SQL: SELECT * FROM `hr_icdevice_sub`  [ RunTime:0.0001s ]
SQL: SELECT * FROM `hr_icmaintenance`  [ RunTime:0.0001s ]
SQL: SELECT * FROM `hr_icsupplier`  [ RunTime:0.0002s ]
SQL: SELECT * FROM `hr_icpurcha`  [ RunTime:0.0001s ]
NOTIC: [8] Undefined index: device_subid /Library/WebServer/Documents/cost/Application/Home/Controller/IcController.class.php 第 81 行.
NOTIC: [8] Undefined index: device_subid /Library/WebServer/Documents/cost/Application/Home/Controller/IcController.class.php 第 81 行.
NOTIC: [8] Undefined index: device_subid /Library/WebServer/Documents/cost/Application/Home/Controller/IcController.class.php 第 81 行.
NOTIC: [8] Undefined index: device_subid /Library/WebServer/Documents/cost/Application/Home/Controller/IcController.class.php 第 81 行.
NOTIC: [8] Undefined index: device_subid /Library/WebServer/Documents/cost/Application/Home/Controller/IcController.class.php 第 81 行.
NOTIC: [8] Undefined index: device_subid /Library/WebServer/Documents/cost/Application/Home/Controller/IcController.class.php 第 81 行.
NOTIC: [8] Undefined index: device_subid /Library/WebServer/Documents/cost/Application/Home/Controller/IcController.class.php 第 81 行.
NOTIC: [8] Undefined index: device_subid /Library/WebServer/Documents/cost/Application/Home/Controller/IcController.class.php 第 81 行.
NOTIC: [8] Undefined index: device_subid /Library/WebServer/Documents/cost/Application/Home/Controller/IcController.class.php 第 81 行.
NOTIC: [8] Undefined index: device_subid /Library/WebServer/Documents/cost/Application/Home/Controller/IcController.class.php 第 81 行.
NOTIC: [8] Undefined index: device_subid /Library/WebServer/Documents/cost/Application/Home/Controller/IcController.class.php 第 81 行.
NOTIC: [8] Undefined index: device_subid /Library/WebServer/Documents/cost/Application/Home/Controller/IcController.class.php 第 81 行.
NOTIC: [8] Undefined index: device_subid /Library/WebServer/Documents/cost/Application/Home/Controller/IcController.class.php 第 81 行.
NOTIC: [8] Undefined index: device_subid /Library/WebServer/Documents/cost/Application/Home/Controller/IcController.class.php 第 81 行.
NOTIC: [8] Undefined index: device_subid /Library/WebServer/Documents/cost/Application/Home/Controller/IcController.class.php 第 81 行.
NOTIC: [8] Undefined index: device_subid /Library/WebServer/Documents/cost/Application/Home/Controller/IcController.class.php 第 81 行.
NOTIC: [8] Undefined index: device_subid /Library/WebServer/Documents/cost/Application/Home/Controller/IcController.class.php 第 81 行.
NOTIC: [8] Undefined index: device_subid /Library/WebServer/Documents/cost/Application/Home/Controller/IcController.class.php 第 81 行.
NOTIC: [8] Undefined index: device_subid /Library/WebServer/Documents/cost/Application/Home/Controller/IcController.class.php 第 81 行.
NOTIC: [8] Undefined index: device_subid /Library/WebServer/Documents/cost/Application/Home/Controller/IcController.class.php 第 81 行.
NOTIC: [8] Undefined index: device_subid /Library/WebServer/Documents/cost/Application/Home/Controller/IcController.class.php 第 81 行.
NOTIC: [8] Undefined index: device_subid /Library/WebServer/Documents/cost/Application/Home/Controller/IcController.class.php 第 81 行.
NOTIC: [8] Undefined index: device_subid /Library/WebServer/Documents/cost/Application/Home/Controller/IcController.class.php 第 81 行.
NOTIC: [8] Undefined index: device_subid /Library/WebServer/Documents/cost/Application/Home/Controller/IcController.class.php 第 81 行.
NOTIC: [8] Undefined index: disposeid /Library/WebServer/Documents/cost/Application/Home/Controller/IcController.class.php 第 119 行.
NOTIC: [8] Undefined index: disposeid /Library/WebServer/Documents/cost/Application/Home/Controller/IcController.class.php 第 119 行.
NOTIC: [8] Undefined index: disposeid /Library/WebServer/Documents/cost/Application/Home/Controller/IcController.class.php 第 119 行.
NOTIC: [8] Undefined index: disposeid /Library/WebServer/Documents/cost/Application/Home/Controller/IcController.class.php 第 119 行.
NOTIC: [8] Undefined index: disposeid /Library/WebServer/Documents/cost/Application/Home/Controller/IcController.class.php 第 119 行.
NOTIC: [8] Undefined index: disposeid /Library/WebServer/Documents/cost/Application/Home/Controller/IcController.class.php 第 119 行.
NOTIC: [8] Undefined index: disposeid /Library/WebServer/Documents/cost/Application/Home/Controller/IcController.class.php 第 119 行.
NOTIC: [8] Undefined index: disposeid /Library/WebServer/Documents/cost/Application/Home/Controller/IcController.class.php 第 119 行.
NOTIC: [8] Undefined index: disposeid /Library/WebServer/Documents/cost/Application/Home/Controller/IcController.class.php 第 119 行.
NOTIC: [8] Undefined index: disposeid /Library/WebServer/Documents/cost/Application/Home/Controller/IcController.class.php 第 119 行.
NOTIC: [8] Undefined index: disposeid /Library/WebServer/Documents/cost/Application/Home/Controller/IcController.class.php 第 119 行.
NOTIC: [8] Undefined index: disposeid /Library/WebServer/Documents/cost/Application/Home/Controller/IcController.class.php 第 119 行.
NOTIC: [8] Undefined index: device_classid /Library/WebServer/Documents/cost/Application/Home/Controller/IcController.class.php 第 135 行.
NOTIC: [8] Undefined index: device_classid /Library/WebServer/Documents/cost/Application/Home/Controller/IcController.class.php 第 135 行.
NOTIC: [8] Undefined index: device_classid /Library/WebServer/Documents/cost/Application/Home/Controller/IcController.class.php 第 135 行.
NOTIC: [8] Undefined index: device_classid /Library/WebServer/Documents/cost/Application/Home/Controller/IcController.class.php 第 135 行.
NOTIC: [8] Undefined index: device_classid /Library/WebServer/Documents/cost/Application/Home/Controller/IcController.class.php 第 135 行.
NOTIC: [8] Undefined index: device_classid /Library/WebServer/Documents/cost/Application/Home/Controller/IcController.class.php 第 135 行.
NOTIC: [8] Undefined index: device_classid /Library/WebServer/Documents/cost/Application/Home/Controller/IcController.class.php 第 135 行.
NOTIC: [8] Undefined index: device_classid /Library/WebServer/Documents/cost/Application/Home/Controller/IcController.class.php 第 135 行.
NOTIC: [8] Undefined index: device_classid /Library/WebServer/Documents/cost/Application/Home/Controller/IcController.class.php 第 135 行.
NOTIC: [8] Undefined index: device_classid /Library/WebServer/Documents/cost/Application/Home/Controller/IcController.class.php 第 135 行.
NOTIC: [8] Undefined index: device_classid /Library/WebServer/Documents/cost/Application/Home/Controller/IcController.class.php 第 135 行.
NOTIC: [8] Undefined index: device_classid /Library/WebServer/Documents/cost/Application/Home/Controller/IcController.class.php 第 135 行.
NOTIC: [8] Undefined index: device_classid /Library/WebServer/Documents/cost/Application/Home/Controller/IcController.class.php 第 135 行.
NOTIC: [8] Undefined index: device_classid /Library/WebServer/Documents/cost/Application/Home/Controller/IcController.class.php 第 135 行.
NOTIC: [8] Undefined index: device_classid /Library/WebServer/Documents/cost/Application/Home/Controller/IcController.class.php 第 135 行.
NOTIC: [8] Undefined index: device_classid /Library/WebServer/Documents/cost/Application/Home/Controller/IcController.class.php 第 135 行.
NOTIC: [8] Undefined index: device_classid /Library/WebServer/Documents/cost/Application/Home/Controller/IcController.class.php 第 135 行.
NOTIC: [8] Undefined index: device_classid /Library/WebServer/Documents/cost/Application/Home/Controller/IcController.class.php 第 135 行.
NOTIC: [8] Undefined index: supplierid /Library/WebServer/Documents/cost/Application/Home/Controller/IcController.class.php 第 150 行.
NOTIC: [8] Undefined index: supplierid /Library/WebServer/Documents/cost/Application/Home/Controller/IcController.class.php 第 150 行.
NOTIC: [8] Undefined index: supplierid /Library/WebServer/Documents/cost/Application/Home/Controller/IcController.class.php 第 150 行.
NOTIC: [8] Undefined index: supplierid /Library/WebServer/Documents/cost/Application/Home/Controller/IcController.class.php 第 150 行.
NOTIC: [8] Undefined index: supplierid /Library/WebServer/Documents/cost/Application/Home/Controller/IcController.class.php 第 150 行.
NOTIC: [8] Undefined index: supplierid /Library/WebServer/Documents/cost/Application/Home/Controller/IcController.class.php 第 150 行.
NOTIC: [8] Undefined index: supplierid /Library/WebServer/Documents/cost/Application/Home/Controller/IcController.class.php 第 150 行.
NOTIC: [8] Undefined index: supplierid /Library/WebServer/Documents/cost/Application/Home/Controller/IcController.class.php 第 150 行.
NOTIC: [8] Undefined index: supplierid /Library/WebServer/Documents/cost/Application/Home/Controller/IcController.class.php 第 150 行.
NOTIC: [8] Undefined index: supplierid /Library/WebServer/Documents/cost/Application/Home/Controller/IcController.class.php 第 150 行.
NOTIC: [8] Undefined index: supplierid /Library/WebServer/Documents/cost/Application/Home/Controller/IcController.class.php 第 150 行.
NOTIC: [8] Undefined index: supplierid /Library/WebServer/Documents/cost/Application/Home/Controller/IcController.class.php 第 150 行.
NOTIC: [8] Undefined index: purchaid /Library/WebServer/Documents/cost/Application/Home/Controller/IcController.class.php 第 165 行.
NOTIC: [8] Undefined index: purchaid /Library/WebServer/Documents/cost/Application/Home/Controller/IcController.class.php 第 165 行.
NOTIC: [8] Undefined index: purchaid /Library/WebServer/Documents/cost/Application/Home/Controller/IcController.class.php 第 165 行.
NOTIC: [8] Undefined index: purchaid /Library/WebServer/Documents/cost/Application/Home/Controller/IcController.class.php 第 165 行.
NOTIC: [8] Undefined index: purchaid /Library/WebServer/Documents/cost/Application/Home/Controller/IcController.class.php 第 165 行.
NOTIC: [8] Undefined index: purchaid /Library/WebServer/Documents/cost/Application/Home/Controller/IcController.class.php 第 165 行.
NOTIC: [8] Undefined index: maintenanceid /Library/WebServer/Documents/cost/Application/Home/Controller/IcController.class.php 第 178 行.
NOTIC: [8] Undefined index: maintenanceid /Library/WebServer/Documents/cost/Application/Home/Controller/IcController.class.php 第 178 行.
NOTIC: [8] Undefined index: maintenanceid /Library/WebServer/Documents/cost/Application/Home/Controller/IcController.class.php 第 178 行.
NOTIC: [8] Undefined index: maintenanceid /Library/WebServer/Documents/cost/Application/Home/Controller/IcController.class.php 第 178 行.
NOTIC: [8] Undefined index: maintenanceid /Library/WebServer/Documents/cost/Application/Home/Controller/IcController.class.php 第 178 行.
NOTIC: [8] Undefined index: maintenanceid /Library/WebServer/Documents/cost/Application/Home/Controller/IcController.class.php 第 178 行.
NOTIC: [8] Undefined index: mianphone /Library/WebServer/Documents/cost/Application/Home/Controller/IcController.class.php 第 284 行.
NOTIC: [8] Undefined index: dispose /Library/WebServer/Documents/cost/Application/Home/Controller/IcController.class.php 第 280 行.
NOTIC: [8] Undefined index: maintenance /Library/WebServer/Documents/cost/Application/Home/Controller/IcController.class.php 第 283 行.
NOTIC: [8] Undefined index: mianphone /Library/WebServer/Documents/cost/Application/Home/Controller/IcController.class.php 第 284 行.
NOTIC: [8] Undefined index: dispose /Library/WebServer/Documents/cost/Application/Home/Controller/IcController.class.php 第 280 行.
NOTIC: [8] Undefined index: maintenance /Library/WebServer/Documents/cost/Application/Home/Controller/IcController.class.php 第 283 行.
NOTIC: [8] Undefined index: mianphone /Library/WebServer/Documents/cost/Application/Home/Controller/IcController.class.php 第 284 行.
SQL: SELECT COUNT(*) AS tp_count FROM `hr_icequipment_sub` WHERE `jgh` = '33001516' AND `equipmentid` = 2 AND `stats` = '0' LIMIT 1   [ RunTime:0.0003s ]
INFO: [ app_end ] --START--
INFO: Run Behavior\ShowPageTraceBehavior [ RunTime:0.000367s ]
INFO: [ app_end ] --END-- [ RunTime:0.000531s ]

[ 2019-12-03T12:14:12+08:00 ] ::1 /cost/index.php/Home/Ic/welcomes.html?page=1&limit=10
INFO: [ app_begin ] --START--
INFO: Run Behavior\ReadHtmlCacheBehavior [ RunTime:0.000336s ]
INFO: [ app_begin ] --END-- [ RunTime:0.000721s ]
SQL: SHOW COLUMNS FROM `hr_icequipment_sub` [ RunTime:0.0014s ]
SQL: SELECT * FROM `hr_icequipment_sub` WHERE `stats` = 0  [ RunTime:0.0003s ]
SQL: SHOW COLUMNS FROM `hr_icdevice` [ RunTime:0.0014s ]
SQL: SELECT * FROM `hr_icdevice`  [ RunTime:0.0003s ]
SQL: SHOW COLUMNS FROM `hr_icdevice_class` [ RunTime:0.0014s ]
SQL: SELECT * FROM `hr_icdevice_class`  [ RunTime:0.0002s ]
SQL: SHOW COLUMNS FROM `hr_icdispose` [ RunTime:0.0013s ]
SQL: SELECT * FROM `hr_icdispose`  [ RunTime:0.0002s ]
SQL: SHOW COLUMNS FROM `hr_icdevice_sub` [ RunTime:0.0014s ]
SQL: SELECT * FROM `hr_icdevice_sub`  [ RunTime:0.0003s ]
SQL: SHOW COLUMNS FROM `hr_icmaintenance` [ RunTime:0.0015s ]
SQL: SELECT * FROM `hr_icmaintenance`  [ RunTime:0.0004s ]
SQL: SHOW COLUMNS FROM `hr_icsupplier` [ RunTime:0.0015s ]
SQL: SELECT * FROM `hr_icsupplier`  [ RunTime:0.0003s ]
SQL: SHOW COLUMNS FROM `hr_icpurcha` [ RunTime:0.0015s ]
SQL: SELECT * FROM `hr_icpurcha`  [ RunTime:0.0003s ]
NOTIC: [8] Undefined index: cpu /Library/WebServer/Documents/cost/Application/Home/Controller/IcController.class.php 第 122 行.
NOTIC: [8] Undefined index: ram /Library/WebServer/Documents/cost/Application/Home/Controller/IcController.class.php 第 122 行.
NOTIC: [8] Undefined index: rom /Library/WebServer/Documents/cost/Application/Home/Controller/IcController.class.php 第 122 行.
NOTIC: [8] Undefined index: cpu /Library/WebServer/Documents/cost/Application/Home/Controller/IcController.class.php 第 122 行.
NOTIC: [8] Undefined index: ram /Library/WebServer/Documents/cost/Application/Home/Controller/IcController.class.php 第 122 行.
NOTIC: [8] Undefined index: rom /Library/WebServer/Documents/cost/Application/Home/Controller/IcController.class.php 第 122 行.
NOTIC: [8] Undefined index: cpu /Library/WebServer/Documents/cost/Application/Home/Controller/IcController.class.php 第 122 行.
NOTIC: [8] Undefined index: ram /Library/WebServer/Documents/cost/Application/Home/Controller/IcController.class.php 第 122 行.
NOTIC: [8] Undefined index: rom /Library/WebServer/Documents/cost/Application/Home/Controller/IcController.class.php 第 122 行.
NOTIC: [8] Undefined index: cpu /Library/WebServer/Documents/cost/Application/Home/Controller/IcController.class.php 第 122 行.
NOTIC: [8] Undefined index: ram /Library/WebServer/Documents/cost/Application/Home/Controller/IcController.class.php 第 122 行.
NOTIC: [8] Undefined index: rom /Library/WebServer/Documents/cost/Application/Home/Controller/IcController.class.php 第 122 行.
NOTIC: [8] Undefined index: cpu /Library/WebServer/Documents/cost/Application/Home/Controller/IcController.class.php 第 122 行.
NOTIC: [8] Undefined index: ram /Library/WebServer/Documents/cost/Application/Home/Controller/IcController.class.php 第 122 行.
NOTIC: [8] Undefined index: rom /Library/WebServer/Documents/cost/Application/Home/Controller/IcController.class.php 第 122 行.
NOTIC: [8] Undefined index: purchaid /Library/WebServer/Documents/cost/Application/Home/Controller/IcController.class.php 第 165 行.
NOTIC: [8] Undefined index: purchaid /Library/WebServer/Documents/cost/Application/Home/Controller/IcController.class.php 第 165 行.
NOTIC: [8] Undefined index: mianman /Library/WebServer/Documents/cost/Application/Home/Controller/IcController.class.php 第 182 行.
NOTIC: [8] Undefined index: mianman /Library/WebServer/Documents/cost/Application/Home/Controller/IcController.class.php 第 182 行.
NOTIC: [8] Undefined index: mianman /Library/WebServer/Documents/cost/Application/Home/Controller/IcController.class.php 第 182 行.
SQL: SHOW COLUMNS FROM `hr_icequipment` [ RunTime:0.0015s ]
SQL: SHOW COLUMNS FROM `hr_jrdanwei` [ RunTime:0.0015s ]
SQL: SELECT * FROM `hr_jrdanwei` WHERE ( jiagou = 'A1' )  [ RunTime:0.0003s ]
NOTIC: [8] Undefined offset: 1 /Library/WebServer/Documents/cost/Application/Home/Controller/IcController.class.php 第 214 行.
NOTIC: [8] Undefined offset: 2 /Library/WebServer/Documents/cost/Application/Home/Controller/IcController.class.php 第 214 行.
NOTIC: [8] Undefined offset: 3 /Library/WebServer/Documents/cost/Application/Home/Controller/IcController.class.php 第 214 行.
NOTIC: [8] Undefined index: dispose /Library/WebServer/Documents/cost/Application/Home/Controller/IcController.class.php 第 214 行.
NOTIC: [8] Undefined index: dispose /Library/WebServer/Documents/cost/Application/Home/Controller/IcController.class.php 第 214 行.
NOTIC: [8] Undefined index: dispose /Library/WebServer/Documents/cost/Application/Home/Controller/IcController.class.php 第 214 行.
NOTIC: [8] Undefined index: dispose /Library/WebServer/Documents/cost/Application/Home/Controller/IcController.class.php 第 214 行.
NOTIC: [8] Undefined offset: 9 /Library/WebServer/Documents/cost/Application/Home/Controller/IcController.class.php 第 214 行.
SQL: SELECT COUNT(*) AS tp_count FROM `hr_icequipment_sub` WHERE `stats` = 0 LIMIT 1   [ RunTime:0.0003s ]
INFO: [ app_end ] --START--
INFO: Run Behavior\ShowPageTraceBehavior [ RunTime:0.000498s ]
INFO: [ app_end ] --END-- [ RunTime:0.000689s ]

