[ 2019-11-12T23:30:05+08:00 ] ::1 /cost/index.php/Home/Ic/index.html
ERR: 无法加载控制器:Ic

[ 2019-11-12T23:30:23+08:00 ] ::1 /cost/index.php/Home/Ic/page/welcome-1.html?mpi=m-p-i-0
ERR: 非法操作:page

[ 2019-11-12T23:30:32+08:00 ] ::1 /cost/index.php/Home/Ic/page/welcome-1.html?mpi=m-p-i-0
ERR: 非法操作:page

[ 2019-11-12T23:30:33+08:00 ] ::1 /cost/index.php/Home/Ic/page/welcome-1.html?mpi=m-p-i-0
ERR: 非法操作:page

[ 2019-11-12T23:30:34+08:00 ] ::1 /cost/index.php/Home/Ic/page/welcome-1.html?mpi=m-p-i-0
ERR: 非法操作:page

[ 2019-11-12T23:30:34+08:00 ] ::1 /cost/index.php/Home/Ic/page/welcome-1.html?mpi=m-p-i-0
ERR: 非法操作:page

[ 2019-11-12T23:30:34+08:00 ] ::1 /cost/index.php/Home/Ic/page/welcome-1.html?mpi=m-p-i-0
ERR: 非法操作:page

[ 2019-11-12T23:30:35+08:00 ] ::1 /cost/index.php/Home/Ic/page/welcome-1.html?mpi=m-p-i-0
ERR: 非法操作:page

[ 2019-11-12T23:30:35+08:00 ] ::1 /cost/index.php/Home/Ic/page/welcome-1.html?mpi=m-p-i-0
ERR: 非法操作:page

[ 2019-11-12T23:30:35+08:00 ] ::1 /cost/index.php/Home/Ic/page/welcome-1.html?mpi=m-p-i-0
ERR: 非法操作:page

[ 2019-11-12T23:30:35+08:00 ] ::1 /cost/index.php/Home/Ic/page/welcome-1.html?mpi=m-p-i-0
ERR: 非法操作:page

[ 2019-11-12T23:30:35+08:00 ] ::1 /cost/index.php/Home/Ic/page/welcome-1.html?mpi=m-p-i-0
ERR: 非法操作:page

[ 2019-11-12T23:30:35+08:00 ] ::1 /cost/index.php/Home/Ic/page/welcome-1.html?mpi=m-p-i-0
ERR: 非法操作:page

[ 2019-11-12T23:30:35+08:00 ] ::1 /cost/index.php/Home/Ic/page/welcome-1.html?mpi=m-p-i-0
ERR: 非法操作:page

[ 2019-11-12T23:31:52+08:00 ] ::1 /cost/index.php/Home/Ic/page/welcome-1.html?mpi=m-p-i-0
ERR: 非法操作:page

[ 2019-11-12T23:31:54+08:00 ] ::1 /cost/index.php/Home/Ic/api/clear.json
INFO: [ app_begin ] --START--
INFO: Run Behavior\ReadHtmlCacheBehavior [ RunTime:0.000332s ]
INFO: [ app_begin ] --END-- [ RunTime:0.000726s ]
ERR: 非法操作:api

[ 2019-11-12T23:31:56+08:00 ] ::1 /cost/index.php/Home/Ic/page/welcome-1.html?mpi=m-p-i-0
ERR: 非法操作:page

[ 2019-11-12T23:31:58+08:00 ] ::1 /cost/index.php/Home/Ic/page/welcome-1.html?mpi=m-p-i-1
INFO: [ app_begin ] --START--
INFO: Run Behavior\ReadHtmlCacheBehavior [ RunTime:0.000402s ]
INFO: [ app_begin ] --END-- [ RunTime:0.000803s ]
ERR: 非法操作:page

[ 2019-11-12T23:32:00+08:00 ] ::1 /cost/index.php/Home/Ic/page/welcome-2.html?mpi=m-p-i-2
INFO: [ app_begin ] --START--
INFO: Run Behavior\ReadHtmlCacheBehavior [ RunTime:0.000436s ]
INFO: [ app_begin ] --END-- [ RunTime:0.000801s ]
ERR: 非法操作:page

[ 2019-11-12T23:32:03+08:00 ] ::1 /cost/index.php/Home/Ic/page/form.html?mpi=m-p-i-6
INFO: [ app_begin ] --START--
INFO: Run Behavior\ReadHtmlCacheBehavior [ RunTime:0.000308s ]
INFO: [ app_begin ] --END-- [ RunTime:0.000649s ]
ERR: 非法操作:page

[ 2019-11-12T23:32:04+08:00 ] ::1 /cost/index.php/Home/Ic/page/form-step.html?mpi=m-p-i-7
INFO: [ app_begin ] --START--
INFO: Run Behavior\ReadHtmlCacheBehavior [ RunTime:0.000321s ]
INFO: [ app_begin ] --END-- [ RunTime:0.000688s ]
ERR: 非法操作:page

[ 2019-11-12T23:32:26+08:00 ] ::1 /cost/index.php/Home/Ic/page/welcome-1.html?mpi=m-p-i-0
ERR: 非法操作:page

[ 2019-11-12T23:33:53+08:00 ] ::1 /cost/index.php/Home/Ic/page/welcome-1.html?mpi=m-p-i-0
ERR: 非法操作:page

[ 2019-11-12T23:33:58+08:00 ] ::1 /cost/index.php/Home/Ic/login/login
ERR: 非法操作:login

[ 2019-11-12T23:34:19+08:00 ] ::1 /cost/index.php/Home/Ic/page/welcome-1.html?mpi=m-p-i-0
ERR: 非法操作:page

[ 2019-11-12T23:34:20+08:00 ] ::1 /cost/index.php/Home/Ic/page/welcome-1.html?mpi=m-p-i-0
ERR: 非法操作:page

[ 2019-11-12T23:34:26+08:00 ] ::1 /cost/index.php/Home/Ic/login/login
ERR: 非法操作:login

[ 2019-11-12T23:34:54+08:00 ] ::1 /cost/index.php/Home/Ic/login/login
ERR: 非法操作:login

[ 2019-11-12T23:34:56+08:00 ] ::1 /cost/index.php/Home/Ic/page/welcome-1.html?mpi=m-p-i-0
ERR: 非法操作:page

[ 2019-11-12T23:34:57+08:00 ] ::1 /cost/index.php/Home/Ic/page/welcome-1.html?mpi=m-p-i-0
ERR: 非法操作:page

[ 2019-11-12T23:35:03+08:00 ] ::1 /cost/index.php/Home/Ic/login
ERR: 非法操作:login

[ 2019-11-12T23:36:00+08:00 ] ::1 /cost/index.php/Home/Ic/page/welcome-1.html?mpi=m-p-i-0
ERR: 非法操作:page

[ 2019-11-12T23:38:23+08:00 ] ::1 /cost/index.php/Home/Ic/page/welcome-1.html?mpi=m-p-i-0
ERR: 非法操作:page

[ 2019-11-12T23:38:44+08:00 ] ::1 /cost/index.php/Home/Login/ic
ERR: 非法操作:ic

[ 2019-11-12T23:38:53+08:00 ] ::1 /cost/index.php/Home/Ic/page/welcome-1.html?mpi=m-p-i-0
ERR: 非法操作:page

[ 2019-11-12T23:39:12+08:00 ] ::1 /cost/index.php/Home/Ic/page/welcome-1.html?mpi=m-p-i-0
ERR: 非法操作:page

[ 2019-11-12T23:39:57+08:00 ] ::1 /cost/index.php/Home/Ic/page/welcome-1.html?mpi=m-p-i-0
ERR: 非法操作:page

[ 2019-11-12T23:40:02+08:00 ] ::1 /cost/index.php/Home/Ic/page/welcome-1.html?mpi=m-p-i-1
INFO: [ app_begin ] --START--
INFO: Run Behavior\ReadHtmlCacheBehavior [ RunTime:0.000308s ]
INFO: [ app_begin ] --END-- [ RunTime:0.000647s ]
ERR: 非法操作:page

[ 2019-11-12T23:43:44+08:00 ] ::1 /cost/index.php/Home/Ic/page/welcome-1.html?mpi=m-p-i-0
ERR: 非法操作:page

[ 2019-11-12T23:43:44+08:00 ] ::1 /cost/index.php/Home/Ic/page/welcome-1.html?mpi=m-p-i-0
INFO: [ app_begin ] --START--
INFO: Run Behavior\ReadHtmlCacheBehavior [ RunTime:0.000314s ]
INFO: [ app_begin ] --END-- [ RunTime:0.000690s ]
ERR: 非法操作:page

[ 2019-11-12T23:43:52+08:00 ] ::1 /cost/index.php/Home/Ic/page/welcome-1.html?mpi=m-p-i-0
ERR: 非法操作:page

[ 2019-11-12T23:43:52+08:00 ] ::1 /cost/index.php/Home/Ic/page/welcome-1.html?mpi=m-p-i-0
INFO: [ app_begin ] --START--
INFO: Run Behavior\ReadHtmlCacheBehavior [ RunTime:0.000303s ]
INFO: [ app_begin ] --END-- [ RunTime:0.000663s ]
ERR: 非法操作:page

[ 2019-11-12T23:43:52+08:00 ] ::1 /cost/index.php/Home/Ic/page/welcome-1.html?mpi=m-p-i-0
ERR: 非法操作:page

[ 2019-11-12T23:43:52+08:00 ] ::1 /cost/index.php/Home/Ic/page/welcome-1.html?mpi=m-p-i-0
INFO: [ app_begin ] --START--
INFO: Run Behavior\ReadHtmlCacheBehavior [ RunTime:0.000278s ]
INFO: [ app_begin ] --END-- [ RunTime:0.000596s ]
ERR: 非法操作:page

[ 2019-11-12T23:43:53+08:00 ] ::1 /cost/index.php/Home/Ic/page/welcome-1.html?mpi=m-p-i-0
ERR: 非法操作:page

[ 2019-11-12T23:43:53+08:00 ] ::1 /cost/index.php/Home/Ic/page/welcome-1.html?mpi=m-p-i-0
INFO: [ app_begin ] --START--
INFO: Run Behavior\ReadHtmlCacheBehavior [ RunTime:0.000287s ]
INFO: [ app_begin ] --END-- [ RunTime:0.000609s ]
ERR: 非法操作:page

[ 2019-11-12T23:44:12+08:00 ] ::1 /cost/index.php/Home/Ic/page/welcome-1.html?mpi=m-p-i-0
ERR: 非法操作:page

[ 2019-11-12T23:44:15+08:00 ] ::1 /cost/index.php/Home/Ic/page/welcome-2.html?mpi=m-p-i-2
INFO: [ app_begin ] --START--
INFO: Run Behavior\ReadHtmlCacheBehavior [ RunTime:0.000305s ]
INFO: [ app_begin ] --END-- [ RunTime:0.000643s ]
ERR: 非法操作:page

[ 2019-11-12T23:44:17+08:00 ] ::1 /cost/index.php/Home/Ic/%7B:U('Ic/index')%7D?mpi=m-p-i-1
INFO: [ app_begin ] --START--
INFO: Run Behavior\ReadHtmlCacheBehavior [ RunTime:0.000328s ]
INFO: [ app_begin ] --END-- [ RunTime:0.000701s ]
ERR: 非法操作:{:U('Ic

[ 2019-11-12T23:44:19+08:00 ] ::1 /cost/index.php/Home/Ic/%7B:U('Ic/index')%7D?mpi=m-p-i-1
INFO: [ app_begin ] --START--
INFO: Run Behavior\ReadHtmlCacheBehavior [ RunTime:0.000334s ]
INFO: [ app_begin ] --END-- [ RunTime:0.000707s ]
ERR: 非法操作:{:U('Ic

[ 2019-11-12T23:44:34+08:00 ] ::1 /cost/index.php/Home/Ic/page/welcome-1.html?mpi=m-p-i-0
ERR: 非法操作:page

[ 2019-11-12T23:44:36+08:00 ] ::1 /cost/index.php/Home/Ic/%7B:U('Ic/index')%7D?mpi=m-p-i-1
INFO: [ app_begin ] --START--
INFO: Run Behavior\ReadHtmlCacheBehavior [ RunTime:0.000327s ]
INFO: [ app_begin ] --END-- [ RunTime:0.000687s ]
ERR: 非法操作:{:U('Ic

[ 2019-11-12T23:45:12+08:00 ] ::1 /cost/index.php/Home/Ic/page/welcome-1.html?mpi=m-p-i-0
ERR: 非法操作:page

[ 2019-11-12T23:45:14+08:00 ] ::1 /cost/index.php/Home/Ic/index?mpi=m-p-i-1
INFO: [ app_begin ] --START--
INFO: Run Behavior\ReadHtmlCacheBehavior [ RunTime:0.000353s ]
INFO: [ app_begin ] --END-- [ RunTime:0.000773s ]
INFO: [ view_parse ] --START--
INFO: [ template_filter ] --START--
INFO: Run Behavior\ContentReplaceBehavior [ RunTime:0.000096s ]
INFO: [ template_filter ] --END-- [ RunTime:0.000276s ]
INFO: Run Behavior\ParseTemplateBehavior [ RunTime:0.004647s ]
INFO: [ view_parse ] --END-- [ RunTime:0.004824s ]
INFO: [ view_filter ] --START--
INFO: Run Behavior\WriteHtmlCacheBehavior [ RunTime:0.000195s ]
INFO: [ view_filter ] --END-- [ RunTime:0.000363s ]
INFO: [ app_end ] --START--
INFO: Run Behavior\ShowPageTraceBehavior [ RunTime:0.000358s ]
INFO: [ app_end ] --END-- [ RunTime:0.000536s ]

[ 2019-11-12T23:45:14+08:00 ] ::1 /cost/index.php/Home/Ic/page/welcome-1.html?mpi=m-p-i-0
ERR: 非法操作:page

[ 2019-11-12T23:45:23+08:00 ] ::1 /cost/index.php/Home/Ic/page/form.html?mpi=m-p-i-8
INFO: [ app_begin ] --START--
INFO: Run Behavior\ReadHtmlCacheBehavior [ RunTime:0.000407s ]
INFO: [ app_begin ] --END-- [ RunTime:0.000850s ]
ERR: 非法操作:page

[ 2019-11-12T23:46:35+08:00 ] ::1 /cost/index.php/Home/Ic/page/welcome-1.html?mpi=m-p-i-0
ERR: 非法操作:page

[ 2019-11-12T23:46:35+08:00 ] ::1 /cost/index.php/Home/Ic/index?mpi=m-p-i-1
INFO: [ app_begin ] --START--
INFO: Run Behavior\ReadHtmlCacheBehavior [ RunTime:0.000370s ]
INFO: [ app_begin ] --END-- [ RunTime:0.000878s ]
INFO: [ view_parse ] --START--
INFO: [ template_filter ] --START--
INFO: Run Behavior\ContentReplaceBehavior [ RunTime:0.000076s ]
INFO: [ template_filter ] --END-- [ RunTime:0.000231s ]
INFO: Run Behavior\ParseTemplateBehavior [ RunTime:0.003825s ]
INFO: [ view_parse ] --END-- [ RunTime:0.003984s ]
INFO: [ view_filter ] --START--
INFO: Run Behavior\WriteHtmlCacheBehavior [ RunTime:0.000165s ]
INFO: [ view_filter ] --END-- [ RunTime:0.000315s ]
INFO: [ app_end ] --START--
INFO: Run Behavior\ShowPageTraceBehavior [ RunTime:0.000285s ]
INFO: [ app_end ] --END-- [ RunTime:0.000442s ]

[ 2019-11-12T23:46:35+08:00 ] ::1 /cost/index.php/Home/Ic/page/welcome-1.html?mpi=m-p-i-0
ERR: 非法操作:page

[ 2019-11-12T23:46:38+08:00 ] ::1 /cost/index.php/Home/Ic/table?mpi=m-p-i-1
INFO: [ app_begin ] --START--
INFO: Run Behavior\ReadHtmlCacheBehavior [ RunTime:0.000403s ]
INFO: [ app_begin ] --END-- [ RunTime:0.000857s ]
INFO: [ view_parse ] --START--
INFO: [ template_filter ] --START--
INFO: Run Behavior\ContentReplaceBehavior [ RunTime:0.000077s ]
INFO: [ template_filter ] --END-- [ RunTime:0.000238s ]
INFO: Run Behavior\ParseTemplateBehavior [ RunTime:0.003777s ]
INFO: [ view_parse ] --END-- [ RunTime:0.003943s ]
INFO: [ view_filter ] --START--
INFO: Run Behavior\WriteHtmlCacheBehavior [ RunTime:0.000172s ]
INFO: [ view_filter ] --END-- [ RunTime:0.000329s ]
INFO: [ app_end ] --START--
INFO: Run Behavior\ShowPageTraceBehavior [ RunTime:0.000289s ]
INFO: [ app_end ] --END-- [ RunTime:0.000453s ]

[ 2019-11-12T23:46:38+08:00 ] ::1 /cost/index.php/Home/lib/layui-v2.5.4/css/layui.css
ERR: 无法加载控制器:Lib

[ 2019-11-12T23:46:38+08:00 ] ::1 /cost/index.php/Home/css/public.css
ERR: 无法加载控制器:Css

[ 2019-11-12T23:46:38+08:00 ] ::1 /cost/index.php/Home/lib/layui-v2.5.4/layui.js
ERR: 无法加载控制器:Lib

[ 2019-11-12T23:46:41+08:00 ] ::1 /cost/index.php/Home/Ic/table-select?mpi=m-p-i-2
INFO: [ app_begin ] --START--
INFO: Run Behavior\ReadHtmlCacheBehavior [ RunTime:0.000294s ]
INFO: [ app_begin ] --END-- [ RunTime:0.000634s ]
INFO: [ view_parse ] --START--
INFO: [ template_filter ] --START--
INFO: Run Behavior\ContentReplaceBehavior [ RunTime:0.000081s ]
INFO: [ template_filter ] --END-- [ RunTime:0.000252s ]
INFO: Run Behavior\ParseTemplateBehavior [ RunTime:0.003959s ]
INFO: [ view_parse ] --END-- [ RunTime:0.004147s ]
INFO: [ view_filter ] --START--
INFO: Run Behavior\WriteHtmlCacheBehavior [ RunTime:0.000191s ]
INFO: [ view_filter ] --END-- [ RunTime:0.000362s ]
INFO: [ app_end ] --START--
INFO: Run Behavior\ShowPageTraceBehavior [ RunTime:0.000332s ]
INFO: [ app_end ] --END-- [ RunTime:0.000494s ]

[ 2019-11-12T23:46:41+08:00 ] ::1 /cost/index.php/Home/css/public.css
ERR: 无法加载控制器:Css

[ 2019-11-12T23:46:41+08:00 ] ::1 /cost/index.php/Home/lib/layui-v2.5.4/css/layui.css
ERR: 无法加载控制器:Lib

[ 2019-11-12T23:46:41+08:00 ] ::1 /cost/index.php/Home/lib/layui-v2.5.4/layui.js
ERR: 无法加载控制器:Lib

[ 2019-11-12T23:46:41+08:00 ] ::1 /cost/index.php/Home/js/lay-config.js?v=1.0.4
ERR: 无法加载控制器:Js

[ 2019-11-12T23:46:44+08:00 ] ::1 /cost/index.php/Home/Ic/table?mpi=m-p-i-1
INFO: [ app_begin ] --START--
INFO: Run Behavior\ReadHtmlCacheBehavior [ RunTime:0.000320s ]
INFO: [ app_begin ] --END-- [ RunTime:0.000753s ]
INFO: [ view_parse ] --START--
INFO: [ template_filter ] --START--
INFO: Run Behavior\ContentReplaceBehavior [ RunTime:0.000078s ]
INFO: [ template_filter ] --END-- [ RunTime:0.000240s ]
INFO: Run Behavior\ParseTemplateBehavior [ RunTime:0.003866s ]
INFO: [ view_parse ] --END-- [ RunTime:0.004043s ]
INFO: [ view_filter ] --START--
INFO: Run Behavior\WriteHtmlCacheBehavior [ RunTime:0.000187s ]
INFO: [ view_filter ] --END-- [ RunTime:0.000350s ]
INFO: [ app_end ] --START--
INFO: Run Behavior\ShowPageTraceBehavior [ RunTime:0.000326s ]
INFO: [ app_end ] --END-- [ RunTime:0.000492s ]

[ 2019-11-12T23:47:56+08:00 ] ::1 /cost/index.php/Home/Ic/page/welcome-1.html?mpi=m-p-i-0
ERR: 非法操作:page

[ 2019-11-12T23:47:56+08:00 ] ::1 /cost/index.php/Home/Ic/table?mpi=m-p-i-1
INFO: [ app_begin ] --START--
INFO: Run Behavior\ReadHtmlCacheBehavior [ RunTime:0.000314s ]
INFO: [ app_begin ] --END-- [ RunTime:0.000685s ]
INFO: [ view_parse ] --START--
INFO: [ template_filter ] --START--
INFO: Run Behavior\ContentReplaceBehavior [ RunTime:0.000075s ]
INFO: [ template_filter ] --END-- [ RunTime:0.000230s ]
INFO: Run Behavior\ParseTemplateBehavior [ RunTime:0.003735s ]
INFO: [ view_parse ] --END-- [ RunTime:0.003903s ]
INFO: [ view_filter ] --START--
INFO: Run Behavior\WriteHtmlCacheBehavior [ RunTime:0.000171s ]
INFO: [ view_filter ] --END-- [ RunTime:0.000320s ]
INFO: [ app_end ] --START--
INFO: Run Behavior\ShowPageTraceBehavior [ RunTime:0.000297s ]
INFO: [ app_end ] --END-- [ RunTime:0.000451s ]

[ 2019-11-12T23:47:56+08:00 ] ::1 /cost/index.php/Home/lib/layui-v2.5.4/css/layui.css
ERR: 无法加载控制器:Lib

[ 2019-11-12T23:47:56+08:00 ] ::1 /cost/index.php/Home/css/public.css
ERR: 无法加载控制器:Css

[ 2019-11-12T23:47:56+08:00 ] ::1 /cost/index.php/Home/lib/layui-v2.5.4/layui.js
ERR: 无法加载控制器:Lib

[ 2019-11-12T23:47:58+08:00 ] ::1 /cost/index.php/Home/Ic/page/welcome-1.html?mpi=m-p-i-0
ERR: 非法操作:page

[ 2019-11-12T23:47:58+08:00 ] ::1 /cost/index.php/Home/Ic/table?mpi=m-p-i-1
INFO: [ app_begin ] --START--
INFO: Run Behavior\ReadHtmlCacheBehavior [ RunTime:0.000302s ]
INFO: [ app_begin ] --END-- [ RunTime:0.000630s ]
INFO: [ view_parse ] --START--
INFO: [ template_filter ] --START--
INFO: Run Behavior\ContentReplaceBehavior [ RunTime:0.000080s ]
INFO: [ template_filter ] --END-- [ RunTime:0.000243s ]
INFO: Run Behavior\ParseTemplateBehavior [ RunTime:0.003874s ]
INFO: [ view_parse ] --END-- [ RunTime:0.004034s ]
INFO: [ view_filter ] --START--
INFO: Run Behavior\WriteHtmlCacheBehavior [ RunTime:0.000187s ]
INFO: [ view_filter ] --END-- [ RunTime:0.000346s ]
INFO: [ app_end ] --START--
INFO: Run Behavior\ShowPageTraceBehavior [ RunTime:0.000329s ]
INFO: [ app_end ] --END-- [ RunTime:0.000492s ]

[ 2019-11-12T23:47:58+08:00 ] ::1 /cost/index.php/Home/css/public.css
ERR: 无法加载控制器:Css

[ 2019-11-12T23:47:58+08:00 ] ::1 /cost/index.php/Home/lib/layui-v2.5.4/layui.js
ERR: 无法加载控制器:Lib

[ 2019-11-12T23:47:58+08:00 ] ::1 /cost/index.php/Home/lib/layui-v2.5.4/css/layui.css
ERR: 无法加载控制器:Lib

[ 2019-11-12T23:47:59+08:00 ] ::1 /cost/index.php/Home/Ic/table-select?mpi=m-p-i-2
INFO: [ app_begin ] --START--
INFO: Run Behavior\ReadHtmlCacheBehavior [ RunTime:0.000311s ]
INFO: [ app_begin ] --END-- [ RunTime:0.000661s ]
INFO: [ view_parse ] --START--
INFO: [ template_filter ] --START--
INFO: Run Behavior\ContentReplaceBehavior [ RunTime:0.000087s ]
INFO: [ template_filter ] --END-- [ RunTime:0.000276s ]
INFO: Run Behavior\ParseTemplateBehavior [ RunTime:0.004324s ]
INFO: [ view_parse ] --END-- [ RunTime:0.004513s ]
INFO: [ view_filter ] --START--
INFO: Run Behavior\WriteHtmlCacheBehavior [ RunTime:0.000199s ]
INFO: [ view_filter ] --END-- [ RunTime:0.000378s ]
INFO: [ app_end ] --START--
INFO: Run Behavior\ShowPageTraceBehavior [ RunTime:0.000355s ]
INFO: [ app_end ] --END-- [ RunTime:0.000532s ]

[ 2019-11-12T23:48:35+08:00 ] ::1 /cost/index.php/Home/Ic/page/welcome-1.html?mpi=m-p-i-0
ERR: 非法操作:page

[ 2019-11-12T23:48:35+08:00 ] ::1 /cost/index.php/Home/Ic/table-select?mpi=m-p-i-2
INFO: [ app_begin ] --START--
INFO: Run Behavior\ReadHtmlCacheBehavior [ RunTime:0.000284s ]
INFO: [ app_begin ] --END-- [ RunTime:0.000609s ]
INFO: [ view_parse ] --START--
INFO: [ template_filter ] --START--
INFO: Run Behavior\ContentReplaceBehavior [ RunTime:0.000071s ]
INFO: [ template_filter ] --END-- [ RunTime:0.000220s ]
INFO: Run Behavior\ParseTemplateBehavior [ RunTime:0.003587s ]
INFO: [ view_parse ] --END-- [ RunTime:0.003747s ]
INFO: [ view_filter ] --START--
INFO: Run Behavior\WriteHtmlCacheBehavior [ RunTime:0.000191s ]
INFO: [ view_filter ] --END-- [ RunTime:0.000346s ]
INFO: [ app_end ] --START--
INFO: Run Behavior\ShowPageTraceBehavior [ RunTime:0.000325s ]
INFO: [ app_end ] --END-- [ RunTime:0.000480s ]

[ 2019-11-12T23:48:37+08:00 ] ::1 /cost/index.php/Home/Ic/table?mpi=m-p-i-1
INFO: [ app_begin ] --START--
INFO: Run Behavior\ReadHtmlCacheBehavior [ RunTime:0.000316s ]
INFO: [ app_begin ] --END-- [ RunTime:0.000676s ]
INFO: [ view_parse ] --START--
INFO: [ template_filter ] --START--
INFO: Run Behavior\ContentReplaceBehavior [ RunTime:0.000087s ]
INFO: [ template_filter ] --END-- [ RunTime:0.000267s ]
INFO: Run Behavior\ParseTemplateBehavior [ RunTime:0.004072s ]
INFO: [ view_parse ] --END-- [ RunTime:0.004254s ]
INFO: [ view_filter ] --START--
INFO: Run Behavior\WriteHtmlCacheBehavior [ RunTime:0.000186s ]
INFO: [ view_filter ] --END-- [ RunTime:0.000359s ]
INFO: [ app_end ] --START--
INFO: Run Behavior\ShowPageTraceBehavior [ RunTime:0.000319s ]
INFO: [ app_end ] --END-- [ RunTime:0.000500s ]

[ 2019-11-12T23:49:53+08:00 ] ::1 /cost/index.php/Home/Ic/table-select?mpi=m-p-i-2
INFO: [ app_begin ] --START--
INFO: Run Behavior\ReadHtmlCacheBehavior [ RunTime:0.000318s ]
INFO: [ app_begin ] --END-- [ RunTime:0.000680s ]
INFO: [ view_parse ] --START--
INFO: [ template_filter ] --START--
INFO: Run Behavior\ContentReplaceBehavior [ RunTime:0.000079s ]
INFO: [ template_filter ] --END-- [ RunTime:0.000245s ]
INFO: Run Behavior\ParseTemplateBehavior [ RunTime:0.003800s ]
INFO: [ view_parse ] --END-- [ RunTime:0.003969s ]
INFO: [ view_filter ] --START--
INFO: Run Behavior\WriteHtmlCacheBehavior [ RunTime:0.000185s ]
INFO: [ view_filter ] --END-- [ RunTime:0.000340s ]
INFO: [ app_end ] --START--
INFO: Run Behavior\ShowPageTraceBehavior [ RunTime:0.000312s ]
INFO: [ app_end ] --END-- [ RunTime:0.000477s ]

[ 2019-11-12T23:49:54+08:00 ] ::1 /cost/index.php/Home/Ic/table?mpi=m-p-i-1
INFO: [ app_begin ] --START--
INFO: Run Behavior\ReadHtmlCacheBehavior [ RunTime:0.000319s ]
INFO: [ app_begin ] --END-- [ RunTime:0.000688s ]
INFO: [ view_parse ] --START--
INFO: [ template_filter ] --START--
INFO: Run Behavior\ContentReplaceBehavior [ RunTime:0.000093s ]
INFO: [ template_filter ] --END-- [ RunTime:0.000275s ]
INFO: Run Behavior\ParseTemplateBehavior [ RunTime:0.004529s ]
INFO: [ view_parse ] --END-- [ RunTime:0.004707s ]
INFO: [ view_filter ] --START--
INFO: Run Behavior\WriteHtmlCacheBehavior [ RunTime:0.000200s ]
INFO: [ view_filter ] --END-- [ RunTime:0.000359s ]
INFO: [ app_end ] --START--
INFO: Run Behavior\ShowPageTraceBehavior [ RunTime:0.000351s ]
INFO: [ app_end ] --END-- [ RunTime:0.000530s ]

[ 2019-11-12T23:50:11+08:00 ] ::1 /cost/index.php/Home/Ic/table-select?mpi=m-p-i-2
INFO: [ app_begin ] --START--
INFO: Run Behavior\ReadHtmlCacheBehavior [ RunTime:0.000334s ]
INFO: [ app_begin ] --END-- [ RunTime:0.000705s ]
INFO: [ view_parse ] --START--
INFO: [ template_filter ] --START--
INFO: Run Behavior\ContentReplaceBehavior [ RunTime:0.000079s ]
INFO: [ template_filter ] --END-- [ RunTime:0.000245s ]
INFO: Run Behavior\ParseTemplateBehavior [ RunTime:0.003781s ]
INFO: [ view_parse ] --END-- [ RunTime:0.003948s ]
INFO: [ view_filter ] --START--
INFO: Run Behavior\WriteHtmlCacheBehavior [ RunTime:0.000190s ]
INFO: [ view_filter ] --END-- [ RunTime:0.000348s ]
INFO: [ app_end ] --START--
INFO: Run Behavior\ShowPageTraceBehavior [ RunTime:0.000320s ]
INFO: [ app_end ] --END-- [ RunTime:0.000496s ]

[ 2019-11-12T23:50:12+08:00 ] ::1 /cost/index.php/Home/Ic/table?mpi=m-p-i-1
INFO: [ app_begin ] --START--
INFO: Run Behavior\ReadHtmlCacheBehavior [ RunTime:0.000332s ]
INFO: [ app_begin ] --END-- [ RunTime:0.000704s ]
INFO: [ view_parse ] --START--
INFO: [ template_filter ] --START--
INFO: Run Behavior\ContentReplaceBehavior [ RunTime:0.000085s ]
INFO: [ template_filter ] --END-- [ RunTime:0.000259s ]
INFO: Run Behavior\ParseTemplateBehavior [ RunTime:0.004124s ]
INFO: [ view_parse ] --END-- [ RunTime:0.004305s ]
INFO: [ view_filter ] --START--
INFO: Run Behavior\WriteHtmlCacheBehavior [ RunTime:0.000199s ]
INFO: [ view_filter ] --END-- [ RunTime:0.000371s ]
INFO: [ app_end ] --START--
INFO: Run Behavior\ShowPageTraceBehavior [ RunTime:0.000343s ]
INFO: [ app_end ] --END-- [ RunTime:0.000524s ]

[ 2019-11-12T23:50:13+08:00 ] ::1 /cost/index.php/Home/Ic/table-select?mpi=m-p-i-2
INFO: [ app_begin ] --START--
INFO: Run Behavior\ReadHtmlCacheBehavior [ RunTime:0.000317s ]
INFO: [ app_begin ] --END-- [ RunTime:0.000701s ]
INFO: [ view_parse ] --START--
INFO: [ template_filter ] --START--
INFO: Run Behavior\ContentReplaceBehavior [ RunTime:0.000090s ]
INFO: [ template_filter ] --END-- [ RunTime:0.000269s ]
INFO: Run Behavior\ParseTemplateBehavior [ RunTime:0.003953s ]
INFO: [ view_parse ] --END-- [ RunTime:0.004130s ]
INFO: [ view_filter ] --START--
INFO: Run Behavior\WriteHtmlCacheBehavior [ RunTime:0.000197s ]
INFO: [ view_filter ] --END-- [ RunTime:0.000366s ]
INFO: [ app_end ] --START--
INFO: Run Behavior\ShowPageTraceBehavior [ RunTime:0.000342s ]
INFO: [ app_end ] --END-- [ RunTime:0.000523s ]

[ 2019-11-12T23:50:28+08:00 ] ::1 /cost/index.php/Home/Ic/table?mpi=m-p-i-1
INFO: [ app_begin ] --START--
INFO: Run Behavior\ReadHtmlCacheBehavior [ RunTime:0.000337s ]
INFO: [ app_begin ] --END-- [ RunTime:0.000711s ]
INFO: [ view_parse ] --START--
INFO: [ template_filter ] --START--
INFO: Run Behavior\ContentReplaceBehavior [ RunTime:0.000080s ]
INFO: [ template_filter ] --END-- [ RunTime:0.000248s ]
INFO: Run Behavior\ParseTemplateBehavior [ RunTime:0.004025s ]
INFO: [ view_parse ] --END-- [ RunTime:0.004197s ]
INFO: [ view_filter ] --START--
INFO: Run Behavior\WriteHtmlCacheBehavior [ RunTime:0.000194s ]
INFO: [ view_filter ] --END-- [ RunTime:0.000352s ]
INFO: [ app_end ] --START--
INFO: Run Behavior\ShowPageTraceBehavior [ RunTime:0.000319s ]
INFO: [ app_end ] --END-- [ RunTime:0.000484s ]

[ 2019-11-12T23:53:21+08:00 ] ::1 /cost/index.php/Home/Ic/page/welcome-1.html?mpi=m-p-i-0
ERR: 非法操作:page

[ 2019-11-12T23:53:21+08:00 ] ::1 /cost/index.php/Home/Ic/table?mpi=m-p-i-1
INFO: [ app_begin ] --START--
INFO: Run Behavior\ReadHtmlCacheBehavior [ RunTime:0.000373s ]
INFO: [ app_begin ] --END-- [ RunTime:0.000757s ]
INFO: [ view_parse ] --START--
INFO: [ template_filter ] --START--
INFO: Run Behavior\ContentReplaceBehavior [ RunTime:0.000077s ]
INFO: [ template_filter ] --END-- [ RunTime:0.000237s ]
INFO: Run Behavior\ParseTemplateBehavior [ RunTime:0.004309s ]
INFO: [ view_parse ] --END-- [ RunTime:0.004476s ]
INFO: [ view_filter ] --START--
INFO: Run Behavior\WriteHtmlCacheBehavior [ RunTime:0.000169s ]
INFO: [ view_filter ] --END-- [ RunTime:0.000327s ]
INFO: [ app_end ] --START--
INFO: Run Behavior\ShowPageTraceBehavior [ RunTime:0.000307s ]
INFO: [ app_end ] --END-- [ RunTime:0.000467s ]

[ 2019-11-12T23:53:21+08:00 ] ::1 /cost/index.php/Home/Ic/tables.html?page=1&limit=15
INFO: [ app_begin ] --START--
INFO: Run Behavior\ReadHtmlCacheBehavior [ RunTime:0.000306s ]
INFO: [ app_begin ] --END-- [ RunTime:0.000655s ]
SQL: SHOW COLUMNS FROM `hr_icdevice` [ RunTime:0.0013s ]
SQL: SELECT * FROM `hr_icdevice`  [ RunTime:0.0002s ]
INFO: [ app_end ] --START--
INFO: Run Behavior\ShowPageTraceBehavior [ RunTime:0.000340s ]
INFO: [ app_end ] --END-- [ RunTime:0.000538s ]

[ 2019-11-12T23:54:04+08:00 ] ::1 /cost/index.php/Home/Ic/page/welcome-1.html?mpi=m-p-i-0
ERR: 非法操作:page

[ 2019-11-12T23:54:04+08:00 ] ::1 /cost/index.php/Home/Ic/table?mpi=m-p-i-1
INFO: [ app_begin ] --START--
INFO: Run Behavior\ReadHtmlCacheBehavior [ RunTime:0.000306s ]
INFO: [ app_begin ] --END-- [ RunTime:0.000655s ]
INFO: [ view_parse ] --START--
INFO: [ template_filter ] --START--
INFO: Run Behavior\ContentReplaceBehavior [ RunTime:0.000077s ]
INFO: [ template_filter ] --END-- [ RunTime:0.000235s ]
INFO: Run Behavior\ParseTemplateBehavior [ RunTime:0.004749s ]
INFO: [ view_parse ] --END-- [ RunTime:0.004924s ]
INFO: [ view_filter ] --START--
INFO: Run Behavior\WriteHtmlCacheBehavior [ RunTime:0.000175s ]
INFO: [ view_filter ] --END-- [ RunTime:0.000319s ]
INFO: [ app_end ] --START--
INFO: Run Behavior\ShowPageTraceBehavior [ RunTime:0.000317s ]
INFO: [ app_end ] --END-- [ RunTime:0.000470s ]

[ 2019-11-12T23:54:04+08:00 ] ::1 /cost/index.php/Home/Ic/tables.html?page=1&limit=15
INFO: [ app_begin ] --START--
INFO: Run Behavior\ReadHtmlCacheBehavior [ RunTime:0.000312s ]
INFO: [ app_begin ] --END-- [ RunTime:0.000679s ]
SQL: SHOW COLUMNS FROM `hr_icdevice` [ RunTime:0.0016s ]
SQL: SELECT * FROM `hr_icdevice`  [ RunTime:0.0003s ]
INFO: [ app_end ] --START--
INFO: Run Behavior\ShowPageTraceBehavior [ RunTime:0.000409s ]
INFO: [ app_end ] --END-- [ RunTime:0.000576s ]

[ 2019-11-12T23:54:19+08:00 ] ::1 /cost/index.php/Home/Ic/page/welcome-1.html?mpi=m-p-i-0
ERR: 非法操作:page

[ 2019-11-12T23:54:19+08:00 ] ::1 /cost/index.php/Home/Ic/table?mpi=m-p-i-1
INFO: [ app_begin ] --START--
INFO: Run Behavior\ReadHtmlCacheBehavior [ RunTime:0.000303s ]
INFO: [ app_begin ] --END-- [ RunTime:0.000707s ]
INFO: [ view_parse ] --START--
INFO: [ template_filter ] --START--
INFO: Run Behavior\ContentReplaceBehavior [ RunTime:0.000080s ]
INFO: [ template_filter ] --END-- [ RunTime:0.000241s ]
INFO: Run Behavior\ParseTemplateBehavior [ RunTime:0.004263s ]
INFO: [ view_parse ] --END-- [ RunTime:0.004434s ]
INFO: [ view_filter ] --START--
INFO: Run Behavior\WriteHtmlCacheBehavior [ RunTime:0.000178s ]
INFO: [ view_filter ] --END-- [ RunTime:0.000331s ]
INFO: [ app_end ] --START--
INFO: Run Behavior\ShowPageTraceBehavior [ RunTime:0.000304s ]
INFO: [ app_end ] --END-- [ RunTime:0.000464s ]

[ 2019-11-12T23:54:19+08:00 ] ::1 /cost/index.php/Home/Ic/tables.html?page=1&limit=15
INFO: [ app_begin ] --START--
INFO: Run Behavior\ReadHtmlCacheBehavior [ RunTime:0.000296s ]
INFO: [ app_begin ] --END-- [ RunTime:0.000617s ]
SQL: SHOW COLUMNS FROM `hr_icdevice` [ RunTime:0.0014s ]
SQL: SELECT * FROM `hr_icdevice`  [ RunTime:0.0003s ]
INFO: [ app_end ] --START--
INFO: Run Behavior\ShowPageTraceBehavior [ RunTime:0.000439s ]
INFO: [ app_end ] --END-- [ RunTime:0.000613s ]

[ 2019-11-12T23:55:09+08:00 ] ::1 /cost/index.php/Home/Ic/table-select?mpi=m-p-i-2
INFO: [ app_begin ] --START--
INFO: Run Behavior\ReadHtmlCacheBehavior [ RunTime:0.000330s ]
INFO: [ app_begin ] --END-- [ RunTime:0.000695s ]
INFO: [ view_parse ] --START--
INFO: [ template_filter ] --START--
INFO: Run Behavior\ContentReplaceBehavior [ RunTime:0.000115s ]
INFO: [ template_filter ] --END-- [ RunTime:0.000289s ]
INFO: Run Behavior\ParseTemplateBehavior [ RunTime:0.003893s ]
INFO: [ view_parse ] --END-- [ RunTime:0.004071s ]
INFO: [ view_filter ] --START--
INFO: Run Behavior\WriteHtmlCacheBehavior [ RunTime:0.000187s ]
INFO: [ view_filter ] --END-- [ RunTime:0.000357s ]
INFO: [ app_end ] --START--
INFO: Run Behavior\ShowPageTraceBehavior [ RunTime:0.000328s ]
INFO: [ app_end ] --END-- [ RunTime:0.000500s ]

[ 2019-11-12T23:55:10+08:00 ] ::1 /cost/index.php/Home/Ic/table?mpi=m-p-i-1
INFO: [ app_begin ] --START--
INFO: Run Behavior\ReadHtmlCacheBehavior [ RunTime:0.000375s ]
INFO: [ app_begin ] --END-- [ RunTime:0.000751s ]
INFO: [ view_parse ] --START--
INFO: [ template_filter ] --START--
INFO: Run Behavior\ContentReplaceBehavior [ RunTime:0.000086s ]
INFO: [ template_filter ] --END-- [ RunTime:0.000262s ]
INFO: Run Behavior\ParseTemplateBehavior [ RunTime:0.004650s ]
INFO: [ view_parse ] --END-- [ RunTime:0.004832s ]
INFO: [ view_filter ] --START--
INFO: Run Behavior\WriteHtmlCacheBehavior [ RunTime:0.000198s ]
INFO: [ view_filter ] --END-- [ RunTime:0.000374s ]
INFO: [ app_end ] --START--
INFO: Run Behavior\ShowPageTraceBehavior [ RunTime:0.000353s ]
INFO: [ app_end ] --END-- [ RunTime:0.000534s ]

[ 2019-11-12T23:55:43+08:00 ] ::1 /cost/index.php/Home/Ic/page/welcome-1.html?mpi=m-p-i-0
ERR: 非法操作:page

[ 2019-11-12T23:55:43+08:00 ] ::1 /cost/index.php/Home/Ic/table?mpi=m-p-i-1
INFO: [ app_begin ] --START--
INFO: Run Behavior\ReadHtmlCacheBehavior [ RunTime:0.000328s ]
INFO: [ app_begin ] --END-- [ RunTime:0.000758s ]
INFO: [ view_parse ] --START--
INFO: [ template_filter ] --START--
INFO: Run Behavior\ContentReplaceBehavior [ RunTime:0.000079s ]
INFO: [ template_filter ] --END-- [ RunTime:0.000241s ]
INFO: Run Behavior\ParseTemplateBehavior [ RunTime:0.004363s ]
INFO: [ view_parse ] --END-- [ RunTime:0.004524s ]
INFO: [ view_filter ] --START--
INFO: Run Behavior\WriteHtmlCacheBehavior [ RunTime:0.000185s ]
INFO: [ view_filter ] --END-- [ RunTime:0.000339s ]
INFO: [ app_end ] --START--
INFO: Run Behavior\ShowPageTraceBehavior [ RunTime:0.000328s ]
INFO: [ app_end ] --END-- [ RunTime:0.000502s ]

[ 2019-11-12T23:55:48+08:00 ] ::1 /cost/index.php/Home/Ic/page/welcome-1.html?mpi=m-p-i-0
ERR: 非法操作:page

[ 2019-11-12T23:55:48+08:00 ] ::1 /cost/index.php/Home/Ic/table?mpi=m-p-i-1
INFO: [ app_begin ] --START--
INFO: Run Behavior\ReadHtmlCacheBehavior [ RunTime:0.000295s ]
INFO: [ app_begin ] --END-- [ RunTime:0.000629s ]
INFO: [ view_parse ] --START--
INFO: [ template_filter ] --START--
INFO: Run Behavior\ContentReplaceBehavior [ RunTime:0.000088s ]
INFO: [ template_filter ] --END-- [ RunTime:0.000239s ]
INFO: Run Behavior\ParseTemplateBehavior [ RunTime:0.004662s ]
INFO: [ view_parse ] --END-- [ RunTime:0.004837s ]
INFO: [ view_filter ] --START--
INFO: Run Behavior\WriteHtmlCacheBehavior [ RunTime:0.000184s ]
INFO: [ view_filter ] --END-- [ RunTime:0.000345s ]
INFO: [ app_end ] --START--
INFO: Run Behavior\ShowPageTraceBehavior [ RunTime:0.000338s ]
INFO: [ app_end ] --END-- [ RunTime:0.000507s ]

[ 2019-11-12T23:55:48+08:00 ] ::1 /cost/index.php/Home/Ic/tables.html?page=1&limit=15
INFO: [ app_begin ] --START--
INFO: Run Behavior\ReadHtmlCacheBehavior [ RunTime:0.000309s ]
INFO: [ app_begin ] --END-- [ RunTime:0.000688s ]
SQL: SHOW COLUMNS FROM `hr_icdevice` [ RunTime:0.0016s ]
SQL: SELECT * FROM `hr_icdevice`  [ RunTime:0.0003s ]
INFO: [ app_end ] --START--
INFO: Run Behavior\ShowPageTraceBehavior [ RunTime:0.000471s ]
INFO: [ app_end ] --END-- [ RunTime:0.000646s ]

