[ 2019-11-13T07:54:03+08:00 ] ::1 /cost/index.php/Home/Ic/page/welcome-1.html?mpi=m-p-i-0
ERR: 非法操作:page

[ 2019-11-13T07:54:07+08:00 ] ::1 /cost/index.php/Home/Ic/table?mpi=m-p-i-1
INFO: [ app_begin ] --START--
INFO: Run Behavior\ReadHtmlCacheBehavior [ RunTime:0.000392s ]
INFO: [ app_begin ] --END-- [ RunTime:0.000842s ]
INFO: [ view_parse ] --START--
INFO: [ template_filter ] --START--
INFO: Run Behavior\ContentReplaceBehavior [ RunTime:0.000076s ]
INFO: [ template_filter ] --END-- [ RunTime:0.000237s ]
INFO: Run Behavior\ParseTemplateBehavior [ RunTime:0.004210s ]
INFO: [ view_parse ] --END-- [ RunTime:0.004378s ]
INFO: [ view_filter ] --START--
INFO: Run Behavior\WriteHtmlCacheBehavior [ RunTime:0.000177s ]
INFO: [ view_filter ] --END-- [ RunTime:0.000336s ]
INFO: [ app_end ] --START--
INFO: Run Behavior\ShowPageTraceBehavior [ RunTime:0.000303s ]
INFO: [ app_end ] --END-- [ RunTime:0.000472s ]

[ 2019-11-13T07:54:07+08:00 ] ::1 /cost/index.php/Home/Ic/tables.html?page=1&limit=15
INFO: [ app_begin ] --START--
INFO: Run Behavior\ReadHtmlCacheBehavior [ RunTime:0.000438s ]
INFO: [ app_begin ] --END-- [ RunTime:0.000877s ]
SQL: SHOW COLUMNS FROM `hr_icdevice` [ RunTime:0.0014s ]
SQL: SELECT * FROM `hr_icdevice`  [ RunTime:0.0003s ]
INFO: [ app_end ] --START--
INFO: Run Behavior\ShowPageTraceBehavior [ RunTime:0.000406s ]
INFO: [ app_end ] --END-- [ RunTime:0.000570s ]

[ 2019-11-13T08:57:55+08:00 ] ::1 /cost/index.php/Home/Ic/table-select?mpi=m-p-i-2
INFO: [ app_begin ] --START--
INFO: Run Behavior\ReadHtmlCacheBehavior [ RunTime:0.000344s ]
INFO: [ app_begin ] --END-- [ RunTime:0.000724s ]
INFO: [ view_parse ] --START--
INFO: [ template_filter ] --START--
INFO: Run Behavior\ContentReplaceBehavior [ RunTime:0.000079s ]
INFO: [ template_filter ] --END-- [ RunTime:0.000265s ]
INFO: Run Behavior\ParseTemplateBehavior [ RunTime:0.004554s ]
INFO: [ view_parse ] --END-- [ RunTime:0.004737s ]
INFO: [ view_filter ] --START--
INFO: Run Behavior\WriteHtmlCacheBehavior [ RunTime:0.000217s ]
INFO: [ view_filter ] --END-- [ RunTime:0.000377s ]
INFO: [ app_end ] --START--
INFO: Run Behavior\ShowPageTraceBehavior [ RunTime:0.000347s ]
INFO: [ app_end ] --END-- [ RunTime:0.000509s ]

[ 2019-11-13T21:27:25+08:00 ] ::1 /cost/index.php/Home/Ic/tables.html?page=1&limit=15
INFO: [ app_begin ] --START--
INFO: Run Behavior\ReadHtmlCacheBehavior [ RunTime:0.000438s ]
INFO: [ app_begin ] --END-- [ RunTime:0.000901s ]
SQL: SHOW COLUMNS FROM `hr_icdevice` [ RunTime:0.0016s ]
SQL: SELECT * FROM `hr_icdevice`  [ RunTime:0.0002s ]
INFO: [ app_end ] --START--
INFO: Run Behavior\ShowPageTraceBehavior [ RunTime:0.000404s ]
INFO: [ app_end ] --END-- [ RunTime:0.000575s ]

[ 2019-11-13T21:52:27+08:00 ] ::1 /cost/index.php/Home/Ic/tables.html?page=1&limit=15
INFO: [ app_begin ] --START--
INFO: Run Behavior\ReadHtmlCacheBehavior [ RunTime:0.000337s ]
INFO: [ app_begin ] --END-- [ RunTime:0.000818s ]
SQL: SHOW COLUMNS FROM `hr_icdevice` [ RunTime:0.0015s ]
SQL: SELECT * FROM `hr_icdevice`  [ RunTime:0.0004s ]
INFO: [ app_end ] --START--
INFO: Run Behavior\ShowPageTraceBehavior [ RunTime:0.000372s ]
INFO: [ app_end ] --END-- [ RunTime:0.000541s ]

[ 2019-11-13T21:52:51+08:00 ] ::1 /cost/index.php/Home/Ic/tables.html?page=1&limit=15
INFO: [ app_begin ] --START--
INFO: Run Behavior\ReadHtmlCacheBehavior [ RunTime:0.000294s ]
INFO: [ app_begin ] --END-- [ RunTime:0.000640s ]
SQL: SHOW COLUMNS FROM `hr_icdevice` [ RunTime:0.0016s ]
SQL: SELECT * FROM `hr_icdevice`  [ RunTime:0.0003s ]
INFO: [ app_end ] --START--
INFO: Run Behavior\ShowPageTraceBehavior [ RunTime:0.000416s ]
INFO: [ app_end ] --END-- [ RunTime:0.000586s ]

[ 2019-11-13T21:52:52+08:00 ] ::1 /cost/index.php/Home/Ic/tables.html?page=1&limit=15
INFO: [ app_begin ] --START--
INFO: Run Behavior\ReadHtmlCacheBehavior [ RunTime:0.000327s ]
INFO: [ app_begin ] --END-- [ RunTime:0.000766s ]
SQL: SHOW COLUMNS FROM `hr_icdevice` [ RunTime:0.0014s ]
SQL: SELECT * FROM `hr_icdevice`  [ RunTime:0.0003s ]
INFO: [ app_end ] --START--
INFO: Run Behavior\ShowPageTraceBehavior [ RunTime:0.000373s ]
INFO: [ app_end ] --END-- [ RunTime:0.000560s ]

[ 2019-11-13T21:52:52+08:00 ] ::1 /cost/index.php/Home/Ic/tables.html?page=1&limit=15
INFO: [ app_begin ] --START--
INFO: Run Behavior\ReadHtmlCacheBehavior [ RunTime:0.000287s ]
INFO: [ app_begin ] --END-- [ RunTime:0.000608s ]
SQL: SHOW COLUMNS FROM `hr_icdevice` [ RunTime:0.0015s ]
SQL: SELECT * FROM `hr_icdevice`  [ RunTime:0.0002s ]
INFO: [ app_end ] --START--
INFO: Run Behavior\ShowPageTraceBehavior [ RunTime:0.000465s ]
INFO: [ app_end ] --END-- [ RunTime:0.000642s ]

[ 2019-11-13T21:53:19+08:00 ] ::1 /cost/index.php/Home/Ic/tables.html?page=1&limit=15
INFO: [ app_begin ] --START--
INFO: Run Behavior\ReadHtmlCacheBehavior [ RunTime:0.000362s ]
INFO: [ app_begin ] --END-- [ RunTime:0.000772s ]
SQL: SHOW COLUMNS FROM `hr_icdevice` [ RunTime:0.0015s ]
SQL: SELECT * FROM `hr_icdevice`  [ RunTime:0.0003s ]
INFO: [ app_end ] --START--
INFO: Run Behavior\ShowPageTraceBehavior [ RunTime:0.000391s ]
INFO: [ app_end ] --END-- [ RunTime:0.000551s ]

[ 2019-11-13T21:54:41+08:00 ] ::1 /cost/index.php/Home/Ic/tables.html?page=1&limit=15
INFO: [ app_begin ] --START--
INFO: Run Behavior\ReadHtmlCacheBehavior [ RunTime:0.000289s ]
INFO: [ app_begin ] --END-- [ RunTime:0.000615s ]
SQL: SHOW COLUMNS FROM `hr_icdevice` [ RunTime:0.0015s ]
SQL: SELECT * FROM `hr_icdevice`  [ RunTime:0.0003s ]
INFO: [ app_end ] --START--
INFO: Run Behavior\ShowPageTraceBehavior [ RunTime:0.000612s ]
INFO: [ app_end ] --END-- [ RunTime:0.000807s ]

[ 2019-11-13T21:55:01+08:00 ] ::1 /cost/index.php/Home/Ic/tables.html?page=1&limit=15
INFO: [ app_begin ] --START--
INFO: Run Behavior\ReadHtmlCacheBehavior [ RunTime:0.000339s ]
INFO: [ app_begin ] --END-- [ RunTime:0.000879s ]
SQL: SHOW COLUMNS FROM `hr_icdevice` [ RunTime:0.0014s ]
SQL: SELECT * FROM `hr_icdevice`  [ RunTime:0.0003s ]
INFO: [ app_end ] --START--
INFO: Run Behavior\ShowPageTraceBehavior [ RunTime:0.000409s ]
INFO: [ app_end ] --END-- [ RunTime:0.000586s ]

[ 2019-11-13T21:55:46+08:00 ] ::1 /cost/index.php/Home/Ic/tables.html?page=1&limit=15
INFO: [ app_begin ] --START--
INFO: Run Behavior\ReadHtmlCacheBehavior [ RunTime:0.000314s ]
INFO: [ app_begin ] --END-- [ RunTime:0.000698s ]
SQL: SHOW COLUMNS FROM `hr_icdevice` [ RunTime:0.0016s ]
SQL: SELECT * FROM `hr_icdevice`  [ RunTime:0.0002s ]
INFO: [ app_end ] --START--
INFO: Run Behavior\ShowPageTraceBehavior [ RunTime:0.000416s ]
INFO: [ app_end ] --END-- [ RunTime:0.000580s ]

[ 2019-11-13T21:56:01+08:00 ] ::1 /cost/index.php/Home/Ic/tables.html?page=1&limit=15
INFO: [ app_begin ] --START--
INFO: Run Behavior\ReadHtmlCacheBehavior [ RunTime:0.000331s ]
INFO: [ app_begin ] --END-- [ RunTime:0.000719s ]
SQL: SHOW COLUMNS FROM `hr_icdevice` [ RunTime:0.0014s ]
SQL: SELECT * FROM `hr_icdevice`  [ RunTime:0.0002s ]
INFO: [ app_end ] --START--
INFO: Run Behavior\ShowPageTraceBehavior [ RunTime:0.000377s ]
INFO: [ app_end ] --END-- [ RunTime:0.000526s ]

[ 2019-11-13T21:56:14+08:00 ] ::1 /cost/index.php/Home/Ic/tables.html?page=1&limit=15
INFO: [ app_begin ] --START--
INFO: Run Behavior\ReadHtmlCacheBehavior [ RunTime:0.000295s ]
INFO: [ app_begin ] --END-- [ RunTime:0.000633s ]
SQL: SHOW COLUMNS FROM `hr_icdevice` [ RunTime:0.0015s ]
SQL: SELECT * FROM `hr_icdevice`  [ RunTime:0.0002s ]
INFO: [ app_end ] --START--
INFO: Run Behavior\ShowPageTraceBehavior [ RunTime:0.000402s ]
INFO: [ app_end ] --END-- [ RunTime:0.000572s ]

[ 2019-11-13T21:56:53+08:00 ] ::1 /cost/index.php/Home/Ic/tables.html?page=1&limit=15
INFO: [ app_begin ] --START--
INFO: Run Behavior\ReadHtmlCacheBehavior [ RunTime:0.000294s ]
INFO: [ app_begin ] --END-- [ RunTime:0.000635s ]
SQL: SHOW COLUMNS FROM `hr_icdevice` [ RunTime:0.0023s ]
SQL: SELECT * FROM `hr_icdevice`  [ RunTime:0.0003s ]
INFO: [ app_end ] --START--
INFO: Run Behavior\ShowPageTraceBehavior [ RunTime:0.000517s ]
INFO: [ app_end ] --END-- [ RunTime:0.000673s ]

[ 2019-11-13T21:57:48+08:00 ] ::1 /cost/index.php/Home/Ic/tables.html?page=1&limit=15
INFO: [ app_begin ] --START--
INFO: Run Behavior\ReadHtmlCacheBehavior [ RunTime:0.000320s ]
INFO: [ app_begin ] --END-- [ RunTime:0.000736s ]
SQL: SHOW COLUMNS FROM `hr_icdevice` [ RunTime:0.0015s ]
SQL: SELECT * FROM `hr_icdevice`  [ RunTime:0.0003s ]
INFO: [ app_end ] --START--
INFO: Run Behavior\ShowPageTraceBehavior [ RunTime:0.000377s ]
INFO: [ app_end ] --END-- [ RunTime:0.000542s ]

[ 2019-11-13T21:58:06+08:00 ] ::1 /cost/index.php/Home/Ic/tables.html?page=1&limit=15
INFO: [ app_begin ] --START--
INFO: Run Behavior\ReadHtmlCacheBehavior [ RunTime:0.000323s ]
INFO: [ app_begin ] --END-- [ RunTime:0.000754s ]
SQL: SHOW COLUMNS FROM `hr_icdevice` [ RunTime:0.0015s ]
SQL: SELECT * FROM `hr_icdevice`  [ RunTime:0.0003s ]
INFO: [ app_end ] --START--
INFO: Run Behavior\ShowPageTraceBehavior [ RunTime:0.000427s ]
INFO: [ app_end ] --END-- [ RunTime:0.000604s ]

[ 2019-11-13T21:58:11+08:00 ] ::1 /cost/index.php/Home/Ic/tables.html?page=1&limit=15
INFO: [ app_begin ] --START--
INFO: Run Behavior\ReadHtmlCacheBehavior [ RunTime:0.000530s ]
INFO: [ app_begin ] --END-- [ RunTime:0.000925s ]
SQL: SHOW COLUMNS FROM `hr_icdevice` [ RunTime:0.0016s ]
SQL: SELECT * FROM `hr_icdevice`  [ RunTime:0.0003s ]
INFO: [ app_end ] --START--
INFO: Run Behavior\ShowPageTraceBehavior [ RunTime:0.000441s ]
INFO: [ app_end ] --END-- [ RunTime:0.000626s ]

[ 2019-11-13T21:58:36+08:00 ] ::1 /cost/index.php/Home/Ic/tables.html?page=1&limit=15
INFO: [ app_begin ] --START--
INFO: Run Behavior\ReadHtmlCacheBehavior [ RunTime:0.000359s ]
INFO: [ app_begin ] --END-- [ RunTime:0.000714s ]
SQL: SHOW COLUMNS FROM `hr_icdevice` [ RunTime:0.0014s ]
SQL: SELECT * FROM `hr_icdevice`  [ RunTime:0.0001s ]
INFO: [ app_end ] --START--
INFO: Run Behavior\ShowPageTraceBehavior [ RunTime:0.000379s ]
INFO: [ app_end ] --END-- [ RunTime:0.000542s ]

[ 2019-11-13T21:58:58+08:00 ] ::1 /cost/index.php/Home/Ic/tables.html?page=1&limit=15
INFO: [ app_begin ] --START--
INFO: Run Behavior\ReadHtmlCacheBehavior [ RunTime:0.000297s ]
INFO: [ app_begin ] --END-- [ RunTime:0.000638s ]
SQL: SHOW COLUMNS FROM `hr_icdevice` [ RunTime:0.0013s ]
SQL: SELECT * FROM `hr_icdevice`  [ RunTime:0.0002s ]
INFO: [ app_end ] --START--
INFO: Run Behavior\ShowPageTraceBehavior [ RunTime:0.000391s ]
INFO: [ app_end ] --END-- [ RunTime:0.000571s ]

[ 2019-11-13T21:59:51+08:00 ] 192.168.50.68 /cost/index.php/Home/Ic/tables.html?page=1&limit=15
INFO: [ app_begin ] --START--
INFO: Run Behavior\ReadHtmlCacheBehavior [ RunTime:0.000373s ]
INFO: [ app_begin ] --END-- [ RunTime:0.000796s ]
SQL: SHOW COLUMNS FROM `hr_icdevice` [ RunTime:0.0014s ]
SQL: SELECT * FROM `hr_icdevice`  [ RunTime:0.0001s ]
INFO: [ app_end ] --START--
INFO: Run Behavior\ShowPageTraceBehavior [ RunTime:0.000325s ]
INFO: [ app_end ] --END-- [ RunTime:0.000501s ]

[ 2019-11-13T22:00:27+08:00 ] 192.168.50.68 /cost/index.php/Home/Ic/tables.html?page=1&limit=15
INFO: [ app_begin ] --START--
INFO: Run Behavior\ReadHtmlCacheBehavior [ RunTime:0.000387s ]
INFO: [ app_begin ] --END-- [ RunTime:0.000827s ]
SQL: SHOW COLUMNS FROM `hr_icdevice` [ RunTime:0.0014s ]
SQL: SELECT * FROM `hr_icdevice`  [ RunTime:0.0001s ]
INFO: [ app_end ] --START--
INFO: Run Behavior\ShowPageTraceBehavior [ RunTime:0.000337s ]
INFO: [ app_end ] --END-- [ RunTime:0.000520s ]

[ 2019-11-13T22:03:27+08:00 ] ::1 /cost/index.php/Home/Ic/welcome
ERR: 1146:Table 'posthr.hr_icequiment' doesn't exist
 [ SQL语句 ] : SHOW COLUMNS FROM `hr_icequiment`

[ 2019-11-13T22:04:03+08:00 ] ::1 /cost/index.php/Home/Ic/tables.html?page=1&limit=15
INFO: [ app_begin ] --START--
INFO: Run Behavior\ReadHtmlCacheBehavior [ RunTime:0.000276s ]
INFO: [ app_begin ] --END-- [ RunTime:0.000588s ]
SQL: SHOW COLUMNS FROM `hr_icdevice` [ RunTime:0.0013s ]
SQL: SELECT * FROM `hr_icdevice`  [ RunTime:0.0002s ]
INFO: [ app_end ] --START--
INFO: Run Behavior\ShowPageTraceBehavior [ RunTime:0.000402s ]
INFO: [ app_end ] --END-- [ RunTime:0.000556s ]

[ 2019-11-13T22:06:27+08:00 ] ::1 /cost/index.php/Home/Ic/tables.html?page=1&limit=15
INFO: [ app_begin ] --START--
INFO: Run Behavior\ReadHtmlCacheBehavior [ RunTime:0.000306s ]
INFO: [ app_begin ] --END-- [ RunTime:0.000631s ]
SQL: SHOW COLUMNS FROM `hr_icdevice` [ RunTime:0.0015s ]
SQL: SELECT * FROM `hr_icdevice`  [ RunTime:0.0002s ]
INFO: [ app_end ] --START--
INFO: Run Behavior\ShowPageTraceBehavior [ RunTime:0.000412s ]
INFO: [ app_end ] --END-- [ RunTime:0.000579s ]

[ 2019-11-13T22:06:47+08:00 ] ::1 /cost/index.php/Home/Ic/tables.html?page=1&limit=15
INFO: [ app_begin ] --START--
INFO: Run Behavior\ReadHtmlCacheBehavior [ RunTime:0.000340s ]
INFO: [ app_begin ] --END-- [ RunTime:0.000723s ]
SQL: SHOW COLUMNS FROM `hr_icdevice` [ RunTime:0.0016s ]
SQL: SELECT * FROM `hr_icdevice`  [ RunTime:0.0003s ]
INFO: [ app_end ] --START--
INFO: Run Behavior\ShowPageTraceBehavior [ RunTime:0.000476s ]
INFO: [ app_end ] --END-- [ RunTime:0.000664s ]

[ 2019-11-13T22:07:45+08:00 ] ::1 /cost/index.php/Home/Ic/tables.html?page=1&limit=15
INFO: [ app_begin ] --START--
INFO: Run Behavior\ReadHtmlCacheBehavior [ RunTime:0.000320s ]
INFO: [ app_begin ] --END-- [ RunTime:0.000730s ]
SQL: SHOW COLUMNS FROM `hr_icdevice` [ RunTime:0.0015s ]
SQL: SELECT * FROM `hr_icdevice`  [ RunTime:0.0002s ]
INFO: [ app_end ] --START--
INFO: Run Behavior\ShowPageTraceBehavior [ RunTime:0.000412s ]
INFO: [ app_end ] --END-- [ RunTime:0.000586s ]

[ 2019-11-13T22:07:55+08:00 ] ::1 /cost/index.php/Home/Ic/tables.html?page=1&limit=15
INFO: [ app_begin ] --START--
INFO: Run Behavior\ReadHtmlCacheBehavior [ RunTime:0.000317s ]
INFO: [ app_begin ] --END-- [ RunTime:0.000688s ]
SQL: SHOW COLUMNS FROM `hr_icdevice` [ RunTime:0.0014s ]
SQL: SELECT * FROM `hr_icdevice`  [ RunTime:0.0003s ]
INFO: [ app_end ] --START--
INFO: Run Behavior\ShowPageTraceBehavior [ RunTime:0.000439s ]
INFO: [ app_end ] --END-- [ RunTime:0.000613s ]

[ 2019-11-13T22:09:12+08:00 ] ::1 /cost/index.php/Home/Ic/tables.html?page=1&limit=15
INFO: [ app_begin ] --START--
INFO: Run Behavior\ReadHtmlCacheBehavior [ RunTime:0.000284s ]
INFO: [ app_begin ] --END-- [ RunTime:0.000607s ]
SQL: SHOW COLUMNS FROM `hr_icdevice` [ RunTime:0.0013s ]
SQL: SELECT * FROM `hr_icdevice`  [ RunTime:0.0002s ]
INFO: [ app_end ] --START--
INFO: Run Behavior\ShowPageTraceBehavior [ RunTime:0.000378s ]
INFO: [ app_end ] --END-- [ RunTime:0.000656s ]

[ 2019-11-13T22:09:52+08:00 ] 192.168.50.68 /cost/index.php/Home/Ic/tables.html?page=1&limit=15
INFO: [ app_begin ] --START--
INFO: Run Behavior\ReadHtmlCacheBehavior [ RunTime:0.000377s ]
INFO: [ app_begin ] --END-- [ RunTime:0.000806s ]
SQL: SHOW COLUMNS FROM `hr_icdevice` [ RunTime:0.0017s ]
SQL: SELECT * FROM `hr_icdevice`  [ RunTime:0.0002s ]
INFO: [ app_end ] --START--
INFO: Run Behavior\ShowPageTraceBehavior [ RunTime:0.000415s ]
INFO: [ app_end ] --END-- [ RunTime:0.000621s ]

[ 2019-11-13T22:10:02+08:00 ] ::1 /cost/index.php/Home/Ic/tables.html?page=1&limit=15
INFO: [ app_begin ] --START--
INFO: Run Behavior\ReadHtmlCacheBehavior [ RunTime:0.000328s ]
INFO: [ app_begin ] --END-- [ RunTime:0.000777s ]
SQL: SHOW COLUMNS FROM `hr_icdevice` [ RunTime:0.0013s ]
SQL: SELECT * FROM `hr_icdevice`  [ RunTime:0.0002s ]
INFO: [ app_end ] --START--
INFO: Run Behavior\ShowPageTraceBehavior [ RunTime:0.000392s ]
INFO: [ app_end ] --END-- [ RunTime:0.000558s ]

[ 2019-11-13T22:10:41+08:00 ] ::1 /cost/index.php/Home/Ic/tables.html?page=1&limit=15
INFO: [ app_begin ] --START--
INFO: Run Behavior\ReadHtmlCacheBehavior [ RunTime:0.000292s ]
INFO: [ app_begin ] --END-- [ RunTime:0.000622s ]
SQL: SHOW COLUMNS FROM `hr_icdevice` [ RunTime:0.0013s ]
SQL: SELECT * FROM `hr_icdevice`  [ RunTime:0.0002s ]
INFO: [ app_end ] --START--
INFO: Run Behavior\ShowPageTraceBehavior [ RunTime:0.000396s ]
INFO: [ app_end ] --END-- [ RunTime:0.000580s ]

[ 2019-11-13T22:11:39+08:00 ] ::1 /cost/index.php/Home/Ic/tables.html?page=1&limit=15
INFO: [ app_begin ] --START--
INFO: Run Behavior\ReadHtmlCacheBehavior [ RunTime:0.000300s ]
INFO: [ app_begin ] --END-- [ RunTime:0.000648s ]
SQL: SHOW COLUMNS FROM `hr_icdevice` [ RunTime:0.0014s ]
SQL: SELECT * FROM `hr_icdevice`  [ RunTime:0.0002s ]
INFO: [ app_end ] --START--
INFO: Run Behavior\ShowPageTraceBehavior [ RunTime:0.000405s ]
INFO: [ app_end ] --END-- [ RunTime:0.000596s ]

[ 2019-11-13T22:11:54+08:00 ] ::1 /cost/index.php/Home/Ic/tables.html?page=1&limit=15
INFO: [ app_begin ] --START--
INFO: Run Behavior\ReadHtmlCacheBehavior [ RunTime:0.000306s ]
INFO: [ app_begin ] --END-- [ RunTime:0.000665s ]
SQL: SHOW COLUMNS FROM `hr_icdevice` [ RunTime:0.0014s ]
SQL: SELECT * FROM `hr_icdevice`  [ RunTime:0.0002s ]
INFO: [ app_end ] --START--
INFO: Run Behavior\ShowPageTraceBehavior [ RunTime:0.000396s ]
INFO: [ app_end ] --END-- [ RunTime:0.000605s ]

[ 2019-11-13T22:13:23+08:00 ] ::1 /cost/index.php/Home/Ic/tables.html?page=1&limit=15
INFO: [ app_begin ] --START--
INFO: Run Behavior\ReadHtmlCacheBehavior [ RunTime:0.000282s ]
INFO: [ app_begin ] --END-- [ RunTime:0.000602s ]
SQL: SHOW COLUMNS FROM `hr_icdevice` [ RunTime:0.0014s ]
SQL: SELECT * FROM `hr_icdevice`  [ RunTime:0.0002s ]
INFO: [ app_end ] --START--
INFO: Run Behavior\ShowPageTraceBehavior [ RunTime:0.000400s ]
INFO: [ app_end ] --END-- [ RunTime:0.000562s ]

[ 2019-11-13T22:15:00+08:00 ] ::1 /cost/index.php/Home/Ic/tables.html?page=1&limit=15
INFO: [ app_begin ] --START--
INFO: Run Behavior\ReadHtmlCacheBehavior [ RunTime:0.000359s ]
INFO: [ app_begin ] --END-- [ RunTime:0.000773s ]
SQL: SHOW COLUMNS FROM `hr_icdevice` [ RunTime:0.0015s ]
SQL: SELECT * FROM `hr_icdevice`  [ RunTime:0.0002s ]
INFO: [ app_end ] --START--
INFO: Run Behavior\ShowPageTraceBehavior [ RunTime:0.000410s ]
INFO: [ app_end ] --END-- [ RunTime:0.000622s ]

[ 2019-11-13T22:15:23+08:00 ] ::1 /cost/index.php/Home/Ic/tables.html?page=1&limit=15
INFO: [ app_begin ] --START--
INFO: Run Behavior\ReadHtmlCacheBehavior [ RunTime:0.000336s ]
INFO: [ app_begin ] --END-- [ RunTime:0.000742s ]
SQL: SHOW COLUMNS FROM `hr_icdevice` [ RunTime:0.0013s ]
SQL: SELECT * FROM `hr_icdevice`  [ RunTime:0.0002s ]
INFO: [ app_end ] --START--
INFO: Run Behavior\ShowPageTraceBehavior [ RunTime:0.000382s ]
INFO: [ app_end ] --END-- [ RunTime:0.000545s ]

[ 2019-11-13T22:15:59+08:00 ] 192.168.50.68 /cost/index.php/Home/Ic/tables.html?page=1&limit=15
INFO: [ app_begin ] --START--
INFO: Run Behavior\ReadHtmlCacheBehavior [ RunTime:0.000374s ]
INFO: [ app_begin ] --END-- [ RunTime:0.000784s ]
SQL: SHOW COLUMNS FROM `hr_icdevice` [ RunTime:0.0016s ]
SQL: SELECT * FROM `hr_icdevice`  [ RunTime:0.0002s ]
INFO: [ app_end ] --START--
INFO: Run Behavior\ShowPageTraceBehavior [ RunTime:0.000399s ]
INFO: [ app_end ] --END-- [ RunTime:0.000607s ]

[ 2019-11-13T22:16:34+08:00 ] 192.168.50.68 /cost/index.php/Home/Ic/tables.html?page=1&limit=15
INFO: [ app_begin ] --START--
INFO: Run Behavior\ReadHtmlCacheBehavior [ RunTime:0.000376s ]
INFO: [ app_begin ] --END-- [ RunTime:0.000799s ]
SQL: SHOW COLUMNS FROM `hr_icdevice` [ RunTime:0.0017s ]
SQL: SELECT * FROM `hr_icdevice`  [ RunTime:0.0002s ]
INFO: [ app_end ] --START--
INFO: Run Behavior\ShowPageTraceBehavior [ RunTime:0.000405s ]
INFO: [ app_end ] --END-- [ RunTime:0.000607s ]

[ 2019-11-13T22:16:55+08:00 ] ::1 /cost/index.php/Home/Ic/tables.html?page=1&limit=15
INFO: [ app_begin ] --START--
INFO: Run Behavior\ReadHtmlCacheBehavior [ RunTime:0.000313s ]
INFO: [ app_begin ] --END-- [ RunTime:0.000683s ]
SQL: SHOW COLUMNS FROM `hr_icdevice` [ RunTime:0.0013s ]
SQL: SELECT * FROM `hr_icdevice`  [ RunTime:0.0002s ]
INFO: [ app_end ] --START--
INFO: Run Behavior\ShowPageTraceBehavior [ RunTime:0.000396s ]
INFO: [ app_end ] --END-- [ RunTime:0.000557s ]

[ 2019-11-13T22:17:00+08:00 ] 192.168.50.68 /cost/index.php/Home/Ic/tables.html?page=1&limit=15
INFO: [ app_begin ] --START--
INFO: Run Behavior\ReadHtmlCacheBehavior [ RunTime:0.000370s ]
INFO: [ app_begin ] --END-- [ RunTime:0.000781s ]
SQL: SHOW COLUMNS FROM `hr_icdevice` [ RunTime:0.0017s ]
SQL: SELECT * FROM `hr_icdevice`  [ RunTime:0.0002s ]
INFO: [ app_end ] --START--
INFO: Run Behavior\ShowPageTraceBehavior [ RunTime:0.000412s ]
INFO: [ app_end ] --END-- [ RunTime:0.000632s ]

[ 2019-11-13T22:19:11+08:00 ] 192.168.50.68 /cost/index.php/Home/Ic/tables.html?page=1&limit=15
INFO: [ app_begin ] --START--
INFO: Run Behavior\ReadHtmlCacheBehavior [ RunTime:0.000375s ]
INFO: [ app_begin ] --END-- [ RunTime:0.000795s ]
SQL: SHOW COLUMNS FROM `hr_icdevice` [ RunTime:0.0016s ]
SQL: SELECT * FROM `hr_icdevice`  [ RunTime:0.0002s ]
INFO: [ app_end ] --START--
INFO: Run Behavior\ShowPageTraceBehavior [ RunTime:0.000405s ]
INFO: [ app_end ] --END-- [ RunTime:0.000609s ]

[ 2019-11-13T22:20:29+08:00 ] 192.168.50.68 /cost/index.php/Home/Ic/tables.html?page=1&limit=15
INFO: [ app_begin ] --START--
INFO: Run Behavior\ReadHtmlCacheBehavior [ RunTime:0.000382s ]
INFO: [ app_begin ] --END-- [ RunTime:0.000809s ]
SQL: SHOW COLUMNS FROM `hr_icdevice` [ RunTime:0.0016s ]
SQL: SELECT * FROM `hr_icdevice`  [ RunTime:0.0002s ]
INFO: [ app_end ] --START--
INFO: Run Behavior\ShowPageTraceBehavior [ RunTime:0.000408s ]
INFO: [ app_end ] --END-- [ RunTime:0.000622s ]

[ 2019-11-13T22:21:08+08:00 ] 192.168.50.68 /cost/index.php/Home/Ic/tables.html?page=1&limit=15
INFO: [ app_begin ] --START--
INFO: Run Behavior\ReadHtmlCacheBehavior [ RunTime:0.000370s ]
INFO: [ app_begin ] --END-- [ RunTime:0.000780s ]
SQL: SHOW COLUMNS FROM `hr_icdevice` [ RunTime:0.0016s ]
SQL: SELECT * FROM `hr_icdevice`  [ RunTime:0.0002s ]
INFO: [ app_end ] --START--
INFO: Run Behavior\ShowPageTraceBehavior [ RunTime:0.000408s ]
INFO: [ app_end ] --END-- [ RunTime:0.000611s ]

[ 2019-11-13T22:21:43+08:00 ] 192.168.50.68 /cost/index.php/Home/Ic/tables.html?page=1&limit=15
INFO: [ app_begin ] --START--
INFO: Run Behavior\ReadHtmlCacheBehavior [ RunTime:0.000375s ]
INFO: [ app_begin ] --END-- [ RunTime:0.000800s ]
SQL: SHOW COLUMNS FROM `hr_icdevice` [ RunTime:0.0014s ]
SQL: SELECT * FROM `hr_icdevice`  [ RunTime:0.0002s ]
INFO: [ app_end ] --START--
INFO: Run Behavior\ShowPageTraceBehavior [ RunTime:0.000349s ]
INFO: [ app_end ] --END-- [ RunTime:0.000536s ]

[ 2019-11-13T22:24:45+08:00 ] ::1 /cost/index.php/Home/Ic/tables.html?page=1&limit=15
INFO: [ app_begin ] --START--
INFO: Run Behavior\ReadHtmlCacheBehavior [ RunTime:0.000290s ]
INFO: [ app_begin ] --END-- [ RunTime:0.000610s ]
SQL: SHOW COLUMNS FROM `hr_icdevice` [ RunTime:0.0014s ]
SQL: SELECT * FROM `hr_icdevice`  [ RunTime:0.0002s ]
INFO: [ app_end ] --START--
INFO: Run Behavior\ShowPageTraceBehavior [ RunTime:0.000835s ]
INFO: [ app_end ] --END-- [ RunTime:0.001066s ]

[ 2019-11-13T22:27:24+08:00 ] ::1 /cost/index.php/Home/Ic/welcomes.html?page=1&limit=15
INFO: [ app_begin ] --START--
INFO: Run Behavior\ReadHtmlCacheBehavior [ RunTime:0.000375s ]
INFO: [ app_begin ] --END-- [ RunTime:0.001042s ]
SQL: SHOW COLUMNS FROM `hr_icequipment_sub` [ RunTime:0.0014s ]
NOTIC: [8] Undefined variable: ieq /Library/WebServer/Documents/cost/Application/Home/Controller/IcController.class.php 第 50 行.
ERR: Call to a member function where() on null

[ 2019-11-13T22:28:22+08:00 ] ::1 /cost/index.php/Home/Ic/welcomes.html?page=1&limit=15
INFO: [ app_begin ] --START--
INFO: Run Behavior\ReadHtmlCacheBehavior [ RunTime:0.000316s ]
INFO: [ app_begin ] --END-- [ RunTime:0.000754s ]
SQL: SHOW COLUMNS FROM `hr_icequipment_sub` [ RunTime:0.0014s ]
SQL: SELECT * FROM `hr_icequipment_sub` WHERE `stats` = 0  [ RunTime:0.0003s ]
SQL: SELECT COUNT(*) AS tp_count FROM `hr_icequipment_sub` WHERE `stats` = 0 LIMIT 1   [ RunTime:0.0002s ]
NOTIC: [8] Array to string conversion /Library/WebServer/Documents/cost/Application/Home/Controller/IcController.class.php 第 52 行.
INFO: [ app_end ] --START--
INFO: Run Behavior\ShowPageTraceBehavior [ RunTime:0.000407s ]
INFO: [ app_end ] --END-- [ RunTime:0.000579s ]

[ 2019-11-13T22:28:43+08:00 ] 192.168.50.68 /cost/index.php/Home/Ic/welcomes.html?page=1&limit=15
INFO: [ app_begin ] --START--
INFO: Run Behavior\ReadHtmlCacheBehavior [ RunTime:0.000378s ]
INFO: [ app_begin ] --END-- [ RunTime:0.000798s ]
SQL: SHOW COLUMNS FROM `hr_icequipment_sub` [ RunTime:0.0017s ]
SQL: SELECT * FROM `hr_icequipment_sub` WHERE `stats` = 0  [ RunTime:0.0003s ]
SQL: SELECT COUNT(*) AS tp_count FROM `hr_icequipment_sub` WHERE `stats` = 0 LIMIT 1   [ RunTime:0.0002s ]
NOTIC: [8] Array to string conversion /Library/WebServer/Documents/cost/Application/Home/Controller/IcController.class.php 第 52 行.
INFO: [ app_end ] --START--
INFO: Run Behavior\ShowPageTraceBehavior [ RunTime:0.000409s ]
INFO: [ app_end ] --END-- [ RunTime:0.000628s ]

[ 2019-11-13T22:30:17+08:00 ] ::1 /cost/index.php/Home/Ic/welcomes.html?page=1&limit=15
INFO: [ app_begin ] --START--
INFO: Run Behavior\ReadHtmlCacheBehavior [ RunTime:0.000318s ]
INFO: [ app_begin ] --END-- [ RunTime:0.000687s ]
SQL: SHOW COLUMNS FROM `hr_icequipment_sub` [ RunTime:0.0013s ]
SQL: SELECT * FROM `hr_icequipment_sub` WHERE `stats` = 0  [ RunTime:0.0003s ]
SQL: SELECT COUNT(*) AS tp_count FROM `hr_icequipment_sub` WHERE `stats` = 0 LIMIT 1   [ RunTime:0.0002s ]
NOTIC: [8] Array to string conversion /Library/WebServer/Documents/cost/Application/Home/Controller/IcController.class.php 第 52 行.
INFO: [ app_end ] --START--
INFO: Run Behavior\ShowPageTraceBehavior [ RunTime:0.000426s ]
INFO: [ app_end ] --END-- [ RunTime:0.000589s ]

[ 2019-11-13T22:30:36+08:00 ] ::1 /cost/index.php/Home/Ic/welcomes.html?page=1&limit=15
INFO: [ app_begin ] --START--
INFO: Run Behavior\ReadHtmlCacheBehavior [ RunTime:0.000333s ]
INFO: [ app_begin ] --END-- [ RunTime:0.000761s ]
SQL: SHOW COLUMNS FROM `hr_icequipment_sub` [ RunTime:0.0015s ]
SQL: SELECT * FROM `hr_icequipment_sub` WHERE `stats` = 0  [ RunTime:0.0005s ]
SQL: SELECT COUNT(*) AS tp_count FROM `hr_icequipment_sub` WHERE `stats` = 0 LIMIT 1   [ RunTime:0.0002s ]
NOTIC: [8] Array to string conversion /Library/WebServer/Documents/cost/Application/Home/Controller/IcController.class.php 第 52 行.
INFO: [ app_end ] --START--
INFO: Run Behavior\ShowPageTraceBehavior [ RunTime:0.000394s ]
INFO: [ app_end ] --END-- [ RunTime:0.000566s ]

[ 2019-11-13T22:39:27+08:00 ] 192.168.50.68 /cost/index.php/Home/Ic/welcomes.html?page=1&limit=15
INFO: [ app_begin ] --START--
INFO: Run Behavior\ReadHtmlCacheBehavior [ RunTime:0.000369s ]
INFO: [ app_begin ] --END-- [ RunTime:0.000792s ]
SQL: SHOW COLUMNS FROM `hr_icequipment_sub` [ RunTime:0.0017s ]
SQL: SELECT * FROM `hr_icequipment_sub` WHERE `stats` = 0  [ RunTime:0.0003s ]
SQL: SHOW COLUMNS FROM `hr_icequipment` [ RunTime:0.0015s ]
SQL: SELECT * FROM `hr_icequipment` WHERE `stats` = 0  [ RunTime:0.0002s ]
NOTIC: [8] Undefined index: equipments_sub /Library/WebServer/Documents/cost/Application/Home/Controller/IcController.class.php 第 61 行.
NOTIC: [8] Undefined index: equipments_sub /Library/WebServer/Documents/cost/Application/Home/Controller/IcController.class.php 第 61 行.
NOTIC: [8] Undefined index: equipments_sub /Library/WebServer/Documents/cost/Application/Home/Controller/IcController.class.php 第 61 行.
SQL: SELECT COUNT(*) AS tp_count FROM `hr_icequipment_sub` WHERE `stats` = 0 LIMIT 1   [ RunTime:0.0002s ]
NOTIC: [8] Array to string conversion /Library/WebServer/Documents/cost/Application/Home/Controller/IcController.class.php 第 68 行.
INFO: [ app_end ] --START--
INFO: Run Behavior\ShowPageTraceBehavior [ RunTime:0.000336s ]
INFO: [ app_end ] --END-- [ RunTime:0.000505s ]

[ 2019-11-13T22:39:49+08:00 ] 192.168.50.68 /cost/index.php/Home/Ic/welcomes.html?page=1&limit=15
INFO: [ app_begin ] --START--
INFO: Run Behavior\ReadHtmlCacheBehavior [ RunTime:0.000375s ]
INFO: [ app_begin ] --END-- [ RunTime:0.000796s ]
SQL: SHOW COLUMNS FROM `hr_icequipment_sub` [ RunTime:0.0017s ]
SQL: SELECT * FROM `hr_icequipment_sub` WHERE `stats` = 0  [ RunTime:0.0003s ]
SQL: SHOW COLUMNS FROM `hr_icequipment` [ RunTime:0.0015s ]
SQL: SELECT * FROM `hr_icequipment` WHERE `stats` = 0  [ RunTime:0.0002s ]
NOTIC: [8] Undefined index: equipments_sub /Library/WebServer/Documents/cost/Application/Home/Controller/IcController.class.php 第 61 行.
NOTIC: [8] Undefined index: equipments_sub /Library/WebServer/Documents/cost/Application/Home/Controller/IcController.class.php 第 61 行.
NOTIC: [8] Undefined index: equipments_sub /Library/WebServer/Documents/cost/Application/Home/Controller/IcController.class.php 第 61 行.
SQL: SELECT COUNT(*) AS tp_count FROM `hr_icequipment_sub` WHERE `stats` = 0 LIMIT 1   [ RunTime:0.0002s ]
NOTIC: [8] Array to string conversion /Library/WebServer/Documents/cost/Application/Home/Controller/IcController.class.php 第 68 行.
NOTIC: [8] Array to string conversion /Library/WebServer/Documents/cost/Application/Home/Controller/IcController.class.php 第 69 行.
INFO: [ app_end ] --START--
INFO: Run Behavior\ShowPageTraceBehavior [ RunTime:0.000343s ]
INFO: [ app_end ] --END-- [ RunTime:0.000519s ]

[ 2019-11-13T22:40:09+08:00 ] 192.168.50.68 /cost/index.php/Home/Ic/welcomes.html?page=1&limit=15
INFO: [ app_begin ] --START--
INFO: Run Behavior\ReadHtmlCacheBehavior [ RunTime:0.000379s ]
INFO: [ app_begin ] --END-- [ RunTime:0.000809s ]
SQL: SHOW COLUMNS FROM `hr_icequipment_sub` [ RunTime:0.0017s ]
SQL: SELECT * FROM `hr_icequipment_sub` WHERE `stats` = 0  [ RunTime:0.0002s ]
SQL: SHOW COLUMNS FROM `hr_icequipment` [ RunTime:0.0015s ]
SQL: SELECT * FROM `hr_icequipment` WHERE `stats` = 0  [ RunTime:0.0002s ]
NOTIC: [8] Undefined index: equipments_sub /Library/WebServer/Documents/cost/Application/Home/Controller/IcController.class.php 第 61 行.
NOTIC: [8] Undefined index: equipments_sub /Library/WebServer/Documents/cost/Application/Home/Controller/IcController.class.php 第 61 行.
NOTIC: [8] Undefined index: equipments_sub /Library/WebServer/Documents/cost/Application/Home/Controller/IcController.class.php 第 61 行.
SQL: SELECT COUNT(*) AS tp_count FROM `hr_icequipment_sub` WHERE `stats` = 0 LIMIT 1   [ RunTime:0.0002s ]
NOTIC: [8] Array to string conversion /Library/WebServer/Documents/cost/Application/Home/Controller/IcController.class.php 第 68 行.
NOTIC: [8] Array to string conversion /Library/WebServer/Documents/cost/Application/Home/Controller/IcController.class.php 第 69 行.
INFO: [ app_end ] --START--
INFO: Run Behavior\ShowPageTraceBehavior [ RunTime:0.000338s ]
INFO: [ app_end ] --END-- [ RunTime:0.000503s ]

[ 2019-11-13T22:40:41+08:00 ] 192.168.50.68 /cost/index.php/Home/Ic/welcomes.html?page=1&limit=15
INFO: [ app_begin ] --START--
INFO: Run Behavior\ReadHtmlCacheBehavior [ RunTime:0.000374s ]
INFO: [ app_begin ] --END-- [ RunTime:0.000799s ]
SQL: SHOW COLUMNS FROM `hr_icequipment_sub` [ RunTime:0.0016s ]
SQL: SELECT * FROM `hr_icequipment_sub` WHERE `stats` = 0  [ RunTime:0.0002s ]
SQL: SHOW COLUMNS FROM `hr_icequipment` [ RunTime:0.0015s ]
SQL: SELECT * FROM `hr_icequipment` WHERE `stats` = 0  [ RunTime:0.0002s ]
NOTIC: [8] Undefined index: equipments_sub /Library/WebServer/Documents/cost/Application/Home/Controller/IcController.class.php 第 61 行.
NOTIC: [8] Undefined index: equipments_sub /Library/WebServer/Documents/cost/Application/Home/Controller/IcController.class.php 第 61 行.
NOTIC: [8] Undefined index: equipments_sub /Library/WebServer/Documents/cost/Application/Home/Controller/IcController.class.php 第 61 行.
SQL: SELECT COUNT(*) AS tp_count FROM `hr_icequipment_sub` WHERE `stats` = 0 LIMIT 1   [ RunTime:0.0002s ]
NOTIC: [8] Array to string conversion /Library/WebServer/Documents/cost/Application/Home/Controller/IcController.class.php 第 68 行.
NOTIC: [8] Array to string conversion /Library/WebServer/Documents/cost/Application/Home/Controller/IcController.class.php 第 69 行.
INFO: [ app_end ] --START--
INFO: Run Behavior\ShowPageTraceBehavior [ RunTime:0.000341s ]
INFO: [ app_end ] --END-- [ RunTime:0.000527s ]

[ 2019-11-13T22:41:02+08:00 ] 192.168.50.68 /cost/index.php/Home/Ic/welcomes.html?page=1&limit=15
INFO: [ app_begin ] --START--
INFO: Run Behavior\ReadHtmlCacheBehavior [ RunTime:0.000374s ]
INFO: [ app_begin ] --END-- [ RunTime:0.000788s ]
SQL: SHOW COLUMNS FROM `hr_icequipment_sub` [ RunTime:0.0017s ]
SQL: SELECT * FROM `hr_icequipment_sub` WHERE `stats` = 0  [ RunTime:0.0003s ]
SQL: SHOW COLUMNS FROM `hr_icequipment` [ RunTime:0.0015s ]
SQL: SELECT * FROM `hr_icequipment` WHERE `stats` = 0  [ RunTime:0.0002s ]
NOTIC: [8] Undefined index: equipments_sub /Library/WebServer/Documents/cost/Application/Home/Controller/IcController.class.php 第 61 行.
NOTIC: [8] Undefined index: equipments_sub /Library/WebServer/Documents/cost/Application/Home/Controller/IcController.class.php 第 61 行.
NOTIC: [8] Undefined index: equipments_sub /Library/WebServer/Documents/cost/Application/Home/Controller/IcController.class.php 第 61 行.
SQL: SELECT COUNT(*) AS tp_count FROM `hr_icequipment_sub` WHERE `stats` = 0 LIMIT 1   [ RunTime:0.0002s ]
NOTIC: [8] Array to string conversion /Library/WebServer/Documents/cost/Application/Home/Controller/IcController.class.php 第 68 行.
INFO: [ app_end ] --START--
INFO: Run Behavior\ShowPageTraceBehavior [ RunTime:0.000341s ]
INFO: [ app_end ] --END-- [ RunTime:0.000505s ]

[ 2019-11-13T22:41:57+08:00 ] 192.168.50.68 /cost/index.php/Home/Ic/welcomes.html?page=1&limit=15
INFO: [ app_begin ] --START--
INFO: Run Behavior\ReadHtmlCacheBehavior [ RunTime:0.000370s ]
INFO: [ app_begin ] --END-- [ RunTime:0.000782s ]
SQL: SHOW COLUMNS FROM `hr_icequipment_sub` [ RunTime:0.0016s ]
SQL: SELECT * FROM `hr_icequipment_sub` WHERE `stats` = 0  [ RunTime:0.0003s ]
SQL: SHOW COLUMNS FROM `hr_icequipment` [ RunTime:0.0015s ]
SQL: SELECT * FROM `hr_icequipment` WHERE `stats` = 0  [ RunTime:0.0003s ]
NOTIC: [8] Undefined index: equipments_sub /Library/WebServer/Documents/cost/Application/Home/Controller/IcController.class.php 第 61 行.
NOTIC: [8] Undefined index: equipments_sub /Library/WebServer/Documents/cost/Application/Home/Controller/IcController.class.php 第 61 行.
NOTIC: [8] Undefined index: equipments_sub /Library/WebServer/Documents/cost/Application/Home/Controller/IcController.class.php 第 61 行.
SQL: SELECT COUNT(*) AS tp_count FROM `hr_icequipment_sub` WHERE `stats` = 0 LIMIT 1   [ RunTime:0.0002s ]
NOTIC: [8] Array to string conversion /Library/WebServer/Documents/cost/Application/Home/Controller/IcController.class.php 第 68 行.
INFO: [ app_end ] --START--
INFO: Run Behavior\ShowPageTraceBehavior [ RunTime:0.000332s ]
INFO: [ app_end ] --END-- [ RunTime:0.000499s ]

[ 2019-11-13T22:42:33+08:00 ] 192.168.50.68 /cost/index.php/Home/Ic/welcomes.html?page=1&limit=15
INFO: [ app_begin ] --START--
INFO: Run Behavior\ReadHtmlCacheBehavior [ RunTime:0.000382s ]
INFO: [ app_begin ] --END-- [ RunTime:0.000818s ]
SQL: SHOW COLUMNS FROM `hr_icequipment_sub` [ RunTime:0.0017s ]
SQL: SELECT * FROM `hr_icequipment_sub` WHERE `stats` = 0  [ RunTime:0.0002s ]
SQL: SHOW COLUMNS FROM `hr_icequipment` [ RunTime:0.0015s ]
SQL: SELECT * FROM `hr_icequipment` WHERE `stats` = 0  [ RunTime:0.0002s ]
NOTIC: [8] Undefined index: equipments_sub /Library/WebServer/Documents/cost/Application/Home/Controller/IcController.class.php 第 61 行.
NOTIC: [8] Undefined index: equipments_sub /Library/WebServer/Documents/cost/Application/Home/Controller/IcController.class.php 第 61 行.
NOTIC: [8] Undefined index: equipments_sub /Library/WebServer/Documents/cost/Application/Home/Controller/IcController.class.php 第 61 行.
SQL: SELECT COUNT(*) AS tp_count FROM `hr_icequipment_sub` WHERE `stats` = 0 LIMIT 1   [ RunTime:0.0002s ]
NOTIC: [8] Array to string conversion /Library/WebServer/Documents/cost/Application/Home/Controller/IcController.class.php 第 68 行.
INFO: [ app_end ] --START--
INFO: Run Behavior\ShowPageTraceBehavior [ RunTime:0.000346s ]
INFO: [ app_end ] --END-- [ RunTime:0.000529s ]

[ 2019-11-13T22:43:09+08:00 ] 192.168.50.68 /cost/index.php/Home/Ic/welcomes.html?page=1&limit=15
INFO: [ app_begin ] --START--
INFO: Run Behavior\ReadHtmlCacheBehavior [ RunTime:0.000380s ]
INFO: [ app_begin ] --END-- [ RunTime:0.000814s ]
SQL: SHOW COLUMNS FROM `hr_icequipment_sub` [ RunTime:0.0016s ]
SQL: SELECT * FROM `hr_icequipment_sub` WHERE `stats` = 0  [ RunTime:0.0002s ]
SQL: SHOW COLUMNS FROM `hr_icequipment` [ RunTime:0.0015s ]
SQL: SELECT * FROM `hr_icequipment` WHERE `stats` = 0  [ RunTime:0.0003s ]
NOTIC: [8] Undefined index: equipment_sub /Library/WebServer/Documents/cost/Application/Home/Controller/IcController.class.php 第 61 行.
NOTIC: [8] Undefined index: equipment_sub /Library/WebServer/Documents/cost/Application/Home/Controller/IcController.class.php 第 61 行.
NOTIC: [8] Undefined index: equipment_sub /Library/WebServer/Documents/cost/Application/Home/Controller/IcController.class.php 第 61 行.
SQL: SELECT COUNT(*) AS tp_count FROM `hr_icequipment_sub` WHERE `stats` = 0 LIMIT 1   [ RunTime:0.0002s ]
NOTIC: [8] Array to string conversion /Library/WebServer/Documents/cost/Application/Home/Controller/IcController.class.php 第 68 行.
INFO: [ app_end ] --START--
INFO: Run Behavior\ShowPageTraceBehavior [ RunTime:0.000340s ]
INFO: [ app_end ] --END-- [ RunTime:0.000509s ]

[ 2019-11-13T22:43:16+08:00 ] 192.168.50.68 /cost/index.php/Home/Ic/welcomes.html?page=1&limit=15
INFO: [ app_begin ] --START--
INFO: Run Behavior\ReadHtmlCacheBehavior [ RunTime:0.000380s ]
INFO: [ app_begin ] --END-- [ RunTime:0.000826s ]
SQL: SHOW COLUMNS FROM `hr_icequipment_sub` [ RunTime:0.0016s ]
SQL: SELECT * FROM `hr_icequipment_sub` WHERE `stats` = 0  [ RunTime:0.0002s ]
SQL: SHOW COLUMNS FROM `hr_icequipment` [ RunTime:0.0015s ]
SQL: SELECT * FROM `hr_icequipment` WHERE `stats` = 0  [ RunTime:0.0002s ]
NOTIC: [8] Undefined index: equipment_sub /Library/WebServer/Documents/cost/Application/Home/Controller/IcController.class.php 第 61 行.
NOTIC: [8] Undefined index: equipment_sub /Library/WebServer/Documents/cost/Application/Home/Controller/IcController.class.php 第 61 行.
NOTIC: [8] Undefined index: equipment_sub /Library/WebServer/Documents/cost/Application/Home/Controller/IcController.class.php 第 61 行.
SQL: SELECT COUNT(*) AS tp_count FROM `hr_icequipment_sub` WHERE `stats` = 0 LIMIT 1   [ RunTime:0.0002s ]
NOTIC: [8] Array to string conversion /Library/WebServer/Documents/cost/Application/Home/Controller/IcController.class.php 第 68 行.
INFO: [ app_end ] --START--
INFO: Run Behavior\ShowPageTraceBehavior [ RunTime:0.000349s ]
INFO: [ app_end ] --END-- [ RunTime:0.000526s ]

[ 2019-11-13T22:43:29+08:00 ] 192.168.50.68 /cost/index.php/Home/Ic/welcomes.html?page=1&limit=15
INFO: [ app_begin ] --START--
INFO: Run Behavior\ReadHtmlCacheBehavior [ RunTime:0.000379s ]
INFO: [ app_begin ] --END-- [ RunTime:0.000816s ]
SQL: SHOW COLUMNS FROM `hr_icequipment_sub` [ RunTime:0.0016s ]
SQL: SELECT * FROM `hr_icequipment_sub` WHERE `stats` = 0  [ RunTime:0.0002s ]
SQL: SHOW COLUMNS FROM `hr_icequipment` [ RunTime:0.0015s ]
SQL: SELECT * FROM `hr_icequipment` WHERE `stats` = 0  [ RunTime:0.0002s ]
NOTIC: [8] Undefined index: equipment_sub /Library/WebServer/Documents/cost/Application/Home/Controller/IcController.class.php 第 61 行.
NOTIC: [8] Undefined index: equipment_sub /Library/WebServer/Documents/cost/Application/Home/Controller/IcController.class.php 第 61 行.
NOTIC: [8] Undefined index: equipment_sub /Library/WebServer/Documents/cost/Application/Home/Controller/IcController.class.php 第 61 行.
SQL: SELECT COUNT(*) AS tp_count FROM `hr_icequipment_sub` WHERE `stats` = 0 LIMIT 1   [ RunTime:0.0002s ]
NOTIC: [8] Array to string conversion /Library/WebServer/Documents/cost/Application/Home/Controller/IcController.class.php 第 68 行.
INFO: [ app_end ] --START--
INFO: Run Behavior\ShowPageTraceBehavior [ RunTime:0.000354s ]
INFO: [ app_end ] --END-- [ RunTime:0.000526s ]

[ 2019-11-13T22:43:52+08:00 ] 192.168.50.68 /cost/index.php/Home/Ic/welcomes.html?page=1&limit=15
INFO: [ app_begin ] --START--
INFO: Run Behavior\ReadHtmlCacheBehavior [ RunTime:0.000374s ]
INFO: [ app_begin ] --END-- [ RunTime:0.000796s ]
SQL: SHOW COLUMNS FROM `hr_icequipment_sub` [ RunTime:0.0017s ]
SQL: SELECT * FROM `hr_icequipment_sub` WHERE `stats` = 0  [ RunTime:0.0002s ]
SQL: SHOW COLUMNS FROM `hr_icequipment` [ RunTime:0.0015s ]
SQL: SELECT * FROM `hr_icequipment` WHERE `stats` = 0  [ RunTime:0.0002s ]
SQL: SELECT COUNT(*) AS tp_count FROM `hr_icequipment_sub` WHERE `stats` = 0 LIMIT 1   [ RunTime:0.0002s ]
NOTIC: [8] Array to string conversion /Library/WebServer/Documents/cost/Application/Home/Controller/IcController.class.php 第 68 行.
INFO: [ app_end ] --START--
INFO: Run Behavior\ShowPageTraceBehavior [ RunTime:0.000330s ]
INFO: [ app_end ] --END-- [ RunTime:0.000513s ]

[ 2019-11-13T22:44:07+08:00 ] 192.168.50.68 /cost/index.php/Home/Ic/welcomes.html?page=1&limit=15
INFO: [ app_begin ] --START--
INFO: Run Behavior\ReadHtmlCacheBehavior [ RunTime:0.000381s ]
INFO: [ app_begin ] --END-- [ RunTime:0.000816s ]
SQL: SHOW COLUMNS FROM `hr_icequipment_sub` [ RunTime:0.0017s ]
SQL: SELECT * FROM `hr_icequipment_sub` WHERE `stats` = 0  [ RunTime:0.0002s ]
SQL: SHOW COLUMNS FROM `hr_icequipment` [ RunTime:0.0015s ]
SQL: SELECT * FROM `hr_icequipment` WHERE `stats` = 0  [ RunTime:0.0002s ]
SQL: SELECT COUNT(*) AS tp_count FROM `hr_icequipment_sub` WHERE `stats` = 0 LIMIT 1   [ RunTime:0.0002s ]
NOTIC: [8] Array to string conversion /Library/WebServer/Documents/cost/Application/Home/Controller/IcController.class.php 第 68 行.
INFO: [ app_end ] --START--
INFO: Run Behavior\ShowPageTraceBehavior [ RunTime:0.000421s ]
INFO: [ app_end ] --END-- [ RunTime:0.000641s ]

[ 2019-11-13T22:45:11+08:00 ] 192.168.50.68 /cost/index.php/Home/Ic/welcomes.html?page=1&limit=15
INFO: [ app_begin ] --START--
INFO: Run Behavior\ReadHtmlCacheBehavior [ RunTime:0.000374s ]
INFO: [ app_begin ] --END-- [ RunTime:0.000787s ]
SQL: SHOW COLUMNS FROM `hr_icequipment_sub` [ RunTime:0.0016s ]
SQL: SELECT * FROM `hr_icequipment_sub` WHERE `stats` = 0  [ RunTime:0.0002s ]
SQL: SHOW COLUMNS FROM `hr_icequipment` [ RunTime:0.0015s ]
SQL: SELECT * FROM `hr_icequipment` WHERE `stats` = 0  [ RunTime:0.0002s ]
SQL: SELECT COUNT(*) AS tp_count FROM `hr_icequipment_sub` WHERE `stats` = 0 LIMIT 1   [ RunTime:0.0002s ]
NOTIC: [8] Array to string conversion /Library/WebServer/Documents/cost/Application/Home/Controller/IcController.class.php 第 68 行.
INFO: [ app_end ] --START--
INFO: Run Behavior\ShowPageTraceBehavior [ RunTime:0.000341s ]
INFO: [ app_end ] --END-- [ RunTime:0.000535s ]

[ 2019-11-13T22:45:42+08:00 ] 192.168.50.68 /cost/index.php/Home/Ic/welcomes.html?page=1&limit=15
INFO: [ app_begin ] --START--
INFO: Run Behavior\ReadHtmlCacheBehavior [ RunTime:0.000383s ]
INFO: [ app_begin ] --END-- [ RunTime:0.000818s ]
SQL: SHOW COLUMNS FROM `hr_icequipment_sub` [ RunTime:0.0016s ]
SQL: SELECT * FROM `hr_icequipment_sub` WHERE `stats` = 0  [ RunTime:0.0002s ]
SQL: SHOW COLUMNS FROM `hr_icequipment` [ RunTime:0.0015s ]
SQL: SELECT * FROM `hr_icequipment` WHERE `stats` = 0  [ RunTime:0.0002s ]
SQL: SELECT COUNT(*) AS tp_count FROM `hr_icequipment_sub` WHERE `stats` = 0 LIMIT 1   [ RunTime:0.0002s ]
NOTIC: [8] Array to string conversion /Library/WebServer/Documents/cost/Application/Home/Controller/IcController.class.php 第 68 行.
INFO: [ app_end ] --START--
INFO: Run Behavior\ShowPageTraceBehavior [ RunTime:0.000338s ]
INFO: [ app_end ] --END-- [ RunTime:0.000518s ]

[ 2019-11-13T22:46:29+08:00 ] 192.168.50.68 /cost/index.php/Home/Ic/welcomes.html?page=1&limit=15
INFO: [ app_begin ] --START--
INFO: Run Behavior\ReadHtmlCacheBehavior [ RunTime:0.000380s ]
INFO: [ app_begin ] --END-- [ RunTime:0.000811s ]
SQL: SHOW COLUMNS FROM `hr_icequipment_sub` [ RunTime:0.0016s ]
SQL: SELECT * FROM `hr_icequipment_sub` WHERE `stats` = 0  [ RunTime:0.0002s ]
SQL: SHOW COLUMNS FROM `hr_icequipment` [ RunTime:0.0015s ]
SQL: SELECT * FROM `hr_icequipment` WHERE `stats` = 0  [ RunTime:0.0002s ]
SQL: SELECT COUNT(*) AS tp_count FROM `hr_icequipment_sub` WHERE `stats` = 0 LIMIT 1   [ RunTime:0.0002s ]
NOTIC: [8] Array to string conversion /Library/WebServer/Documents/cost/Application/Home/Controller/IcController.class.php 第 69 行.
INFO: [ app_end ] --START--
INFO: Run Behavior\ShowPageTraceBehavior [ RunTime:0.000341s ]
INFO: [ app_end ] --END-- [ RunTime:0.000508s ]

[ 2019-11-13T22:46:40+08:00 ] 192.168.50.68 /cost/index.php/Home/Ic/welcomes.html?page=1&limit=15
INFO: [ app_begin ] --START--
INFO: Run Behavior\ReadHtmlCacheBehavior [ RunTime:0.000374s ]
INFO: [ app_begin ] --END-- [ RunTime:0.000792s ]
SQL: SHOW COLUMNS FROM `hr_icequipment_sub` [ RunTime:0.0016s ]
SQL: SELECT * FROM `hr_icequipment_sub` WHERE `stats` = 0  [ RunTime:0.0002s ]
SQL: SHOW COLUMNS FROM `hr_icequipment` [ RunTime:0.0015s ]
SQL: SELECT * FROM `hr_icequipment` WHERE `stats` = 0  [ RunTime:0.0002s ]
SQL: SELECT COUNT(*) AS tp_count FROM `hr_icequipment_sub` WHERE `stats` = 0 LIMIT 1   [ RunTime:0.0002s ]
NOTIC: [8] Array to string conversion /Library/WebServer/Documents/cost/Application/Home/Controller/IcController.class.php 第 69 行.
INFO: [ app_end ] --START--
INFO: Run Behavior\ShowPageTraceBehavior [ RunTime:0.000407s ]
INFO: [ app_end ] --END-- [ RunTime:0.000613s ]

[ 2019-11-13T22:46:58+08:00 ] 192.168.50.68 /cost/index.php/Home/Ic/welcomes.html?page=1&limit=15
INFO: [ app_begin ] --START--
INFO: Run Behavior\ReadHtmlCacheBehavior [ RunTime:0.000379s ]
INFO: [ app_begin ] --END-- [ RunTime:0.000812s ]
SQL: SHOW COLUMNS FROM `hr_icequipment_sub` [ RunTime:0.0016s ]
SQL: SELECT * FROM `hr_icequipment_sub` WHERE `stats` = 0  [ RunTime:0.0002s ]
SQL: SHOW COLUMNS FROM `hr_icequipment` [ RunTime:0.0015s ]
SQL: SELECT * FROM `hr_icequipment` WHERE `stats` = 0  [ RunTime:0.0002s ]
SQL: SELECT COUNT(*) AS tp_count FROM `hr_icequipment_sub` WHERE `stats` = 0 LIMIT 1   [ RunTime:0.0002s ]
NOTIC: [8] Array to string conversion /Library/WebServer/Documents/cost/Application/Home/Controller/IcController.class.php 第 69 行.
INFO: [ app_end ] --START--
INFO: Run Behavior\ShowPageTraceBehavior [ RunTime:0.000341s ]
INFO: [ app_end ] --END-- [ RunTime:0.000516s ]

[ 2019-11-13T22:47:11+08:00 ] 192.168.50.68 /cost/index.php/Home/Ic/welcomes.html?page=1&limit=15
INFO: [ app_begin ] --START--
INFO: Run Behavior\ReadHtmlCacheBehavior [ RunTime:0.000376s ]
INFO: [ app_begin ] --END-- [ RunTime:0.000805s ]
SQL: SHOW COLUMNS FROM `hr_icequipment_sub` [ RunTime:0.0016s ]
SQL: SELECT * FROM `hr_icequipment_sub` WHERE `stats` = 0  [ RunTime:0.0002s ]
SQL: SHOW COLUMNS FROM `hr_icequipment` [ RunTime:0.0015s ]
SQL: SELECT * FROM `hr_icequipment` WHERE `stats` = 0  [ RunTime:0.0002s ]
SQL: SELECT COUNT(*) AS tp_count FROM `hr_icequipment_sub` WHERE `stats` = 0 LIMIT 1   [ RunTime:0.0002s ]
NOTIC: [8] Array to string conversion /Library/WebServer/Documents/cost/Application/Home/Controller/IcController.class.php 第 69 行.
INFO: [ app_end ] --START--
INFO: Run Behavior\ShowPageTraceBehavior [ RunTime:0.000348s ]
INFO: [ app_end ] --END-- [ RunTime:0.000533s ]

[ 2019-11-13T22:48:02+08:00 ] 192.168.50.68 /cost/index.php/Home/Ic/welcomes.html?page=1&limit=15
INFO: [ app_begin ] --START--
INFO: Run Behavior\ReadHtmlCacheBehavior [ RunTime:0.000380s ]
INFO: [ app_begin ] --END-- [ RunTime:0.000809s ]
SQL: SHOW COLUMNS FROM `hr_icequipment_sub` [ RunTime:0.0016s ]
SQL: SELECT * FROM `hr_icequipment_sub` WHERE `stats` = 0  [ RunTime:0.0002s ]
SQL: SHOW COLUMNS FROM `hr_icequipment` [ RunTime:0.0015s ]
SQL: SELECT * FROM `hr_icequipment` WHERE `stats` = 0  [ RunTime:0.0002s ]
SQL: SELECT COUNT(*) AS tp_count FROM `hr_icequipment_sub` WHERE `stats` = 0 LIMIT 1   [ RunTime:0.0002s ]
NOTIC: [8] Array to string conversion /Library/WebServer/Documents/cost/Application/Home/Controller/IcController.class.php 第 69 行.
INFO: [ app_end ] --START--
INFO: Run Behavior\ShowPageTraceBehavior [ RunTime:0.000354s ]
INFO: [ app_end ] --END-- [ RunTime:0.000531s ]

[ 2019-11-13T22:48:45+08:00 ] 192.168.50.68 /cost/index.php/Home/Ic/welcomes.html?page=1&limit=15
INFO: [ app_begin ] --START--
INFO: Run Behavior\ReadHtmlCacheBehavior [ RunTime:0.000382s ]
INFO: [ app_begin ] --END-- [ RunTime:0.000820s ]
SQL: SHOW COLUMNS FROM `hr_icequipment_sub` [ RunTime:0.0016s ]
SQL: SELECT * FROM `hr_icequipment_sub` WHERE `stats` = 0  [ RunTime:0.0002s ]
SQL: SHOW COLUMNS FROM `hr_icequipment` [ RunTime:0.0015s ]
SQL: SELECT * FROM `hr_icequipment` WHERE `stats` = 0  [ RunTime:0.0002s ]
SQL: SELECT COUNT(*) AS tp_count FROM `hr_icequipment_sub` WHERE `stats` = 0 LIMIT 1   [ RunTime:0.0002s ]
INFO: [ app_end ] --START--
INFO: Run Behavior\ShowPageTraceBehavior [ RunTime:0.000404s ]
INFO: [ app_end ] --END-- [ RunTime:0.000613s ]

[ 2019-11-13T22:50:28+08:00 ] 192.168.50.68 /cost/index.php/Home/Ic/welcomes.html?page=1&limit=15
INFO: [ app_begin ] --START--
INFO: Run Behavior\ReadHtmlCacheBehavior [ RunTime:0.000377s ]
INFO: [ app_begin ] --END-- [ RunTime:0.000802s ]
SQL: SHOW COLUMNS FROM `hr_icequipment_sub` [ RunTime:0.0017s ]
SQL: SELECT * FROM `hr_icequipment_sub` WHERE `stats` = 0  [ RunTime:0.0002s ]
SQL: SHOW COLUMNS FROM `hr_icequipment` [ RunTime:0.0015s ]
SQL: SELECT * FROM `hr_icequipment` WHERE `stats` = 0  [ RunTime:0.0002s ]
SQL: SELECT COUNT(*) AS tp_count FROM `hr_icequipment_sub` WHERE `stats` = 0 LIMIT 1   [ RunTime:0.0002s ]
INFO: [ app_end ] --START--
INFO: Run Behavior\ShowPageTraceBehavior [ RunTime:0.000345s ]
INFO: [ app_end ] --END-- [ RunTime:0.000519s ]

[ 2019-11-13T22:51:05+08:00 ] 192.168.50.68 /cost/index.php/Home/Ic/welcomes.html?page=1&limit=15
INFO: [ app_begin ] --START--
INFO: Run Behavior\ReadHtmlCacheBehavior [ RunTime:0.000376s ]
INFO: [ app_begin ] --END-- [ RunTime:0.000796s ]
SQL: SHOW COLUMNS FROM `hr_icequipment_sub` [ RunTime:0.0016s ]
SQL: SELECT * FROM `hr_icequipment_sub` WHERE `stats` = 0  [ RunTime:0.0002s ]
SQL: SHOW COLUMNS FROM `hr_icequipment` [ RunTime:0.0015s ]
SQL: SELECT * FROM `hr_icequipment` WHERE `stats` = 0  [ RunTime:0.0002s ]
SQL: SELECT COUNT(*) AS tp_count FROM `hr_icequipment_sub` WHERE `stats` = 0 LIMIT 1   [ RunTime:0.0002s ]
INFO: [ app_end ] --START--
INFO: Run Behavior\ShowPageTraceBehavior [ RunTime:0.000344s ]
INFO: [ app_end ] --END-- [ RunTime:0.000532s ]

[ 2019-11-13T22:52:06+08:00 ] 192.168.50.68 /cost/index.php/Home/Ic/welcomes.html?page=1&limit=15
INFO: [ app_begin ] --START--
INFO: Run Behavior\ReadHtmlCacheBehavior [ RunTime:0.000372s ]
INFO: [ app_begin ] --END-- [ RunTime:0.000800s ]
SQL: SHOW COLUMNS FROM `hr_icequipment_sub` [ RunTime:0.0017s ]
SQL: SELECT * FROM `hr_icequipment_sub` WHERE `stats` = 0  [ RunTime:0.0003s ]
SQL: SHOW COLUMNS FROM `hr_icequipment` [ RunTime:0.0014s ]
SQL: SELECT * FROM `hr_icequipment` WHERE `stats` = 0  [ RunTime:0.0002s ]
SQL: SELECT COUNT(*) AS tp_count FROM `hr_icequipment_sub` WHERE `stats` = 0 LIMIT 1   [ RunTime:0.0002s ]
INFO: [ app_end ] --START--
INFO: Run Behavior\ShowPageTraceBehavior [ RunTime:0.000401s ]
INFO: [ app_end ] --END-- [ RunTime:0.000580s ]

[ 2019-11-13T22:54:31+08:00 ] 192.168.50.68 /cost/index.php/Home/Ic/welcomes.html?page=1&limit=15
INFO: [ app_begin ] --START--
INFO: Run Behavior\ReadHtmlCacheBehavior [ RunTime:0.000381s ]
INFO: [ app_begin ] --END-- [ RunTime:0.000796s ]
SQL: SHOW COLUMNS FROM `hr_icequipment_sub` [ RunTime:0.0017s ]
SQL: SELECT * FROM `hr_icequipment_sub` WHERE `stats` = 0  [ RunTime:0.0002s ]
SQL: SHOW COLUMNS FROM `hr_icequipment` [ RunTime:0.0015s ]
SQL: SELECT * FROM `hr_icequipment` WHERE `stats` = 0  [ RunTime:0.0002s ]
SQL: SELECT COUNT(*) AS tp_count FROM `hr_icequipment_sub` WHERE `stats` = 0 LIMIT 1   [ RunTime:0.0002s ]
INFO: [ app_end ] --START--
INFO: Run Behavior\ShowPageTraceBehavior [ RunTime:0.000356s ]
INFO: [ app_end ] --END-- [ RunTime:0.000526s ]

[ 2019-11-13T23:17:52+08:00 ] ::1 /cost/index.php/Home/Ic/welcomes.html?page=1&limit=15
INFO: [ app_begin ] --START--
INFO: Run Behavior\ReadHtmlCacheBehavior [ RunTime:0.000335s ]
INFO: [ app_begin ] --END-- [ RunTime:0.000726s ]
SQL: SHOW COLUMNS FROM `hr_icequipment_sub` [ RunTime:0.0013s ]
SQL: SELECT * FROM `hr_icequipment_sub` WHERE `stats` = 0  [ RunTime:0.0003s ]
SQL: SHOW COLUMNS FROM `hr_icequipment` [ RunTime:0.0015s ]
SQL: SELECT * FROM `hr_icequipment` WHERE `stats` = 0  [ RunTime:0.0002s ]
SQL: SELECT COUNT(*) AS tp_count FROM `hr_icequipment_sub` WHERE `stats` = 0 LIMIT 1   [ RunTime:0.0002s ]
INFO: [ app_end ] --START--
INFO: Run Behavior\ShowPageTraceBehavior [ RunTime:0.000366s ]
INFO: [ app_end ] --END-- [ RunTime:0.000521s ]

[ 2019-11-13T23:29:13+08:00 ] 192.168.50.68 /cost/index.php/Home/Ic/welcomes.html?page=1&limit=15
INFO: [ app_begin ] --START--
INFO: Run Behavior\ReadHtmlCacheBehavior [ RunTime:0.000369s ]
INFO: [ app_begin ] --END-- [ RunTime:0.000786s ]
SQL: SHOW COLUMNS FROM `hr_icequipment_sub` [ RunTime:0.0016s ]
SQL: SELECT * FROM `hr_icequipment_sub` WHERE `stats` = 0  [ RunTime:0.0003s ]
SQL: SHOW COLUMNS FROM `hr_icequipment` [ RunTime:0.0015s ]
SQL: SELECT * FROM `hr_icequipment` WHERE `stats` = 0  [ RunTime:0.0002s ]
SQL: SHOW COLUMNS FROM `hr_jrdanwei` [ RunTime:0.0013s ]
SQL: SELECT * FROM `hr_jrdanwei` WHERE ( jiagou = 'A1' )  [ RunTime:0.0003s ]
SQL: SELECT COUNT(*) AS tp_count FROM `hr_icequipment_sub` WHERE `stats` = 0 LIMIT 1   [ RunTime:0.0002s ]
INFO: [ app_end ] --START--
INFO: Run Behavior\ShowPageTraceBehavior [ RunTime:0.000340s ]
INFO: [ app_end ] --END-- [ RunTime:0.000523s ]

[ 2019-11-13T23:29:49+08:00 ] 192.168.50.68 /cost/index.php/Home/Ic/welcomes.html?page=1&limit=15
INFO: [ app_begin ] --START--
INFO: Run Behavior\ReadHtmlCacheBehavior [ RunTime:0.000376s ]
INFO: [ app_begin ] --END-- [ RunTime:0.000797s ]
SQL: SHOW COLUMNS FROM `hr_icequipment_sub` [ RunTime:0.0016s ]
SQL: SELECT * FROM `hr_icequipment_sub` WHERE `stats` = 0  [ RunTime:0.0002s ]
SQL: SHOW COLUMNS FROM `hr_icequipment` [ RunTime:0.0015s ]
SQL: SELECT * FROM `hr_icequipment` WHERE `stats` = 0  [ RunTime:0.0002s ]
SQL: SHOW COLUMNS FROM `hr_jrdanwei` [ RunTime:0.0012s ]
SQL: SELECT * FROM `hr_jrdanwei` WHERE ( jiagou = 'A1' )  [ RunTime:0.0003s ]
SQL: SELECT COUNT(*) AS tp_count FROM `hr_icequipment_sub` WHERE `stats` = 0 LIMIT 1   [ RunTime:0.0002s ]
INFO: [ app_end ] --START--
INFO: Run Behavior\ShowPageTraceBehavior [ RunTime:0.000333s ]
INFO: [ app_end ] --END-- [ RunTime:0.000515s ]

[ 2019-11-13T23:30:46+08:00 ] 192.168.50.68 /cost/index.php/Home/Ic/welcomes.html?page=1&limit=15
INFO: [ app_begin ] --START--
INFO: Run Behavior\ReadHtmlCacheBehavior [ RunTime:0.000377s ]
INFO: [ app_begin ] --END-- [ RunTime:0.000793s ]
SQL: SHOW COLUMNS FROM `hr_icequipment_sub` [ RunTime:0.0016s ]
SQL: SELECT * FROM `hr_icequipment_sub` WHERE `stats` = 0  [ RunTime:0.0002s ]
SQL: SHOW COLUMNS FROM `hr_icequipment` [ RunTime:0.0015s ]
SQL: SELECT * FROM `hr_icequipment` WHERE `stats` = 0  [ RunTime:0.0002s ]
SQL: SHOW COLUMNS FROM `hr_jrdanwei` [ RunTime:0.0012s ]
SQL: SELECT * FROM `hr_jrdanwei` WHERE ( jiagou = 'A1' )  [ RunTime:0.0003s ]
SQL: SELECT COUNT(*) AS tp_count FROM `hr_icequipment_sub` WHERE `stats` = 0 LIMIT 1   [ RunTime:0.0002s ]
NOTIC: [8] Undefined variable: data /Library/WebServer/Documents/cost/Application/Home/Controller/IcController.class.php 第 78 行.
INFO: [ app_end ] --START--
INFO: Run Behavior\ShowPageTraceBehavior [ RunTime:0.000341s ]
INFO: [ app_end ] --END-- [ RunTime:0.000513s ]

[ 2019-11-13T23:31:02+08:00 ] 192.168.50.68 /cost/index.php/Home/Ic/welcomes.html?page=1&limit=15
INFO: [ app_begin ] --START--
INFO: Run Behavior\ReadHtmlCacheBehavior [ RunTime:0.000375s ]
INFO: [ app_begin ] --END-- [ RunTime:0.000793s ]
SQL: SHOW COLUMNS FROM `hr_icequipment_sub` [ RunTime:0.0017s ]
SQL: SELECT * FROM `hr_icequipment_sub` WHERE `stats` = 0  [ RunTime:0.0002s ]
SQL: SHOW COLUMNS FROM `hr_icequipment` [ RunTime:0.0015s ]
SQL: SELECT * FROM `hr_icequipment` WHERE `stats` = 0  [ RunTime:0.0002s ]
SQL: SHOW COLUMNS FROM `hr_jrdanwei` [ RunTime:0.0016s ]
SQL: SELECT * FROM `hr_jrdanwei` WHERE ( jiagou = 'A1' )  [ RunTime:0.0003s ]
SQL: SELECT COUNT(*) AS tp_count FROM `hr_icequipment_sub` WHERE `stats` = 0 LIMIT 1   [ RunTime:0.0002s ]
NOTIC: [8] Undefined variable: data /Library/WebServer/Documents/cost/Application/Home/Controller/IcController.class.php 第 78 行.
INFO: [ app_end ] --START--
INFO: Run Behavior\ShowPageTraceBehavior [ RunTime:0.000407s ]
INFO: [ app_end ] --END-- [ RunTime:0.000607s ]

[ 2019-11-13T23:38:06+08:00 ] 192.168.50.68 /cost/index.php/Home/Ic/welcomes.html?page=1&limit=15
INFO: [ app_begin ] --START--
INFO: Run Behavior\ReadHtmlCacheBehavior [ RunTime:0.000376s ]
INFO: [ app_begin ] --END-- [ RunTime:0.000803s ]
SQL: SHOW COLUMNS FROM `hr_icequipment_sub` [ RunTime:0.0017s ]
SQL: SELECT * FROM `hr_icequipment_sub` WHERE `stats` = 0  [ RunTime:0.0002s ]
SQL: SHOW COLUMNS FROM `hr_icequipment` [ RunTime:0.0015s ]
SQL: SELECT * FROM `hr_icequipment` WHERE `stats` = 0  [ RunTime:0.0002s ]
SQL: SHOW COLUMNS FROM `hr_jrdanwei` [ RunTime:0.0015s ]
SQL: SELECT * FROM `hr_jrdanwei` WHERE ( jiagou = 'A1' )  [ RunTime:0.0003s ]
NOTIC: [8] Undefined index: dwnames /Library/WebServer/Documents/cost/Application/Home/Controller/IcController.class.php 第 62 行.
NOTIC: [8] Undefined index: dwnames /Library/WebServer/Documents/cost/Application/Home/Controller/IcController.class.php 第 62 行.
SQL: SELECT COUNT(*) AS tp_count FROM `hr_icequipment_sub` WHERE `stats` = 0 LIMIT 1   [ RunTime:0.0002s ]
NOTIC: [8] Undefined variable: data /Library/WebServer/Documents/cost/Application/Home/Controller/IcController.class.php 第 78 行.
INFO: [ app_end ] --START--
INFO: Run Behavior\ShowPageTraceBehavior [ RunTime:0.000330s ]
INFO: [ app_end ] --END-- [ RunTime:0.000503s ]

[ 2019-11-13T23:38:49+08:00 ] 192.168.50.68 /cost/index.php/Home/Ic/welcomes.html?page=1&limit=15
INFO: [ app_begin ] --START--
INFO: Run Behavior\ReadHtmlCacheBehavior [ RunTime:0.000377s ]
INFO: [ app_begin ] --END-- [ RunTime:0.000801s ]
SQL: SHOW COLUMNS FROM `hr_icequipment_sub` [ RunTime:0.0017s ]
SQL: SELECT * FROM `hr_icequipment_sub` WHERE `stats` = 0  [ RunTime:0.0002s ]
SQL: SHOW COLUMNS FROM `hr_icequipment` [ RunTime:0.0015s ]
SQL: SELECT * FROM `hr_icequipment` WHERE `stats` = 0  [ RunTime:0.0002s ]
SQL: SHOW COLUMNS FROM `hr_jrdanwei` [ RunTime:0.0013s ]
SQL: SELECT * FROM `hr_jrdanwei` WHERE ( jiagou = 'A1' )  [ RunTime:0.0003s ]
SQL: SELECT COUNT(*) AS tp_count FROM `hr_icequipment_sub` WHERE `stats` = 0 LIMIT 1   [ RunTime:0.0002s ]
NOTIC: [8] Undefined variable: data /Library/WebServer/Documents/cost/Application/Home/Controller/IcController.class.php 第 78 行.
INFO: [ app_end ] --START--
INFO: Run Behavior\ShowPageTraceBehavior [ RunTime:0.000343s ]
INFO: [ app_end ] --END-- [ RunTime:0.000518s ]

[ 2019-11-13T23:39:24+08:00 ] 192.168.50.68 /cost/index.php/Home/Ic/welcomes.html?page=1&limit=15
INFO: [ app_begin ] --START--
INFO: Run Behavior\ReadHtmlCacheBehavior [ RunTime:0.000385s ]
INFO: [ app_begin ] --END-- [ RunTime:0.000821s ]
SQL: SHOW COLUMNS FROM `hr_icequipment_sub` [ RunTime:0.0014s ]
SQL: SELECT * FROM `hr_icequipment_sub` WHERE `stats` = 0  [ RunTime:0.0002s ]
SQL: SHOW COLUMNS FROM `hr_icequipment` [ RunTime:0.0013s ]
SQL: SELECT * FROM `hr_icequipment` WHERE `stats` = 0  [ RunTime:0.0002s ]
SQL: SHOW COLUMNS FROM `hr_jrdanwei` [ RunTime:0.0013s ]
SQL: SELECT * FROM `hr_jrdanwei` WHERE ( jiagou = 'A1' )  [ RunTime:0.0003s ]
SQL: SELECT COUNT(*) AS tp_count FROM `hr_icequipment_sub` WHERE `stats` = 0 LIMIT 1   [ RunTime:0.0002s ]
NOTIC: [8] Undefined variable: data /Library/WebServer/Documents/cost/Application/Home/Controller/IcController.class.php 第 78 行.
INFO: [ app_end ] --START--
INFO: Run Behavior\ShowPageTraceBehavior [ RunTime:0.000392s ]
INFO: [ app_end ] --END-- [ RunTime:0.000577s ]

[ 2019-11-13T23:40:47+08:00 ] 192.168.50.68 /cost/index.php/Home/Ic/welcomes.html?page=1&limit=15
INFO: [ app_begin ] --START--
INFO: Run Behavior\ReadHtmlCacheBehavior [ RunTime:0.000379s ]
INFO: [ app_begin ] --END-- [ RunTime:0.000811s ]
SQL: SHOW COLUMNS FROM `hr_icequipment_sub` [ RunTime:0.0015s ]
SQL: SELECT * FROM `hr_icequipment_sub` WHERE `stats` = 0  [ RunTime:0.0002s ]
SQL: SHOW COLUMNS FROM `hr_icequipment` [ RunTime:0.0013s ]
SQL: SELECT * FROM `hr_icequipment` WHERE `stats` = 0  [ RunTime:0.0002s ]
SQL: SHOW COLUMNS FROM `hr_jrdanwei` [ RunTime:0.0013s ]
SQL: SELECT * FROM `hr_jrdanwei` WHERE ( jiagou = 'A1' )  [ RunTime:0.0002s ]
NOTIC: [8] Undefined offset: 1 /Library/WebServer/Documents/cost/Application/Home/Controller/IcController.class.php 第 64 行.
NOTIC: [8] Undefined offset: 2 /Library/WebServer/Documents/cost/Application/Home/Controller/IcController.class.php 第 64 行.
NOTIC: [8] Undefined offset: 3 /Library/WebServer/Documents/cost/Application/Home/Controller/IcController.class.php 第 64 行.
SQL: SELECT COUNT(*) AS tp_count FROM `hr_icequipment_sub` WHERE `stats` = 0 LIMIT 1   [ RunTime:0.0002s ]
NOTIC: [8] Undefined variable: data /Library/WebServer/Documents/cost/Application/Home/Controller/IcController.class.php 第 78 行.
INFO: [ app_end ] --START--
INFO: Run Behavior\ShowPageTraceBehavior [ RunTime:0.000459s ]
INFO: [ app_end ] --END-- [ RunTime:0.000678s ]

[ 2019-11-13T23:41:36+08:00 ] 192.168.50.68 /cost/index.php/Home/Ic/welcomes.html?page=1&limit=15
INFO: [ app_begin ] --START--
INFO: Run Behavior\ReadHtmlCacheBehavior [ RunTime:0.000382s ]
INFO: [ app_begin ] --END-- [ RunTime:0.000810s ]
SQL: SHOW COLUMNS FROM `hr_icequipment_sub` [ RunTime:0.0016s ]
SQL: SELECT * FROM `hr_icequipment_sub` WHERE `stats` = 0  [ RunTime:0.0002s ]
SQL: SHOW COLUMNS FROM `hr_icequipment` [ RunTime:0.0015s ]
SQL: SELECT * FROM `hr_icequipment` WHERE `stats` = 0  [ RunTime:0.0002s ]
SQL: SHOW COLUMNS FROM `hr_jrdanwei` [ RunTime:0.0013s ]
SQL: SELECT * FROM `hr_jrdanwei` WHERE ( jiagou = 'A1' )  [ RunTime:0.0002s ]
NOTIC: [8] Undefined offset: 1 /Library/WebServer/Documents/cost/Application/Home/Controller/IcController.class.php 第 64 行.
NOTIC: [8] Undefined offset: 2 /Library/WebServer/Documents/cost/Application/Home/Controller/IcController.class.php 第 64 行.
NOTIC: [8] Undefined offset: 3 /Library/WebServer/Documents/cost/Application/Home/Controller/IcController.class.php 第 64 行.
SQL: SELECT COUNT(*) AS tp_count FROM `hr_icequipment_sub` WHERE `stats` = 0 LIMIT 1   [ RunTime:0.0002s ]
INFO: [ app_end ] --START--
INFO: Run Behavior\ShowPageTraceBehavior [ RunTime:0.000331s ]
INFO: [ app_end ] --END-- [ RunTime:0.000504s ]

[ 2019-11-13T23:42:19+08:00 ] 192.168.50.68 /cost/index.php/Home/Ic/welcomes.html?page=1&limit=15
INFO: [ app_begin ] --START--
INFO: Run Behavior\ReadHtmlCacheBehavior [ RunTime:0.000371s ]
INFO: [ app_begin ] --END-- [ RunTime:0.000786s ]
SQL: SHOW COLUMNS FROM `hr_icequipment_sub` [ RunTime:0.0017s ]
SQL: SELECT * FROM `hr_icequipment_sub` WHERE `stats` = 0  [ RunTime:0.0002s ]
SQL: SHOW COLUMNS FROM `hr_icequipment` [ RunTime:0.0015s ]
SQL: SELECT * FROM `hr_icequipment` WHERE `stats` = 0  [ RunTime:0.0002s ]
SQL: SHOW COLUMNS FROM `hr_jrdanwei` [ RunTime:0.0015s ]
SQL: SELECT * FROM `hr_jrdanwei` WHERE ( jiagou = 'A1' )  [ RunTime:0.0003s ]
NOTIC: [8] Undefined offset: 1 /Library/WebServer/Documents/cost/Application/Home/Controller/IcController.class.php 第 64 行.
NOTIC: [8] Undefined offset: 2 /Library/WebServer/Documents/cost/Application/Home/Controller/IcController.class.php 第 64 行.
NOTIC: [8] Undefined offset: 3 /Library/WebServer/Documents/cost/Application/Home/Controller/IcController.class.php 第 64 行.
SQL: SELECT COUNT(*) AS tp_count FROM `hr_icequipment_sub` WHERE `stats` = 0 LIMIT 1   [ RunTime:0.0002s ]
INFO: [ app_end ] --START--
INFO: Run Behavior\ShowPageTraceBehavior [ RunTime:0.000406s ]
INFO: [ app_end ] --END-- [ RunTime:0.000603s ]

[ 2019-11-13T23:42:56+08:00 ] 192.168.50.68 /cost/index.php/Home/Ic/welcomes.html?page=1&limit=10
INFO: [ app_begin ] --START--
INFO: Run Behavior\ReadHtmlCacheBehavior [ RunTime:0.000328s ]
INFO: [ app_begin ] --END-- [ RunTime:0.000704s ]
SQL: SHOW COLUMNS FROM `hr_icequipment_sub` [ RunTime:0.0017s ]
SQL: SELECT * FROM `hr_icequipment_sub` WHERE `stats` = 0  [ RunTime:0.0002s ]
SQL: SHOW COLUMNS FROM `hr_icequipment` [ RunTime:0.0015s ]
SQL: SELECT * FROM `hr_icequipment` WHERE `stats` = 0  [ RunTime:0.0002s ]
SQL: SHOW COLUMNS FROM `hr_jrdanwei` [ RunTime:0.0011s ]
SQL: SELECT * FROM `hr_jrdanwei` WHERE ( jiagou = 'A1' )  [ RunTime:0.0002s ]
NOTIC: [8] Undefined offset: 1 /Library/WebServer/Documents/cost/Application/Home/Controller/IcController.class.php 第 64 行.
NOTIC: [8] Undefined offset: 2 /Library/WebServer/Documents/cost/Application/Home/Controller/IcController.class.php 第 64 行.
NOTIC: [8] Undefined offset: 3 /Library/WebServer/Documents/cost/Application/Home/Controller/IcController.class.php 第 64 行.
SQL: SELECT COUNT(*) AS tp_count FROM `hr_icequipment_sub` WHERE `stats` = 0 LIMIT 1   [ RunTime:0.0002s ]
INFO: [ app_end ] --START--
INFO: Run Behavior\ShowPageTraceBehavior [ RunTime:0.000326s ]
INFO: [ app_end ] --END-- [ RunTime:0.000490s ]

[ 2019-11-13T23:45:16+08:00 ] 192.168.50.68 /cost/index.php/Home/Ic/welcomes.html?page=1&limit=10
INFO: [ app_begin ] --START--
INFO: Run Behavior\ReadHtmlCacheBehavior [ RunTime:0.000383s ]
INFO: [ app_begin ] --END-- [ RunTime:0.000829s ]
SQL: SHOW COLUMNS FROM `hr_icequipment_sub` [ RunTime:0.0017s ]
SQL: SELECT * FROM `hr_icequipment_sub` WHERE `stats` = 0  [ RunTime:0.0002s ]
SQL: SHOW COLUMNS FROM `hr_icequipment` [ RunTime:0.0015s ]
SQL: SELECT * FROM `hr_icequipment` WHERE `stats` = 0  [ RunTime:0.0002s ]
SQL: SHOW COLUMNS FROM `hr_jrdanwei` [ RunTime:0.0015s ]
SQL: SELECT * FROM `hr_jrdanwei` WHERE ( jiagou = 'A1' )  [ RunTime:0.0002s ]
NOTIC: [8] Undefined offset: 1 /Library/WebServer/Documents/cost/Application/Home/Controller/IcController.class.php 第 64 行.
NOTIC: [8] Undefined offset: 2 /Library/WebServer/Documents/cost/Application/Home/Controller/IcController.class.php 第 64 行.
NOTIC: [8] Undefined offset: 3 /Library/WebServer/Documents/cost/Application/Home/Controller/IcController.class.php 第 64 行.
SQL: SELECT COUNT(*) AS tp_count FROM `hr_icequipment_sub` WHERE `stats` = 0 LIMIT 1   [ RunTime:0.0002s ]
INFO: [ app_end ] --START--
INFO: Run Behavior\ShowPageTraceBehavior [ RunTime:0.000349s ]
INFO: [ app_end ] --END-- [ RunTime:0.000527s ]

[ 2019-11-13T23:51:13+08:00 ] 192.168.50.68 /cost/index.php/Home/Ic/welcomes.html?page=1&limit=10
INFO: [ app_begin ] --START--
INFO: Run Behavior\ReadHtmlCacheBehavior [ RunTime:0.000369s ]
INFO: [ app_begin ] --END-- [ RunTime:0.000780s ]
SQL: SHOW COLUMNS FROM `hr_icequipment_sub` [ RunTime:0.0017s ]
SQL: SELECT * FROM `hr_icequipment_sub` WHERE `stats` = 0  [ RunTime:0.0002s ]
SQL: SHOW COLUMNS FROM `hr_icequipment` [ RunTime:0.0015s ]
SQL: SELECT * FROM `hr_icequipment` WHERE `stats` = 0  [ RunTime:0.0002s ]
SQL: SHOW COLUMNS FROM `hr_jrdanwei` [ RunTime:0.0012s ]
SQL: SELECT * FROM `hr_jrdanwei` WHERE ( jiagou = 'A1' )  [ RunTime:0.0002s ]
NOTIC: [8] Undefined offset: 1 /Library/WebServer/Documents/cost/Application/Home/Controller/IcController.class.php 第 64 行.
NOTIC: [8] Undefined offset: 2 /Library/WebServer/Documents/cost/Application/Home/Controller/IcController.class.php 第 64 行.
NOTIC: [8] Undefined offset: 3 /Library/WebServer/Documents/cost/Application/Home/Controller/IcController.class.php 第 64 行.
SQL: SELECT COUNT(*) AS tp_count FROM `hr_icequipment_sub` WHERE `stats` = 0 LIMIT 1   [ RunTime:0.0001s ]
INFO: [ app_end ] --START--
INFO: Run Behavior\ShowPageTraceBehavior [ RunTime:0.000315s ]
INFO: [ app_end ] --END-- [ RunTime:0.000467s ]

[ 2019-11-13T23:51:45+08:00 ] 192.168.50.68 /cost/index.php/Home/Ic/welcomes.html?page=1&limit=10
INFO: [ app_begin ] --START--
INFO: Run Behavior\ReadHtmlCacheBehavior [ RunTime:0.000380s ]
INFO: [ app_begin ] --END-- [ RunTime:0.000804s ]
SQL: SHOW COLUMNS FROM `hr_icequipment_sub` [ RunTime:0.0016s ]
SQL: SELECT * FROM `hr_icequipment_sub` WHERE `stats` = 0  [ RunTime:0.0002s ]
SQL: SHOW COLUMNS FROM `hr_icequipment` [ RunTime:0.0015s ]
SQL: SELECT * FROM `hr_icequipment` WHERE `stats` = 0  [ RunTime:0.0002s ]
SQL: SHOW COLUMNS FROM `hr_jrdanwei` [ RunTime:0.0013s ]
SQL: SELECT * FROM `hr_jrdanwei` WHERE ( jiagou = 'A1' )  [ RunTime:0.0002s ]
NOTIC: [8] Undefined offset: 1 /Library/WebServer/Documents/cost/Application/Home/Controller/IcController.class.php 第 64 行.
NOTIC: [8] Undefined offset: 2 /Library/WebServer/Documents/cost/Application/Home/Controller/IcController.class.php 第 64 行.
NOTIC: [8] Undefined offset: 3 /Library/WebServer/Documents/cost/Application/Home/Controller/IcController.class.php 第 64 行.
SQL: SELECT COUNT(*) AS tp_count FROM `hr_icequipment_sub` WHERE `stats` = 0 LIMIT 1   [ RunTime:0.0002s ]
INFO: [ app_end ] --START--
INFO: Run Behavior\ShowPageTraceBehavior [ RunTime:0.000324s ]
INFO: [ app_end ] --END-- [ RunTime:0.000506s ]

[ 2019-11-13T23:52:34+08:00 ] 192.168.50.68 /cost/index.php/Home/Ic/welcomes.html?page=1&limit=10
INFO: [ app_begin ] --START--
INFO: Run Behavior\ReadHtmlCacheBehavior [ RunTime:0.000344s ]
INFO: [ app_begin ] --END-- [ RunTime:0.000728s ]
SQL: SHOW COLUMNS FROM `hr_icequipment_sub` [ RunTime:0.0016s ]
SQL: SELECT * FROM `hr_icequipment_sub` WHERE `stats` = 0  [ RunTime:0.0002s ]
SQL: SHOW COLUMNS FROM `hr_icequipment` [ RunTime:0.0015s ]
SQL: SELECT * FROM `hr_icequipment` WHERE `stats` = 0  [ RunTime:0.0002s ]
SQL: SHOW COLUMNS FROM `hr_jrdanwei` [ RunTime:0.0013s ]
SQL: SELECT * FROM `hr_jrdanwei` WHERE ( jiagou = 'A1' )  [ RunTime:0.0002s ]
NOTIC: [8] Undefined offset: 1 /Library/WebServer/Documents/cost/Application/Home/Controller/IcController.class.php 第 64 行.
NOTIC: [8] Undefined offset: 2 /Library/WebServer/Documents/cost/Application/Home/Controller/IcController.class.php 第 64 行.
NOTIC: [8] Undefined offset: 3 /Library/WebServer/Documents/cost/Application/Home/Controller/IcController.class.php 第 64 行.
SQL: SELECT COUNT(*) AS tp_count FROM `hr_icequipment_sub` WHERE `stats` = 0 LIMIT 1   [ RunTime:0.0002s ]
INFO: [ app_end ] --START--
INFO: Run Behavior\ShowPageTraceBehavior [ RunTime:0.000341s ]
INFO: [ app_end ] --END-- [ RunTime:0.000513s ]

[ 2019-11-13T23:52:46+08:00 ] 192.168.50.68 /cost/index.php/Home/Ic/welcomes.html?page=1&limit=10
INFO: [ app_begin ] --START--
INFO: Run Behavior\ReadHtmlCacheBehavior [ RunTime:0.000376s ]
INFO: [ app_begin ] --END-- [ RunTime:0.000802s ]
SQL: SHOW COLUMNS FROM `hr_icequipment_sub` [ RunTime:0.0016s ]
SQL: SELECT * FROM `hr_icequipment_sub` WHERE `stats` = 0  [ RunTime:0.0002s ]
SQL: SHOW COLUMNS FROM `hr_icequipment` [ RunTime:0.0015s ]
SQL: SELECT * FROM `hr_icequipment` WHERE `stats` = 0  [ RunTime:0.0002s ]
SQL: SHOW COLUMNS FROM `hr_jrdanwei` [ RunTime:0.0012s ]
SQL: SELECT * FROM `hr_jrdanwei` WHERE ( jiagou = 'A1' )  [ RunTime:0.0002s ]
NOTIC: [8] Undefined offset: 1 /Library/WebServer/Documents/cost/Application/Home/Controller/IcController.class.php 第 64 行.
NOTIC: [8] Undefined offset: 2 /Library/WebServer/Documents/cost/Application/Home/Controller/IcController.class.php 第 64 行.
NOTIC: [8] Undefined offset: 3 /Library/WebServer/Documents/cost/Application/Home/Controller/IcController.class.php 第 64 行.
SQL: SELECT COUNT(*) AS tp_count FROM `hr_icequipment_sub` WHERE `stats` = 0 LIMIT 1   [ RunTime:0.0002s ]
INFO: [ app_end ] --START--
INFO: Run Behavior\ShowPageTraceBehavior [ RunTime:0.000344s ]
INFO: [ app_end ] --END-- [ RunTime:0.000529s ]

