[ 2019-12-19T00:10:48+08:00 ] 192.168.50.68 /cost/index.php/Home/Index/equipmentups.html?page=1&limit=20
INFO: [ app_begin ] --START--
INFO: Run Behavior\ReadHtmlCacheBehavior [ RunTime:0.000384s ]
INFO: [ app_begin ] --END-- [ RunTime:0.000821s ]
NOTIC: [8] Undefined index: device_class /Library/WebServer/Documents/cost/Application/Home/Controller/IndexController.class.php 第 3423 行.
NOTIC: [8] Undefined index: equipmentid /Library/WebServer/Documents/cost/Application/Home/Controller/IndexController.class.php 第 3445 行.
NOTIC: [8] Undefined index: date /Library/WebServer/Documents/cost/Application/Home/Controller/IndexController.class.php 第 3446 行.
SQL: SHOW COLUMNS FROM `hr_icequipment_sub` [ RunTime:0.0017s ]
SQL: SELECT * FROM `hr_icequipment_sub` WHERE `jgh` = '33001516' AND `status` = 0 ORDER BY equipmentid asc LIMIT 0,20   [ RunTime:0.0003s ]
SQL: SHOW COLUMNS FROM `hr_icdevice` [ RunTime:0.0013s ]
SQL: SELECT * FROM `hr_icdevice`  [ RunTime:0.0002s ]
SQL: SHOW COLUMNS FROM `hr_icdevice_class` [ RunTime:0.0013s ]
SQL: SELECT * FROM `hr_icdevice_class`  [ RunTime:0.0002s ]
SQL: SHOW COLUMNS FROM `hr_icdispose` [ RunTime:0.0012s ]
SQL: SELECT * FROM `hr_icdispose`  [ RunTime:0.0002s ]
SQL: SHOW COLUMNS FROM `hr_icdevice_sub` [ RunTime:0.0012s ]
SQL: SELECT * FROM `hr_icdevice_sub`  [ RunTime:0.0002s ]
SQL: SHOW COLUMNS FROM `hr_icmaintenance` [ RunTime:0.0012s ]
SQL: SELECT * FROM `hr_icmaintenance`  [ RunTime:0.0002s ]
SQL: SHOW COLUMNS FROM `hr_icsupplier` [ RunTime:0.0011s ]
SQL: SELECT * FROM `hr_icsupplier`  [ RunTime:0.0002s ]
SQL: SHOW COLUMNS FROM `hr_icpurcha` [ RunTime:0.0011s ]
SQL: SELECT * FROM `hr_icpurcha`  [ RunTime:0.0002s ]
SQL: SHOW COLUMNS FROM `hr_icequipment` [ RunTime:0.0011s ]
SQL: SELECT * FROM `hr_icequipment`  [ RunTime:0.0002s ]
NOTIC: [8] Undefined index: purchaid /Library/WebServer/Documents/cost/Application/Home/Controller/IndexController.class.php 第 3363 行.
NOTIC: [8] Undefined index: purchaid /Library/WebServer/Documents/cost/Application/Home/Controller/IndexController.class.php 第 3363 行.
NOTIC: [8] Undefined index: purchaid /Library/WebServer/Documents/cost/Application/Home/Controller/IndexController.class.php 第 3363 行.
NOTIC: [8] Undefined index: purchaid /Library/WebServer/Documents/cost/Application/Home/Controller/IndexController.class.php 第 3363 行.
NOTIC: [8] Undefined index: purchaid /Library/WebServer/Documents/cost/Application/Home/Controller/IndexController.class.php 第 3363 行.
NOTIC: [8] Undefined index: purchaid /Library/WebServer/Documents/cost/Application/Home/Controller/IndexController.class.php 第 3363 行.
NOTIC: [8] Undefined variable: equipment /Library/WebServer/Documents/cost/Application/Home/Controller/IndexController.class.php 第 3469 行.
SQL: SELECT COUNT(*) AS tp_count FROM `hr_icequipment_sub` LIMIT 1   [ RunTime:0.0002s ]
INFO: [ app_end ] --START--
INFO: Run Behavior\ShowPageTraceBehavior [ RunTime:0.000313s ]
INFO: [ app_end ] --END-- [ RunTime:0.000474s ]

[ 2019-12-19T00:17:38+08:00 ] ::1 /cost/index.php/Home/Index/equipmentups.html?page=1&limit=20
INFO: [ app_begin ] --START--
INFO: Run Behavior\ReadHtmlCacheBehavior [ RunTime:0.000297s ]
INFO: [ app_begin ] --END-- [ RunTime:0.000657s ]
NOTIC: [8] Undefined index: device_class /Library/WebServer/Documents/cost/Application/Home/Controller/IndexController.class.php 第 3423 行.
NOTIC: [8] Undefined index: equipmentid /Library/WebServer/Documents/cost/Application/Home/Controller/IndexController.class.php 第 3445 行.
NOTIC: [8] Undefined index: date /Library/WebServer/Documents/cost/Application/Home/Controller/IndexController.class.php 第 3446 行.
SQL: SHOW COLUMNS FROM `hr_icequipment_sub` [ RunTime:0.0014s ]
SQL: SELECT * FROM `hr_icequipment_sub` WHERE `jgh` = '33001516' AND `status` = 0 ORDER BY equipmentid asc LIMIT 0,20   [ RunTime:0.0004s ]
SQL: SHOW COLUMNS FROM `hr_icdevice` [ RunTime:0.0014s ]
SQL: SELECT * FROM `hr_icdevice`  [ RunTime:0.0003s ]
SQL: SHOW COLUMNS FROM `hr_icdevice_class` [ RunTime:0.0014s ]
SQL: SELECT * FROM `hr_icdevice_class`  [ RunTime:0.0004s ]
SQL: SHOW COLUMNS FROM `hr_icdispose` [ RunTime:0.0015s ]
SQL: SELECT * FROM `hr_icdispose`  [ RunTime:0.0003s ]
SQL: SHOW COLUMNS FROM `hr_icdevice_sub` [ RunTime:0.0017s ]
SQL: SELECT * FROM `hr_icdevice_sub`  [ RunTime:0.0004s ]
SQL: SHOW COLUMNS FROM `hr_icmaintenance` [ RunTime:0.0016s ]
SQL: SELECT * FROM `hr_icmaintenance`  [ RunTime:0.0003s ]
SQL: SHOW COLUMNS FROM `hr_icsupplier` [ RunTime:0.0013s ]
SQL: SELECT * FROM `hr_icsupplier`  [ RunTime:0.0002s ]
SQL: SHOW COLUMNS FROM `hr_icpurcha` [ RunTime:0.0011s ]
SQL: SELECT * FROM `hr_icpurcha`  [ RunTime:0.0002s ]
SQL: SHOW COLUMNS FROM `hr_icequipment` [ RunTime:0.0011s ]
SQL: SELECT * FROM `hr_icequipment`  [ RunTime:0.0002s ]
NOTIC: [8] Undefined index: purchaid /Library/WebServer/Documents/cost/Application/Home/Controller/IndexController.class.php 第 3363 行.
NOTIC: [8] Undefined index: purchaid /Library/WebServer/Documents/cost/Application/Home/Controller/IndexController.class.php 第 3363 行.
NOTIC: [8] Undefined index: purchaid /Library/WebServer/Documents/cost/Application/Home/Controller/IndexController.class.php 第 3363 行.
NOTIC: [8] Undefined index: purchaid /Library/WebServer/Documents/cost/Application/Home/Controller/IndexController.class.php 第 3363 行.
NOTIC: [8] Undefined index: purchaid /Library/WebServer/Documents/cost/Application/Home/Controller/IndexController.class.php 第 3363 行.
NOTIC: [8] Undefined index: purchaid /Library/WebServer/Documents/cost/Application/Home/Controller/IndexController.class.php 第 3363 行.
NOTIC: [8] Undefined variable: equipment /Library/WebServer/Documents/cost/Application/Home/Controller/IndexController.class.php 第 3469 行.
SQL: SELECT COUNT(*) AS tp_count FROM `hr_icequipment_sub` LIMIT 1   [ RunTime:0.0003s ]
INFO: [ app_end ] --START--
INFO: Run Behavior\ShowPageTraceBehavior [ RunTime:0.000506s ]
INFO: [ app_end ] --END-- [ RunTime:0.000757s ]

[ 2019-12-19T00:18:22+08:00 ] ::1 /cost/index.php/Home/Index/equipmentups.html?page=1&limit=20
INFO: [ app_begin ] --START--
INFO: Run Behavior\ReadHtmlCacheBehavior [ RunTime:0.000299s ]
INFO: [ app_begin ] --END-- [ RunTime:0.000650s ]
NOTIC: [8] Undefined index: device_class /Library/WebServer/Documents/cost/Application/Home/Controller/IndexController.class.php 第 3423 行.
NOTIC: [8] Undefined index: equipmentid /Library/WebServer/Documents/cost/Application/Home/Controller/IndexController.class.php 第 3445 行.
NOTIC: [8] Undefined index: date /Library/WebServer/Documents/cost/Application/Home/Controller/IndexController.class.php 第 3446 行.
SQL: SHOW COLUMNS FROM `hr_icequipment_sub` [ RunTime:0.0014s ]
SQL: SELECT * FROM `hr_icequipment_sub` WHERE `jgh` = '33001516' AND `status` = 0 ORDER BY equipmentid asc LIMIT 0,20   [ RunTime:0.0003s ]
SQL: SHOW COLUMNS FROM `hr_icdevice` [ RunTime:0.0012s ]
SQL: SELECT * FROM `hr_icdevice`  [ RunTime:0.0002s ]
SQL: SHOW COLUMNS FROM `hr_icdevice_class` [ RunTime:0.0014s ]
SQL: SELECT * FROM `hr_icdevice_class`  [ RunTime:0.0003s ]
SQL: SHOW COLUMNS FROM `hr_icdispose` [ RunTime:0.0017s ]
SQL: SELECT * FROM `hr_icdispose`  [ RunTime:0.0003s ]
SQL: SHOW COLUMNS FROM `hr_icdevice_sub` [ RunTime:0.0016s ]
SQL: SELECT * FROM `hr_icdevice_sub`  [ RunTime:0.0003s ]
SQL: SHOW COLUMNS FROM `hr_icmaintenance` [ RunTime:0.0016s ]
SQL: SELECT * FROM `hr_icmaintenance`  [ RunTime:0.0002s ]
SQL: SHOW COLUMNS FROM `hr_icsupplier` [ RunTime:0.0014s ]
SQL: SELECT * FROM `hr_icsupplier`  [ RunTime:0.0002s ]
SQL: SHOW COLUMNS FROM `hr_icpurcha` [ RunTime:0.0012s ]
SQL: SELECT * FROM `hr_icpurcha`  [ RunTime:0.0002s ]
SQL: SHOW COLUMNS FROM `hr_icequipment` [ RunTime:0.0014s ]
SQL: SELECT * FROM `hr_icequipment`  [ RunTime:0.0004s ]
NOTIC: [8] Undefined index: purchaid /Library/WebServer/Documents/cost/Application/Home/Controller/IndexController.class.php 第 3363 行.
NOTIC: [8] Undefined index: purchaid /Library/WebServer/Documents/cost/Application/Home/Controller/IndexController.class.php 第 3363 行.
NOTIC: [8] Undefined index: purchaid /Library/WebServer/Documents/cost/Application/Home/Controller/IndexController.class.php 第 3363 行.
NOTIC: [8] Undefined index: purchaid /Library/WebServer/Documents/cost/Application/Home/Controller/IndexController.class.php 第 3363 行.
NOTIC: [8] Undefined index: purchaid /Library/WebServer/Documents/cost/Application/Home/Controller/IndexController.class.php 第 3363 行.
NOTIC: [8] Undefined index: purchaid /Library/WebServer/Documents/cost/Application/Home/Controller/IndexController.class.php 第 3363 行.
NOTIC: [8] Undefined variable: equipment /Library/WebServer/Documents/cost/Application/Home/Controller/IndexController.class.php 第 3469 行.
SQL: SELECT COUNT(*) AS tp_count FROM `hr_icequipment_sub` LIMIT 1   [ RunTime:0.0003s ]
INFO: [ app_end ] --START--
INFO: Run Behavior\ShowPageTraceBehavior [ RunTime:0.000401s ]
INFO: [ app_end ] --END-- [ RunTime:0.000567s ]

[ 2019-12-19T00:18:28+08:00 ] ::1 /cost/index.php/Home/Index/equipmentupsuc.html
INFO: [ app_begin ] --START--
INFO: Run Behavior\ReadHtmlCacheBehavior [ RunTime:0.000450s ]
INFO: [ app_begin ] --END-- [ RunTime:0.001268s ]
INFO: [ app_end ] --START--
INFO: Run Behavior\ShowPageTraceBehavior [ RunTime:0.000337s ]
INFO: [ app_end ] --END-- [ RunTime:0.000519s ]

[ 2019-12-19T00:18:36+08:00 ] ::1 /cost/index.php/Home/Index/equipmentups.html?page=1&limit=20
INFO: [ app_begin ] --START--
INFO: Run Behavior\ReadHtmlCacheBehavior [ RunTime:0.000295s ]
INFO: [ app_begin ] --END-- [ RunTime:0.000630s ]
NOTIC: [8] Undefined index: device_class /Library/WebServer/Documents/cost/Application/Home/Controller/IndexController.class.php 第 3423 行.
NOTIC: [8] Undefined index: equipmentid /Library/WebServer/Documents/cost/Application/Home/Controller/IndexController.class.php 第 3445 行.
NOTIC: [8] Undefined index: date /Library/WebServer/Documents/cost/Application/Home/Controller/IndexController.class.php 第 3446 行.
SQL: SHOW COLUMNS FROM `hr_icequipment_sub` [ RunTime:0.0013s ]
SQL: SELECT * FROM `hr_icequipment_sub` WHERE `jgh` = '33001516' AND `status` = 0 ORDER BY equipmentid asc LIMIT 0,20   [ RunTime:0.0006s ]
SQL: SHOW COLUMNS FROM `hr_icdevice` [ RunTime:0.0018s ]
SQL: SELECT * FROM `hr_icdevice`  [ RunTime:0.0004s ]
SQL: SHOW COLUMNS FROM `hr_icdevice_class` [ RunTime:0.0017s ]
SQL: SELECT * FROM `hr_icdevice_class`  [ RunTime:0.0003s ]
SQL: SHOW COLUMNS FROM `hr_icdispose` [ RunTime:0.0012s ]
SQL: SELECT * FROM `hr_icdispose`  [ RunTime:0.0002s ]
SQL: SHOW COLUMNS FROM `hr_icdevice_sub` [ RunTime:0.0014s ]
SQL: SELECT * FROM `hr_icdevice_sub`  [ RunTime:0.0004s ]
SQL: SHOW COLUMNS FROM `hr_icmaintenance` [ RunTime:0.0016s ]
SQL: SELECT * FROM `hr_icmaintenance`  [ RunTime:0.0003s ]
SQL: SHOW COLUMNS FROM `hr_icsupplier` [ RunTime:0.0014s ]
SQL: SELECT * FROM `hr_icsupplier`  [ RunTime:0.0003s ]
SQL: SHOW COLUMNS FROM `hr_icpurcha` [ RunTime:0.0015s ]
SQL: SELECT * FROM `hr_icpurcha`  [ RunTime:0.0003s ]
SQL: SHOW COLUMNS FROM `hr_icequipment` [ RunTime:0.0014s ]
SQL: SELECT * FROM `hr_icequipment`  [ RunTime:0.0003s ]
NOTIC: [8] Undefined index: purchaid /Library/WebServer/Documents/cost/Application/Home/Controller/IndexController.class.php 第 3363 行.
NOTIC: [8] Undefined index: purchaid /Library/WebServer/Documents/cost/Application/Home/Controller/IndexController.class.php 第 3363 行.
NOTIC: [8] Undefined index: purchaid /Library/WebServer/Documents/cost/Application/Home/Controller/IndexController.class.php 第 3363 行.
NOTIC: [8] Undefined index: purchaid /Library/WebServer/Documents/cost/Application/Home/Controller/IndexController.class.php 第 3363 行.
NOTIC: [8] Undefined index: purchaid /Library/WebServer/Documents/cost/Application/Home/Controller/IndexController.class.php 第 3363 行.
NOTIC: [8] Undefined index: purchaid /Library/WebServer/Documents/cost/Application/Home/Controller/IndexController.class.php 第 3363 行.
NOTIC: [8] Undefined variable: equipment /Library/WebServer/Documents/cost/Application/Home/Controller/IndexController.class.php 第 3469 行.
SQL: SELECT COUNT(*) AS tp_count FROM `hr_icequipment_sub` LIMIT 1   [ RunTime:0.0003s ]
INFO: [ app_end ] --START--
INFO: Run Behavior\ShowPageTraceBehavior [ RunTime:0.000419s ]
INFO: [ app_end ] --END-- [ RunTime:0.000591s ]

[ 2019-12-19T00:21:10+08:00 ] ::1 /cost/index.php/Home/Index/equipmentups.html?page=1&limit=20
INFO: [ app_begin ] --START--
INFO: Run Behavior\ReadHtmlCacheBehavior [ RunTime:0.000268s ]
INFO: [ app_begin ] --END-- [ RunTime:0.000569s ]
NOTIC: [8] Undefined index: device_class /Library/WebServer/Documents/cost/Application/Home/Controller/IndexController.class.php 第 3423 行.
NOTIC: [8] Undefined index: equipmentid /Library/WebServer/Documents/cost/Application/Home/Controller/IndexController.class.php 第 3445 行.
NOTIC: [8] Undefined index: date /Library/WebServer/Documents/cost/Application/Home/Controller/IndexController.class.php 第 3446 行.
SQL: SHOW COLUMNS FROM `hr_icequipment_sub` [ RunTime:0.0014s ]
SQL: SELECT * FROM `hr_icequipment_sub` WHERE `jgh` = '33001516' AND `status` = 0 ORDER BY equipmentid asc LIMIT 0,20   [ RunTime:0.0004s ]
SQL: SHOW COLUMNS FROM `hr_icdevice` [ RunTime:0.0012s ]
SQL: SELECT * FROM `hr_icdevice`  [ RunTime:0.0002s ]
SQL: SHOW COLUMNS FROM `hr_icdevice_class` [ RunTime:0.0013s ]
SQL: SELECT * FROM `hr_icdevice_class`  [ RunTime:0.0002s ]
SQL: SHOW COLUMNS FROM `hr_icdispose` [ RunTime:0.0012s ]
SQL: SELECT * FROM `hr_icdispose`  [ RunTime:0.0002s ]
SQL: SHOW COLUMNS FROM `hr_icdevice_sub` [ RunTime:0.0012s ]
SQL: SELECT * FROM `hr_icdevice_sub`  [ RunTime:0.0002s ]
SQL: SHOW COLUMNS FROM `hr_icmaintenance` [ RunTime:0.0014s ]
SQL: SELECT * FROM `hr_icmaintenance`  [ RunTime:0.0004s ]
SQL: SHOW COLUMNS FROM `hr_icsupplier` [ RunTime:0.0013s ]
SQL: SELECT * FROM `hr_icsupplier`  [ RunTime:0.0002s ]
SQL: SHOW COLUMNS FROM `hr_icpurcha` [ RunTime:0.0016s ]
SQL: SELECT * FROM `hr_icpurcha`  [ RunTime:0.0002s ]
SQL: SHOW COLUMNS FROM `hr_icequipment` [ RunTime:0.0015s ]
SQL: SELECT * FROM `hr_icequipment`  [ RunTime:0.0003s ]
NOTIC: [8] Undefined index: purchaid /Library/WebServer/Documents/cost/Application/Home/Controller/IndexController.class.php 第 3363 行.
NOTIC: [8] Undefined index: purchaid /Library/WebServer/Documents/cost/Application/Home/Controller/IndexController.class.php 第 3363 行.
NOTIC: [8] Undefined index: purchaid /Library/WebServer/Documents/cost/Application/Home/Controller/IndexController.class.php 第 3363 行.
NOTIC: [8] Undefined index: purchaid /Library/WebServer/Documents/cost/Application/Home/Controller/IndexController.class.php 第 3363 行.
NOTIC: [8] Undefined index: purchaid /Library/WebServer/Documents/cost/Application/Home/Controller/IndexController.class.php 第 3363 行.
NOTIC: [8] Undefined index: purchaid /Library/WebServer/Documents/cost/Application/Home/Controller/IndexController.class.php 第 3363 行.
NOTIC: [8] Undefined variable: equipment /Library/WebServer/Documents/cost/Application/Home/Controller/IndexController.class.php 第 3469 行.
SQL: SELECT COUNT(*) AS tp_count FROM `hr_icequipment_sub` LIMIT 1   [ RunTime:0.0003s ]
INFO: [ app_end ] --START--
INFO: Run Behavior\ShowPageTraceBehavior [ RunTime:0.000444s ]
INFO: [ app_end ] --END-- [ RunTime:0.000630s ]

[ 2019-12-19T00:23:46+08:00 ] 192.168.50.68 /cost/index.php/Home/Index/equipmentups.html?page=1&limit=20
INFO: [ app_begin ] --START--
INFO: Run Behavior\ReadHtmlCacheBehavior [ RunTime:0.000384s ]
INFO: [ app_begin ] --END-- [ RunTime:0.000808s ]
NOTIC: [8] Undefined index: device_class /Library/WebServer/Documents/cost/Application/Home/Controller/IndexController.class.php 第 3423 行.
NOTIC: [8] Undefined index: equipmentid /Library/WebServer/Documents/cost/Application/Home/Controller/IndexController.class.php 第 3445 行.
NOTIC: [8] Undefined index: date /Library/WebServer/Documents/cost/Application/Home/Controller/IndexController.class.php 第 3446 行.
SQL: SHOW COLUMNS FROM `hr_icequipment_sub` [ RunTime:0.0014s ]
SQL: SELECT * FROM `hr_icequipment_sub` WHERE `jgh` = '33001516' AND `status` = 0 ORDER BY equipmentid asc LIMIT 0,20   [ RunTime:0.0003s ]
SQL: SHOW COLUMNS FROM `hr_icdevice` [ RunTime:0.0013s ]
SQL: SELECT * FROM `hr_icdevice`  [ RunTime:0.0002s ]
SQL: SHOW COLUMNS FROM `hr_icdevice_class` [ RunTime:0.0013s ]
SQL: SELECT * FROM `hr_icdevice_class`  [ RunTime:0.0002s ]
SQL: SHOW COLUMNS FROM `hr_icdispose` [ RunTime:0.0012s ]
SQL: SELECT * FROM `hr_icdispose`  [ RunTime:0.0002s ]
SQL: SHOW COLUMNS FROM `hr_icdevice_sub` [ RunTime:0.0013s ]
SQL: SELECT * FROM `hr_icdevice_sub`  [ RunTime:0.0002s ]
SQL: SHOW COLUMNS FROM `hr_icmaintenance` [ RunTime:0.0012s ]
SQL: SELECT * FROM `hr_icmaintenance`  [ RunTime:0.0002s ]
SQL: SHOW COLUMNS FROM `hr_icsupplier` [ RunTime:0.0013s ]
SQL: SELECT * FROM `hr_icsupplier`  [ RunTime:0.0002s ]
SQL: SHOW COLUMNS FROM `hr_icpurcha` [ RunTime:0.0013s ]
SQL: SELECT * FROM `hr_icpurcha`  [ RunTime:0.0002s ]
SQL: SHOW COLUMNS FROM `hr_icequipment` [ RunTime:0.0011s ]
SQL: SELECT * FROM `hr_icequipment`  [ RunTime:0.0002s ]
NOTIC: [8] Undefined index: purchaid /Library/WebServer/Documents/cost/Application/Home/Controller/IndexController.class.php 第 3363 行.
NOTIC: [8] Undefined index: purchaid /Library/WebServer/Documents/cost/Application/Home/Controller/IndexController.class.php 第 3363 行.
NOTIC: [8] Undefined index: purchaid /Library/WebServer/Documents/cost/Application/Home/Controller/IndexController.class.php 第 3363 行.
NOTIC: [8] Undefined index: purchaid /Library/WebServer/Documents/cost/Application/Home/Controller/IndexController.class.php 第 3363 行.
NOTIC: [8] Undefined index: purchaid /Library/WebServer/Documents/cost/Application/Home/Controller/IndexController.class.php 第 3363 行.
NOTIC: [8] Undefined index: purchaid /Library/WebServer/Documents/cost/Application/Home/Controller/IndexController.class.php 第 3363 行.
NOTIC: [8] Undefined variable: equipment /Library/WebServer/Documents/cost/Application/Home/Controller/IndexController.class.php 第 3469 行.
SQL: SELECT COUNT(*) AS tp_count FROM `hr_icequipment_sub` LIMIT 1   [ RunTime:0.0002s ]
INFO: [ app_end ] --START--
INFO: Run Behavior\ShowPageTraceBehavior [ RunTime:0.000370s ]
INFO: [ app_end ] --END-- [ RunTime:0.000528s ]

[ 2019-12-19T00:23:59+08:00 ] 192.168.50.68 /cost/index.php/Home/Index/equipmentupsuc.html
INFO: [ app_begin ] --START--
INFO: Run Behavior\ReadHtmlCacheBehavior [ RunTime:0.000358s ]
INFO: [ app_begin ] --END-- [ RunTime:0.000798s ]
SQL: SHOW COLUMNS FROM `hr_icdevice_break` [ RunTime:0.0017s ]
SQL: INSERT INTO `hr_icdevice_break` (`equipment_subid`,`jgh`,`equipmentid`,`maintenanceid`,`device_classid`,`reason`,`device_subid`) VALUES ('3','33001516','1','0','2','卡纸','2') [ RunTime:0.0012s ]
ERR: 1146:Table 'posthr.hr_icequipment_subid' doesn't exist
 [ SQL语句 ] : SHOW COLUMNS FROM `hr_icequipment_subid`
ERR: 1146:Table 'posthr.hr_icequipment_subid' doesn't exist
 [ SQL语句 ] : SHOW COLUMNS FROM `hr_icequipment_subid`

[ 2019-12-19T00:23:59+08:00 ] 192.168.50.68 /cost/index.php/Home/Index/equipmentups.html?page=1&limit=20
INFO: [ app_begin ] --START--
INFO: Run Behavior\ReadHtmlCacheBehavior [ RunTime:0.000389s ]
INFO: [ app_begin ] --END-- [ RunTime:0.000824s ]
NOTIC: [8] Undefined index: device_class /Library/WebServer/Documents/cost/Application/Home/Controller/IndexController.class.php 第 3423 行.
NOTIC: [8] Undefined index: equipmentid /Library/WebServer/Documents/cost/Application/Home/Controller/IndexController.class.php 第 3445 行.
NOTIC: [8] Undefined index: date /Library/WebServer/Documents/cost/Application/Home/Controller/IndexController.class.php 第 3446 行.
SQL: SHOW COLUMNS FROM `hr_icequipment_sub` [ RunTime:0.0014s ]
SQL: SELECT * FROM `hr_icequipment_sub` WHERE `jgh` = '33001516' AND `status` = 0 ORDER BY equipmentid asc LIMIT 0,20   [ RunTime:0.0003s ]
SQL: SHOW COLUMNS FROM `hr_icdevice` [ RunTime:0.0014s ]
SQL: SELECT * FROM `hr_icdevice`  [ RunTime:0.0002s ]
SQL: SHOW COLUMNS FROM `hr_icdevice_class` [ RunTime:0.0013s ]
SQL: SELECT * FROM `hr_icdevice_class`  [ RunTime:0.0001s ]
SQL: SHOW COLUMNS FROM `hr_icdispose` [ RunTime:0.0012s ]
SQL: SELECT * FROM `hr_icdispose`  [ RunTime:0.0001s ]
SQL: SHOW COLUMNS FROM `hr_icdevice_sub` [ RunTime:0.0012s ]
SQL: SELECT * FROM `hr_icdevice_sub`  [ RunTime:0.0001s ]
SQL: SHOW COLUMNS FROM `hr_icmaintenance` [ RunTime:0.0012s ]
SQL: SELECT * FROM `hr_icmaintenance`  [ RunTime:0.0002s ]
SQL: SHOW COLUMNS FROM `hr_icsupplier` [ RunTime:0.0011s ]
SQL: SELECT * FROM `hr_icsupplier`  [ RunTime:0.0001s ]
SQL: SHOW COLUMNS FROM `hr_icpurcha` [ RunTime:0.0011s ]
SQL: SELECT * FROM `hr_icpurcha`  [ RunTime:0.0001s ]
SQL: SHOW COLUMNS FROM `hr_icequipment` [ RunTime:0.0011s ]
SQL: SELECT * FROM `hr_icequipment`  [ RunTime:0.0001s ]
NOTIC: [8] Undefined index: purchaid /Library/WebServer/Documents/cost/Application/Home/Controller/IndexController.class.php 第 3363 行.
NOTIC: [8] Undefined index: purchaid /Library/WebServer/Documents/cost/Application/Home/Controller/IndexController.class.php 第 3363 行.
NOTIC: [8] Undefined index: purchaid /Library/WebServer/Documents/cost/Application/Home/Controller/IndexController.class.php 第 3363 行.
NOTIC: [8] Undefined index: purchaid /Library/WebServer/Documents/cost/Application/Home/Controller/IndexController.class.php 第 3363 行.
NOTIC: [8] Undefined index: purchaid /Library/WebServer/Documents/cost/Application/Home/Controller/IndexController.class.php 第 3363 行.
NOTIC: [8] Undefined index: purchaid /Library/WebServer/Documents/cost/Application/Home/Controller/IndexController.class.php 第 3363 行.
NOTIC: [8] Undefined variable: equipment /Library/WebServer/Documents/cost/Application/Home/Controller/IndexController.class.php 第 3469 行.
SQL: SELECT COUNT(*) AS tp_count FROM `hr_icequipment_sub` LIMIT 1   [ RunTime:0.0002s ]
INFO: [ app_end ] --START--
INFO: Run Behavior\ShowPageTraceBehavior [ RunTime:0.000337s ]
INFO: [ app_end ] --END-- [ RunTime:0.000503s ]

[ 2019-12-19T00:25:19+08:00 ] 192.168.50.68 /cost/index.php/Home/Index/equipmentups.html?page=1&limit=20
INFO: [ app_begin ] --START--
INFO: Run Behavior\ReadHtmlCacheBehavior [ RunTime:0.000384s ]
INFO: [ app_begin ] --END-- [ RunTime:0.000819s ]
NOTIC: [8] Undefined index: device_class /Library/WebServer/Documents/cost/Application/Home/Controller/IndexController.class.php 第 3423 行.
NOTIC: [8] Undefined index: equipmentid /Library/WebServer/Documents/cost/Application/Home/Controller/IndexController.class.php 第 3445 行.
NOTIC: [8] Undefined index: date /Library/WebServer/Documents/cost/Application/Home/Controller/IndexController.class.php 第 3446 行.
SQL: SHOW COLUMNS FROM `hr_icequipment_sub` [ RunTime:0.0017s ]
SQL: SELECT * FROM `hr_icequipment_sub` WHERE `jgh` = '33001516' AND `status` = 0 ORDER BY equipmentid asc LIMIT 0,20   [ RunTime:0.0002s ]
SQL: SHOW COLUMNS FROM `hr_icdevice` [ RunTime:0.0012s ]
SQL: SELECT * FROM `hr_icdevice`  [ RunTime:0.0002s ]
SQL: SHOW COLUMNS FROM `hr_icdevice_class` [ RunTime:0.0012s ]
SQL: SELECT * FROM `hr_icdevice_class`  [ RunTime:0.0001s ]
SQL: SHOW COLUMNS FROM `hr_icdispose` [ RunTime:0.0012s ]
SQL: SELECT * FROM `hr_icdispose`  [ RunTime:0.0001s ]
SQL: SHOW COLUMNS FROM `hr_icdevice_sub` [ RunTime:0.0012s ]
SQL: SELECT * FROM `hr_icdevice_sub`  [ RunTime:0.0001s ]
SQL: SHOW COLUMNS FROM `hr_icmaintenance` [ RunTime:0.0011s ]
SQL: SELECT * FROM `hr_icmaintenance`  [ RunTime:0.0001s ]
SQL: SHOW COLUMNS FROM `hr_icsupplier` [ RunTime:0.0011s ]
SQL: SELECT * FROM `hr_icsupplier`  [ RunTime:0.0001s ]
SQL: SHOW COLUMNS FROM `hr_icpurcha` [ RunTime:0.0011s ]
SQL: SELECT * FROM `hr_icpurcha`  [ RunTime:0.0001s ]
SQL: SHOW COLUMNS FROM `hr_icequipment` [ RunTime:0.0011s ]
SQL: SELECT * FROM `hr_icequipment`  [ RunTime:0.0001s ]
NOTIC: [8] Undefined index: purchaid /Library/WebServer/Documents/cost/Application/Home/Controller/IndexController.class.php 第 3363 行.
NOTIC: [8] Undefined index: purchaid /Library/WebServer/Documents/cost/Application/Home/Controller/IndexController.class.php 第 3363 行.
NOTIC: [8] Undefined index: purchaid /Library/WebServer/Documents/cost/Application/Home/Controller/IndexController.class.php 第 3363 行.
NOTIC: [8] Undefined index: purchaid /Library/WebServer/Documents/cost/Application/Home/Controller/IndexController.class.php 第 3363 行.
NOTIC: [8] Undefined index: purchaid /Library/WebServer/Documents/cost/Application/Home/Controller/IndexController.class.php 第 3363 行.
NOTIC: [8] Undefined index: purchaid /Library/WebServer/Documents/cost/Application/Home/Controller/IndexController.class.php 第 3363 行.
NOTIC: [8] Undefined variable: equipment /Library/WebServer/Documents/cost/Application/Home/Controller/IndexController.class.php 第 3469 行.
SQL: SELECT COUNT(*) AS tp_count FROM `hr_icequipment_sub` LIMIT 1   [ RunTime:0.0002s ]
INFO: [ app_end ] --START--
INFO: Run Behavior\ShowPageTraceBehavior [ RunTime:0.000310s ]
INFO: [ app_end ] --END-- [ RunTime:0.000464s ]

[ 2019-12-19T00:25:30+08:00 ] 192.168.50.68 /cost/index.php/Home/Index/equipmentupsuc.html
INFO: [ app_begin ] --START--
INFO: Run Behavior\ReadHtmlCacheBehavior [ RunTime:0.000349s ]
INFO: [ app_begin ] --END-- [ RunTime:0.000787s ]
SQL: SHOW COLUMNS FROM `hr_icdevice_break` [ RunTime:0.0025s ]
SQL: INSERT INTO `hr_icdevice_break` (`equipment_subid`,`jgh`,`equipmentid`,`maintenanceid`,`device_classid`,`reason`,`device_subid`) VALUES ('3','33001516','1','0','2','卡纸','2') [ RunTime:0.0016s ]
SQL: SHOW COLUMNS FROM `hr_icequipment_sub` [ RunTime:0.0016s ]
SQL: UPDATE `hr_icequipment_sub` SET `status`='1' WHERE ( equipment_subid = '3' ) [ RunTime:0.0007s ]
INFO: [ app_end ] --START--
INFO: Run Behavior\ShowPageTraceBehavior [ RunTime:0.000384s ]
INFO: [ app_end ] --END-- [ RunTime:0.000562s ]

[ 2019-12-19T00:25:31+08:00 ] 192.168.50.68 /cost/index.php/Home/Index/equipmentups.html?page=1&limit=20
INFO: [ app_begin ] --START--
INFO: Run Behavior\ReadHtmlCacheBehavior [ RunTime:0.000382s ]
INFO: [ app_begin ] --END-- [ RunTime:0.000817s ]
NOTIC: [8] Undefined index: device_class /Library/WebServer/Documents/cost/Application/Home/Controller/IndexController.class.php 第 3423 行.
NOTIC: [8] Undefined index: equipmentid /Library/WebServer/Documents/cost/Application/Home/Controller/IndexController.class.php 第 3445 行.
NOTIC: [8] Undefined index: date /Library/WebServer/Documents/cost/Application/Home/Controller/IndexController.class.php 第 3446 行.
SQL: SHOW COLUMNS FROM `hr_icequipment_sub` [ RunTime:0.0017s ]
SQL: SELECT * FROM `hr_icequipment_sub` WHERE `jgh` = '33001516' AND `status` = 0 ORDER BY equipmentid asc LIMIT 0,20   [ RunTime:0.0002s ]
SQL: SHOW COLUMNS FROM `hr_icdevice` [ RunTime:0.0013s ]
SQL: SELECT * FROM `hr_icdevice`  [ RunTime:0.0002s ]
SQL: SHOW COLUMNS FROM `hr_icdevice_class` [ RunTime:0.0012s ]
SQL: SELECT * FROM `hr_icdevice_class`  [ RunTime:0.0001s ]
SQL: SHOW COLUMNS FROM `hr_icdispose` [ RunTime:0.0012s ]
SQL: SELECT * FROM `hr_icdispose`  [ RunTime:0.0001s ]
SQL: SHOW COLUMNS FROM `hr_icdevice_sub` [ RunTime:0.0012s ]
SQL: SELECT * FROM `hr_icdevice_sub`  [ RunTime:0.0001s ]
SQL: SHOW COLUMNS FROM `hr_icmaintenance` [ RunTime:0.0011s ]
SQL: SELECT * FROM `hr_icmaintenance`  [ RunTime:0.0001s ]
SQL: SHOW COLUMNS FROM `hr_icsupplier` [ RunTime:0.0011s ]
SQL: SELECT * FROM `hr_icsupplier`  [ RunTime:0.0001s ]
SQL: SHOW COLUMNS FROM `hr_icpurcha` [ RunTime:0.0011s ]
SQL: SELECT * FROM `hr_icpurcha`  [ RunTime:0.0001s ]
SQL: SHOW COLUMNS FROM `hr_icequipment` [ RunTime:0.0011s ]
SQL: SELECT * FROM `hr_icequipment`  [ RunTime:0.0002s ]
NOTIC: [8] Undefined index: purchaid /Library/WebServer/Documents/cost/Application/Home/Controller/IndexController.class.php 第 3363 行.
NOTIC: [8] Undefined index: purchaid /Library/WebServer/Documents/cost/Application/Home/Controller/IndexController.class.php 第 3363 行.
NOTIC: [8] Undefined index: purchaid /Library/WebServer/Documents/cost/Application/Home/Controller/IndexController.class.php 第 3363 行.
NOTIC: [8] Undefined index: purchaid /Library/WebServer/Documents/cost/Application/Home/Controller/IndexController.class.php 第 3363 行.
NOTIC: [8] Undefined variable: equipment /Library/WebServer/Documents/cost/Application/Home/Controller/IndexController.class.php 第 3469 行.
SQL: SELECT COUNT(*) AS tp_count FROM `hr_icequipment_sub` LIMIT 1   [ RunTime:0.0002s ]
INFO: [ app_end ] --START--
INFO: Run Behavior\ShowPageTraceBehavior [ RunTime:0.000319s ]
INFO: [ app_end ] --END-- [ RunTime:0.000480s ]

[ 2019-12-19T00:25:43+08:00 ] 192.168.50.68 /cost/index.php/Home/Index/equipmentups.html?page=1&limit=20&equipmentid=2&device_class=&device_sub=
INFO: [ app_begin ] --START--
INFO: Run Behavior\ReadHtmlCacheBehavior [ RunTime:0.000384s ]
INFO: [ app_begin ] --END-- [ RunTime:0.000824s ]
NOTIC: [8] Undefined index: date /Library/WebServer/Documents/cost/Application/Home/Controller/IndexController.class.php 第 3446 行.
SQL: SHOW COLUMNS FROM `hr_icequipment_sub` [ RunTime:0.0014s ]
SQL: SELECT * FROM `hr_icequipment_sub` WHERE `equipmentid` = 2 AND `jgh` = '33001516' AND `status` = 0 ORDER BY equipmentid asc LIMIT 0,20   [ RunTime:0.0002s ]
SQL: SHOW COLUMNS FROM `hr_icdevice` [ RunTime:0.0012s ]
SQL: SELECT * FROM `hr_icdevice`  [ RunTime:0.0001s ]
SQL: SHOW COLUMNS FROM `hr_icdevice_class` [ RunTime:0.0011s ]
SQL: SELECT * FROM `hr_icdevice_class`  [ RunTime:0.0001s ]
SQL: SHOW COLUMNS FROM `hr_icdispose` [ RunTime:0.0011s ]
SQL: SELECT * FROM `hr_icdispose`  [ RunTime:0.0001s ]
SQL: SHOW COLUMNS FROM `hr_icdevice_sub` [ RunTime:0.0011s ]
SQL: SELECT * FROM `hr_icdevice_sub`  [ RunTime:0.0001s ]
SQL: SHOW COLUMNS FROM `hr_icmaintenance` [ RunTime:0.0011s ]
SQL: SELECT * FROM `hr_icmaintenance`  [ RunTime:0.0001s ]
SQL: SHOW COLUMNS FROM `hr_icsupplier` [ RunTime:0.0011s ]
SQL: SELECT * FROM `hr_icsupplier`  [ RunTime:0.0001s ]
SQL: SHOW COLUMNS FROM `hr_icpurcha` [ RunTime:0.0011s ]
SQL: SELECT * FROM `hr_icpurcha`  [ RunTime:0.0001s ]
SQL: SHOW COLUMNS FROM `hr_icequipment` [ RunTime:0.0011s ]
SQL: SELECT * FROM `hr_icequipment`  [ RunTime:0.0002s ]
NOTIC: [8] Undefined index: purchaid /Library/WebServer/Documents/cost/Application/Home/Controller/IndexController.class.php 第 3363 行.
NOTIC: [8] Undefined index: purchaid /Library/WebServer/Documents/cost/Application/Home/Controller/IndexController.class.php 第 3363 行.
NOTIC: [8] Undefined variable: equipment /Library/WebServer/Documents/cost/Application/Home/Controller/IndexController.class.php 第 3469 行.
SQL: SELECT COUNT(*) AS tp_count FROM `hr_icequipment_sub` LIMIT 1   [ RunTime:0.0002s ]
INFO: [ app_end ] --START--
INFO: Run Behavior\ShowPageTraceBehavior [ RunTime:0.000304s ]
INFO: [ app_end ] --END-- [ RunTime:0.000476s ]

[ 2019-12-19T00:25:46+08:00 ] 192.168.50.68 /cost/index.php/Home/Index/equipmentups.html?page=1&limit=20&equipmentid=2&device_class=&device_sub=
INFO: [ app_begin ] --START--
INFO: Run Behavior\ReadHtmlCacheBehavior [ RunTime:0.000384s ]
INFO: [ app_begin ] --END-- [ RunTime:0.000821s ]
NOTIC: [8] Undefined index: date /Library/WebServer/Documents/cost/Application/Home/Controller/IndexController.class.php 第 3446 行.
SQL: SHOW COLUMNS FROM `hr_icequipment_sub` [ RunTime:0.0014s ]
SQL: SELECT * FROM `hr_icequipment_sub` WHERE `equipmentid` = 2 AND `jgh` = '33001516' AND `status` = 0 ORDER BY equipmentid asc LIMIT 0,20   [ RunTime:0.0003s ]
SQL: SHOW COLUMNS FROM `hr_icdevice` [ RunTime:0.0012s ]
SQL: SELECT * FROM `hr_icdevice`  [ RunTime:0.0002s ]
SQL: SHOW COLUMNS FROM `hr_icdevice_class` [ RunTime:0.0012s ]
SQL: SELECT * FROM `hr_icdevice_class`  [ RunTime:0.0002s ]
SQL: SHOW COLUMNS FROM `hr_icdispose` [ RunTime:0.0012s ]
SQL: SELECT * FROM `hr_icdispose`  [ RunTime:0.0002s ]
SQL: SHOW COLUMNS FROM `hr_icdevice_sub` [ RunTime:0.0011s ]
SQL: SELECT * FROM `hr_icdevice_sub`  [ RunTime:0.0002s ]
SQL: SHOW COLUMNS FROM `hr_icmaintenance` [ RunTime:0.0011s ]
SQL: SELECT * FROM `hr_icmaintenance`  [ RunTime:0.0002s ]
SQL: SHOW COLUMNS FROM `hr_icsupplier` [ RunTime:0.0011s ]
SQL: SELECT * FROM `hr_icsupplier`  [ RunTime:0.0002s ]
SQL: SHOW COLUMNS FROM `hr_icpurcha` [ RunTime:0.0011s ]
SQL: SELECT * FROM `hr_icpurcha`  [ RunTime:0.0002s ]
SQL: SHOW COLUMNS FROM `hr_icequipment` [ RunTime:0.0011s ]
SQL: SELECT * FROM `hr_icequipment`  [ RunTime:0.0002s ]
NOTIC: [8] Undefined index: purchaid /Library/WebServer/Documents/cost/Application/Home/Controller/IndexController.class.php 第 3363 行.
NOTIC: [8] Undefined index: purchaid /Library/WebServer/Documents/cost/Application/Home/Controller/IndexController.class.php 第 3363 行.
NOTIC: [8] Undefined variable: equipment /Library/WebServer/Documents/cost/Application/Home/Controller/IndexController.class.php 第 3469 行.
SQL: SELECT COUNT(*) AS tp_count FROM `hr_icequipment_sub` LIMIT 1   [ RunTime:0.0002s ]
INFO: [ app_end ] --START--
INFO: Run Behavior\ShowPageTraceBehavior [ RunTime:0.000294s ]
INFO: [ app_end ] --END-- [ RunTime:0.000449s ]

[ 2019-12-19T00:25:50+08:00 ] ::1 /cost/index.php/Home/Index/equipmentups.html?page=1&limit=20
INFO: [ app_begin ] --START--
INFO: Run Behavior\ReadHtmlCacheBehavior [ RunTime:0.000294s ]
INFO: [ app_begin ] --END-- [ RunTime:0.000634s ]
NOTIC: [8] Undefined index: device_class /Library/WebServer/Documents/cost/Application/Home/Controller/IndexController.class.php 第 3423 行.
NOTIC: [8] Undefined index: equipmentid /Library/WebServer/Documents/cost/Application/Home/Controller/IndexController.class.php 第 3445 行.
NOTIC: [8] Undefined index: date /Library/WebServer/Documents/cost/Application/Home/Controller/IndexController.class.php 第 3446 行.
SQL: SHOW COLUMNS FROM `hr_icequipment_sub` [ RunTime:0.0015s ]
SQL: SELECT * FROM `hr_icequipment_sub` WHERE `jgh` = '33001516' AND `status` = 0 ORDER BY equipmentid asc LIMIT 0,20   [ RunTime:0.0004s ]
SQL: SHOW COLUMNS FROM `hr_icdevice` [ RunTime:0.0014s ]
SQL: SELECT * FROM `hr_icdevice`  [ RunTime:0.0002s ]
SQL: SHOW COLUMNS FROM `hr_icdevice_class` [ RunTime:0.0013s ]
SQL: SELECT * FROM `hr_icdevice_class`  [ RunTime:0.0002s ]
SQL: SHOW COLUMNS FROM `hr_icdispose` [ RunTime:0.0015s ]
SQL: SELECT * FROM `hr_icdispose`  [ RunTime:0.0002s ]
SQL: SHOW COLUMNS FROM `hr_icdevice_sub` [ RunTime:0.0014s ]
SQL: SELECT * FROM `hr_icdevice_sub`  [ RunTime:0.0002s ]
SQL: SHOW COLUMNS FROM `hr_icmaintenance` [ RunTime:0.0014s ]
SQL: SELECT * FROM `hr_icmaintenance`  [ RunTime:0.0002s ]
SQL: SHOW COLUMNS FROM `hr_icsupplier` [ RunTime:0.0013s ]
SQL: SELECT * FROM `hr_icsupplier`  [ RunTime:0.0002s ]
SQL: SHOW COLUMNS FROM `hr_icpurcha` [ RunTime:0.0012s ]
SQL: SELECT * FROM `hr_icpurcha`  [ RunTime:0.0001s ]
SQL: SHOW COLUMNS FROM `hr_icequipment` [ RunTime:0.0013s ]
SQL: SELECT * FROM `hr_icequipment`  [ RunTime:0.0002s ]
NOTIC: [8] Undefined index: purchaid /Library/WebServer/Documents/cost/Application/Home/Controller/IndexController.class.php 第 3363 行.
NOTIC: [8] Undefined index: purchaid /Library/WebServer/Documents/cost/Application/Home/Controller/IndexController.class.php 第 3363 行.
NOTIC: [8] Undefined index: purchaid /Library/WebServer/Documents/cost/Application/Home/Controller/IndexController.class.php 第 3363 行.
NOTIC: [8] Undefined index: purchaid /Library/WebServer/Documents/cost/Application/Home/Controller/IndexController.class.php 第 3363 行.
NOTIC: [8] Undefined variable: equipment /Library/WebServer/Documents/cost/Application/Home/Controller/IndexController.class.php 第 3469 行.
SQL: SELECT COUNT(*) AS tp_count FROM `hr_icequipment_sub` LIMIT 1   [ RunTime:0.0003s ]
INFO: [ app_end ] --START--
INFO: Run Behavior\ShowPageTraceBehavior [ RunTime:0.000474s ]
INFO: [ app_end ] --END-- [ RunTime:0.000654s ]

[ 2019-12-19T00:26:19+08:00 ] ::1 /cost/index.php/Home/Index/equipmentupsuc.html
INFO: [ app_begin ] --START--
INFO: Run Behavior\ReadHtmlCacheBehavior [ RunTime:0.000441s ]
INFO: [ app_begin ] --END-- [ RunTime:0.000935s ]
SQL: SHOW COLUMNS FROM `hr_icdevice_break` [ RunTime:0.0014s ]
SQL: INSERT INTO `hr_icdevice_break` (`equipment_subid`,`jgh`,`equipmentid`,`maintenanceid`,`device_classid`,`reason`,`device_subid`) VALUES ('1','33001516','1','1','1','无','1') [ RunTime:0.0009s ]
SQL: SHOW COLUMNS FROM `hr_icequipment_sub` [ RunTime:0.0013s ]
SQL: UPDATE `hr_icequipment_sub` SET `status`='1' WHERE ( equipment_subid = '1' ) [ RunTime:0.0008s ]
INFO: [ app_end ] --START--
INFO: Run Behavior\ShowPageTraceBehavior [ RunTime:0.000432s ]
INFO: [ app_end ] --END-- [ RunTime:0.000609s ]

[ 2019-12-19T00:26:21+08:00 ] ::1 /cost/index.php/Home/Index/equipmentups.html?page=1&limit=20
INFO: [ app_begin ] --START--
INFO: Run Behavior\ReadHtmlCacheBehavior [ RunTime:0.000346s ]
INFO: [ app_begin ] --END-- [ RunTime:0.000894s ]
NOTIC: [8] Undefined index: device_class /Library/WebServer/Documents/cost/Application/Home/Controller/IndexController.class.php 第 3423 行.
NOTIC: [8] Undefined index: equipmentid /Library/WebServer/Documents/cost/Application/Home/Controller/IndexController.class.php 第 3445 行.
NOTIC: [8] Undefined index: date /Library/WebServer/Documents/cost/Application/Home/Controller/IndexController.class.php 第 3446 行.
SQL: SHOW COLUMNS FROM `hr_icequipment_sub` [ RunTime:0.0017s ]
SQL: SELECT * FROM `hr_icequipment_sub` WHERE `jgh` = '33001516' AND `status` = 0 ORDER BY equipmentid asc LIMIT 0,20   [ RunTime:0.0004s ]
SQL: SHOW COLUMNS FROM `hr_icdevice` [ RunTime:0.0014s ]
SQL: SELECT * FROM `hr_icdevice`  [ RunTime:0.0002s ]
SQL: SHOW COLUMNS FROM `hr_icdevice_class` [ RunTime:0.0011s ]
SQL: SELECT * FROM `hr_icdevice_class`  [ RunTime:0.0001s ]
SQL: SHOW COLUMNS FROM `hr_icdispose` [ RunTime:0.0011s ]
SQL: SELECT * FROM `hr_icdispose`  [ RunTime:0.0001s ]
SQL: SHOW COLUMNS FROM `hr_icdevice_sub` [ RunTime:0.0012s ]
SQL: SELECT * FROM `hr_icdevice_sub`  [ RunTime:0.0002s ]
SQL: SHOW COLUMNS FROM `hr_icmaintenance` [ RunTime:0.0015s ]
SQL: SELECT * FROM `hr_icmaintenance`  [ RunTime:0.0002s ]
SQL: SHOW COLUMNS FROM `hr_icsupplier` [ RunTime:0.0012s ]
SQL: SELECT * FROM `hr_icsupplier`  [ RunTime:0.0002s ]
SQL: SHOW COLUMNS FROM `hr_icpurcha` [ RunTime:0.0014s ]
SQL: SELECT * FROM `hr_icpurcha`  [ RunTime:0.0002s ]
SQL: SHOW COLUMNS FROM `hr_icequipment` [ RunTime:0.0014s ]
SQL: SELECT * FROM `hr_icequipment`  [ RunTime:0.0003s ]
NOTIC: [8] Undefined index: purchaid /Library/WebServer/Documents/cost/Application/Home/Controller/IndexController.class.php 第 3363 行.
NOTIC: [8] Undefined index: purchaid /Library/WebServer/Documents/cost/Application/Home/Controller/IndexController.class.php 第 3363 行.
NOTIC: [8] Undefined variable: equipment /Library/WebServer/Documents/cost/Application/Home/Controller/IndexController.class.php 第 3469 行.
SQL: SELECT COUNT(*) AS tp_count FROM `hr_icequipment_sub` LIMIT 1   [ RunTime:0.0003s ]
INFO: [ app_end ] --START--
INFO: Run Behavior\ShowPageTraceBehavior [ RunTime:0.000377s ]
INFO: [ app_end ] --END-- [ RunTime:0.000532s ]

[ 2019-12-19T08:42:47+08:00 ] ::1 /cost/index.php/Home/Index/equipmentups.html?page=1&limit=20
INFO: [ app_begin ] --START--
INFO: Run Behavior\ReadHtmlCacheBehavior [ RunTime:0.000592s ]
INFO: [ app_begin ] --END-- [ RunTime:0.001252s ]
NOTIC: [8] Undefined index: device_class /Library/WebServer/Documents/cost/Application/Home/Controller/IndexController.class.php 第 3423 行.
NOTIC: [8] Undefined index: equipmentid /Library/WebServer/Documents/cost/Application/Home/Controller/IndexController.class.php 第 3445 行.
NOTIC: [8] Undefined index: date /Library/WebServer/Documents/cost/Application/Home/Controller/IndexController.class.php 第 3446 行.
ERR: SQLSTATE[HY000] [2002] No such file or directory

[ 2019-12-19T08:42:58+08:00 ] ::1 /cost/index.php/Home/Login/index
ERR: SQLSTATE[HY000] [2002] No such file or directory

[ 2019-12-19T08:43:16+08:00 ] ::1 /cost/index.php/Home/Index/equipmentups.html?page=1&limit=20
INFO: [ app_begin ] --START--
INFO: Run Behavior\ReadHtmlCacheBehavior [ RunTime:0.000315s ]
INFO: [ app_begin ] --END-- [ RunTime:0.000708s ]
NOTIC: [8] Undefined index: device_class /Library/WebServer/Documents/cost/Application/Home/Controller/IndexController.class.php 第 3423 行.
NOTIC: [8] Undefined index: equipmentid /Library/WebServer/Documents/cost/Application/Home/Controller/IndexController.class.php 第 3445 行.
NOTIC: [8] Undefined index: date /Library/WebServer/Documents/cost/Application/Home/Controller/IndexController.class.php 第 3446 行.
SQL: SHOW COLUMNS FROM `hr_icequipment_sub` [ RunTime:0.0016s ]
SQL: SELECT * FROM `hr_icequipment_sub` WHERE `jgh` = '33001516' AND `status` = 0 ORDER BY equipmentid asc LIMIT 0,20   [ RunTime:0.0003s ]
SQL: SHOW COLUMNS FROM `hr_icdevice` [ RunTime:0.0014s ]
SQL: SELECT * FROM `hr_icdevice`  [ RunTime:0.0003s ]
SQL: SHOW COLUMNS FROM `hr_icdevice_class` [ RunTime:0.0014s ]
SQL: SELECT * FROM `hr_icdevice_class`  [ RunTime:0.0003s ]
SQL: SHOW COLUMNS FROM `hr_icdispose` [ RunTime:0.0013s ]
SQL: SELECT * FROM `hr_icdispose`  [ RunTime:0.0002s ]
SQL: SHOW COLUMNS FROM `hr_icdevice_sub` [ RunTime:0.0011s ]
SQL: SELECT * FROM `hr_icdevice_sub`  [ RunTime:0.0002s ]
SQL: SHOW COLUMNS FROM `hr_icmaintenance` [ RunTime:0.0012s ]
SQL: SELECT * FROM `hr_icmaintenance`  [ RunTime:0.0003s ]
SQL: SHOW COLUMNS FROM `hr_icsupplier` [ RunTime:0.0013s ]
SQL: SELECT * FROM `hr_icsupplier`  [ RunTime:0.0002s ]
SQL: SHOW COLUMNS FROM `hr_icpurcha` [ RunTime:0.0011s ]
SQL: SELECT * FROM `hr_icpurcha`  [ RunTime:0.0002s ]
SQL: SHOW COLUMNS FROM `hr_icequipment` [ RunTime:0.0012s ]
SQL: SELECT * FROM `hr_icequipment`  [ RunTime:0.0002s ]
NOTIC: [8] Undefined index: purchaid /Library/WebServer/Documents/cost/Application/Home/Controller/IndexController.class.php 第 3363 行.
NOTIC: [8] Undefined index: purchaid /Library/WebServer/Documents/cost/Application/Home/Controller/IndexController.class.php 第 3363 行.
NOTIC: [8] Undefined variable: equipment /Library/WebServer/Documents/cost/Application/Home/Controller/IndexController.class.php 第 3469 行.
SQL: SELECT COUNT(*) AS tp_count FROM `hr_icequipment_sub` LIMIT 1   [ RunTime:0.0006s ]
INFO: [ app_end ] --START--
INFO: Run Behavior\ShowPageTraceBehavior [ RunTime:0.000405s ]
INFO: [ app_end ] --END-- [ RunTime:0.000628s ]

[ 2019-12-19T08:46:00+08:00 ] ::1 /cost/index.php/Home/Index/equipmentups.html?page=1&limit=20
INFO: [ app_begin ] --START--
INFO: Run Behavior\ReadHtmlCacheBehavior [ RunTime:0.000388s ]
INFO: [ app_begin ] --END-- [ RunTime:0.000753s ]
NOTIC: [8] Undefined index: device_class /Library/WebServer/Documents/cost/Application/Home/Controller/IndexController.class.php 第 3423 行.
NOTIC: [8] Undefined index: equipmentid /Library/WebServer/Documents/cost/Application/Home/Controller/IndexController.class.php 第 3445 行.
NOTIC: [8] Undefined index: date /Library/WebServer/Documents/cost/Application/Home/Controller/IndexController.class.php 第 3446 行.
SQL: SHOW COLUMNS FROM `hr_icequipment_sub` [ RunTime:0.0014s ]
SQL: SELECT * FROM `hr_icequipment_sub` WHERE `jgh` = '33001516' AND `status` = 0 ORDER BY equipmentid asc LIMIT 0,20   [ RunTime:0.0003s ]
SQL: SHOW COLUMNS FROM `hr_icdevice` [ RunTime:0.0012s ]
SQL: SELECT * FROM `hr_icdevice`  [ RunTime:0.0002s ]
SQL: SHOW COLUMNS FROM `hr_icdevice_class` [ RunTime:0.0011s ]
SQL: SELECT * FROM `hr_icdevice_class`  [ RunTime:0.0002s ]
SQL: SHOW COLUMNS FROM `hr_icdispose` [ RunTime:0.0012s ]
SQL: SELECT * FROM `hr_icdispose`  [ RunTime:0.0002s ]
SQL: SHOW COLUMNS FROM `hr_icdevice_sub` [ RunTime:0.0014s ]
SQL: SELECT * FROM `hr_icdevice_sub`  [ RunTime:0.0004s ]
SQL: SHOW COLUMNS FROM `hr_icmaintenance` [ RunTime:0.0013s ]
SQL: SELECT * FROM `hr_icmaintenance`  [ RunTime:0.0002s ]
SQL: SHOW COLUMNS FROM `hr_icsupplier` [ RunTime:0.0011s ]
SQL: SELECT * FROM `hr_icsupplier`  [ RunTime:0.0002s ]
SQL: SHOW COLUMNS FROM `hr_icpurcha` [ RunTime:0.0011s ]
SQL: SELECT * FROM `hr_icpurcha`  [ RunTime:0.0002s ]
SQL: SHOW COLUMNS FROM `hr_icequipment` [ RunTime:0.0012s ]
SQL: SELECT * FROM `hr_icequipment`  [ RunTime:0.0002s ]
NOTIC: [8] Undefined index: purchaid /Library/WebServer/Documents/cost/Application/Home/Controller/IndexController.class.php 第 3363 行.
NOTIC: [8] Undefined index: purchaid /Library/WebServer/Documents/cost/Application/Home/Controller/IndexController.class.php 第 3363 行.
NOTIC: [8] Undefined index: purchaid /Library/WebServer/Documents/cost/Application/Home/Controller/IndexController.class.php 第 3363 行.
NOTIC: [8] Undefined index: purchaid /Library/WebServer/Documents/cost/Application/Home/Controller/IndexController.class.php 第 3363 行.
NOTIC: [8] Undefined index: purchaid /Library/WebServer/Documents/cost/Application/Home/Controller/IndexController.class.php 第 3363 行.
NOTIC: [8] Undefined index: purchaid /Library/WebServer/Documents/cost/Application/Home/Controller/IndexController.class.php 第 3363 行.
NOTIC: [8] Undefined variable: equipment /Library/WebServer/Documents/cost/Application/Home/Controller/IndexController.class.php 第 3469 行.
SQL: SELECT COUNT(*) AS tp_count FROM `hr_icequipment_sub` LIMIT 1   [ RunTime:0.0003s ]
INFO: [ app_end ] --START--
INFO: Run Behavior\ShowPageTraceBehavior [ RunTime:0.000359s ]
INFO: [ app_end ] --END-- [ RunTime:0.000510s ]

[ 2019-12-19T08:46:26+08:00 ] ::1 /cost/index.php/Home/Index/equipmentups.html?page=1&limit=20
INFO: [ app_begin ] --START--
INFO: Run Behavior\ReadHtmlCacheBehavior [ RunTime:0.000307s ]
INFO: [ app_begin ] --END-- [ RunTime:0.000721s ]
NOTIC: [8] Undefined index: device_class /Library/WebServer/Documents/cost/Application/Home/Controller/IndexController.class.php 第 3423 行.
NOTIC: [8] Undefined index: equipmentid /Library/WebServer/Documents/cost/Application/Home/Controller/IndexController.class.php 第 3445 行.
NOTIC: [8] Undefined index: date /Library/WebServer/Documents/cost/Application/Home/Controller/IndexController.class.php 第 3446 行.
SQL: SHOW COLUMNS FROM `hr_icequipment_sub` [ RunTime:0.0015s ]
SQL: SELECT * FROM `hr_icequipment_sub` WHERE `jgh` = '33001516' AND `status` = 0 ORDER BY equipmentid asc LIMIT 0,20   [ RunTime:0.0003s ]
SQL: SHOW COLUMNS FROM `hr_icdevice` [ RunTime:0.0011s ]
SQL: SELECT * FROM `hr_icdevice`  [ RunTime:0.0002s ]
SQL: SHOW COLUMNS FROM `hr_icdevice_class` [ RunTime:0.0012s ]
SQL: SELECT * FROM `hr_icdevice_class`  [ RunTime:0.0002s ]
SQL: SHOW COLUMNS FROM `hr_icdispose` [ RunTime:0.0012s ]
SQL: SELECT * FROM `hr_icdispose`  [ RunTime:0.0002s ]
SQL: SHOW COLUMNS FROM `hr_icdevice_sub` [ RunTime:0.0013s ]
SQL: SELECT * FROM `hr_icdevice_sub`  [ RunTime:0.0003s ]
SQL: SHOW COLUMNS FROM `hr_icmaintenance` [ RunTime:0.0013s ]
SQL: SELECT * FROM `hr_icmaintenance`  [ RunTime:0.0003s ]
SQL: SHOW COLUMNS FROM `hr_icsupplier` [ RunTime:0.0012s ]
SQL: SELECT * FROM `hr_icsupplier`  [ RunTime:0.0002s ]
SQL: SHOW COLUMNS FROM `hr_icpurcha` [ RunTime:0.0015s ]
SQL: SELECT * FROM `hr_icpurcha`  [ RunTime:0.0003s ]
SQL: SHOW COLUMNS FROM `hr_icequipment` [ RunTime:0.0013s ]
SQL: SELECT * FROM `hr_icequipment`  [ RunTime:0.0002s ]
NOTIC: [8] Undefined index: purchaid /Library/WebServer/Documents/cost/Application/Home/Controller/IndexController.class.php 第 3363 行.
NOTIC: [8] Undefined index: purchaid /Library/WebServer/Documents/cost/Application/Home/Controller/IndexController.class.php 第 3363 行.
NOTIC: [8] Undefined index: purchaid /Library/WebServer/Documents/cost/Application/Home/Controller/IndexController.class.php 第 3363 行.
NOTIC: [8] Undefined index: purchaid /Library/WebServer/Documents/cost/Application/Home/Controller/IndexController.class.php 第 3363 行.
NOTIC: [8] Undefined index: purchaid /Library/WebServer/Documents/cost/Application/Home/Controller/IndexController.class.php 第 3363 行.
NOTIC: [8] Undefined index: purchaid /Library/WebServer/Documents/cost/Application/Home/Controller/IndexController.class.php 第 3363 行.
NOTIC: [8] Undefined variable: equipment /Library/WebServer/Documents/cost/Application/Home/Controller/IndexController.class.php 第 3469 行.
SQL: SELECT COUNT(*) AS tp_count FROM `hr_icequipment_sub` LIMIT 1   [ RunTime:0.0002s ]
INFO: [ app_end ] --START--
INFO: Run Behavior\ShowPageTraceBehavior [ RunTime:0.000409s ]
INFO: [ app_end ] --END-- [ RunTime:0.000563s ]

[ 2019-12-19T08:46:30+08:00 ] ::1 /cost/index.php/Home/Index/equipmentups.html?page=1&limit=20&equipmentid=1&device_class=&device_sub=
INFO: [ app_begin ] --START--
INFO: Run Behavior\ReadHtmlCacheBehavior [ RunTime:0.000332s ]
INFO: [ app_begin ] --END-- [ RunTime:0.000699s ]
NOTIC: [8] Undefined index: date /Library/WebServer/Documents/cost/Application/Home/Controller/IndexController.class.php 第 3446 行.
SQL: SHOW COLUMNS FROM `hr_icequipment_sub` [ RunTime:0.0015s ]
SQL: SELECT * FROM `hr_icequipment_sub` WHERE `equipmentid` = 1 AND `jgh` = '33001516' AND `status` = 0 ORDER BY equipmentid asc LIMIT 0,20   [ RunTime:0.0003s ]
SQL: SHOW COLUMNS FROM `hr_icdevice` [ RunTime:0.0012s ]
SQL: SELECT * FROM `hr_icdevice`  [ RunTime:0.0003s ]
SQL: SHOW COLUMNS FROM `hr_icdevice_class` [ RunTime:0.0013s ]
SQL: SELECT * FROM `hr_icdevice_class`  [ RunTime:0.0003s ]
SQL: SHOW COLUMNS FROM `hr_icdispose` [ RunTime:0.0013s ]
SQL: SELECT * FROM `hr_icdispose`  [ RunTime:0.0002s ]
SQL: SHOW COLUMNS FROM `hr_icdevice_sub` [ RunTime:0.0012s ]
SQL: SELECT * FROM `hr_icdevice_sub`  [ RunTime:0.0002s ]
SQL: SHOW COLUMNS FROM `hr_icmaintenance` [ RunTime:0.0011s ]
SQL: SELECT * FROM `hr_icmaintenance`  [ RunTime:0.0002s ]
SQL: SHOW COLUMNS FROM `hr_icsupplier` [ RunTime:0.0011s ]
SQL: SELECT * FROM `hr_icsupplier`  [ RunTime:0.0002s ]
SQL: SHOW COLUMNS FROM `hr_icpurcha` [ RunTime:0.0011s ]
SQL: SELECT * FROM `hr_icpurcha`  [ RunTime:0.0002s ]
SQL: SHOW COLUMNS FROM `hr_icequipment` [ RunTime:0.0012s ]
SQL: SELECT * FROM `hr_icequipment`  [ RunTime:0.0002s ]
NOTIC: [8] Undefined index: purchaid /Library/WebServer/Documents/cost/Application/Home/Controller/IndexController.class.php 第 3363 行.
NOTIC: [8] Undefined index: purchaid /Library/WebServer/Documents/cost/Application/Home/Controller/IndexController.class.php 第 3363 行.
NOTIC: [8] Undefined index: purchaid /Library/WebServer/Documents/cost/Application/Home/Controller/IndexController.class.php 第 3363 行.
NOTIC: [8] Undefined index: purchaid /Library/WebServer/Documents/cost/Application/Home/Controller/IndexController.class.php 第 3363 行.
NOTIC: [8] Undefined variable: equipment /Library/WebServer/Documents/cost/Application/Home/Controller/IndexController.class.php 第 3469 行.
SQL: SELECT COUNT(*) AS tp_count FROM `hr_icequipment_sub` LIMIT 1   [ RunTime:0.0003s ]
INFO: [ app_end ] --START--
INFO: Run Behavior\ShowPageTraceBehavior [ RunTime:0.000385s ]
INFO: [ app_end ] --END-- [ RunTime:0.000545s ]

[ 2019-12-19T08:46:37+08:00 ] ::1 /cost/index.php/Home/Index/equipmentups.html?page=1&limit=20&equipmentid=2&device_class=&device_sub=
INFO: [ app_begin ] --START--
INFO: Run Behavior\ReadHtmlCacheBehavior [ RunTime:0.000366s ]
INFO: [ app_begin ] --END-- [ RunTime:0.000830s ]
NOTIC: [8] Undefined index: date /Library/WebServer/Documents/cost/Application/Home/Controller/IndexController.class.php 第 3446 行.
SQL: SHOW COLUMNS FROM `hr_icequipment_sub` [ RunTime:0.0014s ]
SQL: SELECT * FROM `hr_icequipment_sub` WHERE `equipmentid` = 2 AND `jgh` = '33001516' AND `status` = 0 ORDER BY equipmentid asc LIMIT 0,20   [ RunTime:0.0003s ]
SQL: SHOW COLUMNS FROM `hr_icdevice` [ RunTime:0.0012s ]
SQL: SELECT * FROM `hr_icdevice`  [ RunTime:0.0002s ]
SQL: SHOW COLUMNS FROM `hr_icdevice_class` [ RunTime:0.0012s ]
SQL: SELECT * FROM `hr_icdevice_class`  [ RunTime:0.0002s ]
SQL: SHOW COLUMNS FROM `hr_icdispose` [ RunTime:0.0012s ]
SQL: SELECT * FROM `hr_icdispose`  [ RunTime:0.0002s ]
SQL: SHOW COLUMNS FROM `hr_icdevice_sub` [ RunTime:0.0012s ]
SQL: SELECT * FROM `hr_icdevice_sub`  [ RunTime:0.0003s ]
SQL: SHOW COLUMNS FROM `hr_icmaintenance` [ RunTime:0.0013s ]
SQL: SELECT * FROM `hr_icmaintenance`  [ RunTime:0.0002s ]
SQL: SHOW COLUMNS FROM `hr_icsupplier` [ RunTime:0.0011s ]
SQL: SELECT * FROM `hr_icsupplier`  [ RunTime:0.0002s ]
SQL: SHOW COLUMNS FROM `hr_icpurcha` [ RunTime:0.0012s ]
SQL: SELECT * FROM `hr_icpurcha`  [ RunTime:0.0002s ]
SQL: SHOW COLUMNS FROM `hr_icequipment` [ RunTime:0.0012s ]
SQL: SELECT * FROM `hr_icequipment`  [ RunTime:0.0002s ]
NOTIC: [8] Undefined index: purchaid /Library/WebServer/Documents/cost/Application/Home/Controller/IndexController.class.php 第 3363 行.
NOTIC: [8] Undefined index: purchaid /Library/WebServer/Documents/cost/Application/Home/Controller/IndexController.class.php 第 3363 行.
NOTIC: [8] Undefined variable: equipment /Library/WebServer/Documents/cost/Application/Home/Controller/IndexController.class.php 第 3469 行.
SQL: SELECT COUNT(*) AS tp_count FROM `hr_icequipment_sub` LIMIT 1   [ RunTime:0.0002s ]
INFO: [ app_end ] --START--
INFO: Run Behavior\ShowPageTraceBehavior [ RunTime:0.000363s ]
INFO: [ app_end ] --END-- [ RunTime:0.000529s ]

[ 2019-12-19T08:46:50+08:00 ] ::1 /cost/index.php/Home/Index/equipmentups.html?page=1&limit=20&equipmentid=&device_class=%E6%89%93%E5%8D%B0%E6%9C%BA&device_sub=
INFO: [ app_begin ] --START--
INFO: Run Behavior\ReadHtmlCacheBehavior [ RunTime:0.000341s ]
INFO: [ app_begin ] --END-- [ RunTime:0.000783s ]
SQL: SHOW COLUMNS FROM `hr_icdevice_class` [ RunTime:0.0014s ]
SQL: SELECT `device_classid` FROM `hr_icdevice_class` WHERE `device_class` LIKE '%打印机%'  [ RunTime:0.0003s ]
SQL: SHOW COLUMNS FROM `hr_icdevice_sub` [ RunTime:0.0014s ]
SQL: SELECT `device_subid` FROM `hr_icdevice_sub` WHERE `device_classid` IN ('2')  [ RunTime:0.0003s ]
NOTIC: [8] Undefined index: date /Library/WebServer/Documents/cost/Application/Home/Controller/IndexController.class.php 第 3446 行.
SQL: SHOW COLUMNS FROM `hr_icequipment_sub` [ RunTime:0.0014s ]
SQL: SELECT * FROM `hr_icequipment_sub` WHERE `device_subid` IN ('2') AND `jgh` = '33001516' AND `status` = 0 ORDER BY equipmentid asc LIMIT 0,20   [ RunTime:0.0004s ]
SQL: SHOW COLUMNS FROM `hr_icdevice` [ RunTime:0.0012s ]
SQL: SELECT * FROM `hr_icdevice`  [ RunTime:0.0002s ]
SQL: SELECT * FROM `hr_icdevice_class`  [ RunTime:0.0001s ]
SQL: SHOW COLUMNS FROM `hr_icdispose` [ RunTime:0.0011s ]
SQL: SELECT * FROM `hr_icdispose`  [ RunTime:0.0002s ]
SQL: SELECT * FROM `hr_icdevice_sub`  [ RunTime:0.0001s ]
SQL: SHOW COLUMNS FROM `hr_icmaintenance` [ RunTime:0.0011s ]
SQL: SELECT * FROM `hr_icmaintenance`  [ RunTime:0.0002s ]
SQL: SHOW COLUMNS FROM `hr_icsupplier` [ RunTime:0.0011s ]
SQL: SELECT * FROM `hr_icsupplier`  [ RunTime:0.0002s ]
SQL: SHOW COLUMNS FROM `hr_icpurcha` [ RunTime:0.0011s ]
SQL: SELECT * FROM `hr_icpurcha`  [ RunTime:0.0003s ]
SQL: SHOW COLUMNS FROM `hr_icequipment` [ RunTime:0.0015s ]
SQL: SELECT * FROM `hr_icequipment`  [ RunTime:0.0003s ]
NOTIC: [8] Undefined index: purchaid /Library/WebServer/Documents/cost/Application/Home/Controller/IndexController.class.php 第 3363 行.
NOTIC: [8] Undefined index: purchaid /Library/WebServer/Documents/cost/Application/Home/Controller/IndexController.class.php 第 3363 行.
NOTIC: [8] Undefined variable: equipment /Library/WebServer/Documents/cost/Application/Home/Controller/IndexController.class.php 第 3469 行.
SQL: SELECT COUNT(*) AS tp_count FROM `hr_icequipment_sub` LIMIT 1   [ RunTime:0.0003s ]
INFO: [ app_end ] --START--
INFO: Run Behavior\ShowPageTraceBehavior [ RunTime:0.000401s ]
INFO: [ app_end ] --END-- [ RunTime:0.000574s ]

[ 2019-12-19T08:47:14+08:00 ] ::1 /cost/index.php/Home/Index/equipmentupsuc.html
INFO: [ app_begin ] --START--
INFO: Run Behavior\ReadHtmlCacheBehavior [ RunTime:0.000362s ]
INFO: [ app_begin ] --END-- [ RunTime:0.000800s ]
SQL: SHOW COLUMNS FROM `hr_icdevice_break` [ RunTime:0.0018s ]
SQL: INSERT INTO `hr_icdevice_break` (`equipment_subid`,`jgh`,`equipmentid`,`maintenanceid`,`device_classid`,`reason`,`device_subid`) VALUES ('3','33001516','1','0','2','卡纸','2') [ RunTime:0.0012s ]
SQL: SHOW COLUMNS FROM `hr_icequipment_sub` [ RunTime:0.0016s ]
SQL: UPDATE `hr_icequipment_sub` SET `status`='1' WHERE ( equipment_subid = '3' ) [ RunTime:0.0007s ]
INFO: [ app_end ] --START--
INFO: Run Behavior\ShowPageTraceBehavior [ RunTime:0.000398s ]
INFO: [ app_end ] --END-- [ RunTime:0.000588s ]

[ 2019-12-19T08:47:18+08:00 ] ::1 /cost/index.php/Home/Index/equipmentups.html?page=1&limit=20
INFO: [ app_begin ] --START--
INFO: Run Behavior\ReadHtmlCacheBehavior [ RunTime:0.000281s ]
INFO: [ app_begin ] --END-- [ RunTime:0.000601s ]
NOTIC: [8] Undefined index: device_class /Library/WebServer/Documents/cost/Application/Home/Controller/IndexController.class.php 第 3423 行.
NOTIC: [8] Undefined index: equipmentid /Library/WebServer/Documents/cost/Application/Home/Controller/IndexController.class.php 第 3445 行.
NOTIC: [8] Undefined index: date /Library/WebServer/Documents/cost/Application/Home/Controller/IndexController.class.php 第 3446 行.
SQL: SHOW COLUMNS FROM `hr_icequipment_sub` [ RunTime:0.0013s ]
SQL: SELECT * FROM `hr_icequipment_sub` WHERE `jgh` = '33001516' AND `status` = 0 ORDER BY equipmentid asc LIMIT 0,20   [ RunTime:0.0003s ]
SQL: SHOW COLUMNS FROM `hr_icdevice` [ RunTime:0.0013s ]
SQL: SELECT * FROM `hr_icdevice`  [ RunTime:0.0003s ]
SQL: SHOW COLUMNS FROM `hr_icdevice_class` [ RunTime:0.0016s ]
SQL: SELECT * FROM `hr_icdevice_class`  [ RunTime:0.0002s ]
SQL: SHOW COLUMNS FROM `hr_icdispose` [ RunTime:0.0014s ]
SQL: SELECT * FROM `hr_icdispose`  [ RunTime:0.0002s ]
SQL: SHOW COLUMNS FROM `hr_icdevice_sub` [ RunTime:0.0012s ]
SQL: SELECT * FROM `hr_icdevice_sub`  [ RunTime:0.0001s ]
SQL: SHOW COLUMNS FROM `hr_icmaintenance` [ RunTime:0.0011s ]
SQL: SELECT * FROM `hr_icmaintenance`  [ RunTime:0.0002s ]
SQL: SHOW COLUMNS FROM `hr_icsupplier` [ RunTime:0.0014s ]
SQL: SELECT * FROM `hr_icsupplier`  [ RunTime:0.0002s ]
SQL: SHOW COLUMNS FROM `hr_icpurcha` [ RunTime:0.0012s ]
SQL: SELECT * FROM `hr_icpurcha`  [ RunTime:0.0001s ]
SQL: SHOW COLUMNS FROM `hr_icequipment` [ RunTime:0.0011s ]
SQL: SELECT * FROM `hr_icequipment`  [ RunTime:0.0002s ]
NOTIC: [8] Undefined index: purchaid /Library/WebServer/Documents/cost/Application/Home/Controller/IndexController.class.php 第 3363 行.
NOTIC: [8] Undefined index: purchaid /Library/WebServer/Documents/cost/Application/Home/Controller/IndexController.class.php 第 3363 行.
NOTIC: [8] Undefined index: purchaid /Library/WebServer/Documents/cost/Application/Home/Controller/IndexController.class.php 第 3363 行.
NOTIC: [8] Undefined index: purchaid /Library/WebServer/Documents/cost/Application/Home/Controller/IndexController.class.php 第 3363 行.
NOTIC: [8] Undefined variable: equipment /Library/WebServer/Documents/cost/Application/Home/Controller/IndexController.class.php 第 3469 行.
SQL: SELECT COUNT(*) AS tp_count FROM `hr_icequipment_sub` LIMIT 1   [ RunTime:0.0003s ]
INFO: [ app_end ] --START--
INFO: Run Behavior\ShowPageTraceBehavior [ RunTime:0.000427s ]
INFO: [ app_end ] --END-- [ RunTime:0.000592s ]

[ 2019-12-19T09:10:19+08:00 ] ::1 /cost/index.php/Home/Index/equipmentups.html?page=1&limit=20&equipmentid=1&device_class=%E7%BB%88%E7%AB%AF&device_sub=
INFO: [ app_begin ] --START--
INFO: Run Behavior\ReadHtmlCacheBehavior [ RunTime:0.000294s ]
INFO: [ app_begin ] --END-- [ RunTime:0.000665s ]
SQL: SHOW COLUMNS FROM `hr_icdevice_class` [ RunTime:0.0013s ]
SQL: SELECT `device_classid` FROM `hr_icdevice_class` WHERE `device_class` LIKE '%终端%'  [ RunTime:0.0002s ]
SQL: SHOW COLUMNS FROM `hr_icdevice_sub` [ RunTime:0.0012s ]
SQL: SELECT `device_subid` FROM `hr_icdevice_sub` WHERE `device_classid` IN ('1')  [ RunTime:0.0002s ]
NOTIC: [8] Undefined index: date /Library/WebServer/Documents/cost/Application/Home/Controller/IndexController.class.php 第 3446 行.
SQL: SHOW COLUMNS FROM `hr_icequipment_sub` [ RunTime:0.0012s ]
SQL: SELECT * FROM `hr_icequipment_sub` WHERE `device_subid` IN ('1') AND `equipmentid` = 1 AND `jgh` = '33001516' AND `status` = 0 AND `stats` = 0 ORDER BY equipmentid asc LIMIT 0,20   [ RunTime:0.0002s ]
SQL: SHOW COLUMNS FROM `hr_icdevice` [ RunTime:0.0011s ]
SQL: SELECT * FROM `hr_icdevice`  [ RunTime:0.0001s ]
SQL: SELECT * FROM `hr_icdevice_class`  [ RunTime:0.0001s ]
SQL: SHOW COLUMNS FROM `hr_icdispose` [ RunTime:0.0011s ]
SQL: SELECT * FROM `hr_icdispose`  [ RunTime:0.0001s ]
SQL: SELECT * FROM `hr_icdevice_sub`  [ RunTime:0.0001s ]
SQL: SHOW COLUMNS FROM `hr_icmaintenance` [ RunTime:0.0011s ]
SQL: SELECT * FROM `hr_icmaintenance`  [ RunTime:0.0003s ]
SQL: SHOW COLUMNS FROM `hr_icsupplier` [ RunTime:0.0015s ]
SQL: SELECT * FROM `hr_icsupplier`  [ RunTime:0.0002s ]
SQL: SHOW COLUMNS FROM `hr_icpurcha` [ RunTime:0.0012s ]
SQL: SELECT * FROM `hr_icpurcha`  [ RunTime:0.0001s ]
SQL: SHOW COLUMNS FROM `hr_icequipment` [ RunTime:0.0011s ]
SQL: SELECT * FROM `hr_icequipment`  [ RunTime:0.0001s ]
NOTIC: [8] Undefined index: purchaid /Library/WebServer/Documents/cost/Application/Home/Controller/IndexController.class.php 第 3363 行.
NOTIC: [8] Undefined index: purchaid /Library/WebServer/Documents/cost/Application/Home/Controller/IndexController.class.php 第 3363 行.
NOTIC: [8] Undefined variable: equipment /Library/WebServer/Documents/cost/Application/Home/Controller/IndexController.class.php 第 3470 行.
SQL: SELECT COUNT(*) AS tp_count FROM `hr_icequipment_sub` LIMIT 1   [ RunTime:0.0002s ]
INFO: [ app_end ] --START--
INFO: Run Behavior\ShowPageTraceBehavior [ RunTime:0.000366s ]
INFO: [ app_end ] --END-- [ RunTime:0.000523s ]

[ 2019-12-19T17:00:26+08:00 ] ::1 /cost/index.php/Home/Index/equipmentups.html?page=1&limit=20
INFO: [ app_begin ] --START--
INFO: Run Behavior\ReadHtmlCacheBehavior [ RunTime:0.000281s ]
INFO: [ app_begin ] --END-- [ RunTime:0.000609s ]
NOTIC: [8] Undefined index: device_class /Library/WebServer/Documents/cost/Application/Home/Controller/IndexController.class.php 第 3423 行.
NOTIC: [8] Undefined index: equipmentid /Library/WebServer/Documents/cost/Application/Home/Controller/IndexController.class.php 第 3445 行.
NOTIC: [8] Undefined index: date /Library/WebServer/Documents/cost/Application/Home/Controller/IndexController.class.php 第 3446 行.
SQL: SHOW COLUMNS FROM `hr_icequipment_sub` [ RunTime:0.0014s ]
SQL: SELECT * FROM `hr_icequipment_sub` WHERE `jgh` = '33001516' AND `status` = 0 AND `stats` = 0 ORDER BY equipmentid asc LIMIT 0,20   [ RunTime:0.0003s ]
SQL: SHOW COLUMNS FROM `hr_icdevice` [ RunTime:0.0013s ]
SQL: SELECT * FROM `hr_icdevice`  [ RunTime:0.0002s ]
SQL: SHOW COLUMNS FROM `hr_icdevice_class` [ RunTime:0.0014s ]
SQL: SELECT * FROM `hr_icdevice_class`  [ RunTime:0.0002s ]
SQL: SHOW COLUMNS FROM `hr_icdispose` [ RunTime:0.0013s ]
SQL: SELECT * FROM `hr_icdispose`  [ RunTime:0.0002s ]
SQL: SHOW COLUMNS FROM `hr_icdevice_sub` [ RunTime:0.0012s ]
SQL: SELECT * FROM `hr_icdevice_sub`  [ RunTime:0.0001s ]
SQL: SHOW COLUMNS FROM `hr_icmaintenance` [ RunTime:0.0011s ]
SQL: SELECT * FROM `hr_icmaintenance`  [ RunTime:0.0001s ]
SQL: SHOW COLUMNS FROM `hr_icsupplier` [ RunTime:0.0011s ]
SQL: SELECT * FROM `hr_icsupplier`  [ RunTime:0.0002s ]
SQL: SHOW COLUMNS FROM `hr_icpurcha` [ RunTime:0.0013s ]
SQL: SELECT * FROM `hr_icpurcha`  [ RunTime:0.0002s ]
SQL: SHOW COLUMNS FROM `hr_icequipment` [ RunTime:0.0012s ]
SQL: SELECT * FROM `hr_icequipment`  [ RunTime:0.0002s ]
NOTIC: [8] Undefined index: purchaid /Library/WebServer/Documents/cost/Application/Home/Controller/IndexController.class.php 第 3363 行.
NOTIC: [8] Undefined index: purchaid /Library/WebServer/Documents/cost/Application/Home/Controller/IndexController.class.php 第 3363 行.
NOTIC: [8] Undefined index: purchaid /Library/WebServer/Documents/cost/Application/Home/Controller/IndexController.class.php 第 3363 行.
NOTIC: [8] Undefined index: purchaid /Library/WebServer/Documents/cost/Application/Home/Controller/IndexController.class.php 第 3363 行.
NOTIC: [8] Undefined variable: equipment /Library/WebServer/Documents/cost/Application/Home/Controller/IndexController.class.php 第 3470 行.
SQL: SELECT COUNT(*) AS tp_count FROM `hr_icequipment_sub` LIMIT 1   [ RunTime:0.0003s ]
INFO: [ app_end ] --START--
INFO: Run Behavior\ShowPageTraceBehavior [ RunTime:0.000402s ]
INFO: [ app_end ] --END-- [ RunTime:0.000563s ]

[ 2019-12-19T17:00:54+08:00 ] ::1 /cost/index.php/Home/Index/equipmentups.html?page=1&limit=20
INFO: [ app_begin ] --START--
INFO: Run Behavior\ReadHtmlCacheBehavior [ RunTime:0.000377s ]
INFO: [ app_begin ] --END-- [ RunTime:0.000717s ]
NOTIC: [8] Undefined index: device_class /Library/WebServer/Documents/cost/Application/Home/Controller/IndexController.class.php 第 3423 行.
NOTIC: [8] Undefined index: equipmentid /Library/WebServer/Documents/cost/Application/Home/Controller/IndexController.class.php 第 3445 行.
NOTIC: [8] Undefined index: date /Library/WebServer/Documents/cost/Application/Home/Controller/IndexController.class.php 第 3446 行.
SQL: SHOW COLUMNS FROM `hr_icequipment_sub` [ RunTime:0.0013s ]
SQL: SELECT * FROM `hr_icequipment_sub` WHERE `jgh` = '33001516' AND `status` = 0 AND `stats` = 0 ORDER BY equipmentid asc LIMIT 0,20   [ RunTime:0.0002s ]
SQL: SHOW COLUMNS FROM `hr_icdevice` [ RunTime:0.0011s ]
SQL: SELECT * FROM `hr_icdevice`  [ RunTime:0.0002s ]
SQL: SHOW COLUMNS FROM `hr_icdevice_class` [ RunTime:0.0011s ]
SQL: SELECT * FROM `hr_icdevice_class`  [ RunTime:0.0002s ]
SQL: SHOW COLUMNS FROM `hr_icdispose` [ RunTime:0.0011s ]
SQL: SELECT * FROM `hr_icdispose`  [ RunTime:0.0002s ]
SQL: SHOW COLUMNS FROM `hr_icdevice_sub` [ RunTime:0.0011s ]
SQL: SELECT * FROM `hr_icdevice_sub`  [ RunTime:0.0004s ]
SQL: SHOW COLUMNS FROM `hr_icmaintenance` [ RunTime:0.0015s ]
SQL: SELECT * FROM `hr_icmaintenance`  [ RunTime:0.0002s ]
SQL: SHOW COLUMNS FROM `hr_icsupplier` [ RunTime:0.0011s ]
SQL: SELECT * FROM `hr_icsupplier`  [ RunTime:0.0002s ]
SQL: SHOW COLUMNS FROM `hr_icpurcha` [ RunTime:0.0011s ]
SQL: SELECT * FROM `hr_icpurcha`  [ RunTime:0.0002s ]
SQL: SHOW COLUMNS FROM `hr_icequipment` [ RunTime:0.0011s ]
SQL: SELECT * FROM `hr_icequipment`  [ RunTime:0.0002s ]
NOTIC: [8] Undefined index: purchaid /Library/WebServer/Documents/cost/Application/Home/Controller/IndexController.class.php 第 3363 行.
NOTIC: [8] Undefined index: purchaid /Library/WebServer/Documents/cost/Application/Home/Controller/IndexController.class.php 第 3363 行.
NOTIC: [8] Undefined index: purchaid /Library/WebServer/Documents/cost/Application/Home/Controller/IndexController.class.php 第 3363 行.
NOTIC: [8] Undefined index: purchaid /Library/WebServer/Documents/cost/Application/Home/Controller/IndexController.class.php 第 3363 行.
NOTIC: [8] Undefined index: purchaid /Library/WebServer/Documents/cost/Application/Home/Controller/IndexController.class.php 第 3363 行.
NOTIC: [8] Undefined index: purchaid /Library/WebServer/Documents/cost/Application/Home/Controller/IndexController.class.php 第 3363 行.
NOTIC: [8] Undefined variable: equipment /Library/WebServer/Documents/cost/Application/Home/Controller/IndexController.class.php 第 3470 行.
SQL: SELECT COUNT(*) AS tp_count FROM `hr_icequipment_sub` LIMIT 1   [ RunTime:0.0002s ]
INFO: [ app_end ] --START--
INFO: Run Behavior\ShowPageTraceBehavior [ RunTime:0.000365s ]
INFO: [ app_end ] --END-- [ RunTime:0.000515s ]

[ 2019-12-19T17:00:57+08:00 ] ::1 /cost/index.php/Home/Index/applyproduct_ups.html?page=1&limit=20
INFO: [ app_begin ] --START--
INFO: Run Behavior\ReadHtmlCacheBehavior [ RunTime:0.000369s ]
INFO: [ app_begin ] --END-- [ RunTime:0.000756s ]
NOTIC: [8] Undefined index: product /Library/WebServer/Documents/cost/Application/Home/Controller/IndexController.class.php 第 1008 行.
NOTIC: [8] Undefined index: warehouseid /Library/WebServer/Documents/cost/Application/Home/Controller/IndexController.class.php 第 1023 行.
NOTIC: [8] Undefined index: date /Library/WebServer/Documents/cost/Application/Home/Controller/IndexController.class.php 第 1024 行.
SQL: SHOW COLUMNS FROM `hr_costinbound` [ RunTime:0.0014s ]
SQL: SELECT `productid`,`warehouseid`,`pwid`,sum(kcquantity) as sumkcquantity FROM `hr_costinbound` WHERE `sjquantity` > 0 AND `kcquantity` > 0 GROUP BY productid,pwid,warehouseid ORDER BY warehouseid asc LIMIT 0,20   [ RunTime:0.0015s ]
SQL: SHOW COLUMNS FROM `hr_costapply` [ RunTime:0.0026s ]
SQL: SELECT `pwid`,sum(applyquantity) as sumapplyquantity FROM `hr_costapply` WHERE `shenhe` IN ('未审核','审核同意') GROUP BY pwid  [ RunTime:0.0069s ]
SQL: SHOW COLUMNS FROM `hr_costproduct` [ RunTime:0.0013s ]
SQL: SELECT * FROM `hr_costproduct`  [ RunTime:0.0010s ]
SQL: SHOW COLUMNS FROM `hr_costwarehouse` [ RunTime:0.0015s ]
SQL: SELECT * FROM `hr_costwarehouse`  [ RunTime:0.0004s ]
SQL: SHOW COLUMNS FROM `hr_costproducttype` [ RunTime:0.0013s ]
SQL: SELECT * FROM `hr_costproducttype`  [ RunTime:0.0005s ]
SQL: SHOW COLUMNS FROM `hr_jrdanwei` [ RunTime:0.0014s ]
SQL: SELECT * FROM `hr_jrdanwei`  [ RunTime:0.0002s ]
SQL: SELECT COUNT(*) AS tp_count FROM `hr_costinbound` WHERE `sjquantity` > 0 AND `kcquantity` > 0 LIMIT 1   [ RunTime:0.0009s ]
INFO: [ app_end ] --START--
INFO: Run Behavior\ShowPageTraceBehavior [ RunTime:0.000362s ]
INFO: [ app_end ] --END-- [ RunTime:0.000523s ]

[ 2019-12-19T17:00:59+08:00 ] ::1 /cost/index.php/Home/Index/applyproduct_ups.html?page=1&limit=20&warehouseid=3&product=&date=
INFO: [ app_begin ] --START--
INFO: Run Behavior\ReadHtmlCacheBehavior [ RunTime:0.000355s ]
INFO: [ app_begin ] --END-- [ RunTime:0.000885s ]
SQL: SHOW COLUMNS FROM `hr_costinbound` [ RunTime:0.0014s ]
SQL: SELECT `productid`,`warehouseid`,`pwid`,sum(kcquantity) as sumkcquantity FROM `hr_costinbound` WHERE `warehouseid` = '3' AND `sjquantity` > 0 AND `kcquantity` > 0 GROUP BY productid,pwid,warehouseid ORDER BY warehouseid asc LIMIT 0,20   [ RunTime:0.0013s ]
SQL: SHOW COLUMNS FROM `hr_costapply` [ RunTime:0.0012s ]
SQL: SELECT `pwid`,sum(applyquantity) as sumapplyquantity FROM `hr_costapply` WHERE `shenhe` IN ('未审核','审核同意') GROUP BY pwid  [ RunTime:0.0057s ]
SQL: SHOW COLUMNS FROM `hr_costproduct` [ RunTime:0.0015s ]
SQL: SELECT * FROM `hr_costproduct`  [ RunTime:0.0011s ]
SQL: SHOW COLUMNS FROM `hr_costwarehouse` [ RunTime:0.0012s ]
SQL: SELECT * FROM `hr_costwarehouse`  [ RunTime:0.0003s ]
SQL: SHOW COLUMNS FROM `hr_costproducttype` [ RunTime:0.0011s ]
SQL: SELECT * FROM `hr_costproducttype`  [ RunTime:0.0003s ]
SQL: SHOW COLUMNS FROM `hr_jrdanwei` [ RunTime:0.0011s ]
SQL: SELECT * FROM `hr_jrdanwei`  [ RunTime:0.0003s ]
SQL: SELECT COUNT(*) AS tp_count FROM `hr_costinbound` WHERE `warehouseid` = '3' AND `sjquantity` > 0 AND `kcquantity` > 0 LIMIT 1   [ RunTime:0.0011s ]
INFO: [ app_end ] --START--
INFO: Run Behavior\ShowPageTraceBehavior [ RunTime:0.000387s ]
INFO: [ app_end ] --END-- [ RunTime:0.000554s ]

[ 2019-12-19T17:01:04+08:00 ] ::1 /cost/index.php/Home/Index/applyproductsuc_up.html
INFO: [ app_begin ] --START--
INFO: Run Behavior\ReadHtmlCacheBehavior [ RunTime:0.000316s ]
INFO: [ app_begin ] --END-- [ RunTime:0.000703s ]
SQL: SHOW COLUMNS FROM `hr_costapply` [ RunTime:0.0016s ]
SQL: INSERT INTO `hr_costapply` (`productid`,`warehouseid`,`pwid`,`jgh`,`applyquantity`,`applyjgh`,`date`,`shenhe`) VALUES ('213','3','2133','2','5','72','2019-12-19','未审核') [ RunTime:0.0012s ]
INFO: [ app_end ] --START--
INFO: Run Behavior\ShowPageTraceBehavior [ RunTime:0.000385s ]
INFO: [ app_end ] --END-- [ RunTime:0.000565s ]

[ 2019-12-19T17:01:06+08:00 ] ::1 /cost/index.php/Home/Index/applyproduct_ups.html?page=1&limit=20
INFO: [ app_begin ] --START--
INFO: Run Behavior\ReadHtmlCacheBehavior [ RunTime:0.000300s ]
INFO: [ app_begin ] --END-- [ RunTime:0.000656s ]
NOTIC: [8] Undefined index: product /Library/WebServer/Documents/cost/Application/Home/Controller/IndexController.class.php 第 1008 行.
NOTIC: [8] Undefined index: warehouseid /Library/WebServer/Documents/cost/Application/Home/Controller/IndexController.class.php 第 1023 行.
NOTIC: [8] Undefined index: date /Library/WebServer/Documents/cost/Application/Home/Controller/IndexController.class.php 第 1024 行.
SQL: SHOW COLUMNS FROM `hr_costinbound` [ RunTime:0.0014s ]
SQL: SELECT `productid`,`warehouseid`,`pwid`,sum(kcquantity) as sumkcquantity FROM `hr_costinbound` WHERE `sjquantity` > 0 AND `kcquantity` > 0 GROUP BY productid,pwid,warehouseid ORDER BY warehouseid asc LIMIT 0,20   [ RunTime:0.0013s ]
SQL: SHOW COLUMNS FROM `hr_costapply` [ RunTime:0.0012s ]
SQL: SELECT `pwid`,sum(applyquantity) as sumapplyquantity FROM `hr_costapply` WHERE `shenhe` IN ('未审核','审核同意') GROUP BY pwid  [ RunTime:0.0058s ]
SQL: SHOW COLUMNS FROM `hr_costproduct` [ RunTime:0.0014s ]
SQL: SELECT * FROM `hr_costproduct`  [ RunTime:0.0010s ]
SQL: SHOW COLUMNS FROM `hr_costwarehouse` [ RunTime:0.0013s ]
SQL: SELECT * FROM `hr_costwarehouse`  [ RunTime:0.0004s ]
SQL: SHOW COLUMNS FROM `hr_costproducttype` [ RunTime:0.0011s ]
SQL: SELECT * FROM `hr_costproducttype`  [ RunTime:0.0003s ]
SQL: SHOW COLUMNS FROM `hr_jrdanwei` [ RunTime:0.0012s ]
SQL: SELECT * FROM `hr_jrdanwei`  [ RunTime:0.0002s ]
SQL: SELECT COUNT(*) AS tp_count FROM `hr_costinbound` WHERE `sjquantity` > 0 AND `kcquantity` > 0 LIMIT 1   [ RunTime:0.0009s ]
INFO: [ app_end ] --START--
INFO: Run Behavior\ShowPageTraceBehavior [ RunTime:0.000365s ]
INFO: [ app_end ] --END-- [ RunTime:0.000528s ]

[ 2019-12-19T17:01:08+08:00 ] ::1 /cost/index.php/Home/Index/applyproduct_ups.html?page=1&limit=20&warehouseid=3&product=&date=
INFO: [ app_begin ] --START--
INFO: Run Behavior\ReadHtmlCacheBehavior [ RunTime:0.000294s ]
INFO: [ app_begin ] --END-- [ RunTime:0.000633s ]
SQL: SHOW COLUMNS FROM `hr_costinbound` [ RunTime:0.0013s ]
SQL: SELECT `productid`,`warehouseid`,`pwid`,sum(kcquantity) as sumkcquantity FROM `hr_costinbound` WHERE `warehouseid` = '3' AND `sjquantity` > 0 AND `kcquantity` > 0 GROUP BY productid,pwid,warehouseid ORDER BY warehouseid asc LIMIT 0,20   [ RunTime:0.0013s ]
SQL: SHOW COLUMNS FROM `hr_costapply` [ RunTime:0.0012s ]
SQL: SELECT `pwid`,sum(applyquantity) as sumapplyquantity FROM `hr_costapply` WHERE `shenhe` IN ('未审核','审核同意') GROUP BY pwid  [ RunTime:0.0055s ]
SQL: SHOW COLUMNS FROM `hr_costproduct` [ RunTime:0.0013s ]
SQL: SELECT * FROM `hr_costproduct`  [ RunTime:0.0010s ]
SQL: SHOW COLUMNS FROM `hr_costwarehouse` [ RunTime:0.0015s ]
SQL: SELECT * FROM `hr_costwarehouse`  [ RunTime:0.0005s ]
SQL: SHOW COLUMNS FROM `hr_costproducttype` [ RunTime:0.0013s ]
SQL: SELECT * FROM `hr_costproducttype`  [ RunTime:0.0004s ]
SQL: SHOW COLUMNS FROM `hr_jrdanwei` [ RunTime:0.0012s ]
SQL: SELECT * FROM `hr_jrdanwei`  [ RunTime:0.0002s ]
SQL: SELECT COUNT(*) AS tp_count FROM `hr_costinbound` WHERE `warehouseid` = '3' AND `sjquantity` > 0 AND `kcquantity` > 0 LIMIT 1   [ RunTime:0.0010s ]
INFO: [ app_end ] --START--
INFO: Run Behavior\ShowPageTraceBehavior [ RunTime:0.000347s ]
INFO: [ app_end ] --END-- [ RunTime:0.000505s ]

[ 2019-12-19T17:01:35+08:00 ] ::1 /cost/index.php/Home/Index/equipmentups.html?page=1&limit=20
INFO: [ app_begin ] --START--
INFO: Run Behavior\ReadHtmlCacheBehavior [ RunTime:0.000340s ]
INFO: [ app_begin ] --END-- [ RunTime:0.000667s ]
NOTIC: [8] Undefined index: device_class /Library/WebServer/Documents/cost/Application/Home/Controller/IndexController.class.php 第 3423 行.
NOTIC: [8] Undefined index: equipmentid /Library/WebServer/Documents/cost/Application/Home/Controller/IndexController.class.php 第 3445 行.
NOTIC: [8] Undefined index: date /Library/WebServer/Documents/cost/Application/Home/Controller/IndexController.class.php 第 3446 行.
SQL: SHOW COLUMNS FROM `hr_icequipment_sub` [ RunTime:0.0013s ]
SQL: SELECT * FROM `hr_icequipment_sub` WHERE `jgh` = '33001516' AND `status` = 0 AND `stats` = 0 ORDER BY equipmentid asc LIMIT 0,20   [ RunTime:0.0003s ]
SQL: SHOW COLUMNS FROM `hr_icdevice` [ RunTime:0.0016s ]
SQL: SELECT * FROM `hr_icdevice`  [ RunTime:0.0002s ]
SQL: SHOW COLUMNS FROM `hr_icdevice_class` [ RunTime:0.0012s ]
SQL: SELECT * FROM `hr_icdevice_class`  [ RunTime:0.0001s ]
SQL: SHOW COLUMNS FROM `hr_icdispose` [ RunTime:0.0012s ]
SQL: SELECT * FROM `hr_icdispose`  [ RunTime:0.0001s ]
SQL: SHOW COLUMNS FROM `hr_icdevice_sub` [ RunTime:0.0012s ]
SQL: SELECT * FROM `hr_icdevice_sub`  [ RunTime:0.0001s ]
SQL: SHOW COLUMNS FROM `hr_icmaintenance` [ RunTime:0.0011s ]
SQL: SELECT * FROM `hr_icmaintenance`  [ RunTime:0.0001s ]
SQL: SHOW COLUMNS FROM `hr_icsupplier` [ RunTime:0.0012s ]
SQL: SELECT * FROM `hr_icsupplier`  [ RunTime:0.0001s ]
SQL: SHOW COLUMNS FROM `hr_icpurcha` [ RunTime:0.0011s ]
SQL: SELECT * FROM `hr_icpurcha`  [ RunTime:0.0001s ]
SQL: SHOW COLUMNS FROM `hr_icequipment` [ RunTime:0.0011s ]
SQL: SELECT * FROM `hr_icequipment`  [ RunTime:0.0001s ]
NOTIC: [8] Undefined index: purchaid /Library/WebServer/Documents/cost/Application/Home/Controller/IndexController.class.php 第 3363 行.
NOTIC: [8] Undefined index: purchaid /Library/WebServer/Documents/cost/Application/Home/Controller/IndexController.class.php 第 3363 行.
NOTIC: [8] Undefined index: purchaid /Library/WebServer/Documents/cost/Application/Home/Controller/IndexController.class.php 第 3363 行.
NOTIC: [8] Undefined index: purchaid /Library/WebServer/Documents/cost/Application/Home/Controller/IndexController.class.php 第 3363 行.
NOTIC: [8] Undefined index: purchaid /Library/WebServer/Documents/cost/Application/Home/Controller/IndexController.class.php 第 3363 行.
NOTIC: [8] Undefined index: purchaid /Library/WebServer/Documents/cost/Application/Home/Controller/IndexController.class.php 第 3363 行.
NOTIC: [8] Undefined variable: equipment /Library/WebServer/Documents/cost/Application/Home/Controller/IndexController.class.php 第 3470 行.
SQL: SELECT COUNT(*) AS tp_count FROM `hr_icequipment_sub` LIMIT 1   [ RunTime:0.0002s ]
INFO: [ app_end ] --START--
INFO: Run Behavior\ShowPageTraceBehavior [ RunTime:0.000350s ]
INFO: [ app_end ] --END-- [ RunTime:0.000501s ]

[ 2019-12-19T17:01:48+08:00 ] ::1 /cost/index.php/Home/Index/equipmentups.html?page=1&limit=20&equipmentid=1&device_class=%E6%89%93%E5%8D%B0%E6%9C%BA&device_sub=
INFO: [ app_begin ] --START--
INFO: Run Behavior\ReadHtmlCacheBehavior [ RunTime:0.000338s ]
INFO: [ app_begin ] --END-- [ RunTime:0.000734s ]
SQL: SHOW COLUMNS FROM `hr_icdevice_class` [ RunTime:0.0014s ]
SQL: SELECT `device_classid` FROM `hr_icdevice_class` WHERE `device_class` LIKE '%打印机%'  [ RunTime:0.0002s ]
SQL: SHOW COLUMNS FROM `hr_icdevice_sub` [ RunTime:0.0013s ]
SQL: SELECT `device_subid` FROM `hr_icdevice_sub` WHERE `device_classid` IN ('2')  [ RunTime:0.0002s ]
NOTIC: [8] Undefined index: date /Library/WebServer/Documents/cost/Application/Home/Controller/IndexController.class.php 第 3446 行.
SQL: SHOW COLUMNS FROM `hr_icequipment_sub` [ RunTime:0.0012s ]
SQL: SELECT * FROM `hr_icequipment_sub` WHERE `device_subid` IN ('2') AND `equipmentid` = 1 AND `jgh` = '33001516' AND `status` = 0 AND `stats` = 0 ORDER BY equipmentid asc LIMIT 0,20   [ RunTime:0.0003s ]
SQL: SHOW COLUMNS FROM `hr_icdevice` [ RunTime:0.0011s ]
SQL: SELECT * FROM `hr_icdevice`  [ RunTime:0.0002s ]
SQL: SELECT * FROM `hr_icdevice_class`  [ RunTime:0.0002s ]
SQL: SHOW COLUMNS FROM `hr_icdispose` [ RunTime:0.0012s ]
SQL: SELECT * FROM `hr_icdispose`  [ RunTime:0.0002s ]
SQL: SELECT * FROM `hr_icdevice_sub`  [ RunTime:0.0001s ]
SQL: SHOW COLUMNS FROM `hr_icmaintenance` [ RunTime:0.0011s ]
SQL: SELECT * FROM `hr_icmaintenance`  [ RunTime:0.0002s ]
SQL: SHOW COLUMNS FROM `hr_icsupplier` [ RunTime:0.0011s ]
SQL: SELECT * FROM `hr_icsupplier`  [ RunTime:0.0002s ]
SQL: SHOW COLUMNS FROM `hr_icpurcha` [ RunTime:0.0011s ]
SQL: SELECT * FROM `hr_icpurcha`  [ RunTime:0.0002s ]
SQL: SHOW COLUMNS FROM `hr_icequipment` [ RunTime:0.0012s ]
SQL: SELECT * FROM `hr_icequipment`  [ RunTime:0.0002s ]
NOTIC: [8] Undefined index: purchaid /Library/WebServer/Documents/cost/Application/Home/Controller/IndexController.class.php 第 3363 行.
NOTIC: [8] Undefined index: purchaid /Library/WebServer/Documents/cost/Application/Home/Controller/IndexController.class.php 第 3363 行.
NOTIC: [8] Undefined variable: equipment /Library/WebServer/Documents/cost/Application/Home/Controller/IndexController.class.php 第 3470 行.
SQL: SELECT COUNT(*) AS tp_count FROM `hr_icequipment_sub` LIMIT 1   [ RunTime:0.0002s ]
INFO: [ app_end ] --START--
INFO: Run Behavior\ShowPageTraceBehavior [ RunTime:0.000403s ]
INFO: [ app_end ] --END-- [ RunTime:0.000561s ]

[ 2019-12-19T17:02:01+08:00 ] ::1 /cost/index.php/Home/Index/equipmentups.html?page=1&limit=20&equipmentid=3&device_class=%E6%89%93%E5%8D%B0%E6%9C%BA&device_sub=
INFO: [ app_begin ] --START--
INFO: Run Behavior\ReadHtmlCacheBehavior [ RunTime:0.000382s ]
INFO: [ app_begin ] --END-- [ RunTime:0.000776s ]
SQL: SHOW COLUMNS FROM `hr_icdevice_class` [ RunTime:0.0015s ]
SQL: SELECT `device_classid` FROM `hr_icdevice_class` WHERE `device_class` LIKE '%打印机%'  [ RunTime:0.0003s ]
SQL: SHOW COLUMNS FROM `hr_icdevice_sub` [ RunTime:0.0014s ]
SQL: SELECT `device_subid` FROM `hr_icdevice_sub` WHERE `device_classid` IN ('2')  [ RunTime:0.0002s ]
NOTIC: [8] Undefined index: date /Library/WebServer/Documents/cost/Application/Home/Controller/IndexController.class.php 第 3446 行.
SQL: SHOW COLUMNS FROM `hr_icequipment_sub` [ RunTime:0.0013s ]
SQL: SELECT * FROM `hr_icequipment_sub` WHERE `device_subid` IN ('2') AND `equipmentid` = 3 AND `jgh` = '33001516' AND `status` = 0 AND `stats` = 0 ORDER BY equipmentid asc LIMIT 0,20   [ RunTime:0.0002s ]
SQL: SHOW COLUMNS FROM `hr_icdevice` [ RunTime:0.0011s ]
SQL: SELECT * FROM `hr_icdevice`  [ RunTime:0.0001s ]
SQL: SELECT * FROM `hr_icdevice_class`  [ RunTime:0.0001s ]
SQL: SHOW COLUMNS FROM `hr_icdispose` [ RunTime:0.0011s ]
SQL: SELECT * FROM `hr_icdispose`  [ RunTime:0.0001s ]
SQL: SELECT * FROM `hr_icdevice_sub`  [ RunTime:0.0001s ]
SQL: SHOW COLUMNS FROM `hr_icmaintenance` [ RunTime:0.0011s ]
SQL: SELECT * FROM `hr_icmaintenance`  [ RunTime:0.0002s ]
SQL: SHOW COLUMNS FROM `hr_icsupplier` [ RunTime:0.0013s ]
SQL: SELECT * FROM `hr_icsupplier`  [ RunTime:0.0002s ]
SQL: SHOW COLUMNS FROM `hr_icpurcha` [ RunTime:0.0013s ]
SQL: SELECT * FROM `hr_icpurcha`  [ RunTime:0.0002s ]
SQL: SHOW COLUMNS FROM `hr_icequipment` [ RunTime:0.0013s ]
SQL: SELECT * FROM `hr_icequipment`  [ RunTime:0.0002s ]
NOTIC: [8] Undefined variable: equipment /Library/WebServer/Documents/cost/Application/Home/Controller/IndexController.class.php 第 3470 行.
SQL: SELECT COUNT(*) AS tp_count FROM `hr_icequipment_sub` LIMIT 1   [ RunTime:0.0002s ]
INFO: [ app_end ] --START--
INFO: Run Behavior\ShowPageTraceBehavior [ RunTime:0.000370s ]
INFO: [ app_end ] --END-- [ RunTime:0.000534s ]

[ 2019-12-19T17:02:08+08:00 ] ::1 /cost/index.php/Home/Index/equipmentups.html?page=1&limit=20&equipmentid=1&device_class=%E6%89%93%E5%8D%B0%E6%9C%BA&device_sub=
INFO: [ app_begin ] --START--
INFO: Run Behavior\ReadHtmlCacheBehavior [ RunTime:0.000335s ]
INFO: [ app_begin ] --END-- [ RunTime:0.000709s ]
SQL: SHOW COLUMNS FROM `hr_icdevice_class` [ RunTime:0.0014s ]
SQL: SELECT `device_classid` FROM `hr_icdevice_class` WHERE `device_class` LIKE '%打印机%'  [ RunTime:0.0002s ]
SQL: SHOW COLUMNS FROM `hr_icdevice_sub` [ RunTime:0.0012s ]
SQL: SELECT `device_subid` FROM `hr_icdevice_sub` WHERE `device_classid` IN ('2')  [ RunTime:0.0002s ]
NOTIC: [8] Undefined index: date /Library/WebServer/Documents/cost/Application/Home/Controller/IndexController.class.php 第 3446 行.
SQL: SHOW COLUMNS FROM `hr_icequipment_sub` [ RunTime:0.0012s ]
SQL: SELECT * FROM `hr_icequipment_sub` WHERE `device_subid` IN ('2') AND `equipmentid` = 1 AND `jgh` = '33001516' AND `status` = 0 AND `stats` = 0 ORDER BY equipmentid asc LIMIT 0,20   [ RunTime:0.0003s ]
SQL: SHOW COLUMNS FROM `hr_icdevice` [ RunTime:0.0012s ]
SQL: SELECT * FROM `hr_icdevice`  [ RunTime:0.0002s ]
SQL: SELECT * FROM `hr_icdevice_class`  [ RunTime:0.0002s ]
SQL: SHOW COLUMNS FROM `hr_icdispose` [ RunTime:0.0013s ]
SQL: SELECT * FROM `hr_icdispose`  [ RunTime:0.0002s ]
SQL: SELECT * FROM `hr_icdevice_sub`  [ RunTime:0.0002s ]
SQL: SHOW COLUMNS FROM `hr_icmaintenance` [ RunTime:0.0013s ]
SQL: SELECT * FROM `hr_icmaintenance`  [ RunTime:0.0002s ]
SQL: SHOW COLUMNS FROM `hr_icsupplier` [ RunTime:0.0012s ]
SQL: SELECT * FROM `hr_icsupplier`  [ RunTime:0.0001s ]
SQL: SHOW COLUMNS FROM `hr_icpurcha` [ RunTime:0.0011s ]
SQL: SELECT * FROM `hr_icpurcha`  [ RunTime:0.0001s ]
SQL: SHOW COLUMNS FROM `hr_icequipment` [ RunTime:0.0011s ]
SQL: SELECT * FROM `hr_icequipment`  [ RunTime:0.0002s ]
NOTIC: [8] Undefined index: purchaid /Library/WebServer/Documents/cost/Application/Home/Controller/IndexController.class.php 第 3363 行.
NOTIC: [8] Undefined index: purchaid /Library/WebServer/Documents/cost/Application/Home/Controller/IndexController.class.php 第 3363 行.
NOTIC: [8] Undefined variable: equipment /Library/WebServer/Documents/cost/Application/Home/Controller/IndexController.class.php 第 3470 行.
SQL: SELECT COUNT(*) AS tp_count FROM `hr_icequipment_sub` LIMIT 1   [ RunTime:0.0002s ]
INFO: [ app_end ] --START--
INFO: Run Behavior\ShowPageTraceBehavior [ RunTime:0.000494s ]
INFO: [ app_end ] --END-- [ RunTime:0.000661s ]

[ 2019-12-19T17:02:18+08:00 ] ::1 /cost/index.php/Home/Index/equipmentupsuc.html
INFO: [ app_begin ] --START--
INFO: Run Behavior\ReadHtmlCacheBehavior [ RunTime:0.000350s ]
INFO: [ app_begin ] --END-- [ RunTime:0.000726s ]
SQL: SHOW COLUMNS FROM `hr_icdevice_break` [ RunTime:0.0022s ]
SQL: INSERT INTO `hr_icdevice_break` (`equipment_subid`,`jgh`,`equipmentid`,`maintenanceid`,`device_classid`,`reason`,`device_subid`) VALUES ('3','33001516','1','0','2','卡纸','2') [ RunTime:0.0011s ]
SQL: SHOW COLUMNS FROM `hr_icequipment_sub` [ RunTime:0.0015s ]
SQL: UPDATE `hr_icequipment_sub` SET `status`='1' WHERE ( equipment_subid = '3' ) [ RunTime:0.0006s ]
INFO: [ app_end ] --START--
INFO: Run Behavior\ShowPageTraceBehavior [ RunTime:0.000407s ]
INFO: [ app_end ] --END-- [ RunTime:0.000565s ]

[ 2019-12-19T17:02:19+08:00 ] ::1 /cost/index.php/Home/Index/equipmentups.html?page=1&limit=20
INFO: [ app_begin ] --START--
INFO: Run Behavior\ReadHtmlCacheBehavior [ RunTime:0.000274s ]
INFO: [ app_begin ] --END-- [ RunTime:0.000580s ]
NOTIC: [8] Undefined index: device_class /Library/WebServer/Documents/cost/Application/Home/Controller/IndexController.class.php 第 3423 行.
NOTIC: [8] Undefined index: equipmentid /Library/WebServer/Documents/cost/Application/Home/Controller/IndexController.class.php 第 3445 行.
NOTIC: [8] Undefined index: date /Library/WebServer/Documents/cost/Application/Home/Controller/IndexController.class.php 第 3446 行.
SQL: SHOW COLUMNS FROM `hr_icequipment_sub` [ RunTime:0.0014s ]
SQL: SELECT * FROM `hr_icequipment_sub` WHERE `jgh` = '33001516' AND `status` = 0 AND `stats` = 0 ORDER BY equipmentid asc LIMIT 0,20   [ RunTime:0.0003s ]
SQL: SHOW COLUMNS FROM `hr_icdevice` [ RunTime:0.0012s ]
SQL: SELECT * FROM `hr_icdevice`  [ RunTime:0.0002s ]
SQL: SHOW COLUMNS FROM `hr_icdevice_class` [ RunTime:0.0011s ]
SQL: SELECT * FROM `hr_icdevice_class`  [ RunTime:0.0001s ]
SQL: SHOW COLUMNS FROM `hr_icdispose` [ RunTime:0.0011s ]
SQL: SELECT * FROM `hr_icdispose`  [ RunTime:0.0001s ]
SQL: SHOW COLUMNS FROM `hr_icdevice_sub` [ RunTime:0.0011s ]
SQL: SELECT * FROM `hr_icdevice_sub`  [ RunTime:0.0001s ]
SQL: SHOW COLUMNS FROM `hr_icmaintenance` [ RunTime:0.0013s ]
SQL: SELECT * FROM `hr_icmaintenance`  [ RunTime:0.0003s ]
SQL: SHOW COLUMNS FROM `hr_icsupplier` [ RunTime:0.0012s ]
SQL: SELECT * FROM `hr_icsupplier`  [ RunTime:0.0001s ]
SQL: SHOW COLUMNS FROM `hr_icpurcha` [ RunTime:0.0011s ]
SQL: SELECT * FROM `hr_icpurcha`  [ RunTime:0.0001s ]
SQL: SHOW COLUMNS FROM `hr_icequipment` [ RunTime:0.0011s ]
SQL: SELECT * FROM `hr_icequipment`  [ RunTime:0.0003s ]
NOTIC: [8] Undefined index: purchaid /Library/WebServer/Documents/cost/Application/Home/Controller/IndexController.class.php 第 3363 行.
NOTIC: [8] Undefined index: purchaid /Library/WebServer/Documents/cost/Application/Home/Controller/IndexController.class.php 第 3363 行.
NOTIC: [8] Undefined index: purchaid /Library/WebServer/Documents/cost/Application/Home/Controller/IndexController.class.php 第 3363 行.
NOTIC: [8] Undefined index: purchaid /Library/WebServer/Documents/cost/Application/Home/Controller/IndexController.class.php 第 3363 行.
NOTIC: [8] Undefined variable: equipment /Library/WebServer/Documents/cost/Application/Home/Controller/IndexController.class.php 第 3470 行.
SQL: SELECT COUNT(*) AS tp_count FROM `hr_icequipment_sub` LIMIT 1   [ RunTime:0.0004s ]
INFO: [ app_end ] --START--
INFO: Run Behavior\ShowPageTraceBehavior [ RunTime:0.000410s ]
INFO: [ app_end ] --END-- [ RunTime:0.000569s ]

