[ 2019-10-24T20:53:16+08:00 ] ::1 /cost/index.php/Home/Index/applyproduct_ups.html?page=1&limit=20
INFO: [ app_begin ] --START--
INFO: Run Behavior\ReadHtmlCacheBehavior [ RunTime:0.000495s ]
INFO: [ app_begin ] --END-- [ RunTime:0.001068s ]
NOTIC: [8] Undefined index: product /Library/WebServer/Documents/cost/Application/Home/Controller/IndexController.class.php 第 1008 行.
NOTIC: [8] Undefined index: warehouseid /Library/WebServer/Documents/cost/Application/Home/Controller/IndexController.class.php 第 1023 行.
NOTIC: [8] Undefined index: date /Library/WebServer/Documents/cost/Application/Home/Controller/IndexController.class.php 第 1024 行.
SQL: SHOW COLUMNS FROM `hr_costinbound` [ RunTime:0.0021s ]
SQL: SELECT `productid`,`warehouseid`,`pwid`,sum(kcquantity) as sumkcquantity FROM `hr_costinbound` WHERE `sjquantity` > 0 AND `kcquantity` > 0 GROUP BY productid,pwid,warehouseid ORDER BY warehouseid asc LIMIT 0,20   [ RunTime:0.0014s ]
SQL: SHOW COLUMNS FROM `hr_costapply` [ RunTime:0.0017s ]
SQL: SELECT `pwid`,sum(applyquantity) as sumapplyquantity FROM `hr_costapply` WHERE `shenhe` IN ('未审核','审核同意') GROUP BY pwid  [ RunTime:0.0084s ]
SQL: SHOW COLUMNS FROM `hr_costproduct` [ RunTime:0.0016s ]
SQL: SELECT * FROM `hr_costproduct`  [ RunTime:0.0008s ]
SQL: SHOW COLUMNS FROM `hr_costwarehouse` [ RunTime:0.0017s ]
SQL: SELECT * FROM `hr_costwarehouse`  [ RunTime:0.0003s ]
SQL: SHOW COLUMNS FROM `hr_costproducttype` [ RunTime:0.0014s ]
SQL: SELECT * FROM `hr_costproducttype`  [ RunTime:0.0002s ]
SQL: SHOW COLUMNS FROM `hr_danwei` [ RunTime:0.0014s ]
SQL: SELECT * FROM `hr_danwei`  [ RunTime:0.0003s ]
SQL: SELECT COUNT(*) AS tp_count FROM `hr_costinbound` WHERE `sjquantity` > 0 AND `kcquantity` > 0 LIMIT 1   [ RunTime:0.0010s ]
INFO: [ app_end ] --START--
INFO: Run Behavior\ShowPageTraceBehavior [ RunTime:0.000424s ]
INFO: [ app_end ] --END-- [ RunTime:0.000595s ]

[ 2019-10-24T20:55:34+08:00 ] ::1 /cost/index.php/Home/Index/applyproducts_ups.html?page=1&limit=20
INFO: [ app_begin ] --START--
INFO: Run Behavior\ReadHtmlCacheBehavior [ RunTime:0.000304s ]
INFO: [ app_begin ] --END-- [ RunTime:0.000658s ]
SQL: SHOW COLUMNS FROM `hr_costinbound` [ RunTime:0.0020s ]
SQL: SELECT `productid`,`warehouseid`,`pwid`,sum(kcquantity) as sumkcquantity FROM `hr_costinbound` WHERE `sjquantity` > 0 AND `kcquantity` > 0 AND `productid` IN ('214') GROUP BY productid,warehouseid,pwid ORDER BY warehouseid asc LIMIT 0,20   [ RunTime:0.0013s ]
SQL: SHOW COLUMNS FROM `hr_costapply` [ RunTime:0.0016s ]
SQL: SELECT `pwid`,sum(applyquantity) as sumapplyquantity FROM `hr_costapply` WHERE `shenhe` IN ('未审核','审核同意') GROUP BY pwid  [ RunTime:0.0058s ]
SQL: SHOW COLUMNS FROM `hr_costproduct` [ RunTime:0.0018s ]
SQL: SELECT * FROM `hr_costproduct`  [ RunTime:0.0010s ]
SQL: SHOW COLUMNS FROM `hr_costwarehouse` [ RunTime:0.0014s ]
SQL: SELECT * FROM `hr_costwarehouse`  [ RunTime:0.0003s ]
SQL: SHOW COLUMNS FROM `hr_costproducttype` [ RunTime:0.0014s ]
SQL: SELECT * FROM `hr_costproducttype`  [ RunTime:0.0002s ]
SQL: SHOW COLUMNS FROM `hr_danwei` [ RunTime:0.0015s ]
SQL: SELECT * FROM `hr_danwei`  [ RunTime:0.0004s ]
SQL: SELECT COUNT(*) AS tp_count FROM `hr_costinbound` WHERE `sjquantity` > 0 AND `kcquantity` > 0 AND `productid` IN ('214') LIMIT 1   [ RunTime:0.0012s ]
INFO: [ app_end ] --START--
INFO: Run Behavior\ShowPageTraceBehavior [ RunTime:0.000716s ]
INFO: [ app_end ] --END-- [ RunTime:0.000909s ]

[ 2019-10-24T20:55:39+08:00 ] ::1 /cost/index.php/Home/Index/applyproduct_ups.html?page=1&limit=20
INFO: [ app_begin ] --START--
INFO: Run Behavior\ReadHtmlCacheBehavior [ RunTime:0.000362s ]
INFO: [ app_begin ] --END-- [ RunTime:0.000903s ]
NOTIC: [8] Undefined index: product /Library/WebServer/Documents/cost/Application/Home/Controller/IndexController.class.php 第 1008 行.
NOTIC: [8] Undefined index: warehouseid /Library/WebServer/Documents/cost/Application/Home/Controller/IndexController.class.php 第 1023 行.
NOTIC: [8] Undefined index: date /Library/WebServer/Documents/cost/Application/Home/Controller/IndexController.class.php 第 1024 行.
SQL: SHOW COLUMNS FROM `hr_costinbound` [ RunTime:0.0025s ]
SQL: SELECT `productid`,`warehouseid`,`pwid`,sum(kcquantity) as sumkcquantity FROM `hr_costinbound` WHERE `sjquantity` > 0 AND `kcquantity` > 0 GROUP BY productid,pwid,warehouseid ORDER BY warehouseid asc LIMIT 0,20   [ RunTime:0.0014s ]
SQL: SHOW COLUMNS FROM `hr_costapply` [ RunTime:0.0014s ]
SQL: SELECT `pwid`,sum(applyquantity) as sumapplyquantity FROM `hr_costapply` WHERE `shenhe` IN ('未审核','审核同意') GROUP BY pwid  [ RunTime:0.0056s ]
SQL: SHOW COLUMNS FROM `hr_costproduct` [ RunTime:0.0014s ]
SQL: SELECT * FROM `hr_costproduct`  [ RunTime:0.0009s ]
SQL: SHOW COLUMNS FROM `hr_costwarehouse` [ RunTime:0.0015s ]
SQL: SELECT * FROM `hr_costwarehouse`  [ RunTime:0.0003s ]
SQL: SHOW COLUMNS FROM `hr_costproducttype` [ RunTime:0.0016s ]
SQL: SELECT * FROM `hr_costproducttype`  [ RunTime:0.0002s ]
SQL: SHOW COLUMNS FROM `hr_danwei` [ RunTime:0.0014s ]
SQL: SELECT * FROM `hr_danwei`  [ RunTime:0.0003s ]
SQL: SELECT COUNT(*) AS tp_count FROM `hr_costinbound` WHERE `sjquantity` > 0 AND `kcquantity` > 0 LIMIT 1   [ RunTime:0.0013s ]
INFO: [ app_end ] --START--
INFO: Run Behavior\ShowPageTraceBehavior [ RunTime:0.000440s ]
INFO: [ app_end ] --END-- [ RunTime:0.000627s ]

[ 2019-10-24T20:55:45+08:00 ] ::1 /cost/index.php/Home/Index/applyproducts_ups.html?page=1&limit=20
INFO: [ app_begin ] --START--
INFO: Run Behavior\ReadHtmlCacheBehavior [ RunTime:0.000317s ]
INFO: [ app_begin ] --END-- [ RunTime:0.000780s ]
SQL: SHOW COLUMNS FROM `hr_costinbound` [ RunTime:0.0041s ]
SQL: SELECT `productid`,`warehouseid`,`pwid`,sum(kcquantity) as sumkcquantity FROM `hr_costinbound` WHERE `sjquantity` > 0 AND `kcquantity` > 0 AND `productid` IN ('214') GROUP BY productid,warehouseid,pwid ORDER BY warehouseid asc LIMIT 0,20   [ RunTime:0.0018s ]
SQL: SHOW COLUMNS FROM `hr_costapply` [ RunTime:0.0018s ]
SQL: SELECT `pwid`,sum(applyquantity) as sumapplyquantity FROM `hr_costapply` WHERE `shenhe` IN ('未审核','审核同意') GROUP BY pwid  [ RunTime:0.0061s ]
SQL: SHOW COLUMNS FROM `hr_costproduct` [ RunTime:0.0016s ]
SQL: SELECT * FROM `hr_costproduct`  [ RunTime:0.0012s ]
SQL: SHOW COLUMNS FROM `hr_costwarehouse` [ RunTime:0.0020s ]
SQL: SELECT * FROM `hr_costwarehouse`  [ RunTime:0.0004s ]
SQL: SHOW COLUMNS FROM `hr_costproducttype` [ RunTime:0.0015s ]
SQL: SELECT * FROM `hr_costproducttype`  [ RunTime:0.0002s ]
SQL: SHOW COLUMNS FROM `hr_danwei` [ RunTime:0.0016s ]
SQL: SELECT * FROM `hr_danwei`  [ RunTime:0.0004s ]
SQL: SELECT COUNT(*) AS tp_count FROM `hr_costinbound` WHERE `sjquantity` > 0 AND `kcquantity` > 0 AND `productid` IN ('214') LIMIT 1   [ RunTime:0.0013s ]
INFO: [ app_end ] --START--
INFO: Run Behavior\ShowPageTraceBehavior [ RunTime:0.000417s ]
INFO: [ app_end ] --END-- [ RunTime:0.000589s ]

[ 2019-10-24T20:55:49+08:00 ] ::1 /cost/index.php/Home/Index/applyproduct_ups.html?page=1&limit=20
INFO: [ app_begin ] --START--
INFO: Run Behavior\ReadHtmlCacheBehavior [ RunTime:0.000273s ]
INFO: [ app_begin ] --END-- [ RunTime:0.000583s ]
NOTIC: [8] Undefined index: product /Library/WebServer/Documents/cost/Application/Home/Controller/IndexController.class.php 第 1008 行.
NOTIC: [8] Undefined index: warehouseid /Library/WebServer/Documents/cost/Application/Home/Controller/IndexController.class.php 第 1023 行.
NOTIC: [8] Undefined index: date /Library/WebServer/Documents/cost/Application/Home/Controller/IndexController.class.php 第 1024 行.
SQL: SHOW COLUMNS FROM `hr_costinbound` [ RunTime:0.0022s ]
SQL: SELECT `productid`,`warehouseid`,`pwid`,sum(kcquantity) as sumkcquantity FROM `hr_costinbound` WHERE `sjquantity` > 0 AND `kcquantity` > 0 GROUP BY productid,pwid,warehouseid ORDER BY warehouseid asc LIMIT 0,20   [ RunTime:0.0020s ]
SQL: SHOW COLUMNS FROM `hr_costapply` [ RunTime:0.0017s ]
SQL: SELECT `pwid`,sum(applyquantity) as sumapplyquantity FROM `hr_costapply` WHERE `shenhe` IN ('未审核','审核同意') GROUP BY pwid  [ RunTime:0.0055s ]
SQL: SHOW COLUMNS FROM `hr_costproduct` [ RunTime:0.0015s ]
SQL: SELECT * FROM `hr_costproduct`  [ RunTime:0.0010s ]
SQL: SHOW COLUMNS FROM `hr_costwarehouse` [ RunTime:0.0021s ]
SQL: SELECT * FROM `hr_costwarehouse`  [ RunTime:0.0004s ]
SQL: SHOW COLUMNS FROM `hr_costproducttype` [ RunTime:0.0014s ]
SQL: SELECT * FROM `hr_costproducttype`  [ RunTime:0.0002s ]
SQL: SHOW COLUMNS FROM `hr_danwei` [ RunTime:0.0012s ]
SQL: SELECT * FROM `hr_danwei`  [ RunTime:0.0004s ]
SQL: SELECT COUNT(*) AS tp_count FROM `hr_costinbound` WHERE `sjquantity` > 0 AND `kcquantity` > 0 LIMIT 1   [ RunTime:0.0011s ]
INFO: [ app_end ] --START--
INFO: Run Behavior\ShowPageTraceBehavior [ RunTime:0.000567s ]
INFO: [ app_end ] --END-- [ RunTime:0.000761s ]

[ 2019-10-24T20:55:54+08:00 ] ::1 /cost/index.php/Home/Index/applyproduct_ups.html?page=1&limit=20&warehouseid=&product=%E6%9C%88%E9%A5%BC&date=
INFO: [ app_begin ] --START--
INFO: Run Behavior\ReadHtmlCacheBehavior [ RunTime:0.000330s ]
INFO: [ app_begin ] --END-- [ RunTime:0.000760s ]
SQL: SHOW COLUMNS FROM `hr_costproduct` [ RunTime:0.0020s ]
SQL: SELECT `productid` FROM `hr_costproduct` WHERE `productname` LIKE '%月饼%'  [ RunTime:0.0017s ]
SQL: SHOW COLUMNS FROM `hr_costinbound` [ RunTime:0.0015s ]
SQL: SELECT `productid`,`warehouseid`,`pwid`,sum(kcquantity) as sumkcquantity FROM `hr_costinbound` WHERE `productid` IN ('214') AND `sjquantity` > 0 AND `kcquantity` > 0 GROUP BY productid,pwid,warehouseid ORDER BY warehouseid asc LIMIT 0,20   [ RunTime:0.0014s ]
SQL: SHOW COLUMNS FROM `hr_costapply` [ RunTime:0.0014s ]
SQL: SELECT `pwid`,sum(applyquantity) as sumapplyquantity FROM `hr_costapply` WHERE `shenhe` IN ('未审核','审核同意') GROUP BY pwid  [ RunTime:0.0052s ]
SQL: SELECT * FROM `hr_costproduct`  [ RunTime:0.0010s ]
SQL: SHOW COLUMNS FROM `hr_costwarehouse` [ RunTime:0.0014s ]
SQL: SELECT * FROM `hr_costwarehouse`  [ RunTime:0.0002s ]
SQL: SHOW COLUMNS FROM `hr_costproducttype` [ RunTime:0.0012s ]
SQL: SELECT * FROM `hr_costproducttype`  [ RunTime:0.0002s ]
SQL: SHOW COLUMNS FROM `hr_danwei` [ RunTime:0.0012s ]
SQL: SELECT * FROM `hr_danwei`  [ RunTime:0.0004s ]
SQL: SELECT COUNT(*) AS tp_count FROM `hr_costinbound` WHERE `productid` IN ('214') AND `sjquantity` > 0 AND `kcquantity` > 0 LIMIT 1   [ RunTime:0.0010s ]
INFO: [ app_end ] --START--
INFO: Run Behavior\ShowPageTraceBehavior [ RunTime:0.000355s ]
INFO: [ app_end ] --END-- [ RunTime:0.000521s ]

[ 2019-10-24T20:56:52+08:00 ] ::1 /cost/index.php/Home/Index/applyproduct_ups.html?page=1&limit=20
INFO: [ app_begin ] --START--
INFO: Run Behavior\ReadHtmlCacheBehavior [ RunTime:0.000282s ]
INFO: [ app_begin ] --END-- [ RunTime:0.000606s ]
NOTIC: [8] Undefined index: product /Library/WebServer/Documents/cost/Application/Home/Controller/IndexController.class.php 第 1008 行.
NOTIC: [8] Undefined index: warehouseid /Library/WebServer/Documents/cost/Application/Home/Controller/IndexController.class.php 第 1023 行.
NOTIC: [8] Undefined index: date /Library/WebServer/Documents/cost/Application/Home/Controller/IndexController.class.php 第 1024 行.
SQL: SHOW COLUMNS FROM `hr_costinbound` [ RunTime:0.0023s ]
SQL: SELECT `productid`,`warehouseid`,`pwid`,sum(kcquantity) as sumkcquantity FROM `hr_costinbound` WHERE `sjquantity` > 0 AND `kcquantity` > 0 GROUP BY productid,pwid,warehouseid ORDER BY warehouseid asc LIMIT 0,20   [ RunTime:0.0017s ]
SQL: SHOW COLUMNS FROM `hr_costapply` [ RunTime:0.0020s ]
SQL: SELECT `pwid`,sum(applyquantity) as sumapplyquantity FROM `hr_costapply` WHERE `shenhe` IN ('未审核','审核同意') GROUP BY pwid  [ RunTime:0.0056s ]
SQL: SHOW COLUMNS FROM `hr_costproduct` [ RunTime:0.0016s ]
SQL: SELECT * FROM `hr_costproduct`  [ RunTime:0.0010s ]
SQL: SHOW COLUMNS FROM `hr_costwarehouse` [ RunTime:0.0014s ]
SQL: SELECT * FROM `hr_costwarehouse`  [ RunTime:0.0002s ]
SQL: SHOW COLUMNS FROM `hr_costproducttype` [ RunTime:0.0012s ]
SQL: SELECT * FROM `hr_costproducttype`  [ RunTime:0.0002s ]
SQL: SHOW COLUMNS FROM `hr_danwei` [ RunTime:0.0012s ]
SQL: SELECT * FROM `hr_danwei`  [ RunTime:0.0003s ]
SQL: SELECT COUNT(*) AS tp_count FROM `hr_costinbound` WHERE `sjquantity` > 0 AND `kcquantity` > 0 LIMIT 1   [ RunTime:0.0009s ]
INFO: [ app_end ] --START--
INFO: Run Behavior\ShowPageTraceBehavior [ RunTime:0.000403s ]
INFO: [ app_end ] --END-- [ RunTime:0.000591s ]

[ 2019-10-24T20:56:59+08:00 ] ::1 /cost/index.php/Home/Index/applyproduct_ups.html?page=1&limit=20&warehouseid=&product=%E6%9C%88%E9%A5%BC&date=
INFO: [ app_begin ] --START--
INFO: Run Behavior\ReadHtmlCacheBehavior [ RunTime:0.000348s ]
INFO: [ app_begin ] --END-- [ RunTime:0.000808s ]
SQL: SHOW COLUMNS FROM `hr_costproduct` [ RunTime:0.0019s ]
SQL: SELECT `productid` FROM `hr_costproduct` WHERE `productname` LIKE '%月饼%'  [ RunTime:0.0011s ]
SQL: SHOW COLUMNS FROM `hr_costinbound` [ RunTime:0.0020s ]
SQL: SELECT `productid`,`warehouseid`,`pwid`,sum(kcquantity) as sumkcquantity FROM `hr_costinbound` WHERE `productid` IN ('214') AND `sjquantity` > 0 AND `kcquantity` > 0 GROUP BY productid,pwid,warehouseid ORDER BY warehouseid asc LIMIT 0,20   [ RunTime:0.0015s ]
SQL: SHOW COLUMNS FROM `hr_costapply` [ RunTime:0.0014s ]
SQL: SELECT `pwid`,sum(applyquantity) as sumapplyquantity FROM `hr_costapply` WHERE `shenhe` IN ('未审核','审核同意') GROUP BY pwid  [ RunTime:0.0059s ]
SQL: SELECT * FROM `hr_costproduct`  [ RunTime:0.0010s ]
SQL: SHOW COLUMNS FROM `hr_costwarehouse` [ RunTime:0.0015s ]
SQL: SELECT * FROM `hr_costwarehouse`  [ RunTime:0.0003s ]
SQL: SHOW COLUMNS FROM `hr_costproducttype` [ RunTime:0.0013s ]
SQL: SELECT * FROM `hr_costproducttype`  [ RunTime:0.0002s ]
SQL: SHOW COLUMNS FROM `hr_danwei` [ RunTime:0.0012s ]
SQL: SELECT * FROM `hr_danwei`  [ RunTime:0.0004s ]
SQL: SELECT COUNT(*) AS tp_count FROM `hr_costinbound` WHERE `productid` IN ('214') AND `sjquantity` > 0 AND `kcquantity` > 0 LIMIT 1   [ RunTime:0.0010s ]
INFO: [ app_end ] --START--
INFO: Run Behavior\ShowPageTraceBehavior [ RunTime:0.000470s ]
INFO: [ app_end ] --END-- [ RunTime:0.000630s ]

[ 2019-10-24T21:00:13+08:00 ] ::1 /cost/index.php/Home/Index/applyproduct_ups.html?page=1&limit=20
INFO: [ app_begin ] --START--
INFO: Run Behavior\ReadHtmlCacheBehavior [ RunTime:0.000298s ]
INFO: [ app_begin ] --END-- [ RunTime:0.000640s ]
NOTIC: [8] Undefined index: product /Library/WebServer/Documents/cost/Application/Home/Controller/IndexController.class.php 第 1008 行.
NOTIC: [8] Undefined index: warehouseid /Library/WebServer/Documents/cost/Application/Home/Controller/IndexController.class.php 第 1023 行.
NOTIC: [8] Undefined index: date /Library/WebServer/Documents/cost/Application/Home/Controller/IndexController.class.php 第 1024 行.
SQL: SHOW COLUMNS FROM `hr_costinbound` [ RunTime:0.0021s ]
SQL: SELECT `productid`,`warehouseid`,`pwid`,sum(kcquantity) as sumkcquantity FROM `hr_costinbound` WHERE `sjquantity` > 0 AND `kcquantity` > 0 GROUP BY productid,pwid,warehouseid ORDER BY warehouseid asc LIMIT 0,20   [ RunTime:0.0014s ]
SQL: SHOW COLUMNS FROM `hr_costapply` [ RunTime:0.0015s ]
SQL: SELECT `pwid`,sum(applyquantity) as sumapplyquantity FROM `hr_costapply` WHERE `shenhe` IN ('未审核','审核同意') GROUP BY pwid  [ RunTime:0.0080s ]
SQL: SHOW COLUMNS FROM `hr_costproduct` [ RunTime:0.0016s ]
SQL: SELECT * FROM `hr_costproduct`  [ RunTime:0.0009s ]
SQL: SHOW COLUMNS FROM `hr_costwarehouse` [ RunTime:0.0013s ]
SQL: SELECT * FROM `hr_costwarehouse`  [ RunTime:0.0002s ]
SQL: SHOW COLUMNS FROM `hr_costproducttype` [ RunTime:0.0012s ]
SQL: SELECT * FROM `hr_costproducttype`  [ RunTime:0.0002s ]
SQL: SHOW COLUMNS FROM `hr_danwei` [ RunTime:0.0014s ]
SQL: SELECT * FROM `hr_danwei`  [ RunTime:0.0003s ]
SQL: SELECT COUNT(*) AS tp_count FROM `hr_costinbound` WHERE `sjquantity` > 0 AND `kcquantity` > 0 LIMIT 1   [ RunTime:0.0011s ]
INFO: [ app_end ] --START--
INFO: Run Behavior\ShowPageTraceBehavior [ RunTime:0.000470s ]
INFO: [ app_end ] --END-- [ RunTime:0.000697s ]

[ 2019-10-24T21:00:23+08:00 ] ::1 /cost/index.php/Home/Index/applyproduct_ups.html?page=1&limit=20
INFO: [ app_begin ] --START--
INFO: Run Behavior\ReadHtmlCacheBehavior [ RunTime:0.000454s ]
INFO: [ app_begin ] --END-- [ RunTime:0.001060s ]
NOTIC: [8] Undefined index: product /Library/WebServer/Documents/cost/Application/Home/Controller/IndexController.class.php 第 1008 行.
NOTIC: [8] Undefined index: warehouseid /Library/WebServer/Documents/cost/Application/Home/Controller/IndexController.class.php 第 1023 行.
NOTIC: [8] Undefined index: date /Library/WebServer/Documents/cost/Application/Home/Controller/IndexController.class.php 第 1024 行.
SQL: SHOW COLUMNS FROM `hr_costinbound` [ RunTime:0.0016s ]
SQL: SELECT `productid`,`warehouseid`,`pwid`,sum(kcquantity) as sumkcquantity FROM `hr_costinbound` WHERE `sjquantity` > 0 AND `kcquantity` > 0 GROUP BY productid,pwid,warehouseid ORDER BY warehouseid asc LIMIT 0,20   [ RunTime:0.0014s ]
SQL: SHOW COLUMNS FROM `hr_costapply` [ RunTime:0.0018s ]
SQL: SELECT `pwid`,sum(applyquantity) as sumapplyquantity FROM `hr_costapply` WHERE `shenhe` IN ('未审核','审核同意') GROUP BY pwid  [ RunTime:0.0061s ]
SQL: SHOW COLUMNS FROM `hr_costproduct` [ RunTime:0.0016s ]
SQL: SELECT * FROM `hr_costproduct`  [ RunTime:0.0009s ]
SQL: SHOW COLUMNS FROM `hr_costwarehouse` [ RunTime:0.0015s ]
SQL: SELECT * FROM `hr_costwarehouse`  [ RunTime:0.0002s ]
SQL: SHOW COLUMNS FROM `hr_costproducttype` [ RunTime:0.0013s ]
SQL: SELECT * FROM `hr_costproducttype`  [ RunTime:0.0002s ]
SQL: SHOW COLUMNS FROM `hr_danwei` [ RunTime:0.0014s ]
SQL: SELECT * FROM `hr_danwei`  [ RunTime:0.0003s ]
SQL: SELECT COUNT(*) AS tp_count FROM `hr_costinbound` WHERE `sjquantity` > 0 AND `kcquantity` > 0 LIMIT 1   [ RunTime:0.0011s ]
INFO: [ app_end ] --START--
INFO: Run Behavior\ShowPageTraceBehavior [ RunTime:0.000620s ]
INFO: [ app_end ] --END-- [ RunTime:0.000805s ]

[ 2019-10-24T21:01:37+08:00 ] ::1 /cost/index.php/Home/Index/applyproduct_ups.html?page=1&limit=20
INFO: [ app_begin ] --START--
INFO: Run Behavior\ReadHtmlCacheBehavior [ RunTime:0.000282s ]
INFO: [ app_begin ] --END-- [ RunTime:0.000616s ]
NOTIC: [8] Undefined index: product /Library/WebServer/Documents/cost/Application/Home/Controller/IndexController.class.php 第 1008 行.
NOTIC: [8] Undefined index: warehouseid /Library/WebServer/Documents/cost/Application/Home/Controller/IndexController.class.php 第 1023 行.
NOTIC: [8] Undefined index: date /Library/WebServer/Documents/cost/Application/Home/Controller/IndexController.class.php 第 1024 行.
SQL: SHOW COLUMNS FROM `hr_costinbound` [ RunTime:0.0027s ]
SQL: SELECT `productid`,`warehouseid`,`pwid`,sum(kcquantity) as sumkcquantity FROM `hr_costinbound` WHERE `sjquantity` > 0 AND `kcquantity` > 0 GROUP BY productid,pwid,warehouseid ORDER BY warehouseid asc LIMIT 0,20   [ RunTime:0.0016s ]
SQL: SHOW COLUMNS FROM `hr_costapply` [ RunTime:0.0017s ]
SQL: SELECT `pwid`,sum(applyquantity) as sumapplyquantity FROM `hr_costapply` WHERE `shenhe` IN ('未审核','审核同意') GROUP BY pwid  [ RunTime:0.0059s ]
SQL: SHOW COLUMNS FROM `hr_costproduct` [ RunTime:0.0022s ]
SQL: SELECT * FROM `hr_costproduct`  [ RunTime:0.0007s ]
SQL: SHOW COLUMNS FROM `hr_costwarehouse` [ RunTime:0.0013s ]
SQL: SELECT * FROM `hr_costwarehouse`  [ RunTime:0.0001s ]
SQL: SHOW COLUMNS FROM `hr_costproducttype` [ RunTime:0.0011s ]
SQL: SELECT * FROM `hr_costproducttype`  [ RunTime:0.0001s ]
SQL: SHOW COLUMNS FROM `hr_danwei` [ RunTime:0.0011s ]
SQL: SELECT * FROM `hr_danwei`  [ RunTime:0.0002s ]
SQL: SELECT COUNT(*) AS tp_count FROM `hr_costinbound` WHERE `sjquantity` > 0 AND `kcquantity` > 0 LIMIT 1   [ RunTime:0.0010s ]
INFO: [ app_end ] --START--
INFO: Run Behavior\ShowPageTraceBehavior [ RunTime:0.000382s ]
INFO: [ app_end ] --END-- [ RunTime:0.000547s ]

[ 2019-10-24T21:02:23+08:00 ] ::1 /cost/index.php/Home/Index/applyproduct_ups.html?page=1&limit=20
INFO: [ app_begin ] --START--
INFO: Run Behavior\ReadHtmlCacheBehavior [ RunTime:0.000364s ]
INFO: [ app_begin ] --END-- [ RunTime:0.000735s ]
NOTIC: [8] Undefined index: product /Library/WebServer/Documents/cost/Application/Home/Controller/IndexController.class.php 第 1008 行.
NOTIC: [8] Undefined index: warehouseid /Library/WebServer/Documents/cost/Application/Home/Controller/IndexController.class.php 第 1023 行.
NOTIC: [8] Undefined index: date /Library/WebServer/Documents/cost/Application/Home/Controller/IndexController.class.php 第 1024 行.
SQL: SHOW COLUMNS FROM `hr_costinbound` [ RunTime:0.0019s ]
SQL: SELECT `productid`,`warehouseid`,`pwid`,sum(kcquantity) as sumkcquantity FROM `hr_costinbound` WHERE `sjquantity` > 0 AND `kcquantity` > 0 GROUP BY productid,pwid,warehouseid ORDER BY warehouseid asc LIMIT 0,20   [ RunTime:0.0015s ]
SQL: SHOW COLUMNS FROM `hr_costapply` [ RunTime:0.0020s ]
SQL: SELECT `pwid`,sum(applyquantity) as sumapplyquantity FROM `hr_costapply` WHERE `shenhe` IN ('未审核','审核同意') GROUP BY pwid  [ RunTime:0.0059s ]
SQL: SHOW COLUMNS FROM `hr_costproduct` [ RunTime:0.0014s ]
SQL: SELECT * FROM `hr_costproduct`  [ RunTime:0.0008s ]
SQL: SHOW COLUMNS FROM `hr_costwarehouse` [ RunTime:0.0013s ]
SQL: SELECT * FROM `hr_costwarehouse`  [ RunTime:0.0001s ]
SQL: SHOW COLUMNS FROM `hr_costproducttype` [ RunTime:0.0011s ]
SQL: SELECT * FROM `hr_costproducttype`  [ RunTime:0.0001s ]
SQL: SHOW COLUMNS FROM `hr_danwei` [ RunTime:0.0013s ]
SQL: SELECT * FROM `hr_danwei`  [ RunTime:0.0003s ]
SQL: SELECT COUNT(*) AS tp_count FROM `hr_costinbound` WHERE `sjquantity` > 0 AND `kcquantity` > 0 LIMIT 1   [ RunTime:0.0010s ]
INFO: [ app_end ] --START--
INFO: Run Behavior\ShowPageTraceBehavior [ RunTime:0.000483s ]
INFO: [ app_end ] --END-- [ RunTime:0.000694s ]

[ 2019-10-24T21:03:25+08:00 ] ::1 /cost/index.php/Home/Index/applyproduct_ups.html?page=1&limit=20
INFO: [ app_begin ] --START--
INFO: Run Behavior\ReadHtmlCacheBehavior [ RunTime:0.000411s ]
INFO: [ app_begin ] --END-- [ RunTime:0.001085s ]
NOTIC: [8] Undefined index: product /Library/WebServer/Documents/cost/Application/Home/Controller/IndexController.class.php 第 1008 行.
NOTIC: [8] Undefined index: warehouseid /Library/WebServer/Documents/cost/Application/Home/Controller/IndexController.class.php 第 1023 行.
NOTIC: [8] Undefined index: date /Library/WebServer/Documents/cost/Application/Home/Controller/IndexController.class.php 第 1024 行.
SQL: SHOW COLUMNS FROM `hr_costinbound` [ RunTime:0.0015s ]
SQL: SELECT `productid`,`warehouseid`,`pwid`,sum(kcquantity) as sumkcquantity FROM `hr_costinbound` WHERE `sjquantity` > 0 AND `kcquantity` > 0 GROUP BY productid,pwid,warehouseid ORDER BY warehouseid asc LIMIT 0,20   [ RunTime:0.0015s ]
SQL: SHOW COLUMNS FROM `hr_costapply` [ RunTime:0.0016s ]
SQL: SELECT `pwid`,sum(applyquantity) as sumapplyquantity FROM `hr_costapply` WHERE `shenhe` IN ('未审核','审核同意') GROUP BY pwid  [ RunTime:0.0062s ]
SQL: SHOW COLUMNS FROM `hr_costproduct` [ RunTime:0.0018s ]
SQL: SELECT * FROM `hr_costproduct`  [ RunTime:0.0008s ]
SQL: SHOW COLUMNS FROM `hr_costwarehouse` [ RunTime:0.0013s ]
SQL: SELECT * FROM `hr_costwarehouse`  [ RunTime:0.0002s ]
SQL: SHOW COLUMNS FROM `hr_costproducttype` [ RunTime:0.0013s ]
SQL: SELECT * FROM `hr_costproducttype`  [ RunTime:0.0001s ]
SQL: SHOW COLUMNS FROM `hr_danwei` [ RunTime:0.0013s ]
SQL: SELECT * FROM `hr_danwei`  [ RunTime:0.0002s ]
SQL: SELECT COUNT(*) AS tp_count FROM `hr_costinbound` WHERE `sjquantity` > 0 AND `kcquantity` > 0 LIMIT 1   [ RunTime:0.0010s ]
INFO: [ app_end ] --START--
INFO: Run Behavior\ShowPageTraceBehavior [ RunTime:0.000398s ]
INFO: [ app_end ] --END-- [ RunTime:0.000587s ]

[ 2019-10-24T21:04:36+08:00 ] ::1 /cost/index.php/Home/Index/applyproduct_ups.html?page=1&limit=20
INFO: [ app_begin ] --START--
INFO: Run Behavior\ReadHtmlCacheBehavior [ RunTime:0.000375s ]
INFO: [ app_begin ] --END-- [ RunTime:0.000751s ]
NOTIC: [8] Undefined index: product /Library/WebServer/Documents/cost/Application/Home/Controller/IndexController.class.php 第 1008 行.
NOTIC: [8] Undefined index: warehouseid /Library/WebServer/Documents/cost/Application/Home/Controller/IndexController.class.php 第 1023 行.
NOTIC: [8] Undefined index: date /Library/WebServer/Documents/cost/Application/Home/Controller/IndexController.class.php 第 1024 行.
SQL: SHOW COLUMNS FROM `hr_costinbound` [ RunTime:0.0017s ]
SQL: SELECT `productid`,`warehouseid`,`pwid`,sum(kcquantity) as sumkcquantity FROM `hr_costinbound` WHERE `sjquantity` > 0 AND `kcquantity` > 0 GROUP BY productid,pwid,warehouseid ORDER BY warehouseid asc LIMIT 0,20   [ RunTime:0.0018s ]
SQL: SHOW COLUMNS FROM `hr_costapply` [ RunTime:0.0019s ]
SQL: SELECT `pwid`,sum(applyquantity) as sumapplyquantity FROM `hr_costapply` WHERE `shenhe` IN ('未审核','审核同意') GROUP BY pwid  [ RunTime:0.0057s ]
SQL: SHOW COLUMNS FROM `hr_costproduct` [ RunTime:0.0013s ]
SQL: SELECT * FROM `hr_costproduct`  [ RunTime:0.0007s ]
SQL: SHOW COLUMNS FROM `hr_costwarehouse` [ RunTime:0.0011s ]
SQL: SELECT * FROM `hr_costwarehouse`  [ RunTime:0.0001s ]
SQL: SHOW COLUMNS FROM `hr_costproducttype` [ RunTime:0.0011s ]
SQL: SELECT * FROM `hr_costproducttype`  [ RunTime:0.0001s ]
SQL: SHOW COLUMNS FROM `hr_danwei` [ RunTime:0.0012s ]
SQL: SELECT * FROM `hr_danwei`  [ RunTime:0.0002s ]
SQL: SELECT COUNT(*) AS tp_count FROM `hr_costinbound` WHERE `sjquantity` > 0 AND `kcquantity` > 0 LIMIT 1   [ RunTime:0.0010s ]
INFO: [ app_end ] --START--
INFO: Run Behavior\ShowPageTraceBehavior [ RunTime:0.000478s ]
INFO: [ app_end ] --END-- [ RunTime:0.000644s ]

[ 2019-10-24T21:04:57+08:00 ] ::1 /cost/index.php/Home/Index/applyproduct_ups.html?page=1&limit=20
INFO: [ app_begin ] --START--
INFO: Run Behavior\ReadHtmlCacheBehavior [ RunTime:0.000310s ]
INFO: [ app_begin ] --END-- [ RunTime:0.000776s ]
NOTIC: [8] Undefined index: product /Library/WebServer/Documents/cost/Application/Home/Controller/IndexController.class.php 第 1008 行.
NOTIC: [8] Undefined index: warehouseid /Library/WebServer/Documents/cost/Application/Home/Controller/IndexController.class.php 第 1023 行.
NOTIC: [8] Undefined index: date /Library/WebServer/Documents/cost/Application/Home/Controller/IndexController.class.php 第 1024 行.
SQL: SHOW COLUMNS FROM `hr_costinbound` [ RunTime:0.0018s ]
SQL: SELECT `productid`,`warehouseid`,`pwid`,sum(kcquantity) as sumkcquantity FROM `hr_costinbound` WHERE `sjquantity` > 0 AND `kcquantity` > 0 GROUP BY productid,pwid,warehouseid ORDER BY warehouseid asc LIMIT 0,20   [ RunTime:0.0016s ]
SQL: SHOW COLUMNS FROM `hr_costapply` [ RunTime:0.0021s ]
SQL: SELECT `pwid`,sum(applyquantity) as sumapplyquantity FROM `hr_costapply` WHERE `shenhe` IN ('未审核','审核同意') GROUP BY pwid  [ RunTime:0.0067s ]
SQL: SHOW COLUMNS FROM `hr_costproduct` [ RunTime:0.0016s ]
SQL: SELECT * FROM `hr_costproduct`  [ RunTime:0.0012s ]
SQL: SHOW COLUMNS FROM `hr_costwarehouse` [ RunTime:0.0015s ]
SQL: SELECT * FROM `hr_costwarehouse`  [ RunTime:0.0002s ]
SQL: SHOW COLUMNS FROM `hr_costproducttype` [ RunTime:0.0012s ]
SQL: SELECT * FROM `hr_costproducttype`  [ RunTime:0.0002s ]
SQL: SHOW COLUMNS FROM `hr_danwei` [ RunTime:0.0014s ]
SQL: SELECT * FROM `hr_danwei`  [ RunTime:0.0003s ]
SQL: SELECT COUNT(*) AS tp_count FROM `hr_costinbound` WHERE `sjquantity` > 0 AND `kcquantity` > 0 LIMIT 1   [ RunTime:0.0010s ]
INFO: [ app_end ] --START--
INFO: Run Behavior\ShowPageTraceBehavior [ RunTime:0.000477s ]
INFO: [ app_end ] --END-- [ RunTime:0.000715s ]

[ 2019-10-24T21:05:56+08:00 ] ::1 /cost/index.php/Home/Index/applyproduct_ups.html?page=1&limit=20
INFO: [ app_begin ] --START--
INFO: Run Behavior\ReadHtmlCacheBehavior [ RunTime:0.000281s ]
INFO: [ app_begin ] --END-- [ RunTime:0.000610s ]
NOTIC: [8] Undefined index: product /Library/WebServer/Documents/cost/Application/Home/Controller/IndexController.class.php 第 1008 行.
NOTIC: [8] Undefined index: warehouseid /Library/WebServer/Documents/cost/Application/Home/Controller/IndexController.class.php 第 1023 行.
NOTIC: [8] Undefined index: date /Library/WebServer/Documents/cost/Application/Home/Controller/IndexController.class.php 第 1024 行.
SQL: SHOW COLUMNS FROM `hr_costinbound` [ RunTime:0.0017s ]
SQL: SELECT `productid`,`warehouseid`,`pwid`,sum(kcquantity) as sumkcquantity FROM `hr_costinbound` WHERE `sjquantity` > 0 AND `kcquantity` > 0 GROUP BY productid,pwid,warehouseid ORDER BY warehouseid asc LIMIT 0,20   [ RunTime:0.0017s ]
SQL: SHOW COLUMNS FROM `hr_costapply` [ RunTime:0.0017s ]
SQL: SELECT `pwid`,sum(applyquantity) as sumapplyquantity FROM `hr_costapply` WHERE `shenhe` IN ('未审核','审核同意') GROUP BY pwid  [ RunTime:0.0062s ]
SQL: SHOW COLUMNS FROM `hr_costproduct` [ RunTime:0.0014s ]
SQL: SELECT * FROM `hr_costproduct`  [ RunTime:0.0008s ]
SQL: SHOW COLUMNS FROM `hr_costwarehouse` [ RunTime:0.0014s ]
SQL: SELECT * FROM `hr_costwarehouse`  [ RunTime:0.0002s ]
SQL: SHOW COLUMNS FROM `hr_costproducttype` [ RunTime:0.0013s ]
SQL: SELECT * FROM `hr_costproducttype`  [ RunTime:0.0001s ]
SQL: SHOW COLUMNS FROM `hr_danwei` [ RunTime:0.0011s ]
SQL: SELECT * FROM `hr_danwei`  [ RunTime:0.0002s ]
SQL: SELECT COUNT(*) AS tp_count FROM `hr_costinbound` WHERE `sjquantity` > 0 AND `kcquantity` > 0 LIMIT 1   [ RunTime:0.0010s ]
INFO: [ app_end ] --START--
INFO: Run Behavior\ShowPageTraceBehavior [ RunTime:0.000385s ]
INFO: [ app_end ] --END-- [ RunTime:0.000551s ]

[ 2019-10-24T22:59:57+08:00 ] ::1 /cost/index.php/Home/Index/applyproduct_ups.html?page=1&limit=20
INFO: [ app_begin ] --START--
INFO: Run Behavior\ReadHtmlCacheBehavior [ RunTime:0.000398s ]
INFO: [ app_begin ] --END-- [ RunTime:0.000869s ]
NOTIC: [8] Undefined index: product /Library/WebServer/Documents/cost/Application/Home/Controller/IndexController.class.php 第 1008 行.
NOTIC: [8] Undefined index: warehouseid /Library/WebServer/Documents/cost/Application/Home/Controller/IndexController.class.php 第 1023 行.
NOTIC: [8] Undefined index: date /Library/WebServer/Documents/cost/Application/Home/Controller/IndexController.class.php 第 1024 行.
SQL: SHOW COLUMNS FROM `hr_costinbound` [ RunTime:0.0018s ]
SQL: SELECT `productid`,`warehouseid`,`pwid`,sum(kcquantity) as sumkcquantity FROM `hr_costinbound` WHERE `sjquantity` > 0 AND `kcquantity` > 0 GROUP BY productid,pwid,warehouseid ORDER BY warehouseid asc LIMIT 0,20   [ RunTime:0.0013s ]
SQL: SHOW COLUMNS FROM `hr_costapply` [ RunTime:0.0013s ]
SQL: SELECT `pwid`,sum(applyquantity) as sumapplyquantity FROM `hr_costapply` WHERE `shenhe` IN ('未审核','审核同意') GROUP BY pwid  [ RunTime:0.0057s ]
SQL: SHOW COLUMNS FROM `hr_costproduct` [ RunTime:0.0019s ]
SQL: SELECT * FROM `hr_costproduct`  [ RunTime:0.0011s ]
SQL: SHOW COLUMNS FROM `hr_costwarehouse` [ RunTime:0.0016s ]
SQL: SELECT * FROM `hr_costwarehouse`  [ RunTime:0.0002s ]
SQL: SHOW COLUMNS FROM `hr_costproducttype` [ RunTime:0.0020s ]
SQL: SELECT * FROM `hr_costproducttype`  [ RunTime:0.0003s ]
SQL: SHOW COLUMNS FROM `hr_danwei` [ RunTime:0.0015s ]
SQL: SELECT * FROM `hr_danwei`  [ RunTime:0.0003s ]
SQL: SELECT COUNT(*) AS tp_count FROM `hr_costinbound` WHERE `sjquantity` > 0 AND `kcquantity` > 0 LIMIT 1   [ RunTime:0.0011s ]
INFO: [ app_end ] --START--
INFO: Run Behavior\ShowPageTraceBehavior [ RunTime:0.000400s ]
INFO: [ app_end ] --END-- [ RunTime:0.000612s ]

[ 2019-10-24T23:00:01+08:00 ] ::1 /cost/index.php/Home/Index/applyproductsuc_up.html
INFO: [ app_begin ] --START--
INFO: Run Behavior\ReadHtmlCacheBehavior [ RunTime:0.000356s ]
INFO: [ app_begin ] --END-- [ RunTime:0.000748s ]
INFO: [ app_end ] --START--
INFO: Run Behavior\ShowPageTraceBehavior [ RunTime:0.000340s ]
INFO: [ app_end ] --END-- [ RunTime:0.000527s ]

[ 2019-10-24T23:04:45+08:00 ] ::1 /cost/index.php/Home/Index/applyproduct_ups.html?page=1&limit=20
INFO: [ app_begin ] --START--
INFO: Run Behavior\ReadHtmlCacheBehavior [ RunTime:0.000377s ]
INFO: [ app_begin ] --END-- [ RunTime:0.000711s ]
NOTIC: [8] Undefined index: product /Library/WebServer/Documents/cost/Application/Home/Controller/IndexController.class.php 第 1008 行.
NOTIC: [8] Undefined index: warehouseid /Library/WebServer/Documents/cost/Application/Home/Controller/IndexController.class.php 第 1023 行.
NOTIC: [8] Undefined index: date /Library/WebServer/Documents/cost/Application/Home/Controller/IndexController.class.php 第 1024 行.
SQL: SHOW COLUMNS FROM `hr_costinbound` [ RunTime:0.0018s ]
SQL: SELECT `productid`,`warehouseid`,`pwid`,sum(kcquantity) as sumkcquantity FROM `hr_costinbound` WHERE `sjquantity` > 0 AND `kcquantity` > 0 GROUP BY productid,pwid,warehouseid ORDER BY warehouseid asc LIMIT 0,20   [ RunTime:0.0014s ]
SQL: SHOW COLUMNS FROM `hr_costapply` [ RunTime:0.0016s ]
SQL: SELECT `pwid`,sum(applyquantity) as sumapplyquantity FROM `hr_costapply` WHERE `shenhe` IN ('未审核','审核同意') GROUP BY pwid  [ RunTime:0.0081s ]
SQL: SHOW COLUMNS FROM `hr_costproduct` [ RunTime:0.0023s ]
SQL: SELECT * FROM `hr_costproduct`  [ RunTime:0.0010s ]
SQL: SHOW COLUMNS FROM `hr_costwarehouse` [ RunTime:0.0015s ]
SQL: SELECT * FROM `hr_costwarehouse`  [ RunTime:0.0002s ]
SQL: SHOW COLUMNS FROM `hr_costproducttype` [ RunTime:0.0013s ]
SQL: SELECT * FROM `hr_costproducttype`  [ RunTime:0.0002s ]
SQL: SHOW COLUMNS FROM `hr_danwei` [ RunTime:0.0013s ]
SQL: SELECT * FROM `hr_danwei`  [ RunTime:0.0003s ]
SQL: SELECT COUNT(*) AS tp_count FROM `hr_costinbound` WHERE `sjquantity` > 0 AND `kcquantity` > 0 LIMIT 1   [ RunTime:0.0011s ]
INFO: [ app_end ] --START--
INFO: Run Behavior\ShowPageTraceBehavior [ RunTime:0.000478s ]
INFO: [ app_end ] --END-- [ RunTime:0.000724s ]

[ 2019-10-24T23:04:52+08:00 ] ::1 /cost/index.php/Home/Index/applyproduct_ups.html?page=1&limit=20&warehouseid=&product=%E6%9C%88%E9%A5%BC&date=
INFO: [ app_begin ] --START--
INFO: Run Behavior\ReadHtmlCacheBehavior [ RunTime:0.000354s ]
INFO: [ app_begin ] --END-- [ RunTime:0.000763s ]
SQL: SHOW COLUMNS FROM `hr_costproduct` [ RunTime:0.0014s ]
SQL: SELECT `productid` FROM `hr_costproduct` WHERE `productname` LIKE '%月饼%'  [ RunTime:0.0008s ]
SQL: SHOW COLUMNS FROM `hr_costinbound` [ RunTime:0.0015s ]
SQL: SELECT `productid`,`warehouseid`,`pwid`,sum(kcquantity) as sumkcquantity FROM `hr_costinbound` WHERE `productid` IN ('214') AND `sjquantity` > 0 AND `kcquantity` > 0 GROUP BY productid,pwid,warehouseid ORDER BY warehouseid asc LIMIT 0,20   [ RunTime:0.0012s ]
SQL: SHOW COLUMNS FROM `hr_costapply` [ RunTime:0.0015s ]
SQL: SELECT `pwid`,sum(applyquantity) as sumapplyquantity FROM `hr_costapply` WHERE `shenhe` IN ('未审核','审核同意') GROUP BY pwid  [ RunTime:0.0052s ]
SQL: SELECT * FROM `hr_costproduct`  [ RunTime:0.0008s ]
SQL: SHOW COLUMNS FROM `hr_costwarehouse` [ RunTime:0.0013s ]
SQL: SELECT * FROM `hr_costwarehouse`  [ RunTime:0.0002s ]
SQL: SHOW COLUMNS FROM `hr_costproducttype` [ RunTime:0.0013s ]
SQL: SELECT * FROM `hr_costproducttype`  [ RunTime:0.0002s ]
SQL: SHOW COLUMNS FROM `hr_danwei` [ RunTime:0.0012s ]
SQL: SELECT * FROM `hr_danwei`  [ RunTime:0.0003s ]
SQL: SELECT COUNT(*) AS tp_count FROM `hr_costinbound` WHERE `productid` IN ('214') AND `sjquantity` > 0 AND `kcquantity` > 0 LIMIT 1   [ RunTime:0.0010s ]
INFO: [ app_end ] --START--
INFO: Run Behavior\ShowPageTraceBehavior [ RunTime:0.000426s ]
INFO: [ app_end ] --END-- [ RunTime:0.000586s ]

[ 2019-10-24T23:04:56+08:00 ] ::1 /cost/index.php/Home/Index/applyproductsuc_up.html
INFO: [ app_begin ] --START--
INFO: Run Behavior\ReadHtmlCacheBehavior [ RunTime:0.000292s ]
INFO: [ app_begin ] --END-- [ RunTime:0.000760s ]
SQL: SHOW COLUMNS FROM `hr_costapply` [ RunTime:0.0014s ]
SQL: INSERT INTO `hr_costapply` (`productid`,`warehouseid`,`pwid`,`jgh`,`applyquantity`,`applyjgh`,`date`,`shenhe`) VALUES ('214','1','2141','28','20','33001516','2019-10-24','未审核') [ RunTime:0.0039s ]
INFO: [ app_end ] --START--
INFO: Run Behavior\ShowPageTraceBehavior [ RunTime:0.000369s ]
INFO: [ app_end ] --END-- [ RunTime:0.000527s ]

[ 2019-10-24T23:06:28+08:00 ] ::1 /cost/index.php/Home/Index/applyproduct_ups.html?page=1&limit=20
INFO: [ app_begin ] --START--
INFO: Run Behavior\ReadHtmlCacheBehavior [ RunTime:0.000291s ]
INFO: [ app_begin ] --END-- [ RunTime:0.000664s ]
NOTIC: [8] Undefined index: product /Library/WebServer/Documents/cost/Application/Home/Controller/IndexController.class.php 第 1008 行.
NOTIC: [8] Undefined index: warehouseid /Library/WebServer/Documents/cost/Application/Home/Controller/IndexController.class.php 第 1023 行.
NOTIC: [8] Undefined index: date /Library/WebServer/Documents/cost/Application/Home/Controller/IndexController.class.php 第 1024 行.
SQL: SHOW COLUMNS FROM `hr_costinbound` [ RunTime:0.0017s ]
SQL: SELECT `productid`,`warehouseid`,`pwid`,sum(kcquantity) as sumkcquantity FROM `hr_costinbound` WHERE `sjquantity` > 0 AND `kcquantity` > 0 GROUP BY productid,pwid,warehouseid ORDER BY warehouseid asc LIMIT 0,20   [ RunTime:0.0015s ]
SQL: SHOW COLUMNS FROM `hr_costapply` [ RunTime:0.0024s ]
SQL: SELECT `pwid`,sum(applyquantity) as sumapplyquantity FROM `hr_costapply` WHERE `shenhe` IN ('未审核','审核同意') GROUP BY pwid  [ RunTime:0.0063s ]
SQL: SHOW COLUMNS FROM `hr_costproduct` [ RunTime:0.0017s ]
SQL: SELECT * FROM `hr_costproduct`  [ RunTime:0.0009s ]
SQL: SHOW COLUMNS FROM `hr_costwarehouse` [ RunTime:0.0016s ]
SQL: SELECT * FROM `hr_costwarehouse`  [ RunTime:0.0002s ]
SQL: SHOW COLUMNS FROM `hr_costproducttype` [ RunTime:0.0013s ]
SQL: SELECT * FROM `hr_costproducttype`  [ RunTime:0.0002s ]
SQL: SHOW COLUMNS FROM `hr_danwei` [ RunTime:0.0013s ]
SQL: SELECT * FROM `hr_danwei`  [ RunTime:0.0003s ]
SQL: SELECT COUNT(*) AS tp_count FROM `hr_costinbound` WHERE `sjquantity` > 0 AND `kcquantity` > 0 LIMIT 1   [ RunTime:0.0010s ]
INFO: [ app_end ] --START--
INFO: Run Behavior\ShowPageTraceBehavior [ RunTime:0.000416s ]
INFO: [ app_end ] --END-- [ RunTime:0.000585s ]

[ 2019-10-24T23:06:36+08:00 ] ::1 /cost/index.php/Home/Index/applyproduct_ups.html?page=1&limit=20&warehouseid=&product=%E6%9C%88%E9%A5%BC&date=
INFO: [ app_begin ] --START--
INFO: Run Behavior\ReadHtmlCacheBehavior [ RunTime:0.000360s ]
INFO: [ app_begin ] --END-- [ RunTime:0.000819s ]
SQL: SHOW COLUMNS FROM `hr_costproduct` [ RunTime:0.0014s ]
SQL: SELECT `productid` FROM `hr_costproduct` WHERE `productname` LIKE '%月饼%'  [ RunTime:0.0008s ]
SQL: SHOW COLUMNS FROM `hr_costinbound` [ RunTime:0.0013s ]
SQL: SELECT `productid`,`warehouseid`,`pwid`,sum(kcquantity) as sumkcquantity FROM `hr_costinbound` WHERE `productid` IN ('214') AND `sjquantity` > 0 AND `kcquantity` > 0 GROUP BY productid,pwid,warehouseid ORDER BY warehouseid asc LIMIT 0,20   [ RunTime:0.0013s ]
SQL: SHOW COLUMNS FROM `hr_costapply` [ RunTime:0.0016s ]
SQL: SELECT `pwid`,sum(applyquantity) as sumapplyquantity FROM `hr_costapply` WHERE `shenhe` IN ('未审核','审核同意') GROUP BY pwid  [ RunTime:0.0053s ]
SQL: SELECT * FROM `hr_costproduct`  [ RunTime:0.0009s ]
SQL: SHOW COLUMNS FROM `hr_costwarehouse` [ RunTime:0.0012s ]
SQL: SELECT * FROM `hr_costwarehouse`  [ RunTime:0.0001s ]
SQL: SHOW COLUMNS FROM `hr_costproducttype` [ RunTime:0.0012s ]
SQL: SELECT * FROM `hr_costproducttype`  [ RunTime:0.0002s ]
SQL: SHOW COLUMNS FROM `hr_danwei` [ RunTime:0.0014s ]
SQL: SELECT * FROM `hr_danwei`  [ RunTime:0.0003s ]
SQL: SELECT COUNT(*) AS tp_count FROM `hr_costinbound` WHERE `productid` IN ('214') AND `sjquantity` > 0 AND `kcquantity` > 0 LIMIT 1   [ RunTime:0.0012s ]
INFO: [ app_end ] --START--
INFO: Run Behavior\ShowPageTraceBehavior [ RunTime:0.000450s ]
INFO: [ app_end ] --END-- [ RunTime:0.000606s ]

[ 2019-10-24T23:06:40+08:00 ] ::1 /cost/index.php/Home/Index/applyproductsuc_up.html
INFO: [ app_begin ] --START--
INFO: Run Behavior\ReadHtmlCacheBehavior [ RunTime:0.000433s ]
INFO: [ app_begin ] --END-- [ RunTime:0.000887s ]
SQL: SHOW COLUMNS FROM `hr_costapply` [ RunTime:0.0016s ]
SQL: INSERT INTO `hr_costapply` (`productid`,`warehouseid`,`pwid`,`jgh`,`applyquantity`,`applyjgh`,`date`,`shenhe`) VALUES ('214','1','2141','28','10','33001516','2019-10-24','未审核') [ RunTime:0.0006s ]
INFO: [ app_end ] --START--
INFO: Run Behavior\ShowPageTraceBehavior [ RunTime:0.000471s ]
INFO: [ app_end ] --END-- [ RunTime:0.000653s ]

[ 2019-10-24T23:06:40+08:00 ] ::1 /cost/index.php/Home/Index/applyproduct_ups.html?page=1&limit=20
INFO: [ app_begin ] --START--
INFO: Run Behavior\ReadHtmlCacheBehavior [ RunTime:0.000305s ]
INFO: [ app_begin ] --END-- [ RunTime:0.000648s ]
NOTIC: [8] Undefined index: product /Library/WebServer/Documents/cost/Application/Home/Controller/IndexController.class.php 第 1008 行.
NOTIC: [8] Undefined index: warehouseid /Library/WebServer/Documents/cost/Application/Home/Controller/IndexController.class.php 第 1023 行.
NOTIC: [8] Undefined index: date /Library/WebServer/Documents/cost/Application/Home/Controller/IndexController.class.php 第 1024 行.
SQL: SHOW COLUMNS FROM `hr_costinbound` [ RunTime:0.0021s ]
SQL: SELECT `productid`,`warehouseid`,`pwid`,sum(kcquantity) as sumkcquantity FROM `hr_costinbound` WHERE `sjquantity` > 0 AND `kcquantity` > 0 GROUP BY productid,pwid,warehouseid ORDER BY warehouseid asc LIMIT 0,20   [ RunTime:0.0016s ]
SQL: SHOW COLUMNS FROM `hr_costapply` [ RunTime:0.0019s ]
SQL: SELECT `pwid`,sum(applyquantity) as sumapplyquantity FROM `hr_costapply` WHERE `shenhe` IN ('未审核','审核同意') GROUP BY pwid  [ RunTime:0.0058s ]
SQL: SHOW COLUMNS FROM `hr_costproduct` [ RunTime:0.0015s ]
SQL: SELECT * FROM `hr_costproduct`  [ RunTime:0.0008s ]
SQL: SHOW COLUMNS FROM `hr_costwarehouse` [ RunTime:0.0013s ]
SQL: SELECT * FROM `hr_costwarehouse`  [ RunTime:0.0001s ]
SQL: SHOW COLUMNS FROM `hr_costproducttype` [ RunTime:0.0011s ]
SQL: SELECT * FROM `hr_costproducttype`  [ RunTime:0.0001s ]
SQL: SHOW COLUMNS FROM `hr_danwei` [ RunTime:0.0011s ]
SQL: SELECT * FROM `hr_danwei`  [ RunTime:0.0002s ]
SQL: SELECT COUNT(*) AS tp_count FROM `hr_costinbound` WHERE `sjquantity` > 0 AND `kcquantity` > 0 LIMIT 1   [ RunTime:0.0009s ]
INFO: [ app_end ] --START--
INFO: Run Behavior\ShowPageTraceBehavior [ RunTime:0.000366s ]
INFO: [ app_end ] --END-- [ RunTime:0.000521s ]

[ 2019-10-24T23:06:43+08:00 ] ::1 /cost/index.php/Home/Index/applyproduct_ups.html?page=3&limit=20
INFO: [ app_begin ] --START--
INFO: Run Behavior\ReadHtmlCacheBehavior [ RunTime:0.000429s ]
INFO: [ app_begin ] --END-- [ RunTime:0.001119s ]
NOTIC: [8] Undefined index: product /Library/WebServer/Documents/cost/Application/Home/Controller/IndexController.class.php 第 1008 行.
NOTIC: [8] Undefined index: warehouseid /Library/WebServer/Documents/cost/Application/Home/Controller/IndexController.class.php 第 1023 行.
NOTIC: [8] Undefined index: date /Library/WebServer/Documents/cost/Application/Home/Controller/IndexController.class.php 第 1024 行.
SQL: SHOW COLUMNS FROM `hr_costinbound` [ RunTime:0.0016s ]
SQL: SELECT `productid`,`warehouseid`,`pwid`,sum(kcquantity) as sumkcquantity FROM `hr_costinbound` WHERE `sjquantity` > 0 AND `kcquantity` > 0 GROUP BY productid,pwid,warehouseid ORDER BY warehouseid asc LIMIT 40,20   [ RunTime:0.0013s ]
SQL: SHOW COLUMNS FROM `hr_costapply` [ RunTime:0.0017s ]
SQL: SELECT `pwid`,sum(applyquantity) as sumapplyquantity FROM `hr_costapply` WHERE `shenhe` IN ('未审核','审核同意') GROUP BY pwid  [ RunTime:0.0053s ]
SQL: SHOW COLUMNS FROM `hr_costproduct` [ RunTime:0.0012s ]
SQL: SELECT * FROM `hr_costproduct`  [ RunTime:0.0007s ]
SQL: SHOW COLUMNS FROM `hr_costwarehouse` [ RunTime:0.0011s ]
SQL: SELECT * FROM `hr_costwarehouse`  [ RunTime:0.0001s ]
SQL: SHOW COLUMNS FROM `hr_costproducttype` [ RunTime:0.0011s ]
SQL: SELECT * FROM `hr_costproducttype`  [ RunTime:0.0001s ]
SQL: SHOW COLUMNS FROM `hr_danwei` [ RunTime:0.0011s ]
SQL: SELECT * FROM `hr_danwei`  [ RunTime:0.0002s ]
SQL: SELECT COUNT(*) AS tp_count FROM `hr_costinbound` WHERE `sjquantity` > 0 AND `kcquantity` > 0 LIMIT 1   [ RunTime:0.0010s ]
INFO: [ app_end ] --START--
INFO: Run Behavior\ShowPageTraceBehavior [ RunTime:0.000362s ]
INFO: [ app_end ] --END-- [ RunTime:0.000598s ]

[ 2019-10-24T23:06:47+08:00 ] ::1 /cost/index.php/Home/Index/applyproduct_ups.html?page=2&limit=20
INFO: [ app_begin ] --START--
INFO: Run Behavior\ReadHtmlCacheBehavior [ RunTime:0.000321s ]
INFO: [ app_begin ] --END-- [ RunTime:0.000760s ]
NOTIC: [8] Undefined index: product /Library/WebServer/Documents/cost/Application/Home/Controller/IndexController.class.php 第 1008 行.
NOTIC: [8] Undefined index: warehouseid /Library/WebServer/Documents/cost/Application/Home/Controller/IndexController.class.php 第 1023 行.
NOTIC: [8] Undefined index: date /Library/WebServer/Documents/cost/Application/Home/Controller/IndexController.class.php 第 1024 行.
SQL: SHOW COLUMNS FROM `hr_costinbound` [ RunTime:0.0021s ]
SQL: SELECT `productid`,`warehouseid`,`pwid`,sum(kcquantity) as sumkcquantity FROM `hr_costinbound` WHERE `sjquantity` > 0 AND `kcquantity` > 0 GROUP BY productid,pwid,warehouseid ORDER BY warehouseid asc LIMIT 20,20   [ RunTime:0.0013s ]
SQL: SHOW COLUMNS FROM `hr_costapply` [ RunTime:0.0013s ]
SQL: SELECT `pwid`,sum(applyquantity) as sumapplyquantity FROM `hr_costapply` WHERE `shenhe` IN ('未审核','审核同意') GROUP BY pwid  [ RunTime:0.0051s ]
SQL: SHOW COLUMNS FROM `hr_costproduct` [ RunTime:0.0012s ]
SQL: SELECT * FROM `hr_costproduct`  [ RunTime:0.0008s ]
SQL: SHOW COLUMNS FROM `hr_costwarehouse` [ RunTime:0.0017s ]
SQL: SELECT * FROM `hr_costwarehouse`  [ RunTime:0.0002s ]
SQL: SHOW COLUMNS FROM `hr_costproducttype` [ RunTime:0.0012s ]
SQL: SELECT * FROM `hr_costproducttype`  [ RunTime:0.0001s ]
SQL: SHOW COLUMNS FROM `hr_danwei` [ RunTime:0.0012s ]
SQL: SELECT * FROM `hr_danwei`  [ RunTime:0.0002s ]
SQL: SELECT COUNT(*) AS tp_count FROM `hr_costinbound` WHERE `sjquantity` > 0 AND `kcquantity` > 0 LIMIT 1   [ RunTime:0.0009s ]
INFO: [ app_end ] --START--
INFO: Run Behavior\ShowPageTraceBehavior [ RunTime:0.000355s ]
INFO: [ app_end ] --END-- [ RunTime:0.000518s ]

[ 2019-10-24T23:07:04+08:00 ] ::1 /cost/index.php/Home/Index/applyproducts_ups.html?page=1&limit=20
INFO: [ app_begin ] --START--
INFO: Run Behavior\ReadHtmlCacheBehavior [ RunTime:0.000439s ]
INFO: [ app_begin ] --END-- [ RunTime:0.000994s ]
SQL: SHOW COLUMNS FROM `hr_costinbound` [ RunTime:0.0016s ]
SQL: SELECT `productid`,`warehouseid`,`pwid`,sum(kcquantity) as sumkcquantity FROM `hr_costinbound` WHERE `sjquantity` > 0 AND `kcquantity` > 0 AND `productid` IN ('136','180') GROUP BY productid,warehouseid,pwid ORDER BY warehouseid asc LIMIT 0,20   [ RunTime:0.0014s ]
SQL: SHOW COLUMNS FROM `hr_costapply` [ RunTime:0.0014s ]
SQL: SELECT `pwid`,sum(applyquantity) as sumapplyquantity FROM `hr_costapply` WHERE `shenhe` IN ('未审核','审核同意') GROUP BY pwid  [ RunTime:0.0054s ]
SQL: SHOW COLUMNS FROM `hr_costproduct` [ RunTime:0.0014s ]
SQL: SELECT * FROM `hr_costproduct`  [ RunTime:0.0009s ]
SQL: SHOW COLUMNS FROM `hr_costwarehouse` [ RunTime:0.0013s ]
SQL: SELECT * FROM `hr_costwarehouse`  [ RunTime:0.0001s ]
SQL: SHOW COLUMNS FROM `hr_costproducttype` [ RunTime:0.0011s ]
SQL: SELECT * FROM `hr_costproducttype`  [ RunTime:0.0002s ]
SQL: SHOW COLUMNS FROM `hr_danwei` [ RunTime:0.0012s ]
SQL: SELECT * FROM `hr_danwei`  [ RunTime:0.0002s ]
SQL: SELECT COUNT(*) AS tp_count FROM `hr_costinbound` WHERE `sjquantity` > 0 AND `kcquantity` > 0 AND `productid` IN ('136','180') LIMIT 1   [ RunTime:0.0009s ]
INFO: [ app_end ] --START--
INFO: Run Behavior\ShowPageTraceBehavior [ RunTime:0.000357s ]
INFO: [ app_end ] --END-- [ RunTime:0.000515s ]

[ 2019-10-24T23:07:11+08:00 ] ::1 /cost/index.php/Home/Index/applyproduct_ups.html?page=1&limit=20
INFO: [ app_begin ] --START--
INFO: Run Behavior\ReadHtmlCacheBehavior [ RunTime:0.000292s ]
INFO: [ app_begin ] --END-- [ RunTime:0.000642s ]
NOTIC: [8] Undefined index: product /Library/WebServer/Documents/cost/Application/Home/Controller/IndexController.class.php 第 1008 行.
NOTIC: [8] Undefined index: warehouseid /Library/WebServer/Documents/cost/Application/Home/Controller/IndexController.class.php 第 1023 行.
NOTIC: [8] Undefined index: date /Library/WebServer/Documents/cost/Application/Home/Controller/IndexController.class.php 第 1024 行.
SQL: SHOW COLUMNS FROM `hr_costinbound` [ RunTime:0.0017s ]
SQL: SELECT `productid`,`warehouseid`,`pwid`,sum(kcquantity) as sumkcquantity FROM `hr_costinbound` WHERE `sjquantity` > 0 AND `kcquantity` > 0 GROUP BY productid,pwid,warehouseid ORDER BY warehouseid asc LIMIT 0,20   [ RunTime:0.0019s ]
SQL: SHOW COLUMNS FROM `hr_costapply` [ RunTime:0.0017s ]
SQL: SELECT `pwid`,sum(applyquantity) as sumapplyquantity FROM `hr_costapply` WHERE `shenhe` IN ('未审核','审核同意') GROUP BY pwid  [ RunTime:0.0055s ]
SQL: SHOW COLUMNS FROM `hr_costproduct` [ RunTime:0.0016s ]
SQL: SELECT * FROM `hr_costproduct`  [ RunTime:0.0011s ]
SQL: SHOW COLUMNS FROM `hr_costwarehouse` [ RunTime:0.0014s ]
SQL: SELECT * FROM `hr_costwarehouse`  [ RunTime:0.0001s ]
SQL: SHOW COLUMNS FROM `hr_costproducttype` [ RunTime:0.0011s ]
SQL: SELECT * FROM `hr_costproducttype`  [ RunTime:0.0001s ]
SQL: SHOW COLUMNS FROM `hr_danwei` [ RunTime:0.0014s ]
SQL: SELECT * FROM `hr_danwei`  [ RunTime:0.0003s ]
SQL: SELECT COUNT(*) AS tp_count FROM `hr_costinbound` WHERE `sjquantity` > 0 AND `kcquantity` > 0 LIMIT 1   [ RunTime:0.0011s ]
INFO: [ app_end ] --START--
INFO: Run Behavior\ShowPageTraceBehavior [ RunTime:0.000400s ]
INFO: [ app_end ] --END-- [ RunTime:0.000574s ]

[ 2019-10-24T23:08:44+08:00 ] ::1 /cost/index.php/Home/Index/applyproductsuc_up.html
INFO: [ app_begin ] --START--
INFO: Run Behavior\ReadHtmlCacheBehavior [ RunTime:0.000311s ]
INFO: [ app_begin ] --END-- [ RunTime:0.000712s ]
SQL: SHOW COLUMNS FROM `hr_costapply` [ RunTime:0.0016s ]
SQL: INSERT INTO `hr_costapply` (`productid`,`warehouseid`,`pwid`,`jgh`,`applyquantity`,`applyjgh`,`date`,`shenhe`) VALUES ('42','1','421','28','1','33001516','2019-10-24','未审核') [ RunTime:0.0005s ]
INFO: [ app_end ] --START--
INFO: Run Behavior\ShowPageTraceBehavior [ RunTime:0.000461s ]
INFO: [ app_end ] --END-- [ RunTime:0.000685s ]

[ 2019-10-24T23:08:44+08:00 ] ::1 /cost/index.php/Home/Index/applyproduct_ups.html?page=1&limit=20
INFO: [ app_begin ] --START--
INFO: Run Behavior\ReadHtmlCacheBehavior [ RunTime:0.000410s ]
INFO: [ app_begin ] --END-- [ RunTime:0.000850s ]
NOTIC: [8] Undefined index: product /Library/WebServer/Documents/cost/Application/Home/Controller/IndexController.class.php 第 1008 行.
NOTIC: [8] Undefined index: warehouseid /Library/WebServer/Documents/cost/Application/Home/Controller/IndexController.class.php 第 1023 行.
NOTIC: [8] Undefined index: date /Library/WebServer/Documents/cost/Application/Home/Controller/IndexController.class.php 第 1024 行.
SQL: SHOW COLUMNS FROM `hr_costinbound` [ RunTime:0.0023s ]
SQL: SELECT `productid`,`warehouseid`,`pwid`,sum(kcquantity) as sumkcquantity FROM `hr_costinbound` WHERE `sjquantity` > 0 AND `kcquantity` > 0 GROUP BY productid,pwid,warehouseid ORDER BY warehouseid asc LIMIT 0,20   [ RunTime:0.0014s ]
SQL: SHOW COLUMNS FROM `hr_costapply` [ RunTime:0.0014s ]
SQL: SELECT `pwid`,sum(applyquantity) as sumapplyquantity FROM `hr_costapply` WHERE `shenhe` IN ('未审核','审核同意') GROUP BY pwid  [ RunTime:0.0061s ]
SQL: SHOW COLUMNS FROM `hr_costproduct` [ RunTime:0.0016s ]
SQL: SELECT * FROM `hr_costproduct`  [ RunTime:0.0008s ]
SQL: SHOW COLUMNS FROM `hr_costwarehouse` [ RunTime:0.0016s ]
SQL: SELECT * FROM `hr_costwarehouse`  [ RunTime:0.0002s ]
SQL: SHOW COLUMNS FROM `hr_costproducttype` [ RunTime:0.0014s ]
SQL: SELECT * FROM `hr_costproducttype`  [ RunTime:0.0002s ]
SQL: SHOW COLUMNS FROM `hr_danwei` [ RunTime:0.0012s ]
SQL: SELECT * FROM `hr_danwei`  [ RunTime:0.0003s ]
SQL: SELECT COUNT(*) AS tp_count FROM `hr_costinbound` WHERE `sjquantity` > 0 AND `kcquantity` > 0 LIMIT 1   [ RunTime:0.0010s ]
INFO: [ app_end ] --START--
INFO: Run Behavior\ShowPageTraceBehavior [ RunTime:0.000356s ]
INFO: [ app_end ] --END-- [ RunTime:0.000515s ]

[ 2019-10-24T23:11:02+08:00 ] ::1 /cost/index.php/Home/Index/applyproduct_ups.html?page=1&limit=20
INFO: [ app_begin ] --START--
INFO: Run Behavior\ReadHtmlCacheBehavior [ RunTime:0.000304s ]
INFO: [ app_begin ] --END-- [ RunTime:0.000658s ]
NOTIC: [8] Undefined index: product /Library/WebServer/Documents/cost/Application/Home/Controller/IndexController.class.php 第 1008 行.
NOTIC: [8] Undefined index: warehouseid /Library/WebServer/Documents/cost/Application/Home/Controller/IndexController.class.php 第 1023 行.
NOTIC: [8] Undefined index: date /Library/WebServer/Documents/cost/Application/Home/Controller/IndexController.class.php 第 1024 行.
SQL: SHOW COLUMNS FROM `hr_costinbound` [ RunTime:0.0016s ]
SQL: SELECT `productid`,`warehouseid`,`pwid`,sum(kcquantity) as sumkcquantity FROM `hr_costinbound` WHERE `sjquantity` > 0 AND `kcquantity` > 0 GROUP BY productid,pwid,warehouseid ORDER BY warehouseid asc LIMIT 0,20   [ RunTime:0.0014s ]
SQL: SHOW COLUMNS FROM `hr_costapply` [ RunTime:0.0017s ]
SQL: SELECT `pwid`,sum(applyquantity) as sumapplyquantity FROM `hr_costapply` WHERE `shenhe` IN ('未审核','审核同意') GROUP BY pwid  [ RunTime:0.0055s ]
SQL: SHOW COLUMNS FROM `hr_costproduct` [ RunTime:0.0015s ]
SQL: SELECT * FROM `hr_costproduct`  [ RunTime:0.0010s ]
SQL: SHOW COLUMNS FROM `hr_costwarehouse` [ RunTime:0.0013s ]
SQL: SELECT * FROM `hr_costwarehouse`  [ RunTime:0.0002s ]
SQL: SHOW COLUMNS FROM `hr_costproducttype` [ RunTime:0.0012s ]
SQL: SELECT * FROM `hr_costproducttype`  [ RunTime:0.0003s ]
SQL: SHOW COLUMNS FROM `hr_danwei` [ RunTime:0.0019s ]
SQL: SELECT * FROM `hr_danwei`  [ RunTime:0.0005s ]
SQL: SELECT COUNT(*) AS tp_count FROM `hr_costinbound` WHERE `sjquantity` > 0 AND `kcquantity` > 0 LIMIT 1   [ RunTime:0.0014s ]
INFO: [ app_end ] --START--
INFO: Run Behavior\ShowPageTraceBehavior [ RunTime:0.000517s ]
INFO: [ app_end ] --END-- [ RunTime:0.000710s ]

[ 2019-10-24T23:11:09+08:00 ] ::1 /cost/index.php/Home/Index/applyproduct_ups.html?page=1&limit=20&warehouseid=&product=%E6%9C%88%E9%A5%BC&date=
INFO: [ app_begin ] --START--
INFO: Run Behavior\ReadHtmlCacheBehavior [ RunTime:0.000384s ]
INFO: [ app_begin ] --END-- [ RunTime:0.000842s ]
SQL: SHOW COLUMNS FROM `hr_costproduct` [ RunTime:0.0016s ]
SQL: SELECT `productid` FROM `hr_costproduct` WHERE `productname` LIKE '%月饼%'  [ RunTime:0.0009s ]
SQL: SHOW COLUMNS FROM `hr_costinbound` [ RunTime:0.0014s ]
SQL: SELECT `productid`,`warehouseid`,`pwid`,sum(kcquantity) as sumkcquantity FROM `hr_costinbound` WHERE `productid` IN ('214') AND `sjquantity` > 0 AND `kcquantity` > 0 GROUP BY productid,pwid,warehouseid ORDER BY warehouseid asc LIMIT 0,20   [ RunTime:0.0012s ]
SQL: SHOW COLUMNS FROM `hr_costapply` [ RunTime:0.0013s ]
SQL: SELECT `pwid`,sum(applyquantity) as sumapplyquantity FROM `hr_costapply` WHERE `shenhe` IN ('未审核','审核同意') GROUP BY pwid  [ RunTime:0.0055s ]
SQL: SELECT * FROM `hr_costproduct`  [ RunTime:0.0012s ]
SQL: SHOW COLUMNS FROM `hr_costwarehouse` [ RunTime:0.0016s ]
SQL: SELECT * FROM `hr_costwarehouse`  [ RunTime:0.0002s ]
SQL: SHOW COLUMNS FROM `hr_costproducttype` [ RunTime:0.0015s ]
SQL: SELECT * FROM `hr_costproducttype`  [ RunTime:0.0002s ]
SQL: SHOW COLUMNS FROM `hr_danwei` [ RunTime:0.0013s ]
SQL: SELECT * FROM `hr_danwei`  [ RunTime:0.0003s ]
SQL: SELECT COUNT(*) AS tp_count FROM `hr_costinbound` WHERE `productid` IN ('214') AND `sjquantity` > 0 AND `kcquantity` > 0 LIMIT 1   [ RunTime:0.0011s ]
INFO: [ app_end ] --START--
INFO: Run Behavior\ShowPageTraceBehavior [ RunTime:0.000414s ]
INFO: [ app_end ] --END-- [ RunTime:0.000578s ]

[ 2019-10-24T23:11:12+08:00 ] ::1 /cost/index.php/Home/Index/applyproductsuc_up.html
INFO: [ app_begin ] --START--
INFO: Run Behavior\ReadHtmlCacheBehavior [ RunTime:0.000472s ]
INFO: [ app_begin ] --END-- [ RunTime:0.001004s ]
SQL: SHOW COLUMNS FROM `hr_costapply` [ RunTime:0.0015s ]
SQL: INSERT INTO `hr_costapply` (`productid`,`warehouseid`,`pwid`,`jgh`,`applyquantity`,`applyjgh`,`date`,`shenhe`) VALUES ('214','1','2141','28','5','33001516','2019-10-24','未审核') [ RunTime:0.0007s ]
INFO: [ app_end ] --START--
INFO: Run Behavior\ShowPageTraceBehavior [ RunTime:0.000403s ]
INFO: [ app_end ] --END-- [ RunTime:0.000573s ]

[ 2019-10-24T23:11:53+08:00 ] ::1 /cost/index.php/Home/Index/applyproduct_ups.html?page=1&limit=20
INFO: [ app_begin ] --START--
INFO: Run Behavior\ReadHtmlCacheBehavior [ RunTime:0.000280s ]
INFO: [ app_begin ] --END-- [ RunTime:0.000597s ]
NOTIC: [8] Undefined index: product /Library/WebServer/Documents/cost/Application/Home/Controller/IndexController.class.php 第 1008 行.
NOTIC: [8] Undefined index: warehouseid /Library/WebServer/Documents/cost/Application/Home/Controller/IndexController.class.php 第 1023 行.
NOTIC: [8] Undefined index: date /Library/WebServer/Documents/cost/Application/Home/Controller/IndexController.class.php 第 1024 行.
SQL: SHOW COLUMNS FROM `hr_costinbound` [ RunTime:0.0016s ]
SQL: SELECT `productid`,`warehouseid`,`pwid`,sum(kcquantity) as sumkcquantity FROM `hr_costinbound` WHERE `sjquantity` > 0 AND `kcquantity` > 0 GROUP BY productid,pwid,warehouseid ORDER BY warehouseid asc LIMIT 0,20   [ RunTime:0.0014s ]
SQL: SHOW COLUMNS FROM `hr_costapply` [ RunTime:0.0020s ]
SQL: SELECT `pwid`,sum(applyquantity) as sumapplyquantity FROM `hr_costapply` WHERE `shenhe` IN ('未审核','审核同意') GROUP BY pwid  [ RunTime:0.0060s ]
SQL: SHOW COLUMNS FROM `hr_costproduct` [ RunTime:0.0015s ]
SQL: SELECT * FROM `hr_costproduct`  [ RunTime:0.0008s ]
SQL: SHOW COLUMNS FROM `hr_costwarehouse` [ RunTime:0.0013s ]
SQL: SELECT * FROM `hr_costwarehouse`  [ RunTime:0.0002s ]
SQL: SHOW COLUMNS FROM `hr_costproducttype` [ RunTime:0.0013s ]
SQL: SELECT * FROM `hr_costproducttype`  [ RunTime:0.0001s ]
SQL: SHOW COLUMNS FROM `hr_danwei` [ RunTime:0.0011s ]
SQL: SELECT * FROM `hr_danwei`  [ RunTime:0.0002s ]
SQL: SELECT COUNT(*) AS tp_count FROM `hr_costinbound` WHERE `sjquantity` > 0 AND `kcquantity` > 0 LIMIT 1   [ RunTime:0.0010s ]
INFO: [ app_end ] --START--
INFO: Run Behavior\ShowPageTraceBehavior [ RunTime:0.000378s ]
INFO: [ app_end ] --END-- [ RunTime:0.000536s ]

[ 2019-10-24T23:12:01+08:00 ] ::1 /cost/index.php/Home/Index/applyproduct_ups.html?page=1&limit=20&warehouseid=&product=%E6%9C%88%E9%A5%BC&date=
INFO: [ app_begin ] --START--
INFO: Run Behavior\ReadHtmlCacheBehavior [ RunTime:0.000334s ]
INFO: [ app_begin ] --END-- [ RunTime:0.000720s ]
SQL: SHOW COLUMNS FROM `hr_costproduct` [ RunTime:0.0018s ]
SQL: SELECT `productid` FROM `hr_costproduct` WHERE `productname` LIKE '%月饼%'  [ RunTime:0.0010s ]
SQL: SHOW COLUMNS FROM `hr_costinbound` [ RunTime:0.0018s ]
SQL: SELECT `productid`,`warehouseid`,`pwid`,sum(kcquantity) as sumkcquantity FROM `hr_costinbound` WHERE `productid` IN ('214') AND `sjquantity` > 0 AND `kcquantity` > 0 GROUP BY productid,pwid,warehouseid ORDER BY warehouseid asc LIMIT 0,20   [ RunTime:0.0013s ]
SQL: SHOW COLUMNS FROM `hr_costapply` [ RunTime:0.0016s ]
SQL: SELECT `pwid`,sum(applyquantity) as sumapplyquantity FROM `hr_costapply` WHERE `shenhe` IN ('未审核','审核同意') GROUP BY pwid  [ RunTime:0.0055s ]
SQL: SELECT * FROM `hr_costproduct`  [ RunTime:0.0009s ]
SQL: SHOW COLUMNS FROM `hr_costwarehouse` [ RunTime:0.0016s ]
SQL: SELECT * FROM `hr_costwarehouse`  [ RunTime:0.0003s ]
SQL: SHOW COLUMNS FROM `hr_costproducttype` [ RunTime:0.0020s ]
SQL: SELECT * FROM `hr_costproducttype`  [ RunTime:0.0002s ]
SQL: SHOW COLUMNS FROM `hr_danwei` [ RunTime:0.0015s ]
SQL: SELECT * FROM `hr_danwei`  [ RunTime:0.0003s ]
SQL: SELECT COUNT(*) AS tp_count FROM `hr_costinbound` WHERE `productid` IN ('214') AND `sjquantity` > 0 AND `kcquantity` > 0 LIMIT 1   [ RunTime:0.0012s ]
INFO: [ app_end ] --START--
INFO: Run Behavior\ShowPageTraceBehavior [ RunTime:0.000425s ]
INFO: [ app_end ] --END-- [ RunTime:0.000591s ]

[ 2019-10-24T23:12:04+08:00 ] ::1 /cost/index.php/Home/Index/applyproductsuc_up.html
INFO: [ app_begin ] --START--
INFO: Run Behavior\ReadHtmlCacheBehavior [ RunTime:0.000305s ]
INFO: [ app_begin ] --END-- [ RunTime:0.000701s ]
SQL: SHOW COLUMNS FROM `hr_costapply` [ RunTime:0.0017s ]
SQL: INSERT INTO `hr_costapply` (`productid`,`warehouseid`,`pwid`,`jgh`,`applyquantity`,`applyjgh`,`date`,`shenhe`) VALUES ('214','1','2141','28','5','33001516','2019-10-24','未审核') [ RunTime:0.0008s ]
INFO: [ app_end ] --START--
INFO: Run Behavior\ShowPageTraceBehavior [ RunTime:0.000452s ]
INFO: [ app_end ] --END-- [ RunTime:0.000640s ]

[ 2019-10-24T23:12:06+08:00 ] ::1 /cost/index.php/Home/Index/applyproduct_ups.html?page=1&limit=20
INFO: [ app_begin ] --START--
INFO: Run Behavior\ReadHtmlCacheBehavior [ RunTime:0.000308s ]
INFO: [ app_begin ] --END-- [ RunTime:0.000674s ]
NOTIC: [8] Undefined index: product /Library/WebServer/Documents/cost/Application/Home/Controller/IndexController.class.php 第 1008 行.
NOTIC: [8] Undefined index: warehouseid /Library/WebServer/Documents/cost/Application/Home/Controller/IndexController.class.php 第 1023 行.
NOTIC: [8] Undefined index: date /Library/WebServer/Documents/cost/Application/Home/Controller/IndexController.class.php 第 1024 行.
SQL: SHOW COLUMNS FROM `hr_costinbound` [ RunTime:0.0022s ]
SQL: SELECT `productid`,`warehouseid`,`pwid`,sum(kcquantity) as sumkcquantity FROM `hr_costinbound` WHERE `sjquantity` > 0 AND `kcquantity` > 0 GROUP BY productid,pwid,warehouseid ORDER BY warehouseid asc LIMIT 0,20   [ RunTime:0.0017s ]
SQL: SHOW COLUMNS FROM `hr_costapply` [ RunTime:0.0017s ]
SQL: SELECT `pwid`,sum(applyquantity) as sumapplyquantity FROM `hr_costapply` WHERE `shenhe` IN ('未审核','审核同意') GROUP BY pwid  [ RunTime:0.0061s ]
SQL: SHOW COLUMNS FROM `hr_costproduct` [ RunTime:0.0014s ]
SQL: SELECT * FROM `hr_costproduct`  [ RunTime:0.0009s ]
SQL: SHOW COLUMNS FROM `hr_costwarehouse` [ RunTime:0.0016s ]
SQL: SELECT * FROM `hr_costwarehouse`  [ RunTime:0.0002s ]
SQL: SHOW COLUMNS FROM `hr_costproducttype` [ RunTime:0.0014s ]
SQL: SELECT * FROM `hr_costproducttype`  [ RunTime:0.0001s ]
SQL: SHOW COLUMNS FROM `hr_danwei` [ RunTime:0.0013s ]
SQL: SELECT * FROM `hr_danwei`  [ RunTime:0.0003s ]
SQL: SELECT COUNT(*) AS tp_count FROM `hr_costinbound` WHERE `sjquantity` > 0 AND `kcquantity` > 0 LIMIT 1   [ RunTime:0.0010s ]
INFO: [ app_end ] --START--
INFO: Run Behavior\ShowPageTraceBehavior [ RunTime:0.000369s ]
INFO: [ app_end ] --END-- [ RunTime:0.000529s ]

[ 2019-10-24T23:17:59+08:00 ] ::1 /cost/index.php/Home/Index/applyproduct_ups.html?page=1&limit=20
INFO: [ app_begin ] --START--
INFO: Run Behavior\ReadHtmlCacheBehavior [ RunTime:0.000678s ]
INFO: [ app_begin ] --END-- [ RunTime:0.001365s ]
NOTIC: [8] Undefined index: product /Library/WebServer/Documents/cost/Application/Home/Controller/IndexController.class.php 第 1008 行.
NOTIC: [8] Undefined index: warehouseid /Library/WebServer/Documents/cost/Application/Home/Controller/IndexController.class.php 第 1023 行.
NOTIC: [8] Undefined index: date /Library/WebServer/Documents/cost/Application/Home/Controller/IndexController.class.php 第 1024 行.
SQL: SHOW COLUMNS FROM `hr_costinbound` [ RunTime:0.0016s ]
SQL: SELECT `productid`,`warehouseid`,`pwid`,sum(kcquantity) as sumkcquantity FROM `hr_costinbound` WHERE `sjquantity` > 0 AND `kcquantity` > 0 GROUP BY productid,pwid,warehouseid ORDER BY warehouseid asc LIMIT 0,20   [ RunTime:0.0016s ]
SQL: SHOW COLUMNS FROM `hr_costapply` [ RunTime:0.0019s ]
SQL: SELECT `pwid`,sum(applyquantity) as sumapplyquantity FROM `hr_costapply` WHERE `shenhe` IN ('未审核','审核同意') GROUP BY pwid  [ RunTime:0.0058s ]
SQL: SHOW COLUMNS FROM `hr_costproduct` [ RunTime:0.0017s ]
SQL: SELECT * FROM `hr_costproduct`  [ RunTime:0.0009s ]
SQL: SHOW COLUMNS FROM `hr_costwarehouse` [ RunTime:0.0014s ]
SQL: SELECT * FROM `hr_costwarehouse`  [ RunTime:0.0003s ]
SQL: SHOW COLUMNS FROM `hr_costproducttype` [ RunTime:0.0020s ]
SQL: SELECT * FROM `hr_costproducttype`  [ RunTime:0.0002s ]
SQL: SHOW COLUMNS FROM `hr_danwei` [ RunTime:0.0015s ]
SQL: SELECT * FROM `hr_danwei`  [ RunTime:0.0004s ]
SQL: SELECT COUNT(*) AS tp_count FROM `hr_costinbound` WHERE `sjquantity` > 0 AND `kcquantity` > 0 LIMIT 1   [ RunTime:0.0012s ]
INFO: [ app_end ] --START--
INFO: Run Behavior\ShowPageTraceBehavior [ RunTime:0.000446s ]
INFO: [ app_end ] --END-- [ RunTime:0.000621s ]

[ 2019-10-24T23:19:57+08:00 ] ::1 /cost/index.php/Home/Index/applyproduct_ups.html?page=1&limit=20
INFO: [ app_begin ] --START--
INFO: Run Behavior\ReadHtmlCacheBehavior [ RunTime:0.000335s ]
INFO: [ app_begin ] --END-- [ RunTime:0.000813s ]
NOTIC: [8] Undefined index: product /Library/WebServer/Documents/cost/Application/Home/Controller/IndexController.class.php 第 1008 行.
NOTIC: [8] Undefined index: warehouseid /Library/WebServer/Documents/cost/Application/Home/Controller/IndexController.class.php 第 1023 行.
NOTIC: [8] Undefined index: date /Library/WebServer/Documents/cost/Application/Home/Controller/IndexController.class.php 第 1024 行.
SQL: SHOW COLUMNS FROM `hr_costinbound` [ RunTime:0.0015s ]
SQL: SELECT `productid`,`warehouseid`,`pwid`,sum(kcquantity) as sumkcquantity FROM `hr_costinbound` WHERE `sjquantity` > 0 AND `kcquantity` > 0 GROUP BY productid,pwid,warehouseid ORDER BY warehouseid asc LIMIT 0,20   [ RunTime:0.0017s ]
SQL: SHOW COLUMNS FROM `hr_costapply` [ RunTime:0.0021s ]
SQL: SELECT `pwid`,sum(applyquantity) as sumapplyquantity FROM `hr_costapply` WHERE `shenhe` IN ('未审核','审核同意') GROUP BY pwid  [ RunTime:0.0064s ]
SQL: SHOW COLUMNS FROM `hr_costproduct` [ RunTime:0.0018s ]
SQL: SELECT * FROM `hr_costproduct`  [ RunTime:0.0008s ]
SQL: SHOW COLUMNS FROM `hr_costwarehouse` [ RunTime:0.0015s ]
SQL: SELECT * FROM `hr_costwarehouse`  [ RunTime:0.0002s ]
SQL: SHOW COLUMNS FROM `hr_costproducttype` [ RunTime:0.0017s ]
SQL: SELECT * FROM `hr_costproducttype`  [ RunTime:0.0003s ]
SQL: SHOW COLUMNS FROM `hr_danwei` [ RunTime:0.0015s ]
SQL: SELECT * FROM `hr_danwei`  [ RunTime:0.0003s ]
SQL: SELECT COUNT(*) AS tp_count FROM `hr_costinbound` WHERE `sjquantity` > 0 AND `kcquantity` > 0 LIMIT 1   [ RunTime:0.0011s ]
INFO: [ app_end ] --START--
INFO: Run Behavior\ShowPageTraceBehavior [ RunTime:0.000397s ]
INFO: [ app_end ] --END-- [ RunTime:0.000569s ]

[ 2019-10-24T23:20:01+08:00 ] ::1 /cost/index.php/Home/Index/applyproductsuc_up.html
INFO: [ app_begin ] --START--
INFO: Run Behavior\ReadHtmlCacheBehavior [ RunTime:0.000348s ]
INFO: [ app_begin ] --END-- [ RunTime:0.000757s ]
SQL: SHOW COLUMNS FROM `hr_costapply` [ RunTime:0.0015s ]
SQL: INSERT INTO `hr_costapply` (`productid`,`warehouseid`,`pwid`,`jgh`,`applyquantity`,`applyjgh`,`date`,`shenhe`) VALUES ('42','1','421','28','10','33001516','2019-10-24','未审核') [ RunTime:0.0008s ]
INFO: [ app_end ] --START--
INFO: Run Behavior\ShowPageTraceBehavior [ RunTime:0.000383s ]
INFO: [ app_end ] --END-- [ RunTime:0.000562s ]

[ 2019-10-24T23:20:08+08:00 ] ::1 /cost/index.php/Home/Index/applyproduct_ups.html?page=1&limit=20
INFO: [ app_begin ] --START--
INFO: Run Behavior\ReadHtmlCacheBehavior [ RunTime:0.000478s ]
INFO: [ app_begin ] --END-- [ RunTime:0.001024s ]
NOTIC: [8] Undefined index: product /Library/WebServer/Documents/cost/Application/Home/Controller/IndexController.class.php 第 1008 行.
NOTIC: [8] Undefined index: warehouseid /Library/WebServer/Documents/cost/Application/Home/Controller/IndexController.class.php 第 1023 行.
NOTIC: [8] Undefined index: date /Library/WebServer/Documents/cost/Application/Home/Controller/IndexController.class.php 第 1024 行.
SQL: SHOW COLUMNS FROM `hr_costinbound` [ RunTime:0.0018s ]
SQL: SELECT `productid`,`warehouseid`,`pwid`,sum(kcquantity) as sumkcquantity FROM `hr_costinbound` WHERE `sjquantity` > 0 AND `kcquantity` > 0 GROUP BY productid,pwid,warehouseid ORDER BY warehouseid asc LIMIT 0,20   [ RunTime:0.0014s ]
SQL: SHOW COLUMNS FROM `hr_costapply` [ RunTime:0.0016s ]
SQL: SELECT `pwid`,sum(applyquantity) as sumapplyquantity FROM `hr_costapply` WHERE `shenhe` IN ('未审核','审核同意') GROUP BY pwid  [ RunTime:0.0061s ]
SQL: SHOW COLUMNS FROM `hr_costproduct` [ RunTime:0.0016s ]
SQL: SELECT * FROM `hr_costproduct`  [ RunTime:0.0010s ]
SQL: SHOW COLUMNS FROM `hr_costwarehouse` [ RunTime:0.0015s ]
SQL: SELECT * FROM `hr_costwarehouse`  [ RunTime:0.0002s ]
SQL: SHOW COLUMNS FROM `hr_costproducttype` [ RunTime:0.0013s ]
SQL: SELECT * FROM `hr_costproducttype`  [ RunTime:0.0002s ]
SQL: SHOW COLUMNS FROM `hr_danwei` [ RunTime:0.0016s ]
SQL: SELECT * FROM `hr_danwei`  [ RunTime:0.0003s ]
SQL: SELECT COUNT(*) AS tp_count FROM `hr_costinbound` WHERE `sjquantity` > 0 AND `kcquantity` > 0 LIMIT 1   [ RunTime:0.0010s ]
INFO: [ app_end ] --START--
INFO: Run Behavior\ShowPageTraceBehavior [ RunTime:0.000542s ]
INFO: [ app_end ] --END-- [ RunTime:0.000734s ]

[ 2019-10-24T23:20:30+08:00 ] ::1 /cost/index.php/Home/Index/applyproduct_ups.html?page=1&limit=20&warehouseid=3&product=&date=
INFO: [ app_begin ] --START--
INFO: Run Behavior\ReadHtmlCacheBehavior [ RunTime:0.000376s ]
INFO: [ app_begin ] --END-- [ RunTime:0.000797s ]
SQL: SHOW COLUMNS FROM `hr_costinbound` [ RunTime:0.0018s ]
SQL: SELECT `productid`,`warehouseid`,`pwid`,sum(kcquantity) as sumkcquantity FROM `hr_costinbound` WHERE `warehouseid` = '3' AND `sjquantity` > 0 AND `kcquantity` > 0 GROUP BY productid,pwid,warehouseid ORDER BY warehouseid asc LIMIT 0,20   [ RunTime:0.0013s ]
SQL: SHOW COLUMNS FROM `hr_costapply` [ RunTime:0.0015s ]
SQL: SELECT `pwid`,sum(applyquantity) as sumapplyquantity FROM `hr_costapply` WHERE `shenhe` IN ('未审核','审核同意') GROUP BY pwid  [ RunTime:0.0055s ]
SQL: SHOW COLUMNS FROM `hr_costproduct` [ RunTime:0.0016s ]
SQL: SELECT * FROM `hr_costproduct`  [ RunTime:0.0009s ]
SQL: SHOW COLUMNS FROM `hr_costwarehouse` [ RunTime:0.0015s ]
SQL: SELECT * FROM `hr_costwarehouse`  [ RunTime:0.0002s ]
SQL: SHOW COLUMNS FROM `hr_costproducttype` [ RunTime:0.0014s ]
SQL: SELECT * FROM `hr_costproducttype`  [ RunTime:0.0001s ]
SQL: SHOW COLUMNS FROM `hr_danwei` [ RunTime:0.0014s ]
SQL: SELECT * FROM `hr_danwei`  [ RunTime:0.0003s ]
SQL: SELECT COUNT(*) AS tp_count FROM `hr_costinbound` WHERE `warehouseid` = '3' AND `sjquantity` > 0 AND `kcquantity` > 0 LIMIT 1   [ RunTime:0.0010s ]
INFO: [ app_end ] --START--
INFO: Run Behavior\ShowPageTraceBehavior [ RunTime:0.000418s ]
INFO: [ app_end ] --END-- [ RunTime:0.000586s ]

[ 2019-10-24T23:20:54+08:00 ] ::1 /cost/index.php/Home/Index/applyproductsuc_up.html
INFO: [ app_begin ] --START--
INFO: Run Behavior\ReadHtmlCacheBehavior [ RunTime:0.000319s ]
INFO: [ app_begin ] --END-- [ RunTime:0.000730s ]
SQL: SHOW COLUMNS FROM `hr_costapply` [ RunTime:0.0017s ]
SQL: INSERT INTO `hr_costapply` (`productid`,`warehouseid`,`pwid`,`jgh`,`applyquantity`,`applyjgh`,`date`,`shenhe`) VALUES ('213','3','2133','2','10','33001516','2019-10-24','未审核') [ RunTime:0.0008s ]
INFO: [ app_end ] --START--
INFO: Run Behavior\ShowPageTraceBehavior [ RunTime:0.000444s ]
INFO: [ app_end ] --END-- [ RunTime:0.000635s ]

[ 2019-10-24T23:21:31+08:00 ] ::1 /cost/index.php/Home/Index/applyproduct_ups.html?page=1&limit=20
INFO: [ app_begin ] --START--
INFO: Run Behavior\ReadHtmlCacheBehavior [ RunTime:0.000556s ]
INFO: [ app_begin ] --END-- [ RunTime:0.001121s ]
NOTIC: [8] Undefined index: product /Library/WebServer/Documents/cost/Application/Home/Controller/IndexController.class.php 第 1008 行.
NOTIC: [8] Undefined index: warehouseid /Library/WebServer/Documents/cost/Application/Home/Controller/IndexController.class.php 第 1023 行.
NOTIC: [8] Undefined index: date /Library/WebServer/Documents/cost/Application/Home/Controller/IndexController.class.php 第 1024 行.
SQL: SHOW COLUMNS FROM `hr_costinbound` [ RunTime:0.0021s ]
SQL: SELECT `productid`,`warehouseid`,`pwid`,sum(kcquantity) as sumkcquantity FROM `hr_costinbound` WHERE `sjquantity` > 0 AND `kcquantity` > 0 GROUP BY productid,pwid,warehouseid ORDER BY warehouseid asc LIMIT 0,20   [ RunTime:0.0017s ]
SQL: SHOW COLUMNS FROM `hr_costapply` [ RunTime:0.0019s ]
SQL: SELECT `pwid`,sum(applyquantity) as sumapplyquantity FROM `hr_costapply` WHERE `shenhe` IN ('未审核','审核同意') GROUP BY pwid  [ RunTime:0.0064s ]
SQL: SHOW COLUMNS FROM `hr_costproduct` [ RunTime:0.0016s ]
SQL: SELECT * FROM `hr_costproduct`  [ RunTime:0.0009s ]
SQL: SHOW COLUMNS FROM `hr_costwarehouse` [ RunTime:0.0014s ]
SQL: SELECT * FROM `hr_costwarehouse`  [ RunTime:0.0002s ]
SQL: SHOW COLUMNS FROM `hr_costproducttype` [ RunTime:0.0013s ]
SQL: SELECT * FROM `hr_costproducttype`  [ RunTime:0.0001s ]
SQL: SHOW COLUMNS FROM `hr_danwei` [ RunTime:0.0013s ]
SQL: SELECT * FROM `hr_danwei`  [ RunTime:0.0002s ]
SQL: SELECT COUNT(*) AS tp_count FROM `hr_costinbound` WHERE `sjquantity` > 0 AND `kcquantity` > 0 LIMIT 1   [ RunTime:0.0010s ]
INFO: [ app_end ] --START--
INFO: Run Behavior\ShowPageTraceBehavior [ RunTime:0.000380s ]
INFO: [ app_end ] --END-- [ RunTime:0.000536s ]

[ 2019-10-24T23:21:36+08:00 ] ::1 /cost/index.php/Home/Index/applyproduct_ups.html?page=1&limit=20&warehouseid=3&product=&date=
INFO: [ app_begin ] --START--
INFO: Run Behavior\ReadHtmlCacheBehavior [ RunTime:0.000329s ]
INFO: [ app_begin ] --END-- [ RunTime:0.000712s ]
SQL: SHOW COLUMNS FROM `hr_costinbound` [ RunTime:0.0016s ]
SQL: SELECT `productid`,`warehouseid`,`pwid`,sum(kcquantity) as sumkcquantity FROM `hr_costinbound` WHERE `warehouseid` = '3' AND `sjquantity` > 0 AND `kcquantity` > 0 GROUP BY productid,pwid,warehouseid ORDER BY warehouseid asc LIMIT 0,20   [ RunTime:0.0012s ]
SQL: SHOW COLUMNS FROM `hr_costapply` [ RunTime:0.0015s ]
SQL: SELECT `pwid`,sum(applyquantity) as sumapplyquantity FROM `hr_costapply` WHERE `shenhe` IN ('未审核','审核同意') GROUP BY pwid  [ RunTime:0.0058s ]
SQL: SHOW COLUMNS FROM `hr_costproduct` [ RunTime:0.0014s ]
SQL: SELECT * FROM `hr_costproduct`  [ RunTime:0.0008s ]
SQL: SHOW COLUMNS FROM `hr_costwarehouse` [ RunTime:0.0012s ]
SQL: SELECT * FROM `hr_costwarehouse`  [ RunTime:0.0002s ]
SQL: SHOW COLUMNS FROM `hr_costproducttype` [ RunTime:0.0011s ]
SQL: SELECT * FROM `hr_costproducttype`  [ RunTime:0.0002s ]
SQL: SHOW COLUMNS FROM `hr_danwei` [ RunTime:0.0013s ]
SQL: SELECT * FROM `hr_danwei`  [ RunTime:0.0004s ]
SQL: SELECT COUNT(*) AS tp_count FROM `hr_costinbound` WHERE `warehouseid` = '3' AND `sjquantity` > 0 AND `kcquantity` > 0 LIMIT 1   [ RunTime:0.0012s ]
INFO: [ app_end ] --START--
INFO: Run Behavior\ShowPageTraceBehavior [ RunTime:0.000394s ]
INFO: [ app_end ] --END-- [ RunTime:0.000559s ]

[ 2019-10-24T23:21:41+08:00 ] ::1 /cost/index.php/Home/Index/applyproductsuc_up.html
INFO: [ app_begin ] --START--
INFO: Run Behavior\ReadHtmlCacheBehavior [ RunTime:0.000367s ]
INFO: [ app_begin ] --END-- [ RunTime:0.000809s ]
SQL: SHOW COLUMNS FROM `hr_costapply` [ RunTime:0.0015s ]
SQL: INSERT INTO `hr_costapply` (`productid`,`warehouseid`,`pwid`,`jgh`,`applyquantity`,`applyjgh`,`date`,`shenhe`) VALUES ('213','3','2133','2','10','33001516','2019-10-24','未审核') [ RunTime:0.0010s ]
INFO: [ app_end ] --START--
INFO: Run Behavior\ShowPageTraceBehavior [ RunTime:0.000505s ]
INFO: [ app_end ] --END-- [ RunTime:0.000696s ]

[ 2019-10-24T23:21:43+08:00 ] ::1 /cost/index.php/Home/Index/applyproduct_ups.html?page=1&limit=20
INFO: [ app_begin ] --START--
INFO: Run Behavior\ReadHtmlCacheBehavior [ RunTime:0.000586s ]
INFO: [ app_begin ] --END-- [ RunTime:0.001101s ]
NOTIC: [8] Undefined index: product /Library/WebServer/Documents/cost/Application/Home/Controller/IndexController.class.php 第 1008 行.
NOTIC: [8] Undefined index: warehouseid /Library/WebServer/Documents/cost/Application/Home/Controller/IndexController.class.php 第 1023 行.
NOTIC: [8] Undefined index: date /Library/WebServer/Documents/cost/Application/Home/Controller/IndexController.class.php 第 1024 行.
SQL: SHOW COLUMNS FROM `hr_costinbound` [ RunTime:0.0020s ]
SQL: SELECT `productid`,`warehouseid`,`pwid`,sum(kcquantity) as sumkcquantity FROM `hr_costinbound` WHERE `sjquantity` > 0 AND `kcquantity` > 0 GROUP BY productid,pwid,warehouseid ORDER BY warehouseid asc LIMIT 0,20   [ RunTime:0.0015s ]
SQL: SHOW COLUMNS FROM `hr_costapply` [ RunTime:0.0016s ]
SQL: SELECT `pwid`,sum(applyquantity) as sumapplyquantity FROM `hr_costapply` WHERE `shenhe` IN ('未审核','审核同意') GROUP BY pwid  [ RunTime:0.0064s ]
SQL: SHOW COLUMNS FROM `hr_costproduct` [ RunTime:0.0016s ]
SQL: SELECT * FROM `hr_costproduct`  [ RunTime:0.0009s ]
SQL: SHOW COLUMNS FROM `hr_costwarehouse` [ RunTime:0.0015s ]
SQL: SELECT * FROM `hr_costwarehouse`  [ RunTime:0.0002s ]
SQL: SHOW COLUMNS FROM `hr_costproducttype` [ RunTime:0.0014s ]
SQL: SELECT * FROM `hr_costproducttype`  [ RunTime:0.0002s ]
SQL: SHOW COLUMNS FROM `hr_danwei` [ RunTime:0.0014s ]
SQL: SELECT * FROM `hr_danwei`  [ RunTime:0.0002s ]
SQL: SELECT COUNT(*) AS tp_count FROM `hr_costinbound` WHERE `sjquantity` > 0 AND `kcquantity` > 0 LIMIT 1   [ RunTime:0.0012s ]
INFO: [ app_end ] --START--
INFO: Run Behavior\ShowPageTraceBehavior [ RunTime:0.000405s ]
INFO: [ app_end ] --END-- [ RunTime:0.000584s ]

[ 2019-10-24T23:23:22+08:00 ] ::1 /cost/index.php/Home/Index/applyproduct_ups.html?page=1&limit=20
INFO: [ app_begin ] --START--
INFO: Run Behavior\ReadHtmlCacheBehavior [ RunTime:0.000455s ]
INFO: [ app_begin ] --END-- [ RunTime:0.000957s ]
NOTIC: [8] Undefined index: product /Library/WebServer/Documents/cost/Application/Home/Controller/IndexController.class.php 第 1008 行.
NOTIC: [8] Undefined index: warehouseid /Library/WebServer/Documents/cost/Application/Home/Controller/IndexController.class.php 第 1023 行.
NOTIC: [8] Undefined index: date /Library/WebServer/Documents/cost/Application/Home/Controller/IndexController.class.php 第 1024 行.
SQL: SHOW COLUMNS FROM `hr_costinbound` [ RunTime:0.0017s ]
SQL: SELECT `productid`,`warehouseid`,`pwid`,sum(kcquantity) as sumkcquantity FROM `hr_costinbound` WHERE `sjquantity` > 0 AND `kcquantity` > 0 GROUP BY productid,pwid,warehouseid ORDER BY warehouseid asc LIMIT 0,20   [ RunTime:0.0014s ]
SQL: SHOW COLUMNS FROM `hr_costapply` [ RunTime:0.0018s ]
SQL: SELECT `pwid`,sum(applyquantity) as sumapplyquantity FROM `hr_costapply` WHERE `shenhe` IN ('未审核','审核同意') GROUP BY pwid  [ RunTime:0.0055s ]
SQL: SHOW COLUMNS FROM `hr_costproduct` [ RunTime:0.0015s ]
SQL: SELECT * FROM `hr_costproduct`  [ RunTime:0.0009s ]
SQL: SHOW COLUMNS FROM `hr_costwarehouse` [ RunTime:0.0017s ]
SQL: SELECT * FROM `hr_costwarehouse`  [ RunTime:0.0002s ]
SQL: SHOW COLUMNS FROM `hr_costproducttype` [ RunTime:0.0013s ]
SQL: SELECT * FROM `hr_costproducttype`  [ RunTime:0.0001s ]
SQL: SHOW COLUMNS FROM `hr_danwei` [ RunTime:0.0013s ]
SQL: SELECT * FROM `hr_danwei`  [ RunTime:0.0003s ]
SQL: SELECT COUNT(*) AS tp_count FROM `hr_costinbound` WHERE `sjquantity` > 0 AND `kcquantity` > 0 LIMIT 1   [ RunTime:0.0010s ]
INFO: [ app_end ] --START--
INFO: Run Behavior\ShowPageTraceBehavior [ RunTime:0.000375s ]
INFO: [ app_end ] --END-- [ RunTime:0.000537s ]

[ 2019-10-24T23:23:27+08:00 ] ::1 /cost/index.php/Home/Index/applyproductsuc_up.html
INFO: [ app_begin ] --START--
INFO: Run Behavior\ReadHtmlCacheBehavior [ RunTime:0.000330s ]
INFO: [ app_begin ] --END-- [ RunTime:0.000835s ]
SQL: SHOW COLUMNS FROM `hr_costapply` [ RunTime:0.0015s ]
NOTIC: [8] Undefined variable: carr /Library/WebServer/Documents/cost/Application/Home/Controller/IndexController.class.php 第 1177 行.
INFO: [ app_end ] --START--
INFO: Run Behavior\ShowPageTraceBehavior [ RunTime:0.000388s ]
INFO: [ app_end ] --END-- [ RunTime:0.000567s ]

[ 2019-10-24T23:23:29+08:00 ] ::1 /cost/index.php/Home/Index/applyproduct_ups.html?page=1&limit=20
INFO: [ app_begin ] --START--
INFO: Run Behavior\ReadHtmlCacheBehavior [ RunTime:0.000601s ]
INFO: [ app_begin ] --END-- [ RunTime:0.001412s ]
NOTIC: [8] Undefined index: product /Library/WebServer/Documents/cost/Application/Home/Controller/IndexController.class.php 第 1008 行.
NOTIC: [8] Undefined index: warehouseid /Library/WebServer/Documents/cost/Application/Home/Controller/IndexController.class.php 第 1023 行.
NOTIC: [8] Undefined index: date /Library/WebServer/Documents/cost/Application/Home/Controller/IndexController.class.php 第 1024 行.
SQL: SHOW COLUMNS FROM `hr_costinbound` [ RunTime:0.0017s ]
SQL: SELECT `productid`,`warehouseid`,`pwid`,sum(kcquantity) as sumkcquantity FROM `hr_costinbound` WHERE `sjquantity` > 0 AND `kcquantity` > 0 GROUP BY productid,pwid,warehouseid ORDER BY warehouseid asc LIMIT 0,20   [ RunTime:0.0014s ]
SQL: SHOW COLUMNS FROM `hr_costapply` [ RunTime:0.0021s ]
SQL: SELECT `pwid`,sum(applyquantity) as sumapplyquantity FROM `hr_costapply` WHERE `shenhe` IN ('未审核','审核同意') GROUP BY pwid  [ RunTime:0.0063s ]
SQL: SHOW COLUMNS FROM `hr_costproduct` [ RunTime:0.0015s ]
SQL: SELECT * FROM `hr_costproduct`  [ RunTime:0.0008s ]
SQL: SHOW COLUMNS FROM `hr_costwarehouse` [ RunTime:0.0014s ]
SQL: SELECT * FROM `hr_costwarehouse`  [ RunTime:0.0002s ]
SQL: SHOW COLUMNS FROM `hr_costproducttype` [ RunTime:0.0014s ]
SQL: SELECT * FROM `hr_costproducttype`  [ RunTime:0.0002s ]
SQL: SHOW COLUMNS FROM `hr_danwei` [ RunTime:0.0013s ]
SQL: SELECT * FROM `hr_danwei`  [ RunTime:0.0003s ]
SQL: SELECT COUNT(*) AS tp_count FROM `hr_costinbound` WHERE `sjquantity` > 0 AND `kcquantity` > 0 LIMIT 1   [ RunTime:0.0013s ]
INFO: [ app_end ] --START--
INFO: Run Behavior\ShowPageTraceBehavior [ RunTime:0.000469s ]
INFO: [ app_end ] --END-- [ RunTime:0.000649s ]

[ 2019-10-24T23:24:02+08:00 ] ::1 /cost/index.php/Home/Index/applyproduct_ups.html?page=1&limit=20
INFO: [ app_begin ] --START--
INFO: Run Behavior\ReadHtmlCacheBehavior [ RunTime:0.000335s ]
INFO: [ app_begin ] --END-- [ RunTime:0.000728s ]
NOTIC: [8] Undefined index: product /Library/WebServer/Documents/cost/Application/Home/Controller/IndexController.class.php 第 1008 行.
NOTIC: [8] Undefined index: warehouseid /Library/WebServer/Documents/cost/Application/Home/Controller/IndexController.class.php 第 1023 行.
NOTIC: [8] Undefined index: date /Library/WebServer/Documents/cost/Application/Home/Controller/IndexController.class.php 第 1024 行.
SQL: SHOW COLUMNS FROM `hr_costinbound` [ RunTime:0.0020s ]
SQL: SELECT `productid`,`warehouseid`,`pwid`,sum(kcquantity) as sumkcquantity FROM `hr_costinbound` WHERE `sjquantity` > 0 AND `kcquantity` > 0 GROUP BY productid,pwid,warehouseid ORDER BY warehouseid asc LIMIT 0,20   [ RunTime:0.0014s ]
SQL: SHOW COLUMNS FROM `hr_costapply` [ RunTime:0.0015s ]
SQL: SELECT `pwid`,sum(applyquantity) as sumapplyquantity FROM `hr_costapply` WHERE `shenhe` IN ('未审核','审核同意') GROUP BY pwid  [ RunTime:0.0062s ]
SQL: SHOW COLUMNS FROM `hr_costproduct` [ RunTime:0.0015s ]
SQL: SELECT * FROM `hr_costproduct`  [ RunTime:0.0012s ]
SQL: SHOW COLUMNS FROM `hr_costwarehouse` [ RunTime:0.0015s ]
SQL: SELECT * FROM `hr_costwarehouse`  [ RunTime:0.0002s ]
SQL: SHOW COLUMNS FROM `hr_costproducttype` [ RunTime:0.0014s ]
SQL: SELECT * FROM `hr_costproducttype`  [ RunTime:0.0002s ]
SQL: SHOW COLUMNS FROM `hr_danwei` [ RunTime:0.0013s ]
SQL: SELECT * FROM `hr_danwei`  [ RunTime:0.0003s ]
SQL: SELECT COUNT(*) AS tp_count FROM `hr_costinbound` WHERE `sjquantity` > 0 AND `kcquantity` > 0 LIMIT 1   [ RunTime:0.0012s ]
INFO: [ app_end ] --START--
INFO: Run Behavior\ShowPageTraceBehavior [ RunTime:0.000480s ]
INFO: [ app_end ] --END-- [ RunTime:0.000697s ]

[ 2019-10-24T23:24:04+08:00 ] ::1 /cost/index.php/Home/Index/applyproductsuc_up.html
INFO: [ app_begin ] --START--
INFO: Run Behavior\ReadHtmlCacheBehavior [ RunTime:0.000340s ]
INFO: [ app_begin ] --END-- [ RunTime:0.000829s ]
SQL: SHOW COLUMNS FROM `hr_costapply` [ RunTime:0.0014s ]
NOTIC: [8] Undefined variable: carr /Library/WebServer/Documents/cost/Application/Home/Controller/IndexController.class.php 第 1177 行.
INFO: [ app_end ] --START--
INFO: Run Behavior\ShowPageTraceBehavior [ RunTime:0.000333s ]
INFO: [ app_end ] --END-- [ RunTime:0.000513s ]

[ 2019-10-24T23:26:37+08:00 ] ::1 /cost/index.php/Home/Index/applyproduct_ups.html?page=1&limit=20
INFO: [ app_begin ] --START--
INFO: Run Behavior\ReadHtmlCacheBehavior [ RunTime:0.000472s ]
INFO: [ app_begin ] --END-- [ RunTime:0.000883s ]
NOTIC: [8] Undefined index: product /Library/WebServer/Documents/cost/Application/Home/Controller/IndexController.class.php 第 1008 行.
NOTIC: [8] Undefined index: warehouseid /Library/WebServer/Documents/cost/Application/Home/Controller/IndexController.class.php 第 1023 行.
NOTIC: [8] Undefined index: date /Library/WebServer/Documents/cost/Application/Home/Controller/IndexController.class.php 第 1024 行.
SQL: SHOW COLUMNS FROM `hr_costinbound` [ RunTime:0.0016s ]
SQL: SELECT `productid`,`warehouseid`,`pwid`,sum(kcquantity) as sumkcquantity FROM `hr_costinbound` WHERE `sjquantity` > 0 AND `kcquantity` > 0 GROUP BY productid,pwid,warehouseid ORDER BY warehouseid asc LIMIT 0,20   [ RunTime:0.0015s ]
SQL: SHOW COLUMNS FROM `hr_costapply` [ RunTime:0.0015s ]
SQL: SELECT `pwid`,sum(applyquantity) as sumapplyquantity FROM `hr_costapply` WHERE `shenhe` IN ('未审核','审核同意') GROUP BY pwid  [ RunTime:0.0063s ]
SQL: SHOW COLUMNS FROM `hr_costproduct` [ RunTime:0.0017s ]
SQL: SELECT * FROM `hr_costproduct`  [ RunTime:0.0009s ]
SQL: SHOW COLUMNS FROM `hr_costwarehouse` [ RunTime:0.0014s ]
SQL: SELECT * FROM `hr_costwarehouse`  [ RunTime:0.0003s ]
SQL: SHOW COLUMNS FROM `hr_costproducttype` [ RunTime:0.0013s ]
SQL: SELECT * FROM `hr_costproducttype`  [ RunTime:0.0002s ]
SQL: SHOW COLUMNS FROM `hr_danwei` [ RunTime:0.0013s ]
SQL: SELECT * FROM `hr_danwei`  [ RunTime:0.0003s ]
SQL: SELECT COUNT(*) AS tp_count FROM `hr_costinbound` WHERE `sjquantity` > 0 AND `kcquantity` > 0 LIMIT 1   [ RunTime:0.0014s ]
INFO: [ app_end ] --START--
INFO: Run Behavior\ShowPageTraceBehavior [ RunTime:0.000665s ]
INFO: [ app_end ] --END-- [ RunTime:0.000932s ]

[ 2019-10-24T23:26:40+08:00 ] ::1 /cost/index.php/Home/Index/applyproduct_ups.html?page=1&limit=20&warehouseid=3&product=&date=
INFO: [ app_begin ] --START--
INFO: Run Behavior\ReadHtmlCacheBehavior [ RunTime:0.000363s ]
INFO: [ app_begin ] --END-- [ RunTime:0.000803s ]
SQL: SHOW COLUMNS FROM `hr_costinbound` [ RunTime:0.0014s ]
SQL: SELECT `productid`,`warehouseid`,`pwid`,sum(kcquantity) as sumkcquantity FROM `hr_costinbound` WHERE `warehouseid` = '3' AND `sjquantity` > 0 AND `kcquantity` > 0 GROUP BY productid,pwid,warehouseid ORDER BY warehouseid asc LIMIT 0,20   [ RunTime:0.0011s ]
SQL: SHOW COLUMNS FROM `hr_costapply` [ RunTime:0.0013s ]
SQL: SELECT `pwid`,sum(applyquantity) as sumapplyquantity FROM `hr_costapply` WHERE `shenhe` IN ('未审核','审核同意') GROUP BY pwid  [ RunTime:0.0051s ]
SQL: SHOW COLUMNS FROM `hr_costproduct` [ RunTime:0.0011s ]
SQL: SELECT * FROM `hr_costproduct`  [ RunTime:0.0008s ]
SQL: SHOW COLUMNS FROM `hr_costwarehouse` [ RunTime:0.0016s ]
SQL: SELECT * FROM `hr_costwarehouse`  [ RunTime:0.0002s ]
SQL: SHOW COLUMNS FROM `hr_costproducttype` [ RunTime:0.0011s ]
SQL: SELECT * FROM `hr_costproducttype`  [ RunTime:0.0001s ]
SQL: SHOW COLUMNS FROM `hr_danwei` [ RunTime:0.0012s ]
SQL: SELECT * FROM `hr_danwei`  [ RunTime:0.0002s ]
SQL: SELECT COUNT(*) AS tp_count FROM `hr_costinbound` WHERE `warehouseid` = '3' AND `sjquantity` > 0 AND `kcquantity` > 0 LIMIT 1   [ RunTime:0.0009s ]
INFO: [ app_end ] --START--
INFO: Run Behavior\ShowPageTraceBehavior [ RunTime:0.000351s ]
INFO: [ app_end ] --END-- [ RunTime:0.000522s ]

[ 2019-10-24T23:26:44+08:00 ] ::1 /cost/index.php/Home/Index/applyproductsuc_up.html
INFO: [ app_begin ] --START--
INFO: Run Behavior\ReadHtmlCacheBehavior [ RunTime:0.000385s ]
INFO: [ app_begin ] --END-- [ RunTime:0.000802s ]
SQL: SHOW COLUMNS FROM `hr_costapply` [ RunTime:0.0015s ]
SQL: INSERT INTO `hr_costapply` (`productid`,`warehouseid`,`pwid`,`jgh`,`applyquantity`,`applyjgh`,`date`,`shenhe`) VALUES ('213','3','2133','2','10','40','2019-10-24','未审核') [ RunTime:0.0007s ]
INFO: [ app_end ] --START--
INFO: Run Behavior\ShowPageTraceBehavior [ RunTime:0.000417s ]
INFO: [ app_end ] --END-- [ RunTime:0.000601s ]

[ 2019-10-24T23:26:46+08:00 ] ::1 /cost/index.php/Home/Index/applyproduct_ups.html?page=1&limit=20
INFO: [ app_begin ] --START--
INFO: Run Behavior\ReadHtmlCacheBehavior [ RunTime:0.000311s ]
INFO: [ app_begin ] --END-- [ RunTime:0.000729s ]
NOTIC: [8] Undefined index: product /Library/WebServer/Documents/cost/Application/Home/Controller/IndexController.class.php 第 1008 行.
NOTIC: [8] Undefined index: warehouseid /Library/WebServer/Documents/cost/Application/Home/Controller/IndexController.class.php 第 1023 行.
NOTIC: [8] Undefined index: date /Library/WebServer/Documents/cost/Application/Home/Controller/IndexController.class.php 第 1024 行.
SQL: SHOW COLUMNS FROM `hr_costinbound` [ RunTime:0.0020s ]
SQL: SELECT `productid`,`warehouseid`,`pwid`,sum(kcquantity) as sumkcquantity FROM `hr_costinbound` WHERE `sjquantity` > 0 AND `kcquantity` > 0 GROUP BY productid,pwid,warehouseid ORDER BY warehouseid asc LIMIT 0,20   [ RunTime:0.0016s ]
SQL: SHOW COLUMNS FROM `hr_costapply` [ RunTime:0.0016s ]
SQL: SELECT `pwid`,sum(applyquantity) as sumapplyquantity FROM `hr_costapply` WHERE `shenhe` IN ('未审核','审核同意') GROUP BY pwid  [ RunTime:0.0065s ]
SQL: SHOW COLUMNS FROM `hr_costproduct` [ RunTime:0.0014s ]
SQL: SELECT * FROM `hr_costproduct`  [ RunTime:0.0008s ]
SQL: SHOW COLUMNS FROM `hr_costwarehouse` [ RunTime:0.0018s ]
SQL: SELECT * FROM `hr_costwarehouse`  [ RunTime:0.0003s ]
SQL: SHOW COLUMNS FROM `hr_costproducttype` [ RunTime:0.0017s ]
SQL: SELECT * FROM `hr_costproducttype`  [ RunTime:0.0004s ]
SQL: SHOW COLUMNS FROM `hr_danwei` [ RunTime:0.0017s ]
SQL: SELECT * FROM `hr_danwei`  [ RunTime:0.0003s ]
SQL: SELECT COUNT(*) AS tp_count FROM `hr_costinbound` WHERE `sjquantity` > 0 AND `kcquantity` > 0 LIMIT 1   [ RunTime:0.0011s ]
INFO: [ app_end ] --START--
INFO: Run Behavior\ShowPageTraceBehavior [ RunTime:0.000382s ]
INFO: [ app_end ] --END-- [ RunTime:0.000560s ]

[ 2019-10-24T23:26:50+08:00 ] ::1 /cost/index.php/Home/Index/applyproduct_ups.html?page=1&limit=20&warehouseid=3&product=&date=
INFO: [ app_begin ] --START--
INFO: Run Behavior\ReadHtmlCacheBehavior [ RunTime:0.000411s ]
INFO: [ app_begin ] --END-- [ RunTime:0.000817s ]
SQL: SHOW COLUMNS FROM `hr_costinbound` [ RunTime:0.0018s ]
SQL: SELECT `productid`,`warehouseid`,`pwid`,sum(kcquantity) as sumkcquantity FROM `hr_costinbound` WHERE `warehouseid` = '3' AND `sjquantity` > 0 AND `kcquantity` > 0 GROUP BY productid,pwid,warehouseid ORDER BY warehouseid asc LIMIT 0,20   [ RunTime:0.0012s ]
SQL: SHOW COLUMNS FROM `hr_costapply` [ RunTime:0.0015s ]
SQL: SELECT `pwid`,sum(applyquantity) as sumapplyquantity FROM `hr_costapply` WHERE `shenhe` IN ('未审核','审核同意') GROUP BY pwid  [ RunTime:0.0055s ]
SQL: SHOW COLUMNS FROM `hr_costproduct` [ RunTime:0.0014s ]
SQL: SELECT * FROM `hr_costproduct`  [ RunTime:0.0010s ]
SQL: SHOW COLUMNS FROM `hr_costwarehouse` [ RunTime:0.0014s ]
SQL: SELECT * FROM `hr_costwarehouse`  [ RunTime:0.0002s ]
SQL: SHOW COLUMNS FROM `hr_costproducttype` [ RunTime:0.0012s ]
SQL: SELECT * FROM `hr_costproducttype`  [ RunTime:0.0001s ]
SQL: SHOW COLUMNS FROM `hr_danwei` [ RunTime:0.0012s ]
SQL: SELECT * FROM `hr_danwei`  [ RunTime:0.0002s ]
SQL: SELECT COUNT(*) AS tp_count FROM `hr_costinbound` WHERE `warehouseid` = '3' AND `sjquantity` > 0 AND `kcquantity` > 0 LIMIT 1   [ RunTime:0.0010s ]
INFO: [ app_end ] --START--
INFO: Run Behavior\ShowPageTraceBehavior [ RunTime:0.000363s ]
INFO: [ app_end ] --END-- [ RunTime:0.000516s ]

[ 2019-10-24T23:26:57+08:00 ] ::1 /cost/index.php/Home/Index/applyproduct_ups.html?page=1&limit=20
INFO: [ app_begin ] --START--
INFO: Run Behavior\ReadHtmlCacheBehavior [ RunTime:0.000302s ]
INFO: [ app_begin ] --END-- [ RunTime:0.000641s ]
NOTIC: [8] Undefined index: product /Library/WebServer/Documents/cost/Application/Home/Controller/IndexController.class.php 第 1008 行.
NOTIC: [8] Undefined index: warehouseid /Library/WebServer/Documents/cost/Application/Home/Controller/IndexController.class.php 第 1023 行.
NOTIC: [8] Undefined index: date /Library/WebServer/Documents/cost/Application/Home/Controller/IndexController.class.php 第 1024 行.
SQL: SHOW COLUMNS FROM `hr_costinbound` [ RunTime:0.0017s ]
SQL: SELECT `productid`,`warehouseid`,`pwid`,sum(kcquantity) as sumkcquantity FROM `hr_costinbound` WHERE `sjquantity` > 0 AND `kcquantity` > 0 GROUP BY productid,pwid,warehouseid ORDER BY warehouseid asc LIMIT 0,20   [ RunTime:0.0013s ]
SQL: SHOW COLUMNS FROM `hr_costapply` [ RunTime:0.0022s ]
SQL: SELECT `pwid`,sum(applyquantity) as sumapplyquantity FROM `hr_costapply` WHERE `shenhe` IN ('未审核','审核同意') GROUP BY pwid  [ RunTime:0.0063s ]
SQL: SHOW COLUMNS FROM `hr_costproduct` [ RunTime:0.0014s ]
SQL: SELECT * FROM `hr_costproduct`  [ RunTime:0.0008s ]
SQL: SHOW COLUMNS FROM `hr_costwarehouse` [ RunTime:0.0015s ]
SQL: SELECT * FROM `hr_costwarehouse`  [ RunTime:0.0003s ]
SQL: SHOW COLUMNS FROM `hr_costproducttype` [ RunTime:0.0016s ]
SQL: SELECT * FROM `hr_costproducttype`  [ RunTime:0.0002s ]
SQL: SHOW COLUMNS FROM `hr_danwei` [ RunTime:0.0013s ]
SQL: SELECT * FROM `hr_danwei`  [ RunTime:0.0003s ]
SQL: SELECT COUNT(*) AS tp_count FROM `hr_costinbound` WHERE `sjquantity` > 0 AND `kcquantity` > 0 LIMIT 1   [ RunTime:0.0010s ]
INFO: [ app_end ] --START--
INFO: Run Behavior\ShowPageTraceBehavior [ RunTime:0.000408s ]
INFO: [ app_end ] --END-- [ RunTime:0.000605s ]

