[ 2019-12-23T09:15:06+08:00 ] ::1 /cost/index.php/Home/Index/equipmentups.html?page=1&limit=20
INFO: [ app_begin ] --START--
INFO: Run Behavior\ReadHtmlCacheBehavior [ RunTime:0.000299s ]
INFO: [ app_begin ] --END-- [ RunTime:0.000656s ]
NOTIC: [8] Undefined index: device_class /Library/WebServer/Documents/cost/Application/Home/Controller/IndexController.class.php 第 3423 行.
NOTIC: [8] Undefined index: equipmentid /Library/WebServer/Documents/cost/Application/Home/Controller/IndexController.class.php 第 3445 行.
NOTIC: [8] Undefined index: date /Library/WebServer/Documents/cost/Application/Home/Controller/IndexController.class.php 第 3446 行.
SQL: SHOW COLUMNS FROM `hr_icequipment_sub` [ RunTime:0.0013s ]
SQL: SELECT * FROM `hr_icequipment_sub` WHERE `dwname` = '33001516' AND `status` = 0 AND `stats` = 0 ORDER BY equipmentid asc LIMIT 0,20   [ RunTime:0.0003s ]
SQL: SHOW COLUMNS FROM `hr_icdevice` [ RunTime:0.0013s ]
SQL: SELECT * FROM `hr_icdevice`  [ RunTime:0.0002s ]
SQL: SHOW COLUMNS FROM `hr_icdevice_class` [ RunTime:0.0013s ]
SQL: SELECT * FROM `hr_icdevice_class`  [ RunTime:0.0002s ]
SQL: SHOW COLUMNS FROM `hr_icdispose` [ RunTime:0.0012s ]
SQL: SELECT * FROM `hr_icdispose`  [ RunTime:0.0002s ]
SQL: SHOW COLUMNS FROM `hr_icdevice_sub` [ RunTime:0.0012s ]
SQL: SELECT * FROM `hr_icdevice_sub`  [ RunTime:0.0002s ]
SQL: SHOW COLUMNS FROM `hr_icmaintenance` [ RunTime:0.0012s ]
SQL: SELECT * FROM `hr_icmaintenance`  [ RunTime:0.0002s ]
SQL: SHOW COLUMNS FROM `hr_icsupplier` [ RunTime:0.0011s ]
SQL: SELECT * FROM `hr_icsupplier`  [ RunTime:0.0001s ]
SQL: SHOW COLUMNS FROM `hr_icpurcha` [ RunTime:0.0011s ]
SQL: SELECT * FROM `hr_icpurcha`  [ RunTime:0.0001s ]
SQL: SHOW COLUMNS FROM `hr_icequipment` [ RunTime:0.0012s ]
SQL: SELECT * FROM `hr_icequipment`  [ RunTime:0.0002s ]
NOTIC: [8] Undefined index: purchaid /Library/WebServer/Documents/cost/Application/Home/Controller/IndexController.class.php 第 3363 行.
NOTIC: [8] Undefined index: purchaid /Library/WebServer/Documents/cost/Application/Home/Controller/IndexController.class.php 第 3363 行.
NOTIC: [8] Undefined index: purchaid /Library/WebServer/Documents/cost/Application/Home/Controller/IndexController.class.php 第 3363 行.
NOTIC: [8] Undefined index: purchaid /Library/WebServer/Documents/cost/Application/Home/Controller/IndexController.class.php 第 3363 行.
NOTIC: [8] Undefined variable: equipment /Library/WebServer/Documents/cost/Application/Home/Controller/IndexController.class.php 第 3470 行.
SQL: SELECT COUNT(*) AS tp_count FROM `hr_icequipment_sub` LIMIT 1   [ RunTime:0.0002s ]
INFO: [ app_end ] --START--
INFO: Run Behavior\ShowPageTraceBehavior [ RunTime:0.000466s ]
INFO: [ app_end ] --END-- [ RunTime:0.000627s ]

[ 2019-12-23T09:15:14+08:00 ] ::1 /cost/index.php/Home/Index/equipmentups.html?page=1&limit=20&equipmentid=1&device_class=&device_sub=
INFO: [ app_begin ] --START--
INFO: Run Behavior\ReadHtmlCacheBehavior [ RunTime:0.000330s ]
INFO: [ app_begin ] --END-- [ RunTime:0.000743s ]
NOTIC: [8] Undefined index: date /Library/WebServer/Documents/cost/Application/Home/Controller/IndexController.class.php 第 3446 行.
SQL: SHOW COLUMNS FROM `hr_icequipment_sub` [ RunTime:0.0014s ]
SQL: SELECT * FROM `hr_icequipment_sub` WHERE `equipmentid` = 1 AND `dwname` = '33001516' AND `status` = 0 AND `stats` = 0 ORDER BY equipmentid asc LIMIT 0,20   [ RunTime:0.0003s ]
SQL: SHOW COLUMNS FROM `hr_icdevice` [ RunTime:0.0014s ]
SQL: SELECT * FROM `hr_icdevice`  [ RunTime:0.0003s ]
SQL: SHOW COLUMNS FROM `hr_icdevice_class` [ RunTime:0.0013s ]
SQL: SELECT * FROM `hr_icdevice_class`  [ RunTime:0.0002s ]
SQL: SHOW COLUMNS FROM `hr_icdispose` [ RunTime:0.0012s ]
SQL: SELECT * FROM `hr_icdispose`  [ RunTime:0.0001s ]
SQL: SHOW COLUMNS FROM `hr_icdevice_sub` [ RunTime:0.0011s ]
SQL: SELECT * FROM `hr_icdevice_sub`  [ RunTime:0.0001s ]
SQL: SHOW COLUMNS FROM `hr_icmaintenance` [ RunTime:0.0011s ]
SQL: SELECT * FROM `hr_icmaintenance`  [ RunTime:0.0002s ]
SQL: SHOW COLUMNS FROM `hr_icsupplier` [ RunTime:0.0011s ]
SQL: SELECT * FROM `hr_icsupplier`  [ RunTime:0.0001s ]
SQL: SHOW COLUMNS FROM `hr_icpurcha` [ RunTime:0.0012s ]
SQL: SELECT * FROM `hr_icpurcha`  [ RunTime:0.0001s ]
SQL: SHOW COLUMNS FROM `hr_icequipment` [ RunTime:0.0011s ]
SQL: SELECT * FROM `hr_icequipment`  [ RunTime:0.0001s ]
NOTIC: [8] Undefined index: purchaid /Library/WebServer/Documents/cost/Application/Home/Controller/IndexController.class.php 第 3363 行.
NOTIC: [8] Undefined index: purchaid /Library/WebServer/Documents/cost/Application/Home/Controller/IndexController.class.php 第 3363 行.
NOTIC: [8] Undefined variable: equipment /Library/WebServer/Documents/cost/Application/Home/Controller/IndexController.class.php 第 3470 行.
SQL: SELECT COUNT(*) AS tp_count FROM `hr_icequipment_sub` LIMIT 1   [ RunTime:0.0002s ]
INFO: [ app_end ] --START--
INFO: Run Behavior\ShowPageTraceBehavior [ RunTime:0.000364s ]
INFO: [ app_end ] --END-- [ RunTime:0.000528s ]

[ 2019-12-23T09:15:39+08:00 ] ::1 /cost/index.php/Home/Index/equipmentups.html?page=1&limit=20
INFO: [ app_begin ] --START--
INFO: Run Behavior\ReadHtmlCacheBehavior [ RunTime:0.000286s ]
INFO: [ app_begin ] --END-- [ RunTime:0.000610s ]
NOTIC: [8] Undefined index: device_class /Library/WebServer/Documents/cost/Application/Home/Controller/IndexController.class.php 第 3423 行.
NOTIC: [8] Undefined index: equipmentid /Library/WebServer/Documents/cost/Application/Home/Controller/IndexController.class.php 第 3445 行.
NOTIC: [8] Undefined index: date /Library/WebServer/Documents/cost/Application/Home/Controller/IndexController.class.php 第 3446 行.
SQL: SHOW COLUMNS FROM `hr_icequipment_sub` [ RunTime:0.0013s ]
SQL: SELECT * FROM `hr_icequipment_sub` WHERE `dwname` = '33001516' AND `status` = 0 AND `stats` = 0 ORDER BY equipmentid asc LIMIT 0,20   [ RunTime:0.0003s ]
SQL: SHOW COLUMNS FROM `hr_icdevice` [ RunTime:0.0013s ]
SQL: SELECT * FROM `hr_icdevice`  [ RunTime:0.0002s ]
SQL: SHOW COLUMNS FROM `hr_icdevice_class` [ RunTime:0.0012s ]
SQL: SELECT * FROM `hr_icdevice_class`  [ RunTime:0.0002s ]
SQL: SHOW COLUMNS FROM `hr_icdispose` [ RunTime:0.0013s ]
SQL: SELECT * FROM `hr_icdispose`  [ RunTime:0.0002s ]
SQL: SHOW COLUMNS FROM `hr_icdevice_sub` [ RunTime:0.0014s ]
SQL: SELECT * FROM `hr_icdevice_sub`  [ RunTime:0.0002s ]
SQL: SHOW COLUMNS FROM `hr_icmaintenance` [ RunTime:0.0016s ]
SQL: SELECT * FROM `hr_icmaintenance`  [ RunTime:0.0002s ]
SQL: SHOW COLUMNS FROM `hr_icsupplier` [ RunTime:0.0012s ]
SQL: SELECT * FROM `hr_icsupplier`  [ RunTime:0.0001s ]
SQL: SHOW COLUMNS FROM `hr_icpurcha` [ RunTime:0.0013s ]
SQL: SELECT * FROM `hr_icpurcha`  [ RunTime:0.0002s ]
SQL: SHOW COLUMNS FROM `hr_icequipment` [ RunTime:0.0013s ]
SQL: SELECT * FROM `hr_icequipment`  [ RunTime:0.0002s ]
NOTIC: [8] Undefined index: purchaid /Library/WebServer/Documents/cost/Application/Home/Controller/IndexController.class.php 第 3363 行.
NOTIC: [8] Undefined index: purchaid /Library/WebServer/Documents/cost/Application/Home/Controller/IndexController.class.php 第 3363 行.
NOTIC: [8] Undefined index: purchaid /Library/WebServer/Documents/cost/Application/Home/Controller/IndexController.class.php 第 3363 行.
NOTIC: [8] Undefined index: purchaid /Library/WebServer/Documents/cost/Application/Home/Controller/IndexController.class.php 第 3363 行.
NOTIC: [8] Undefined variable: equipment /Library/WebServer/Documents/cost/Application/Home/Controller/IndexController.class.php 第 3470 行.
SQL: SELECT COUNT(*) AS tp_count FROM `hr_icequipment_sub` LIMIT 1   [ RunTime:0.0002s ]
INFO: [ app_end ] --START--
INFO: Run Behavior\ShowPageTraceBehavior [ RunTime:0.000371s ]
INFO: [ app_end ] --END-- [ RunTime:0.000526s ]

[ 2019-12-23T09:16:44+08:00 ] ::1 /cost/index.php/Home/Index/equipmentmodifys.html?page=1&limit=20
INFO: [ app_begin ] --START--
INFO: Run Behavior\ReadHtmlCacheBehavior [ RunTime:0.000296s ]
INFO: [ app_begin ] --END-- [ RunTime:0.000629s ]
SQL: SHOW COLUMNS FROM `hr_icdevice_break` [ RunTime:0.0016s ]
SQL: SELECT * FROM `hr_icdevice_break` WHERE `dwname` = '33001516' AND `stats` = 0 AND `status` = 0  [ RunTime:0.0002s ]
SQL: SHOW COLUMNS FROM `hr_icdevice` [ RunTime:0.0011s ]
SQL: SELECT * FROM `hr_icdevice`  [ RunTime:0.0002s ]
SQL: SHOW COLUMNS FROM `hr_icdevice_class` [ RunTime:0.0012s ]
SQL: SELECT * FROM `hr_icdevice_class`  [ RunTime:0.0003s ]
SQL: SHOW COLUMNS FROM `hr_icdispose` [ RunTime:0.0015s ]
SQL: SELECT * FROM `hr_icdispose`  [ RunTime:0.0002s ]
SQL: SHOW COLUMNS FROM `hr_icdevice_sub` [ RunTime:0.0014s ]
SQL: SELECT * FROM `hr_icdevice_sub`  [ RunTime:0.0002s ]
SQL: SHOW COLUMNS FROM `hr_icmaintenance` [ RunTime:0.0012s ]
SQL: SELECT * FROM `hr_icmaintenance`  [ RunTime:0.0002s ]
SQL: SHOW COLUMNS FROM `hr_icsupplier` [ RunTime:0.0015s ]
SQL: SELECT * FROM `hr_icsupplier`  [ RunTime:0.0002s ]
SQL: SHOW COLUMNS FROM `hr_icpurcha` [ RunTime:0.0012s ]
SQL: SELECT * FROM `hr_icpurcha`  [ RunTime:0.0002s ]
SQL: SHOW COLUMNS FROM `hr_icequipment` [ RunTime:0.0014s ]
SQL: SELECT * FROM `hr_icequipment`  [ RunTime:0.0003s ]
NOTIC: [8] Undefined index: purchaid /Library/WebServer/Documents/cost/Application/Home/Controller/IndexController.class.php 第 3363 行.
NOTIC: [8] Undefined index: purchaid /Library/WebServer/Documents/cost/Application/Home/Controller/IndexController.class.php 第 3363 行.
SQL: SELECT COUNT(*) AS tp_count FROM `hr_icdevice_break` WHERE `dwname` = '33001516' AND `stats` = 0 AND `status` = 0 LIMIT 1   [ RunTime:0.0002s ]
INFO: [ app_end ] --START--
INFO: Run Behavior\ShowPageTraceBehavior [ RunTime:0.000386s ]
INFO: [ app_end ] --END-- [ RunTime:0.000548s ]

[ 2019-12-23T09:17:01+08:00 ] ::1 /cost/index.php/Home/Index/equipmentmodifysuc.html
INFO: [ app_begin ] --START--
INFO: Run Behavior\ReadHtmlCacheBehavior [ RunTime:0.000340s ]
INFO: [ app_begin ] --END-- [ RunTime:0.000782s ]
SQL: SHOW COLUMNS FROM `hr_icdevice_break` [ RunTime:0.0016s ]
SQL: UPDATE `hr_icdevice_break` SET `beizhu`='报错了',`stats`='1' WHERE ( device_breakid = '6' ) [ RunTime:0.0018s ]
SQL: SHOW COLUMNS FROM `hr_icequipment_sub` [ RunTime:0.0019s ]
SQL: UPDATE `hr_icequipment_sub` SET `status`='0' WHERE ( equipment_subid = '3' ) [ RunTime:0.0008s ]
INFO: [ app_end ] --START--
INFO: Run Behavior\ShowPageTraceBehavior [ RunTime:0.000565s ]
INFO: [ app_end ] --END-- [ RunTime:0.000741s ]

[ 2019-12-23T09:17:02+08:00 ] ::1 /cost/index.php/Home/Index/equipmentmodifys.html?page=1&limit=20
INFO: [ app_begin ] --START--
INFO: Run Behavior\ReadHtmlCacheBehavior [ RunTime:0.000282s ]
INFO: [ app_begin ] --END-- [ RunTime:0.000604s ]
SQL: SHOW COLUMNS FROM `hr_icdevice_break` [ RunTime:0.0016s ]
SQL: SELECT * FROM `hr_icdevice_break` WHERE `dwname` = '33001516' AND `stats` = 0 AND `status` = 0  [ RunTime:0.0004s ]
SQL: SHOW COLUMNS FROM `hr_icdevice` [ RunTime:0.0014s ]
SQL: SELECT * FROM `hr_icdevice`  [ RunTime:0.0002s ]
SQL: SHOW COLUMNS FROM `hr_icdevice_class` [ RunTime:0.0013s ]
SQL: SELECT * FROM `hr_icdevice_class`  [ RunTime:0.0001s ]
SQL: SHOW COLUMNS FROM `hr_icdispose` [ RunTime:0.0012s ]
SQL: SELECT * FROM `hr_icdispose`  [ RunTime:0.0001s ]
SQL: SHOW COLUMNS FROM `hr_icdevice_sub` [ RunTime:0.0013s ]
SQL: SELECT * FROM `hr_icdevice_sub`  [ RunTime:0.0002s ]
SQL: SHOW COLUMNS FROM `hr_icmaintenance` [ RunTime:0.0013s ]
SQL: SELECT * FROM `hr_icmaintenance`  [ RunTime:0.0002s ]
SQL: SHOW COLUMNS FROM `hr_icsupplier` [ RunTime:0.0013s ]
SQL: SELECT * FROM `hr_icsupplier`  [ RunTime:0.0001s ]
SQL: SHOW COLUMNS FROM `hr_icpurcha` [ RunTime:0.0013s ]
SQL: SELECT * FROM `hr_icpurcha`  [ RunTime:0.0001s ]
SQL: SHOW COLUMNS FROM `hr_icequipment` [ RunTime:0.0012s ]
SQL: SELECT * FROM `hr_icequipment`  [ RunTime:0.0002s ]
SQL: SELECT COUNT(*) AS tp_count FROM `hr_icdevice_break` WHERE `dwname` = '33001516' AND `stats` = 0 AND `status` = 0 LIMIT 1   [ RunTime:0.0002s ]
INFO: [ app_end ] --START--
INFO: Run Behavior\ShowPageTraceBehavior [ RunTime:0.000376s ]
INFO: [ app_end ] --END-- [ RunTime:0.000530s ]

[ 2019-12-23T09:17:04+08:00 ] ::1 /cost/index.php/Home/Index/equipmentups.html?page=1&limit=20
INFO: [ app_begin ] --START--
INFO: Run Behavior\ReadHtmlCacheBehavior [ RunTime:0.000289s ]
INFO: [ app_begin ] --END-- [ RunTime:0.000612s ]
NOTIC: [8] Undefined index: device_class /Library/WebServer/Documents/cost/Application/Home/Controller/IndexController.class.php 第 3423 行.
NOTIC: [8] Undefined index: equipmentid /Library/WebServer/Documents/cost/Application/Home/Controller/IndexController.class.php 第 3445 行.
NOTIC: [8] Undefined index: date /Library/WebServer/Documents/cost/Application/Home/Controller/IndexController.class.php 第 3446 行.
SQL: SHOW COLUMNS FROM `hr_icequipment_sub` [ RunTime:0.0014s ]
SQL: SELECT * FROM `hr_icequipment_sub` WHERE `dwname` = '33001516' AND `status` = 0 AND `stats` = 0 ORDER BY equipmentid asc LIMIT 0,20   [ RunTime:0.0004s ]
SQL: SHOW COLUMNS FROM `hr_icdevice` [ RunTime:0.0013s ]
SQL: SELECT * FROM `hr_icdevice`  [ RunTime:0.0002s ]
SQL: SHOW COLUMNS FROM `hr_icdevice_class` [ RunTime:0.0011s ]
SQL: SELECT * FROM `hr_icdevice_class`  [ RunTime:0.0001s ]
SQL: SHOW COLUMNS FROM `hr_icdispose` [ RunTime:0.0011s ]
SQL: SELECT * FROM `hr_icdispose`  [ RunTime:0.0001s ]
SQL: SHOW COLUMNS FROM `hr_icdevice_sub` [ RunTime:0.0012s ]
SQL: SELECT * FROM `hr_icdevice_sub`  [ RunTime:0.0002s ]
SQL: SHOW COLUMNS FROM `hr_icmaintenance` [ RunTime:0.0012s ]
SQL: SELECT * FROM `hr_icmaintenance`  [ RunTime:0.0002s ]
SQL: SHOW COLUMNS FROM `hr_icsupplier` [ RunTime:0.0012s ]
SQL: SELECT * FROM `hr_icsupplier`  [ RunTime:0.0001s ]
SQL: SHOW COLUMNS FROM `hr_icpurcha` [ RunTime:0.0013s ]
SQL: SELECT * FROM `hr_icpurcha`  [ RunTime:0.0001s ]
SQL: SHOW COLUMNS FROM `hr_icequipment` [ RunTime:0.0011s ]
SQL: SELECT * FROM `hr_icequipment`  [ RunTime:0.0002s ]
NOTIC: [8] Undefined index: purchaid /Library/WebServer/Documents/cost/Application/Home/Controller/IndexController.class.php 第 3363 行.
NOTIC: [8] Undefined index: purchaid /Library/WebServer/Documents/cost/Application/Home/Controller/IndexController.class.php 第 3363 行.
NOTIC: [8] Undefined index: purchaid /Library/WebServer/Documents/cost/Application/Home/Controller/IndexController.class.php 第 3363 行.
NOTIC: [8] Undefined index: purchaid /Library/WebServer/Documents/cost/Application/Home/Controller/IndexController.class.php 第 3363 行.
NOTIC: [8] Undefined index: purchaid /Library/WebServer/Documents/cost/Application/Home/Controller/IndexController.class.php 第 3363 行.
NOTIC: [8] Undefined index: purchaid /Library/WebServer/Documents/cost/Application/Home/Controller/IndexController.class.php 第 3363 行.
NOTIC: [8] Undefined variable: equipment /Library/WebServer/Documents/cost/Application/Home/Controller/IndexController.class.php 第 3470 行.
SQL: SELECT COUNT(*) AS tp_count FROM `hr_icequipment_sub` LIMIT 1   [ RunTime:0.0002s ]
INFO: [ app_end ] --START--
INFO: Run Behavior\ShowPageTraceBehavior [ RunTime:0.000421s ]
INFO: [ app_end ] --END-- [ RunTime:0.000588s ]

[ 2019-12-23T09:17:07+08:00 ] ::1 /cost/index.php/Home/Index/equipmentsearchs.html?page=1&limit=20
INFO: [ app_begin ] --START--
INFO: Run Behavior\ReadHtmlCacheBehavior [ RunTime:0.000368s ]
INFO: [ app_begin ] --END-- [ RunTime:0.000779s ]
NOTIC: [8] Undefined index: device_class /Library/WebServer/Documents/cost/Application/Home/Controller/IndexController.class.php 第 3554 行.
NOTIC: [8] Undefined index: equipmentid /Library/WebServer/Documents/cost/Application/Home/Controller/IndexController.class.php 第 3568 行.
NOTIC: [8] Undefined index: date /Library/WebServer/Documents/cost/Application/Home/Controller/IndexController.class.php 第 3569 行.
SQL: SHOW COLUMNS FROM `hr_icdevice_break` [ RunTime:0.0018s ]
SQL: SELECT * FROM `hr_icdevice_break` WHERE `dwname` = '33001516' AND `stats` = 0 AND `status` = 0  [ RunTime:0.0003s ]
SQL: SHOW COLUMNS FROM `hr_icdevice` [ RunTime:0.0013s ]
SQL: SELECT * FROM `hr_icdevice`  [ RunTime:0.0002s ]
SQL: SHOW COLUMNS FROM `hr_icdevice_class` [ RunTime:0.0012s ]
SQL: SELECT * FROM `hr_icdevice_class`  [ RunTime:0.0002s ]
SQL: SHOW COLUMNS FROM `hr_icdispose` [ RunTime:0.0013s ]
SQL: SELECT * FROM `hr_icdispose`  [ RunTime:0.0001s ]
SQL: SHOW COLUMNS FROM `hr_icdevice_sub` [ RunTime:0.0011s ]
SQL: SELECT * FROM `hr_icdevice_sub`  [ RunTime:0.0001s ]
SQL: SHOW COLUMNS FROM `hr_icmaintenance` [ RunTime:0.0013s ]
SQL: SELECT * FROM `hr_icmaintenance`  [ RunTime:0.0002s ]
SQL: SHOW COLUMNS FROM `hr_icsupplier` [ RunTime:0.0014s ]
SQL: SELECT * FROM `hr_icsupplier`  [ RunTime:0.0002s ]
SQL: SHOW COLUMNS FROM `hr_icpurcha` [ RunTime:0.0013s ]
SQL: SELECT * FROM `hr_icpurcha`  [ RunTime:0.0002s ]
SQL: SHOW COLUMNS FROM `hr_icequipment` [ RunTime:0.0016s ]
SQL: SELECT * FROM `hr_icequipment`  [ RunTime:0.0002s ]
SQL: SELECT COUNT(*) AS tp_count FROM `hr_icdevice_break` WHERE `dwname` = '33001516' AND `stats` = 0 AND `status` = 0 LIMIT 1   [ RunTime:0.0003s ]
INFO: [ app_end ] --START--
INFO: Run Behavior\ShowPageTraceBehavior [ RunTime:0.000418s ]
INFO: [ app_end ] --END-- [ RunTime:0.000586s ]

[ 2019-12-23T09:17:11+08:00 ] ::1 /cost/index.php/Home/Index/equipmentups.html?page=1&limit=20
INFO: [ app_begin ] --START--
INFO: Run Behavior\ReadHtmlCacheBehavior [ RunTime:0.000325s ]
INFO: [ app_begin ] --END-- [ RunTime:0.000797s ]
NOTIC: [8] Undefined index: device_class /Library/WebServer/Documents/cost/Application/Home/Controller/IndexController.class.php 第 3423 行.
NOTIC: [8] Undefined index: equipmentid /Library/WebServer/Documents/cost/Application/Home/Controller/IndexController.class.php 第 3445 行.
NOTIC: [8] Undefined index: date /Library/WebServer/Documents/cost/Application/Home/Controller/IndexController.class.php 第 3446 行.
SQL: SHOW COLUMNS FROM `hr_icequipment_sub` [ RunTime:0.0013s ]
SQL: SELECT * FROM `hr_icequipment_sub` WHERE `dwname` = '33001516' AND `status` = 0 AND `stats` = 0 ORDER BY equipmentid asc LIMIT 0,20   [ RunTime:0.0003s ]
SQL: SHOW COLUMNS FROM `hr_icdevice` [ RunTime:0.0011s ]
SQL: SELECT * FROM `hr_icdevice`  [ RunTime:0.0002s ]
SQL: SHOW COLUMNS FROM `hr_icdevice_class` [ RunTime:0.0011s ]
SQL: SELECT * FROM `hr_icdevice_class`  [ RunTime:0.0001s ]
SQL: SHOW COLUMNS FROM `hr_icdispose` [ RunTime:0.0012s ]
SQL: SELECT * FROM `hr_icdispose`  [ RunTime:0.0002s ]
SQL: SHOW COLUMNS FROM `hr_icdevice_sub` [ RunTime:0.0012s ]
SQL: SELECT * FROM `hr_icdevice_sub`  [ RunTime:0.0001s ]
SQL: SHOW COLUMNS FROM `hr_icmaintenance` [ RunTime:0.0011s ]
SQL: SELECT * FROM `hr_icmaintenance`  [ RunTime:0.0002s ]
SQL: SHOW COLUMNS FROM `hr_icsupplier` [ RunTime:0.0011s ]
SQL: SELECT * FROM `hr_icsupplier`  [ RunTime:0.0001s ]
SQL: SHOW COLUMNS FROM `hr_icpurcha` [ RunTime:0.0011s ]
SQL: SELECT * FROM `hr_icpurcha`  [ RunTime:0.0002s ]
SQL: SHOW COLUMNS FROM `hr_icequipment` [ RunTime:0.0014s ]
SQL: SELECT * FROM `hr_icequipment`  [ RunTime:0.0003s ]
NOTIC: [8] Undefined index: purchaid /Library/WebServer/Documents/cost/Application/Home/Controller/IndexController.class.php 第 3363 行.
NOTIC: [8] Undefined index: purchaid /Library/WebServer/Documents/cost/Application/Home/Controller/IndexController.class.php 第 3363 行.
NOTIC: [8] Undefined index: purchaid /Library/WebServer/Documents/cost/Application/Home/Controller/IndexController.class.php 第 3363 行.
NOTIC: [8] Undefined index: purchaid /Library/WebServer/Documents/cost/Application/Home/Controller/IndexController.class.php 第 3363 行.
NOTIC: [8] Undefined index: purchaid /Library/WebServer/Documents/cost/Application/Home/Controller/IndexController.class.php 第 3363 行.
NOTIC: [8] Undefined index: purchaid /Library/WebServer/Documents/cost/Application/Home/Controller/IndexController.class.php 第 3363 行.
NOTIC: [8] Undefined variable: equipment /Library/WebServer/Documents/cost/Application/Home/Controller/IndexController.class.php 第 3470 行.
SQL: SELECT COUNT(*) AS tp_count FROM `hr_icequipment_sub` LIMIT 1   [ RunTime:0.0003s ]
INFO: [ app_end ] --START--
INFO: Run Behavior\ShowPageTraceBehavior [ RunTime:0.000382s ]
INFO: [ app_end ] --END-- [ RunTime:0.000576s ]

[ 2019-12-23T09:17:14+08:00 ] ::1 /cost/index.php/Home/Index/equipmentupsuc.html
INFO: [ app_begin ] --START--
INFO: Run Behavior\ReadHtmlCacheBehavior [ RunTime:0.000322s ]
INFO: [ app_begin ] --END-- [ RunTime:0.000805s ]
SQL: SHOW COLUMNS FROM `hr_icdevice_break` [ RunTime:0.0015s ]
SQL: INSERT INTO `hr_icdevice_break` (`equipment_subid`,`dwname`,`jgh`,`equipmentid`,`maintenanceid`,`device_classid`,`reason`,`device_subid`,`date`) VALUES ('3','33001516','72','1','0','2','卡纸','2','2019-12-23') [ RunTime:0.0011s ]
SQL: SHOW COLUMNS FROM `hr_icequipment_sub` [ RunTime:0.0015s ]
SQL: UPDATE `hr_icequipment_sub` SET `status`='1' WHERE ( equipment_subid = '3' ) [ RunTime:0.0008s ]
INFO: [ app_end ] --START--
INFO: Run Behavior\ShowPageTraceBehavior [ RunTime:0.000392s ]
INFO: [ app_end ] --END-- [ RunTime:0.000560s ]

[ 2019-12-23T09:17:15+08:00 ] ::1 /cost/index.php/Home/Index/equipmentups.html?page=1&limit=20
INFO: [ app_begin ] --START--
INFO: Run Behavior\ReadHtmlCacheBehavior [ RunTime:0.000399s ]
INFO: [ app_begin ] --END-- [ RunTime:0.000842s ]
NOTIC: [8] Undefined index: device_class /Library/WebServer/Documents/cost/Application/Home/Controller/IndexController.class.php 第 3423 行.
NOTIC: [8] Undefined index: equipmentid /Library/WebServer/Documents/cost/Application/Home/Controller/IndexController.class.php 第 3445 行.
NOTIC: [8] Undefined index: date /Library/WebServer/Documents/cost/Application/Home/Controller/IndexController.class.php 第 3446 行.
SQL: SHOW COLUMNS FROM `hr_icequipment_sub` [ RunTime:0.0013s ]
SQL: SELECT * FROM `hr_icequipment_sub` WHERE `dwname` = '33001516' AND `status` = 0 AND `stats` = 0 ORDER BY equipmentid asc LIMIT 0,20   [ RunTime:0.0002s ]
SQL: SHOW COLUMNS FROM `hr_icdevice` [ RunTime:0.0011s ]
SQL: SELECT * FROM `hr_icdevice`  [ RunTime:0.0002s ]
SQL: SHOW COLUMNS FROM `hr_icdevice_class` [ RunTime:0.0012s ]
SQL: SELECT * FROM `hr_icdevice_class`  [ RunTime:0.0002s ]
SQL: SHOW COLUMNS FROM `hr_icdispose` [ RunTime:0.0013s ]
SQL: SELECT * FROM `hr_icdispose`  [ RunTime:0.0002s ]
SQL: SHOW COLUMNS FROM `hr_icdevice_sub` [ RunTime:0.0012s ]
SQL: SELECT * FROM `hr_icdevice_sub`  [ RunTime:0.0001s ]
SQL: SHOW COLUMNS FROM `hr_icmaintenance` [ RunTime:0.0013s ]
SQL: SELECT * FROM `hr_icmaintenance`  [ RunTime:0.0002s ]
SQL: SHOW COLUMNS FROM `hr_icsupplier` [ RunTime:0.0014s ]
SQL: SELECT * FROM `hr_icsupplier`  [ RunTime:0.0001s ]
SQL: SHOW COLUMNS FROM `hr_icpurcha` [ RunTime:0.0011s ]
SQL: SELECT * FROM `hr_icpurcha`  [ RunTime:0.0001s ]
SQL: SHOW COLUMNS FROM `hr_icequipment` [ RunTime:0.0011s ]
SQL: SELECT * FROM `hr_icequipment`  [ RunTime:0.0002s ]
NOTIC: [8] Undefined index: purchaid /Library/WebServer/Documents/cost/Application/Home/Controller/IndexController.class.php 第 3363 行.
NOTIC: [8] Undefined index: purchaid /Library/WebServer/Documents/cost/Application/Home/Controller/IndexController.class.php 第 3363 行.
NOTIC: [8] Undefined index: purchaid /Library/WebServer/Documents/cost/Application/Home/Controller/IndexController.class.php 第 3363 行.
NOTIC: [8] Undefined index: purchaid /Library/WebServer/Documents/cost/Application/Home/Controller/IndexController.class.php 第 3363 行.
NOTIC: [8] Undefined variable: equipment /Library/WebServer/Documents/cost/Application/Home/Controller/IndexController.class.php 第 3470 行.
SQL: SELECT COUNT(*) AS tp_count FROM `hr_icequipment_sub` LIMIT 1   [ RunTime:0.0003s ]
INFO: [ app_end ] --START--
INFO: Run Behavior\ShowPageTraceBehavior [ RunTime:0.000398s ]
INFO: [ app_end ] --END-- [ RunTime:0.000561s ]

[ 2019-12-23T09:17:17+08:00 ] ::1 /cost/index.php/Home/Index/equipmentmodifys.html?page=1&limit=20
INFO: [ app_begin ] --START--
INFO: Run Behavior\ReadHtmlCacheBehavior [ RunTime:0.000320s ]
INFO: [ app_begin ] --END-- [ RunTime:0.000738s ]
SQL: SHOW COLUMNS FROM `hr_icdevice_break` [ RunTime:0.0013s ]
SQL: SELECT * FROM `hr_icdevice_break` WHERE `dwname` = '33001516' AND `stats` = 0 AND `status` = 0  [ RunTime:0.0002s ]
SQL: SHOW COLUMNS FROM `hr_icdevice` [ RunTime:0.0012s ]
SQL: SELECT * FROM `hr_icdevice`  [ RunTime:0.0002s ]
SQL: SHOW COLUMNS FROM `hr_icdevice_class` [ RunTime:0.0012s ]
SQL: SELECT * FROM `hr_icdevice_class`  [ RunTime:0.0001s ]
SQL: SHOW COLUMNS FROM `hr_icdispose` [ RunTime:0.0012s ]
SQL: SELECT * FROM `hr_icdispose`  [ RunTime:0.0002s ]
SQL: SHOW COLUMNS FROM `hr_icdevice_sub` [ RunTime:0.0012s ]
SQL: SELECT * FROM `hr_icdevice_sub`  [ RunTime:0.0001s ]
SQL: SHOW COLUMNS FROM `hr_icmaintenance` [ RunTime:0.0011s ]
SQL: SELECT * FROM `hr_icmaintenance`  [ RunTime:0.0001s ]
SQL: SHOW COLUMNS FROM `hr_icsupplier` [ RunTime:0.0011s ]
SQL: SELECT * FROM `hr_icsupplier`  [ RunTime:0.0002s ]
SQL: SHOW COLUMNS FROM `hr_icpurcha` [ RunTime:0.0013s ]
SQL: SELECT * FROM `hr_icpurcha`  [ RunTime:0.0002s ]
SQL: SHOW COLUMNS FROM `hr_icequipment` [ RunTime:0.0015s ]
SQL: SELECT * FROM `hr_icequipment`  [ RunTime:0.0002s ]
NOTIC: [8] Undefined index: purchaid /Library/WebServer/Documents/cost/Application/Home/Controller/IndexController.class.php 第 3363 行.
NOTIC: [8] Undefined index: purchaid /Library/WebServer/Documents/cost/Application/Home/Controller/IndexController.class.php 第 3363 行.
SQL: SELECT COUNT(*) AS tp_count FROM `hr_icdevice_break` WHERE `dwname` = '33001516' AND `stats` = 0 AND `status` = 0 LIMIT 1   [ RunTime:0.0002s ]
INFO: [ app_end ] --START--
INFO: Run Behavior\ShowPageTraceBehavior [ RunTime:0.000386s ]
INFO: [ app_end ] --END-- [ RunTime:0.000545s ]

[ 2019-12-23T09:17:20+08:00 ] ::1 /cost/index.php/Home/Index/equipmentsearchs.html?page=1&limit=20
INFO: [ app_begin ] --START--
INFO: Run Behavior\ReadHtmlCacheBehavior [ RunTime:0.000363s ]
INFO: [ app_begin ] --END-- [ RunTime:0.000780s ]
NOTIC: [8] Undefined index: device_class /Library/WebServer/Documents/cost/Application/Home/Controller/IndexController.class.php 第 3554 行.
NOTIC: [8] Undefined index: equipmentid /Library/WebServer/Documents/cost/Application/Home/Controller/IndexController.class.php 第 3568 行.
NOTIC: [8] Undefined index: date /Library/WebServer/Documents/cost/Application/Home/Controller/IndexController.class.php 第 3569 行.
SQL: SHOW COLUMNS FROM `hr_icdevice_break` [ RunTime:0.0015s ]
SQL: SELECT * FROM `hr_icdevice_break` WHERE `dwname` = '33001516' AND `stats` = 0 AND `status` = 0  [ RunTime:0.0003s ]
SQL: SHOW COLUMNS FROM `hr_icdevice` [ RunTime:0.0012s ]
SQL: SELECT * FROM `hr_icdevice`  [ RunTime:0.0002s ]
SQL: SHOW COLUMNS FROM `hr_icdevice_class` [ RunTime:0.0012s ]
SQL: SELECT * FROM `hr_icdevice_class`  [ RunTime:0.0002s ]
SQL: SHOW COLUMNS FROM `hr_icdispose` [ RunTime:0.0012s ]
SQL: SELECT * FROM `hr_icdispose`  [ RunTime:0.0001s ]
SQL: SHOW COLUMNS FROM `hr_icdevice_sub` [ RunTime:0.0011s ]
SQL: SELECT * FROM `hr_icdevice_sub`  [ RunTime:0.0001s ]
SQL: SHOW COLUMNS FROM `hr_icmaintenance` [ RunTime:0.0011s ]
SQL: SELECT * FROM `hr_icmaintenance`  [ RunTime:0.0002s ]
SQL: SHOW COLUMNS FROM `hr_icsupplier` [ RunTime:0.0014s ]
SQL: SELECT * FROM `hr_icsupplier`  [ RunTime:0.0002s ]
SQL: SHOW COLUMNS FROM `hr_icpurcha` [ RunTime:0.0014s ]
SQL: SELECT * FROM `hr_icpurcha`  [ RunTime:0.0002s ]
SQL: SHOW COLUMNS FROM `hr_icequipment` [ RunTime:0.0013s ]
SQL: SELECT * FROM `hr_icequipment`  [ RunTime:0.0002s ]
NOTIC: [8] Undefined index: purchaid /Library/WebServer/Documents/cost/Application/Home/Controller/IndexController.class.php 第 3363 行.
NOTIC: [8] Undefined index: purchaid /Library/WebServer/Documents/cost/Application/Home/Controller/IndexController.class.php 第 3363 行.
SQL: SELECT COUNT(*) AS tp_count FROM `hr_icdevice_break` WHERE `dwname` = '33001516' AND `stats` = 0 AND `status` = 0 LIMIT 1   [ RunTime:0.0003s ]
INFO: [ app_end ] --START--
INFO: Run Behavior\ShowPageTraceBehavior [ RunTime:0.000566s ]
INFO: [ app_end ] --END-- [ RunTime:0.000733s ]

[ 2019-12-23T09:18:14+08:00 ] ::1 /cost/index.php/Home/Index/equipmentsearchs.html?page=1&limit=20&equipmentid=&device_class=&date=2019-12-22
INFO: [ app_begin ] --START--
INFO: Run Behavior\ReadHtmlCacheBehavior [ RunTime:0.000338s ]
INFO: [ app_begin ] --END-- [ RunTime:0.000737s ]
SQL: SHOW COLUMNS FROM `hr_icdevice_break` [ RunTime:0.0014s ]
SQL: SELECT * FROM `hr_icdevice_break` WHERE `date` = '2019-12-22' AND `dwname` = '33001516' AND `stats` = 0 AND `status` = 0  [ RunTime:0.0003s ]
SQL: SHOW COLUMNS FROM `hr_icdevice` [ RunTime:0.0011s ]
SQL: SELECT * FROM `hr_icdevice`  [ RunTime:0.0001s ]
SQL: SHOW COLUMNS FROM `hr_icdevice_class` [ RunTime:0.0011s ]
SQL: SELECT * FROM `hr_icdevice_class`  [ RunTime:0.0001s ]
SQL: SHOW COLUMNS FROM `hr_icdispose` [ RunTime:0.0011s ]
SQL: SELECT * FROM `hr_icdispose`  [ RunTime:0.0001s ]
SQL: SHOW COLUMNS FROM `hr_icdevice_sub` [ RunTime:0.0011s ]
SQL: SELECT * FROM `hr_icdevice_sub`  [ RunTime:0.0001s ]
SQL: SHOW COLUMNS FROM `hr_icmaintenance` [ RunTime:0.0011s ]
SQL: SELECT * FROM `hr_icmaintenance`  [ RunTime:0.0002s ]
SQL: SHOW COLUMNS FROM `hr_icsupplier` [ RunTime:0.0013s ]
SQL: SELECT * FROM `hr_icsupplier`  [ RunTime:0.0002s ]
SQL: SHOW COLUMNS FROM `hr_icpurcha` [ RunTime:0.0012s ]
SQL: SELECT * FROM `hr_icpurcha`  [ RunTime:0.0001s ]
SQL: SHOW COLUMNS FROM `hr_icequipment` [ RunTime:0.0011s ]
SQL: SELECT * FROM `hr_icequipment`  [ RunTime:0.0001s ]
SQL: SELECT COUNT(*) AS tp_count FROM `hr_icdevice_break` WHERE `date` = '2019-12-22' AND `dwname` = '33001516' AND `stats` = 0 AND `status` = 0 LIMIT 1   [ RunTime:0.0002s ]
INFO: [ app_end ] --START--
INFO: Run Behavior\ShowPageTraceBehavior [ RunTime:0.000376s ]
INFO: [ app_end ] --END-- [ RunTime:0.000534s ]

[ 2019-12-23T09:18:17+08:00 ] ::1 /cost/index.php/Home/Index/equipmentsearchs.html?page=1&limit=20&equipmentid=&device_class=&date=2019-12-23
INFO: [ app_begin ] --START--
INFO: Run Behavior\ReadHtmlCacheBehavior [ RunTime:0.000337s ]
INFO: [ app_begin ] --END-- [ RunTime:0.000734s ]
SQL: SHOW COLUMNS FROM `hr_icdevice_break` [ RunTime:0.0016s ]
SQL: SELECT * FROM `hr_icdevice_break` WHERE `date` = '2019-12-23' AND `dwname` = '33001516' AND `stats` = 0 AND `status` = 0  [ RunTime:0.0004s ]
SQL: SHOW COLUMNS FROM `hr_icdevice` [ RunTime:0.0014s ]
SQL: SELECT * FROM `hr_icdevice`  [ RunTime:0.0002s ]
SQL: SHOW COLUMNS FROM `hr_icdevice_class` [ RunTime:0.0012s ]
SQL: SELECT * FROM `hr_icdevice_class`  [ RunTime:0.0001s ]
SQL: SHOW COLUMNS FROM `hr_icdispose` [ RunTime:0.0012s ]
SQL: SELECT * FROM `hr_icdispose`  [ RunTime:0.0001s ]
SQL: SHOW COLUMNS FROM `hr_icdevice_sub` [ RunTime:0.0012s ]
SQL: SELECT * FROM `hr_icdevice_sub`  [ RunTime:0.0001s ]
SQL: SHOW COLUMNS FROM `hr_icmaintenance` [ RunTime:0.0011s ]
SQL: SELECT * FROM `hr_icmaintenance`  [ RunTime:0.0002s ]
SQL: SHOW COLUMNS FROM `hr_icsupplier` [ RunTime:0.0012s ]
SQL: SELECT * FROM `hr_icsupplier`  [ RunTime:0.0002s ]
SQL: SHOW COLUMNS FROM `hr_icpurcha` [ RunTime:0.0012s ]
SQL: SELECT * FROM `hr_icpurcha`  [ RunTime:0.0001s ]
SQL: SHOW COLUMNS FROM `hr_icequipment` [ RunTime:0.0011s ]
SQL: SELECT * FROM `hr_icequipment`  [ RunTime:0.0002s ]
NOTIC: [8] Undefined index: purchaid /Library/WebServer/Documents/cost/Application/Home/Controller/IndexController.class.php 第 3363 行.
NOTIC: [8] Undefined index: purchaid /Library/WebServer/Documents/cost/Application/Home/Controller/IndexController.class.php 第 3363 行.
SQL: SELECT COUNT(*) AS tp_count FROM `hr_icdevice_break` WHERE `date` = '2019-12-23' AND `dwname` = '33001516' AND `stats` = 0 AND `status` = 0 LIMIT 1   [ RunTime:0.0002s ]
INFO: [ app_end ] --START--
INFO: Run Behavior\ShowPageTraceBehavior [ RunTime:0.000364s ]
INFO: [ app_end ] --END-- [ RunTime:0.000530s ]

[ 2019-12-23T09:22:41+08:00 ] ::1 /cost/index.php/Home/Index/applyproduct_ups.html?page=1&limit=20
INFO: [ app_begin ] --START--
INFO: Run Behavior\ReadHtmlCacheBehavior [ RunTime:0.000271s ]
INFO: [ app_begin ] --END-- [ RunTime:0.000593s ]
NOTIC: [8] Undefined index: product /Library/WebServer/Documents/cost/Application/Home/Controller/IndexController.class.php 第 1008 行.
NOTIC: [8] Undefined index: warehouseid /Library/WebServer/Documents/cost/Application/Home/Controller/IndexController.class.php 第 1023 行.
NOTIC: [8] Undefined index: date /Library/WebServer/Documents/cost/Application/Home/Controller/IndexController.class.php 第 1024 行.
SQL: SHOW COLUMNS FROM `hr_costinbound` [ RunTime:0.0015s ]
SQL: SELECT `productid`,`warehouseid`,`pwid`,sum(kcquantity) as sumkcquantity FROM `hr_costinbound` WHERE `sjquantity` > 0 AND `kcquantity` > 0 GROUP BY productid,pwid,warehouseid ORDER BY warehouseid asc LIMIT 0,20   [ RunTime:0.0015s ]
SQL: SHOW COLUMNS FROM `hr_costapply` [ RunTime:0.0013s ]
SQL: SELECT `pwid`,sum(applyquantity) as sumapplyquantity FROM `hr_costapply` WHERE `shenhe` IN ('未审核','审核同意') GROUP BY pwid  [ RunTime:0.0067s ]
SQL: SHOW COLUMNS FROM `hr_costproduct` [ RunTime:0.0012s ]
SQL: SELECT * FROM `hr_costproduct`  [ RunTime:0.0010s ]
SQL: SHOW COLUMNS FROM `hr_costwarehouse` [ RunTime:0.0014s ]
SQL: SELECT * FROM `hr_costwarehouse`  [ RunTime:0.0004s ]
SQL: SHOW COLUMNS FROM `hr_costproducttype` [ RunTime:0.0011s ]
SQL: SELECT * FROM `hr_costproducttype`  [ RunTime:0.0003s ]
SQL: SHOW COLUMNS FROM `hr_jrdanwei` [ RunTime:0.0011s ]
SQL: SELECT * FROM `hr_jrdanwei`  [ RunTime:0.0002s ]
SQL: SELECT COUNT(*) AS tp_count FROM `hr_costinbound` WHERE `sjquantity` > 0 AND `kcquantity` > 0 LIMIT 1   [ RunTime:0.0009s ]
INFO: [ app_end ] --START--
INFO: Run Behavior\ShowPageTraceBehavior [ RunTime:0.000439s ]
INFO: [ app_end ] --END-- [ RunTime:0.000606s ]

[ 2019-12-23T09:22:48+08:00 ] ::1 /cost/index.php/Home/Index/applyproduct_ups.html?page=1&limit=20
INFO: [ app_begin ] --START--
INFO: Run Behavior\ReadHtmlCacheBehavior [ RunTime:0.000276s ]
INFO: [ app_begin ] --END-- [ RunTime:0.000582s ]
NOTIC: [8] Undefined index: product /Library/WebServer/Documents/cost/Application/Home/Controller/IndexController.class.php 第 1008 行.
NOTIC: [8] Undefined index: warehouseid /Library/WebServer/Documents/cost/Application/Home/Controller/IndexController.class.php 第 1023 行.
NOTIC: [8] Undefined index: date /Library/WebServer/Documents/cost/Application/Home/Controller/IndexController.class.php 第 1024 行.
SQL: SHOW COLUMNS FROM `hr_costinbound` [ RunTime:0.0014s ]
SQL: SELECT `productid`,`warehouseid`,`pwid`,sum(kcquantity) as sumkcquantity FROM `hr_costinbound` WHERE `sjquantity` > 0 AND `kcquantity` > 0 GROUP BY productid,pwid,warehouseid ORDER BY warehouseid asc LIMIT 0,20   [ RunTime:0.0014s ]
SQL: SHOW COLUMNS FROM `hr_costapply` [ RunTime:0.0013s ]
SQL: SELECT `pwid`,sum(applyquantity) as sumapplyquantity FROM `hr_costapply` WHERE `shenhe` IN ('未审核','审核同意') GROUP BY pwid  [ RunTime:0.0055s ]
SQL: SHOW COLUMNS FROM `hr_costproduct` [ RunTime:0.0015s ]
SQL: SELECT * FROM `hr_costproduct`  [ RunTime:0.0008s ]
SQL: SHOW COLUMNS FROM `hr_costwarehouse` [ RunTime:0.0012s ]
SQL: SELECT * FROM `hr_costwarehouse`  [ RunTime:0.0003s ]
SQL: SHOW COLUMNS FROM `hr_costproducttype` [ RunTime:0.0014s ]
SQL: SELECT * FROM `hr_costproducttype`  [ RunTime:0.0002s ]
SQL: SHOW COLUMNS FROM `hr_jrdanwei` [ RunTime:0.0014s ]
SQL: SELECT * FROM `hr_jrdanwei`  [ RunTime:0.0002s ]
SQL: SELECT COUNT(*) AS tp_count FROM `hr_costinbound` WHERE `sjquantity` > 0 AND `kcquantity` > 0 LIMIT 1   [ RunTime:0.0010s ]
INFO: [ app_end ] --START--
INFO: Run Behavior\ShowPageTraceBehavior [ RunTime:0.000395s ]
INFO: [ app_end ] --END-- [ RunTime:0.000560s ]

[ 2019-12-23T09:22:50+08:00 ] ::1 /cost/index.php/Home/Index/applyproduct_ups.html?page=1&limit=20&warehouseid=3&product=&date=
INFO: [ app_begin ] --START--
INFO: Run Behavior\ReadHtmlCacheBehavior [ RunTime:0.000337s ]
INFO: [ app_begin ] --END-- [ RunTime:0.000747s ]
SQL: SHOW COLUMNS FROM `hr_costinbound` [ RunTime:0.0013s ]
SQL: SELECT `productid`,`warehouseid`,`pwid`,sum(kcquantity) as sumkcquantity FROM `hr_costinbound` WHERE `warehouseid` = '3' AND `sjquantity` > 0 AND `kcquantity` > 0 GROUP BY productid,pwid,warehouseid ORDER BY warehouseid asc LIMIT 0,20   [ RunTime:0.0011s ]
SQL: SHOW COLUMNS FROM `hr_costapply` [ RunTime:0.0014s ]
SQL: SELECT `pwid`,sum(applyquantity) as sumapplyquantity FROM `hr_costapply` WHERE `shenhe` IN ('未审核','审核同意') GROUP BY pwid  [ RunTime:0.0056s ]
SQL: SHOW COLUMNS FROM `hr_costproduct` [ RunTime:0.0013s ]
SQL: SELECT * FROM `hr_costproduct`  [ RunTime:0.0008s ]
SQL: SHOW COLUMNS FROM `hr_costwarehouse` [ RunTime:0.0011s ]
SQL: SELECT * FROM `hr_costwarehouse`  [ RunTime:0.0002s ]
SQL: SHOW COLUMNS FROM `hr_costproducttype` [ RunTime:0.0011s ]
SQL: SELECT * FROM `hr_costproducttype`  [ RunTime:0.0001s ]
SQL: SHOW COLUMNS FROM `hr_jrdanwei` [ RunTime:0.0013s ]
SQL: SELECT * FROM `hr_jrdanwei`  [ RunTime:0.0002s ]
SQL: SELECT COUNT(*) AS tp_count FROM `hr_costinbound` WHERE `warehouseid` = '3' AND `sjquantity` > 0 AND `kcquantity` > 0 LIMIT 1   [ RunTime:0.0010s ]
INFO: [ app_end ] --START--
INFO: Run Behavior\ShowPageTraceBehavior [ RunTime:0.000369s ]
INFO: [ app_end ] --END-- [ RunTime:0.000528s ]

[ 2019-12-23T09:22:55+08:00 ] ::1 /cost/index.php/Home/Index/applyproductsuc_up.html
INFO: [ app_begin ] --START--
INFO: Run Behavior\ReadHtmlCacheBehavior [ RunTime:0.000311s ]
INFO: [ app_begin ] --END-- [ RunTime:0.000733s ]
SQL: SHOW COLUMNS FROM `hr_costapply` [ RunTime:0.0015s ]
SQL: INSERT INTO `hr_costapply` (`productid`,`warehouseid`,`pwid`,`jgh`,`applyquantity`,`applyjgh`,`date`,`shenhe`) VALUES ('213','3','2133','2','3','72','2019-12-23','未审核') [ RunTime:0.0020s ]
INFO: [ app_end ] --START--
INFO: Run Behavior\ShowPageTraceBehavior [ RunTime:0.000388s ]
INFO: [ app_end ] --END-- [ RunTime:0.000561s ]

[ 2019-12-23T09:22:56+08:00 ] ::1 /cost/index.php/Home/Index/applyproduct_ups.html?page=1&limit=20
INFO: [ app_begin ] --START--
INFO: Run Behavior\ReadHtmlCacheBehavior [ RunTime:0.000316s ]
INFO: [ app_begin ] --END-- [ RunTime:0.000726s ]
NOTIC: [8] Undefined index: product /Library/WebServer/Documents/cost/Application/Home/Controller/IndexController.class.php 第 1008 行.
NOTIC: [8] Undefined index: warehouseid /Library/WebServer/Documents/cost/Application/Home/Controller/IndexController.class.php 第 1023 行.
NOTIC: [8] Undefined index: date /Library/WebServer/Documents/cost/Application/Home/Controller/IndexController.class.php 第 1024 行.
SQL: SHOW COLUMNS FROM `hr_costinbound` [ RunTime:0.0014s ]
SQL: SELECT `productid`,`warehouseid`,`pwid`,sum(kcquantity) as sumkcquantity FROM `hr_costinbound` WHERE `sjquantity` > 0 AND `kcquantity` > 0 GROUP BY productid,pwid,warehouseid ORDER BY warehouseid asc LIMIT 0,20   [ RunTime:0.0016s ]
SQL: SHOW COLUMNS FROM `hr_costapply` [ RunTime:0.0016s ]
SQL: SELECT `pwid`,sum(applyquantity) as sumapplyquantity FROM `hr_costapply` WHERE `shenhe` IN ('未审核','审核同意') GROUP BY pwid  [ RunTime:0.0060s ]
SQL: SHOW COLUMNS FROM `hr_costproduct` [ RunTime:0.0014s ]
SQL: SELECT * FROM `hr_costproduct`  [ RunTime:0.0010s ]
SQL: SHOW COLUMNS FROM `hr_costwarehouse` [ RunTime:0.0015s ]
SQL: SELECT * FROM `hr_costwarehouse`  [ RunTime:0.0005s ]
SQL: SHOW COLUMNS FROM `hr_costproducttype` [ RunTime:0.0013s ]
SQL: SELECT * FROM `hr_costproducttype`  [ RunTime:0.0004s ]
SQL: SHOW COLUMNS FROM `hr_jrdanwei` [ RunTime:0.0013s ]
SQL: SELECT * FROM `hr_jrdanwei`  [ RunTime:0.0002s ]
SQL: SELECT COUNT(*) AS tp_count FROM `hr_costinbound` WHERE `sjquantity` > 0 AND `kcquantity` > 0 LIMIT 1   [ RunTime:0.0009s ]
INFO: [ app_end ] --START--
INFO: Run Behavior\ShowPageTraceBehavior [ RunTime:0.000381s ]
INFO: [ app_end ] --END-- [ RunTime:0.000560s ]

[ 2019-12-23T09:23:04+08:00 ] ::1 /cost/index.php/Home/Index/applyproduct_ups.html?page=1&limit=20&warehouseid=3&product=&date=
INFO: [ app_begin ] --START--
INFO: Run Behavior\ReadHtmlCacheBehavior [ RunTime:0.000359s ]
INFO: [ app_begin ] --END-- [ RunTime:0.000771s ]
SQL: SHOW COLUMNS FROM `hr_costinbound` [ RunTime:0.0014s ]
SQL: SELECT `productid`,`warehouseid`,`pwid`,sum(kcquantity) as sumkcquantity FROM `hr_costinbound` WHERE `warehouseid` = '3' AND `sjquantity` > 0 AND `kcquantity` > 0 GROUP BY productid,pwid,warehouseid ORDER BY warehouseid asc LIMIT 0,20   [ RunTime:0.0013s ]
SQL: SHOW COLUMNS FROM `hr_costapply` [ RunTime:0.0012s ]
SQL: SELECT `pwid`,sum(applyquantity) as sumapplyquantity FROM `hr_costapply` WHERE `shenhe` IN ('未审核','审核同意') GROUP BY pwid  [ RunTime:0.0058s ]
SQL: SHOW COLUMNS FROM `hr_costproduct` [ RunTime:0.0015s ]
SQL: SELECT * FROM `hr_costproduct`  [ RunTime:0.0011s ]
SQL: SHOW COLUMNS FROM `hr_costwarehouse` [ RunTime:0.0013s ]
SQL: SELECT * FROM `hr_costwarehouse`  [ RunTime:0.0004s ]
SQL: SHOW COLUMNS FROM `hr_costproducttype` [ RunTime:0.0012s ]
SQL: SELECT * FROM `hr_costproducttype`  [ RunTime:0.0004s ]
SQL: SHOW COLUMNS FROM `hr_jrdanwei` [ RunTime:0.0012s ]
SQL: SELECT * FROM `hr_jrdanwei`  [ RunTime:0.0002s ]
SQL: SELECT COUNT(*) AS tp_count FROM `hr_costinbound` WHERE `warehouseid` = '3' AND `sjquantity` > 0 AND `kcquantity` > 0 LIMIT 1   [ RunTime:0.0010s ]
INFO: [ app_end ] --START--
INFO: Run Behavior\ShowPageTraceBehavior [ RunTime:0.000404s ]
INFO: [ app_end ] --END-- [ RunTime:0.000564s ]

[ 2019-12-23T09:26:00+08:00 ] ::1 /cost/index.php/Home/Admin/financedwreport.html
ERR: 1064:You have an error in your SQL syntax; check the manual that corresponds to your MySQL server version for the right syntax to use near ') AND `shenhe` = '出库中'' at line 1
 [ SQL语句 ] : SELECT `applyjgh`,`inboundid`,`sjapplyquantity`,`date`,`productid`,`warehouseid`,`pwid` FROM `hr_costoutbound` WHERE `date` < '2019-12-01' AND `productid` IN () AND `shenhe` = '出库中' 

[ 2019-12-23T09:36:47+08:00 ] ::1 /cost/index.php/Home/Index/dwoutbound_ups.html?page=1&limit=20
INFO: [ app_begin ] --START--
INFO: Run Behavior\ReadHtmlCacheBehavior [ RunTime:0.000405s ]
INFO: [ app_begin ] --END-- [ RunTime:0.000756s ]
NOTIC: [8] Undefined index: product /Library/WebServer/Documents/cost/Application/Home/Controller/IndexController.class.php 第 1865 行.
NOTIC: [8] Undefined index: warehouseid /Library/WebServer/Documents/cost/Application/Home/Controller/IndexController.class.php 第 1880 行.
NOTIC: [8] Undefined index: date /Library/WebServer/Documents/cost/Application/Home/Controller/IndexController.class.php 第 1881 行.
SQL: SHOW COLUMNS FROM `hr_costproduct` [ RunTime:0.0013s ]
SQL: SELECT `productid` FROM `hr_costproduct` WHERE `producttype` = 2  [ RunTime:0.0007s ]
SQL: SHOW COLUMNS FROM `hr_costoutbound` [ RunTime:0.0013s ]
SQL: SELECT * FROM `hr_costoutbound` WHERE `applyjgh` = '72' AND `productid` IN ('1','2','3','4','5','6','7','8','9','10','11','12','13','14','15','16','17','18','19','20','21','22','23','24','25','26','27','28','29','30','31','32','33','34','35','36','37','38','39','40','41','42','43','44','45','46','47','48','49','50','51','52','53','54','55','56','57','58','59','60','61','62','63','64','65','66','67','68','69','70','71','72','73','74','75','76','77','78','79','80','81','82','83','84','85','86','87','88','89','90','91','92','93','94','95','96','97','98','99','100','101','102','103','104','105','106','107','108','109','110','111','112','113','114','115','116','117','118','119','120','121','122','123','124','125','126','127','128','129','130','131','132','133','134','135','136','137','138','139','140','141','142','143','144','145','146','147','148','149','150','151','152','153','154','155','156','157','158','159','160','161','162','163','164','165','166','167','168','169','170','171','172','173','174','175','176','177','178','179','180','181','182','183','184','185','186','187','188','189','190','191','192','193','194','195','196','197','198','199','200','201','202','203','204','205','206','207','208','209','210','211','212','214','215') AND `kcapplyquantity` > 0 AND `shenhe` = '出库中' LIMIT 0,20   [ RunTime:0.0036s ]
SQL: SELECT * FROM `hr_costproduct`  [ RunTime:0.0008s ]
SQL: SHOW COLUMNS FROM `hr_costwarehouse` [ RunTime:0.0013s ]
SQL: SELECT * FROM `hr_costwarehouse`  [ RunTime:0.0002s ]
SQL: SHOW COLUMNS FROM `hr_costproducttype` [ RunTime:0.0013s ]
SQL: SELECT * FROM `hr_costproducttype`  [ RunTime:0.0002s ]
SQL: SHOW COLUMNS FROM `hr_jrdanwei` [ RunTime:0.0014s ]
SQL: SELECT * FROM `hr_jrdanwei`  [ RunTime:0.0002s ]
SQL: SELECT COUNT(*) AS tp_count FROM `hr_costoutbound` WHERE `applyjgh` = '72' AND `productid` IN ('1','2','3','4','5','6','7','8','9','10','11','12','13','14','15','16','17','18','19','20','21','22','23','24','25','26','27','28','29','30','31','32','33','34','35','36','37','38','39','40','41','42','43','44','45','46','47','48','49','50','51','52','53','54','55','56','57','58','59','60','61','62','63','64','65','66','67','68','69','70','71','72','73','74','75','76','77','78','79','80','81','82','83','84','85','86','87','88','89','90','91','92','93','94','95','96','97','98','99','100','101','102','103','104','105','106','107','108','109','110','111','112','113','114','115','116','117','118','119','120','121','122','123','124','125','126','127','128','129','130','131','132','133','134','135','136','137','138','139','140','141','142','143','144','145','146','147','148','149','150','151','152','153','154','155','156','157','158','159','160','161','162','163','164','165','166','167','168','169','170','171','172','173','174','175','176','177','178','179','180','181','182','183','184','185','186','187','188','189','190','191','192','193','194','195','196','197','198','199','200','201','202','203','204','205','206','207','208','209','210','211','212','214','215') AND `kcapplyquantity` > 0 AND `shenhe` = '出库中' LIMIT 1   [ RunTime:0.0064s ]
INFO: [ app_end ] --START--
INFO: Run Behavior\ShowPageTraceBehavior [ RunTime:0.000366s ]
INFO: [ app_end ] --END-- [ RunTime:0.000531s ]

[ 2019-12-23T09:36:52+08:00 ] ::1 /cost/index.php/Home/Index/dwoutbound_ups.html?page=1&limit=20&warehouseid=4&product=&date=
INFO: [ app_begin ] --START--
INFO: Run Behavior\ReadHtmlCacheBehavior [ RunTime:0.000347s ]
INFO: [ app_begin ] --END-- [ RunTime:0.000768s ]
SQL: SHOW COLUMNS FROM `hr_costproduct` [ RunTime:0.0014s ]
SQL: SELECT `productid` FROM `hr_costproduct` WHERE `producttype` = 2  [ RunTime:0.0007s ]
SQL: SHOW COLUMNS FROM `hr_costoutbound` [ RunTime:0.0015s ]
SQL: SELECT * FROM `hr_costoutbound` WHERE `warehouseid` = '4' AND `applyjgh` = '72' AND `productid` IN ('1','2','3','4','5','6','7','8','9','10','11','12','13','14','15','16','17','18','19','20','21','22','23','24','25','26','27','28','29','30','31','32','33','34','35','36','37','38','39','40','41','42','43','44','45','46','47','48','49','50','51','52','53','54','55','56','57','58','59','60','61','62','63','64','65','66','67','68','69','70','71','72','73','74','75','76','77','78','79','80','81','82','83','84','85','86','87','88','89','90','91','92','93','94','95','96','97','98','99','100','101','102','103','104','105','106','107','108','109','110','111','112','113','114','115','116','117','118','119','120','121','122','123','124','125','126','127','128','129','130','131','132','133','134','135','136','137','138','139','140','141','142','143','144','145','146','147','148','149','150','151','152','153','154','155','156','157','158','159','160','161','162','163','164','165','166','167','168','169','170','171','172','173','174','175','176','177','178','179','180','181','182','183','184','185','186','187','188','189','190','191','192','193','194','195','196','197','198','199','200','201','202','203','204','205','206','207','208','209','210','211','212','214','215') AND `kcapplyquantity` > 0 AND `shenhe` = '出库中' LIMIT 0,20   [ RunTime:0.0067s ]
SQL: SELECT * FROM `hr_costproduct`  [ RunTime:0.0008s ]
SQL: SHOW COLUMNS FROM `hr_costwarehouse` [ RunTime:0.0013s ]
SQL: SELECT * FROM `hr_costwarehouse`  [ RunTime:0.0002s ]
SQL: SHOW COLUMNS FROM `hr_costproducttype` [ RunTime:0.0012s ]
SQL: SELECT * FROM `hr_costproducttype`  [ RunTime:0.0001s ]
SQL: SHOW COLUMNS FROM `hr_jrdanwei` [ RunTime:0.0011s ]
SQL: SELECT * FROM `hr_jrdanwei`  [ RunTime:0.0002s ]
SQL: SELECT COUNT(*) AS tp_count FROM `hr_costoutbound` WHERE `warehouseid` = '4' AND `applyjgh` = '72' AND `productid` IN ('1','2','3','4','5','6','7','8','9','10','11','12','13','14','15','16','17','18','19','20','21','22','23','24','25','26','27','28','29','30','31','32','33','34','35','36','37','38','39','40','41','42','43','44','45','46','47','48','49','50','51','52','53','54','55','56','57','58','59','60','61','62','63','64','65','66','67','68','69','70','71','72','73','74','75','76','77','78','79','80','81','82','83','84','85','86','87','88','89','90','91','92','93','94','95','96','97','98','99','100','101','102','103','104','105','106','107','108','109','110','111','112','113','114','115','116','117','118','119','120','121','122','123','124','125','126','127','128','129','130','131','132','133','134','135','136','137','138','139','140','141','142','143','144','145','146','147','148','149','150','151','152','153','154','155','156','157','158','159','160','161','162','163','164','165','166','167','168','169','170','171','172','173','174','175','176','177','178','179','180','181','182','183','184','185','186','187','188','189','190','191','192','193','194','195','196','197','198','199','200','201','202','203','204','205','206','207','208','209','210','211','212','214','215') AND `kcapplyquantity` > 0 AND `shenhe` = '出库中' LIMIT 1   [ RunTime:0.0060s ]
INFO: [ app_end ] --START--
INFO: Run Behavior\ShowPageTraceBehavior [ RunTime:0.000375s ]
INFO: [ app_end ] --END-- [ RunTime:0.000532s ]

[ 2019-12-23T09:37:15+08:00 ] ::1 /cost/index.php/Home/Index/equipmentsearchs.html?page=1&limit=20
INFO: [ app_begin ] --START--
INFO: Run Behavior\ReadHtmlCacheBehavior [ RunTime:0.000276s ]
INFO: [ app_begin ] --END-- [ RunTime:0.000592s ]
NOTIC: [8] Undefined index: device_class /Library/WebServer/Documents/cost/Application/Home/Controller/IndexController.class.php 第 3554 行.
NOTIC: [8] Undefined index: equipmentid /Library/WebServer/Documents/cost/Application/Home/Controller/IndexController.class.php 第 3568 行.
NOTIC: [8] Undefined index: date /Library/WebServer/Documents/cost/Application/Home/Controller/IndexController.class.php 第 3569 行.
SQL: SHOW COLUMNS FROM `hr_icdevice_break` [ RunTime:0.0014s ]
SQL: SELECT * FROM `hr_icdevice_break` WHERE `dwname` = '33001516' AND `stats` = 0 AND `status` = 0  [ RunTime:0.0003s ]
SQL: SHOW COLUMNS FROM `hr_icdevice` [ RunTime:0.0012s ]
SQL: SELECT * FROM `hr_icdevice`  [ RunTime:0.0002s ]
SQL: SHOW COLUMNS FROM `hr_icdevice_class` [ RunTime:0.0012s ]
SQL: SELECT * FROM `hr_icdevice_class`  [ RunTime:0.0002s ]
SQL: SHOW COLUMNS FROM `hr_icdispose` [ RunTime:0.0012s ]
SQL: SELECT * FROM `hr_icdispose`  [ RunTime:0.0002s ]
SQL: SHOW COLUMNS FROM `hr_icdevice_sub` [ RunTime:0.0013s ]
SQL: SELECT * FROM `hr_icdevice_sub`  [ RunTime:0.0002s ]
SQL: SHOW COLUMNS FROM `hr_icmaintenance` [ RunTime:0.0013s ]
SQL: SELECT * FROM `hr_icmaintenance`  [ RunTime:0.0002s ]
SQL: SHOW COLUMNS FROM `hr_icsupplier` [ RunTime:0.0013s ]
SQL: SELECT * FROM `hr_icsupplier`  [ RunTime:0.0002s ]
SQL: SHOW COLUMNS FROM `hr_icpurcha` [ RunTime:0.0012s ]
SQL: SELECT * FROM `hr_icpurcha`  [ RunTime:0.0001s ]
SQL: SHOW COLUMNS FROM `hr_icequipment` [ RunTime:0.0011s ]
SQL: SELECT * FROM `hr_icequipment`  [ RunTime:0.0001s ]
NOTIC: [8] Undefined index: purchaid /Library/WebServer/Documents/cost/Application/Home/Controller/IndexController.class.php 第 3363 行.
NOTIC: [8] Undefined index: purchaid /Library/WebServer/Documents/cost/Application/Home/Controller/IndexController.class.php 第 3363 行.
SQL: SELECT COUNT(*) AS tp_count FROM `hr_icdevice_break` WHERE `dwname` = '33001516' AND `stats` = 0 AND `status` = 0 LIMIT 1   [ RunTime:0.0002s ]
INFO: [ app_end ] --START--
INFO: Run Behavior\ShowPageTraceBehavior [ RunTime:0.000382s ]
INFO: [ app_end ] --END-- [ RunTime:0.000548s ]

