[ 2019-10-23T08:35:49+08:00 ] ::1 /cost/index.php/Home/Index/applyproduct_ups.html?page=1&limit=20
INFO: [ app_begin ] --START--
INFO: Run Behavior\ReadHtmlCacheBehavior [ RunTime:0.000483s ]
INFO: [ app_begin ] --END-- [ RunTime:0.001083s ]
NOTIC: [8] Undefined index: product /Library/WebServer/Documents/cost/Application/Home/Controller/IndexController.class.php 第 1008 行.
NOTIC: [8] Undefined index: warehouseid /Library/WebServer/Documents/cost/Application/Home/Controller/IndexController.class.php 第 1023 行.
NOTIC: [8] Undefined index: date /Library/WebServer/Documents/cost/Application/Home/Controller/IndexController.class.php 第 1024 行.
SQL: SHOW COLUMNS FROM `hr_costinbound` [ RunTime:0.0019s ]
SQL: SELECT `productid`,`warehouseid`,sum(kcquantity) as sumkcquantity FROM `hr_costinbound` WHERE `sjquantity` > 0 AND `kcquantity` > 0 GROUP BY productid,warehouseid ORDER BY warehouseid asc LIMIT 0,20   [ RunTime:0.0014s ]
SQL: SHOW COLUMNS FROM `hr_costproduct` [ RunTime:0.0014s ]
SQL: SELECT * FROM `hr_costproduct`  [ RunTime:0.0008s ]
SQL: SHOW COLUMNS FROM `hr_costwarehouse` [ RunTime:0.0013s ]
SQL: SELECT * FROM `hr_costwarehouse`  [ RunTime:0.0002s ]
SQL: SHOW COLUMNS FROM `hr_costproducttype` [ RunTime:0.0013s ]
SQL: SELECT * FROM `hr_costproducttype`  [ RunTime:0.0001s ]
SQL: SHOW COLUMNS FROM `hr_danwei` [ RunTime:0.0019s ]
SQL: SELECT * FROM `hr_danwei`  [ RunTime:0.0005s ]
SQL: SELECT COUNT(*) AS tp_count FROM `hr_costinbound` WHERE `sjquantity` > 0 AND `kcquantity` > 0 LIMIT 1   [ RunTime:0.0013s ]
INFO: [ app_end ] --START--
INFO: Run Behavior\ShowPageTraceBehavior [ RunTime:0.000460s ]
INFO: [ app_end ] --END-- [ RunTime:0.000680s ]

[ 2019-10-23T08:59:37+08:00 ] ::1 /cost/index.php/Home/Index/applyproduct_ups.html?page=1&limit=20
INFO: [ app_begin ] --START--
INFO: Run Behavior\ReadHtmlCacheBehavior [ RunTime:0.000455s ]
INFO: [ app_begin ] --END-- [ RunTime:0.001039s ]
NOTIC: [8] Undefined index: product /Library/WebServer/Documents/cost/Application/Home/Controller/IndexController.class.php 第 1008 行.
NOTIC: [8] Undefined index: warehouseid /Library/WebServer/Documents/cost/Application/Home/Controller/IndexController.class.php 第 1023 行.
NOTIC: [8] Undefined index: date /Library/WebServer/Documents/cost/Application/Home/Controller/IndexController.class.php 第 1024 行.
SQL: SHOW COLUMNS FROM `hr_costinbound` [ RunTime:0.0017s ]
SQL: SELECT `productid`,`warehouseid`,sum(kcquantity) as sumkcquantity FROM `hr_costinbound` WHERE `sjquantity` > 0 AND `kcquantity` > 0 GROUP BY productid,warehouseid ORDER BY warehouseid asc LIMIT 0,20   [ RunTime:0.0013s ]
SQL: SHOW COLUMNS FROM `hr_costproduct` [ RunTime:0.0014s ]
SQL: SELECT * FROM `hr_costproduct`  [ RunTime:0.0008s ]
SQL: SHOW COLUMNS FROM `hr_costwarehouse` [ RunTime:0.0012s ]
SQL: SELECT * FROM `hr_costwarehouse`  [ RunTime:0.0002s ]
SQL: SHOW COLUMNS FROM `hr_costproducttype` [ RunTime:0.0015s ]
SQL: SELECT * FROM `hr_costproducttype`  [ RunTime:0.0002s ]
SQL: SHOW COLUMNS FROM `hr_danwei` [ RunTime:0.0013s ]
SQL: SELECT * FROM `hr_danwei`  [ RunTime:0.0003s ]
SQL: SELECT COUNT(*) AS tp_count FROM `hr_costinbound` WHERE `sjquantity` > 0 AND `kcquantity` > 0 LIMIT 1   [ RunTime:0.0015s ]
INFO: [ app_end ] --START--
INFO: Run Behavior\ShowPageTraceBehavior [ RunTime:0.000366s ]
INFO: [ app_end ] --END-- [ RunTime:0.000536s ]

[ 2019-10-23T09:10:00+08:00 ] ::1 /cost/index.php/Home/Index/applyproduct_ups.html?page=1&limit=20
INFO: [ app_begin ] --START--
INFO: Run Behavior\ReadHtmlCacheBehavior [ RunTime:0.000607s ]
INFO: [ app_begin ] --END-- [ RunTime:0.001076s ]
NOTIC: [8] Undefined index: product /Library/WebServer/Documents/cost/Application/Home/Controller/IndexController.class.php 第 1008 行.
NOTIC: [8] Undefined index: warehouseid /Library/WebServer/Documents/cost/Application/Home/Controller/IndexController.class.php 第 1023 行.
NOTIC: [8] Undefined index: date /Library/WebServer/Documents/cost/Application/Home/Controller/IndexController.class.php 第 1024 行.
SQL: SHOW COLUMNS FROM `hr_costinbound` [ RunTime:0.0018s ]
SQL: SELECT `productid`,`warehouseid`,sum(kcquantity) as sumkcquantity FROM `hr_costinbound` WHERE `sjquantity` > 0 AND `kcquantity` > 0 GROUP BY productid,warehouseid ORDER BY warehouseid asc LIMIT 0,20   [ RunTime:0.0013s ]
SQL: SHOW COLUMNS FROM `hr_costproduct` [ RunTime:0.0018s ]
SQL: SELECT * FROM `hr_costproduct`  [ RunTime:0.0009s ]
SQL: SHOW COLUMNS FROM `hr_costwarehouse` [ RunTime:0.0013s ]
SQL: SELECT * FROM `hr_costwarehouse`  [ RunTime:0.0001s ]
SQL: SHOW COLUMNS FROM `hr_costproducttype` [ RunTime:0.0011s ]
SQL: SELECT * FROM `hr_costproducttype`  [ RunTime:0.0002s ]
SQL: SHOW COLUMNS FROM `hr_danwei` [ RunTime:0.0015s ]
SQL: SELECT * FROM `hr_danwei`  [ RunTime:0.0003s ]
SQL: SELECT COUNT(*) AS tp_count FROM `hr_costinbound` WHERE `sjquantity` > 0 AND `kcquantity` > 0 LIMIT 1   [ RunTime:0.0010s ]
INFO: [ app_end ] --START--
INFO: Run Behavior\ShowPageTraceBehavior [ RunTime:0.000383s ]
INFO: [ app_end ] --END-- [ RunTime:0.000552s ]

[ 2019-10-23T09:13:09+08:00 ] ::1 /cost/index.php/Home/Index/applyproduct_ups.html?page=1&limit=20
INFO: [ app_begin ] --START--
INFO: Run Behavior\ReadHtmlCacheBehavior [ RunTime:0.000512s ]
INFO: [ app_begin ] --END-- [ RunTime:0.001064s ]
NOTIC: [8] Undefined index: product /Library/WebServer/Documents/cost/Application/Home/Controller/IndexController.class.php 第 1008 行.
NOTIC: [8] Undefined index: warehouseid /Library/WebServer/Documents/cost/Application/Home/Controller/IndexController.class.php 第 1023 行.
NOTIC: [8] Undefined index: date /Library/WebServer/Documents/cost/Application/Home/Controller/IndexController.class.php 第 1024 行.
SQL: SHOW COLUMNS FROM `hr_costinbound` [ RunTime:0.0022s ]
SQL: SELECT `productid`,`warehouseid`,sum(kcquantity) as sumkcquantity FROM `hr_costinbound` WHERE `sjquantity` > 0 AND `kcquantity` > 0 GROUP BY productid,warehouseid ORDER BY warehouseid asc LIMIT 0,20   [ RunTime:0.0015s ]
SQL: SHOW COLUMNS FROM `hr_costproduct` [ RunTime:0.0017s ]
SQL: SELECT * FROM `hr_costproduct`  [ RunTime:0.0009s ]
SQL: SHOW COLUMNS FROM `hr_costwarehouse` [ RunTime:0.0013s ]
SQL: SELECT * FROM `hr_costwarehouse`  [ RunTime:0.0001s ]
SQL: SHOW COLUMNS FROM `hr_costproducttype` [ RunTime:0.0011s ]
SQL: SELECT * FROM `hr_costproducttype`  [ RunTime:0.0002s ]
SQL: SHOW COLUMNS FROM `hr_danwei` [ RunTime:0.0012s ]
SQL: SELECT * FROM `hr_danwei`  [ RunTime:0.0003s ]
SQL: SELECT COUNT(*) AS tp_count FROM `hr_costinbound` WHERE `sjquantity` > 0 AND `kcquantity` > 0 LIMIT 1   [ RunTime:0.0011s ]
INFO: [ app_end ] --START--
INFO: Run Behavior\ShowPageTraceBehavior [ RunTime:0.000461s ]
INFO: [ app_end ] --END-- [ RunTime:0.000644s ]

[ 2019-10-23T09:15:20+08:00 ] ::1 /cost/index.php/Home/Index/applyproduct_ups.html?page=1&limit=20
INFO: [ app_begin ] --START--
INFO: Run Behavior\ReadHtmlCacheBehavior [ RunTime:0.000382s ]
INFO: [ app_begin ] --END-- [ RunTime:0.000695s ]
NOTIC: [8] Undefined index: product /Library/WebServer/Documents/cost/Application/Home/Controller/IndexController.class.php 第 1008 行.
NOTIC: [8] Undefined index: warehouseid /Library/WebServer/Documents/cost/Application/Home/Controller/IndexController.class.php 第 1023 行.
NOTIC: [8] Undefined index: date /Library/WebServer/Documents/cost/Application/Home/Controller/IndexController.class.php 第 1024 行.
SQL: SHOW COLUMNS FROM `hr_costinbound` [ RunTime:0.0021s ]
SQL: SELECT `productid`,`warehouseid`,sum(kcquantity) as sumkcquantity FROM `hr_costinbound` WHERE `sjquantity` > 0 AND `kcquantity` > 0 GROUP BY productid,warehouseid ORDER BY warehouseid asc LIMIT 0,20   [ RunTime:0.0016s ]
SQL: SHOW COLUMNS FROM `hr_costproduct` [ RunTime:0.0015s ]
SQL: SELECT * FROM `hr_costproduct`  [ RunTime:0.0011s ]
SQL: SHOW COLUMNS FROM `hr_costwarehouse` [ RunTime:0.0018s ]
SQL: SELECT * FROM `hr_costwarehouse`  [ RunTime:0.0002s ]
SQL: SHOW COLUMNS FROM `hr_costproducttype` [ RunTime:0.0019s ]
SQL: SELECT * FROM `hr_costproducttype`  [ RunTime:0.0004s ]
SQL: SHOW COLUMNS FROM `hr_danwei` [ RunTime:0.0020s ]
SQL: SELECT * FROM `hr_danwei`  [ RunTime:0.0003s ]
SQL: SELECT COUNT(*) AS tp_count FROM `hr_costinbound` WHERE `sjquantity` > 0 AND `kcquantity` > 0 LIMIT 1   [ RunTime:0.0012s ]
INFO: [ app_end ] --START--
INFO: Run Behavior\ShowPageTraceBehavior [ RunTime:0.000420s ]
INFO: [ app_end ] --END-- [ RunTime:0.000648s ]

[ 2019-10-23T09:15:33+08:00 ] ::1 /cost/index.php/Home/Index/applyproduct_ups.html?page=1&limit=20
INFO: [ app_begin ] --START--
INFO: Run Behavior\ReadHtmlCacheBehavior [ RunTime:0.000473s ]
INFO: [ app_begin ] --END-- [ RunTime:0.001003s ]
NOTIC: [8] Undefined index: product /Library/WebServer/Documents/cost/Application/Home/Controller/IndexController.class.php 第 1008 行.
NOTIC: [8] Undefined index: warehouseid /Library/WebServer/Documents/cost/Application/Home/Controller/IndexController.class.php 第 1023 行.
NOTIC: [8] Undefined index: date /Library/WebServer/Documents/cost/Application/Home/Controller/IndexController.class.php 第 1024 行.
SQL: SHOW COLUMNS FROM `hr_costinbound` [ RunTime:0.0015s ]
SQL: SELECT `productid`,`warehouseid`,sum(kcquantity) as sumkcquantity FROM `hr_costinbound` WHERE `sjquantity` > 0 AND `kcquantity` > 0 GROUP BY productid,warehouseid ORDER BY warehouseid asc LIMIT 0,20   [ RunTime:0.0013s ]
SQL: SHOW COLUMNS FROM `hr_costproduct` [ RunTime:0.0014s ]
SQL: SELECT * FROM `hr_costproduct`  [ RunTime:0.0010s ]
SQL: SHOW COLUMNS FROM `hr_costwarehouse` [ RunTime:0.0021s ]
SQL: SELECT * FROM `hr_costwarehouse`  [ RunTime:0.0003s ]
SQL: SHOW COLUMNS FROM `hr_costproducttype` [ RunTime:0.0016s ]
SQL: SELECT * FROM `hr_costproducttype`  [ RunTime:0.0002s ]
SQL: SHOW COLUMNS FROM `hr_danwei` [ RunTime:0.0014s ]
SQL: SELECT * FROM `hr_danwei`  [ RunTime:0.0003s ]
SQL: SELECT COUNT(*) AS tp_count FROM `hr_costinbound` WHERE `sjquantity` > 0 AND `kcquantity` > 0 LIMIT 1   [ RunTime:0.0010s ]
INFO: [ app_end ] --START--
INFO: Run Behavior\ShowPageTraceBehavior [ RunTime:0.000524s ]
INFO: [ app_end ] --END-- [ RunTime:0.000701s ]

[ 2019-10-23T09:15:44+08:00 ] ::1 /cost/index.php/Home/Index/applyproduct_ups.html?page=1&limit=20
INFO: [ app_begin ] --START--
INFO: Run Behavior\ReadHtmlCacheBehavior [ RunTime:0.000388s ]
INFO: [ app_begin ] --END-- [ RunTime:0.000962s ]
NOTIC: [8] Undefined index: product /Library/WebServer/Documents/cost/Application/Home/Controller/IndexController.class.php 第 1008 行.
NOTIC: [8] Undefined index: warehouseid /Library/WebServer/Documents/cost/Application/Home/Controller/IndexController.class.php 第 1023 行.
NOTIC: [8] Undefined index: date /Library/WebServer/Documents/cost/Application/Home/Controller/IndexController.class.php 第 1024 行.
SQL: SHOW COLUMNS FROM `hr_costinbound` [ RunTime:0.0019s ]
SQL: SELECT `productid`,`warehouseid`,sum(kcquantity) as sumkcquantity FROM `hr_costinbound` WHERE `sjquantity` > 0 AND `kcquantity` > 0 GROUP BY productid,warehouseid ORDER BY warehouseid asc LIMIT 0,20   [ RunTime:0.0016s ]
SQL: SHOW COLUMNS FROM `hr_costproduct` [ RunTime:0.0014s ]
SQL: SELECT * FROM `hr_costproduct`  [ RunTime:0.0010s ]
SQL: SHOW COLUMNS FROM `hr_costwarehouse` [ RunTime:0.0015s ]
SQL: SELECT * FROM `hr_costwarehouse`  [ RunTime:0.0002s ]
SQL: SHOW COLUMNS FROM `hr_costproducttype` [ RunTime:0.0013s ]
SQL: SELECT * FROM `hr_costproducttype`  [ RunTime:0.0002s ]
SQL: SHOW COLUMNS FROM `hr_danwei` [ RunTime:0.0012s ]
SQL: SELECT * FROM `hr_danwei`  [ RunTime:0.0002s ]
SQL: SELECT COUNT(*) AS tp_count FROM `hr_costinbound` WHERE `sjquantity` > 0 AND `kcquantity` > 0 LIMIT 1   [ RunTime:0.0009s ]
INFO: [ app_end ] --START--
INFO: Run Behavior\ShowPageTraceBehavior [ RunTime:0.000544s ]
INFO: [ app_end ] --END-- [ RunTime:0.000714s ]

[ 2019-10-23T09:16:15+08:00 ] ::1 /cost/index.php/Home/Index/applyproduct_ups.html?page=1&limit=20
INFO: [ app_begin ] --START--
INFO: Run Behavior\ReadHtmlCacheBehavior [ RunTime:0.000468s ]
INFO: [ app_begin ] --END-- [ RunTime:0.001033s ]
NOTIC: [8] Undefined index: product /Library/WebServer/Documents/cost/Application/Home/Controller/IndexController.class.php 第 1008 行.
NOTIC: [8] Undefined index: warehouseid /Library/WebServer/Documents/cost/Application/Home/Controller/IndexController.class.php 第 1023 行.
NOTIC: [8] Undefined index: date /Library/WebServer/Documents/cost/Application/Home/Controller/IndexController.class.php 第 1024 行.
SQL: SHOW COLUMNS FROM `hr_costinbound` [ RunTime:0.0015s ]
SQL: SELECT `productid`,`warehouseid`,sum(kcquantity) as sumkcquantity FROM `hr_costinbound` WHERE `sjquantity` > 0 AND `kcquantity` > 0 GROUP BY productid,warehouseid ORDER BY warehouseid asc LIMIT 0,20   [ RunTime:0.0014s ]
SQL: SHOW COLUMNS FROM `hr_costproduct` [ RunTime:0.0018s ]
SQL: SELECT * FROM `hr_costproduct`  [ RunTime:0.0009s ]
SQL: SHOW COLUMNS FROM `hr_costwarehouse` [ RunTime:0.0017s ]
SQL: SELECT * FROM `hr_costwarehouse`  [ RunTime:0.0003s ]
SQL: SHOW COLUMNS FROM `hr_costproducttype` [ RunTime:0.0018s ]
SQL: SELECT * FROM `hr_costproducttype`  [ RunTime:0.0003s ]
SQL: SHOW COLUMNS FROM `hr_danwei` [ RunTime:0.0016s ]
SQL: SELECT * FROM `hr_danwei`  [ RunTime:0.0003s ]
SQL: SELECT COUNT(*) AS tp_count FROM `hr_costinbound` WHERE `sjquantity` > 0 AND `kcquantity` > 0 LIMIT 1   [ RunTime:0.0011s ]
INFO: [ app_end ] --START--
INFO: Run Behavior\ShowPageTraceBehavior [ RunTime:0.000399s ]
INFO: [ app_end ] --END-- [ RunTime:0.000562s ]

[ 2019-10-23T09:16:45+08:00 ] ::1 /cost/index.php/Home/Index/applyproduct_ups.html?page=1&limit=20
INFO: [ app_begin ] --START--
INFO: Run Behavior\ReadHtmlCacheBehavior [ RunTime:0.000598s ]
INFO: [ app_begin ] --END-- [ RunTime:0.001176s ]
NOTIC: [8] Undefined index: product /Library/WebServer/Documents/cost/Application/Home/Controller/IndexController.class.php 第 1008 行.
NOTIC: [8] Undefined index: warehouseid /Library/WebServer/Documents/cost/Application/Home/Controller/IndexController.class.php 第 1023 行.
NOTIC: [8] Undefined index: date /Library/WebServer/Documents/cost/Application/Home/Controller/IndexController.class.php 第 1024 行.
SQL: SHOW COLUMNS FROM `hr_costinbound` [ RunTime:0.0024s ]
SQL: SELECT `productid`,`warehouseid`,sum(kcquantity) as sumkcquantity FROM `hr_costinbound` WHERE `sjquantity` > 0 AND `kcquantity` > 0 GROUP BY productid,warehouseid ORDER BY warehouseid asc LIMIT 0,20   [ RunTime:0.0015s ]
SQL: SHOW COLUMNS FROM `hr_costapply` [ RunTime:0.0015s ]
SQL: SELECT `pwid`,sum(applyquantity) as sumapplyquantity FROM `hr_costapply` WHERE `shenhe` IN ('未审核','审核同意') GROUP BY pwid  [ RunTime:0.0059s ]
NOTIC: [8] Undefined index: pwid /Library/WebServer/Documents/cost/Application/Home/Controller/IndexController.class.php 第 1050 行.
NOTIC: [8] Undefined index: pwid /Library/WebServer/Documents/cost/Application/Home/Controller/IndexController.class.php 第 1050 行.
NOTIC: [8] Undefined index: pwid /Library/WebServer/Documents/cost/Application/Home/Controller/IndexController.class.php 第 1050 行.
NOTIC: [8] Undefined index: pwid /Library/WebServer/Documents/cost/Application/Home/Controller/IndexController.class.php 第 1050 行.
NOTIC: [8] Undefined index: pwid /Library/WebServer/Documents/cost/Application/Home/Controller/IndexController.class.php 第 1050 行.
NOTIC: [8] Undefined index: pwid /Library/WebServer/Documents/cost/Application/Home/Controller/IndexController.class.php 第 1050 行.
NOTIC: [8] Undefined index: pwid /Library/WebServer/Documents/cost/Application/Home/Controller/IndexController.class.php 第 1050 行.
NOTIC: [8] Undefined index: pwid /Library/WebServer/Documents/cost/Application/Home/Controller/IndexController.class.php 第 1050 行.
NOTIC: [8] Undefined index: pwid /Library/WebServer/Documents/cost/Application/Home/Controller/IndexController.class.php 第 1050 行.
NOTIC: [8] Undefined index: pwid /Library/WebServer/Documents/cost/Application/Home/Controller/IndexController.class.php 第 1050 行.
NOTIC: [8] Undefined index: pwid /Library/WebServer/Documents/cost/Application/Home/Controller/IndexController.class.php 第 1050 行.
NOTIC: [8] Undefined index: pwid /Library/WebServer/Documents/cost/Application/Home/Controller/IndexController.class.php 第 1050 行.
NOTIC: [8] Undefined index: pwid /Library/WebServer/Documents/cost/Application/Home/Controller/IndexController.class.php 第 1050 行.
NOTIC: [8] Undefined index: pwid /Library/WebServer/Documents/cost/Application/Home/Controller/IndexController.class.php 第 1050 行.
NOTIC: [8] Undefined index: pwid /Library/WebServer/Documents/cost/Application/Home/Controller/IndexController.class.php 第 1050 行.
NOTIC: [8] Undefined index: pwid /Library/WebServer/Documents/cost/Application/Home/Controller/IndexController.class.php 第 1050 行.
NOTIC: [8] Undefined index: pwid /Library/WebServer/Documents/cost/Application/Home/Controller/IndexController.class.php 第 1050 行.
NOTIC: [8] Undefined index: pwid /Library/WebServer/Documents/cost/Application/Home/Controller/IndexController.class.php 第 1050 行.
NOTIC: [8] Undefined index: pwid /Library/WebServer/Documents/cost/Application/Home/Controller/IndexController.class.php 第 1050 行.
NOTIC: [8] Undefined index: pwid /Library/WebServer/Documents/cost/Application/Home/Controller/IndexController.class.php 第 1050 行.
NOTIC: [8] Undefined index: pwid /Library/WebServer/Documents/cost/Application/Home/Controller/IndexController.class.php 第 1050 行.
NOTIC: [8] Undefined index: pwid /Library/WebServer/Documents/cost/Application/Home/Controller/IndexController.class.php 第 1050 行.
NOTIC: [8] Undefined index: pwid /Library/WebServer/Documents/cost/Application/Home/Controller/IndexController.class.php 第 1050 行.
NOTIC: [8] Undefined index: pwid /Library/WebServer/Documents/cost/Application/Home/Controller/IndexController.class.php 第 1050 行.
NOTIC: [8] Undefined index: pwid /Library/WebServer/Documents/cost/Application/Home/Controller/IndexController.class.php 第 1050 行.
NOTIC: [8] Undefined index: pwid /Library/WebServer/Documents/cost/Application/Home/Controller/IndexController.class.php 第 1050 行.
NOTIC: [8] Undefined index: pwid /Library/WebServer/Documents/cost/Application/Home/Controller/IndexController.class.php 第 1050 行.
NOTIC: [8] Undefined index: pwid /Library/WebServer/Documents/cost/Application/Home/Controller/IndexController.class.php 第 1050 行.
NOTIC: [8] Undefined index: pwid /Library/WebServer/Documents/cost/Application/Home/Controller/IndexController.class.php 第 1050 行.
NOTIC: [8] Undefined index: pwid /Library/WebServer/Documents/cost/Application/Home/Controller/IndexController.class.php 第 1050 行.
NOTIC: [8] Undefined index: pwid /Library/WebServer/Documents/cost/Application/Home/Controller/IndexController.class.php 第 1050 行.
NOTIC: [8] Undefined index: pwid /Library/WebServer/Documents/cost/Application/Home/Controller/IndexController.class.php 第 1050 行.
NOTIC: [8] Undefined index: pwid /Library/WebServer/Documents/cost/Application/Home/Controller/IndexController.class.php 第 1050 行.
NOTIC: [8] Undefined index: pwid /Library/WebServer/Documents/cost/Application/Home/Controller/IndexController.class.php 第 1050 行.
NOTIC: [8] Undefined index: pwid /Library/WebServer/Documents/cost/Application/Home/Controller/IndexController.class.php 第 1050 行.
NOTIC: [8] Undefined index: pwid /Library/WebServer/Documents/cost/Application/Home/Controller/IndexController.class.php 第 1050 行.
NOTIC: [8] Undefined index: pwid /Library/WebServer/Documents/cost/Application/Home/Controller/IndexController.class.php 第 1050 行.
NOTIC: [8] Undefined index: pwid /Library/WebServer/Documents/cost/Application/Home/Controller/IndexController.class.php 第 1050 行.
NOTIC: [8] Undefined index: pwid /Library/WebServer/Documents/cost/Application/Home/Controller/IndexController.class.php 第 1050 行.
NOTIC: [8] Undefined index: pwid /Library/WebServer/Documents/cost/Application/Home/Controller/IndexController.class.php 第 1050 行.
NOTIC: [8] Undefined index: pwid /Library/WebServer/Documents/cost/Application/Home/Controller/IndexController.class.php 第 1050 行.
NOTIC: [8] Undefined index: pwid /Library/WebServer/Documents/cost/Application/Home/Controller/IndexController.class.php 第 1050 行.
NOTIC: [8] Undefined index: pwid /Library/WebServer/Documents/cost/Application/Home/Controller/IndexController.class.php 第 1050 行.
NOTIC: [8] Undefined index: pwid /Library/WebServer/Documents/cost/Application/Home/Controller/IndexController.class.php 第 1050 行.
NOTIC: [8] Undefined index: pwid /Library/WebServer/Documents/cost/Application/Home/Controller/IndexController.class.php 第 1050 行.
NOTIC: [8] Undefined index: pwid /Library/WebServer/Documents/cost/Application/Home/Controller/IndexController.class.php 第 1050 行.
NOTIC: [8] Undefined index: pwid /Library/WebServer/Documents/cost/Application/Home/Controller/IndexController.class.php 第 1050 行.
NOTIC: [8] Undefined index: pwid /Library/WebServer/Documents/cost/Application/Home/Controller/IndexController.class.php 第 1050 行.
NOTIC: [8] Undefined index: pwid /Library/WebServer/Documents/cost/Application/Home/Controller/IndexController.class.php 第 1050 行.
NOTIC: [8] Undefined index: pwid /Library/WebServer/Documents/cost/Application/Home/Controller/IndexController.class.php 第 1050 行.
NOTIC: [8] Undefined index: pwid /Library/WebServer/Documents/cost/Application/Home/Controller/IndexController.class.php 第 1050 行.
NOTIC: [8] Undefined index: pwid /Library/WebServer/Documents/cost/Application/Home/Controller/IndexController.class.php 第 1050 行.
NOTIC: [8] Undefined index: pwid /Library/WebServer/Documents/cost/Application/Home/Controller/IndexController.class.php 第 1050 行.
NOTIC: [8] Undefined index: pwid /Library/WebServer/Documents/cost/Application/Home/Controller/IndexController.class.php 第 1050 行.
NOTIC: [8] Undefined index: pwid /Library/WebServer/Documents/cost/Application/Home/Controller/IndexController.class.php 第 1050 行.
NOTIC: [8] Undefined index: pwid /Library/WebServer/Documents/cost/Application/Home/Controller/IndexController.class.php 第 1050 行.
NOTIC: [8] Undefined index: pwid /Library/WebServer/Documents/cost/Application/Home/Controller/IndexController.class.php 第 1050 行.
NOTIC: [8] Undefined index: pwid /Library/WebServer/Documents/cost/Application/Home/Controller/IndexController.class.php 第 1050 行.
NOTIC: [8] Undefined index: pwid /Library/WebServer/Documents/cost/Application/Home/Controller/IndexController.class.php 第 1050 行.
NOTIC: [8] Undefined index: pwid /Library/WebServer/Documents/cost/Application/Home/Controller/IndexController.class.php 第 1050 行.
NOTIC: [8] Undefined index: pwid /Library/WebServer/Documents/cost/Application/Home/Controller/IndexController.class.php 第 1050 行.
NOTIC: [8] Undefined index: pwid /Library/WebServer/Documents/cost/Application/Home/Controller/IndexController.class.php 第 1050 行.
NOTIC: [8] Undefined index: pwid /Library/WebServer/Documents/cost/Application/Home/Controller/IndexController.class.php 第 1050 行.
NOTIC: [8] Undefined index: pwid /Library/WebServer/Documents/cost/Application/Home/Controller/IndexController.class.php 第 1050 行.
NOTIC: [8] Undefined index: pwid /Library/WebServer/Documents/cost/Application/Home/Controller/IndexController.class.php 第 1050 行.
NOTIC: [8] Undefined index: pwid /Library/WebServer/Documents/cost/Application/Home/Controller/IndexController.class.php 第 1050 行.
NOTIC: [8] Undefined index: pwid /Library/WebServer/Documents/cost/Application/Home/Controller/IndexController.class.php 第 1050 行.
NOTIC: [8] Undefined index: pwid /Library/WebServer/Documents/cost/Application/Home/Controller/IndexController.class.php 第 1050 行.
NOTIC: [8] Undefined index: pwid /Library/WebServer/Documents/cost/Application/Home/Controller/IndexController.class.php 第 1050 行.
NOTIC: [8] Undefined index: pwid /Library/WebServer/Documents/cost/Application/Home/Controller/IndexController.class.php 第 1050 行.
NOTIC: [8] Undefined index: pwid /Library/WebServer/Documents/cost/Application/Home/Controller/IndexController.class.php 第 1050 行.
NOTIC: [8] Undefined index: pwid /Library/WebServer/Documents/cost/Application/Home/Controller/IndexController.class.php 第 1050 行.
NOTIC: [8] Undefined index: pwid /Library/WebServer/Documents/cost/Application/Home/Controller/IndexController.class.php 第 1050 行.
NOTIC: [8] Undefined index: pwid /Library/WebServer/Documents/cost/Application/Home/Controller/IndexController.class.php 第 1050 行.
NOTIC: [8] Undefined index: pwid /Library/WebServer/Documents/cost/Application/Home/Controller/IndexController.class.php 第 1050 行.
NOTIC: [8] Undefined index: pwid /Library/WebServer/Documents/cost/Application/Home/Controller/IndexController.class.php 第 1050 行.
NOTIC: [8] Undefined index: pwid /Library/WebServer/Documents/cost/Application/Home/Controller/IndexController.class.php 第 1050 行.
NOTIC: [8] Undefined index: pwid /Library/WebServer/Documents/cost/Application/Home/Controller/IndexController.class.php 第 1050 行.
NOTIC: [8] Undefined index: pwid /Library/WebServer/Documents/cost/Application/Home/Controller/IndexController.class.php 第 1050 行.
NOTIC: [8] Undefined index: pwid /Library/WebServer/Documents/cost/Application/Home/Controller/IndexController.class.php 第 1050 行.
NOTIC: [8] Undefined index: pwid /Library/WebServer/Documents/cost/Application/Home/Controller/IndexController.class.php 第 1050 行.
NOTIC: [8] Undefined index: pwid /Library/WebServer/Documents/cost/Application/Home/Controller/IndexController.class.php 第 1050 行.
NOTIC: [8] Undefined index: pwid /Library/WebServer/Documents/cost/Application/Home/Controller/IndexController.class.php 第 1050 行.
NOTIC: [8] Undefined index: pwid /Library/WebServer/Documents/cost/Application/Home/Controller/IndexController.class.php 第 1050 行.
NOTIC: [8] Undefined index: pwid /Library/WebServer/Documents/cost/Application/Home/Controller/IndexController.class.php 第 1050 行.
NOTIC: [8] Undefined index: pwid /Library/WebServer/Documents/cost/Application/Home/Controller/IndexController.class.php 第 1050 行.
NOTIC: [8] Undefined index: pwid /Library/WebServer/Documents/cost/Application/Home/Controller/IndexController.class.php 第 1050 行.
NOTIC: [8] Undefined index: pwid /Library/WebServer/Documents/cost/Application/Home/Controller/IndexController.class.php 第 1050 行.
NOTIC: [8] Undefined index: pwid /Library/WebServer/Documents/cost/Application/Home/Controller/IndexController.class.php 第 1050 行.
NOTIC: [8] Undefined index: pwid /Library/WebServer/Documents/cost/Application/Home/Controller/IndexController.class.php 第 1050 行.
NOTIC: [8] Undefined index: pwid /Library/WebServer/Documents/cost/Application/Home/Controller/IndexController.class.php 第 1050 行.
NOTIC: [8] Undefined index: pwid /Library/WebServer/Documents/cost/Application/Home/Controller/IndexController.class.php 第 1050 行.
NOTIC: [8] Undefined index: pwid /Library/WebServer/Documents/cost/Application/Home/Controller/IndexController.class.php 第 1050 行.
NOTIC: [8] Undefined index: pwid /Library/WebServer/Documents/cost/Application/Home/Controller/IndexController.class.php 第 1050 行.
NOTIC: [8] Undefined index: pwid /Library/WebServer/Documents/cost/Application/Home/Controller/IndexController.class.php 第 1050 行.
NOTIC: [8] Undefined index: pwid /Library/WebServer/Documents/cost/Application/Home/Controller/IndexController.class.php 第 1050 行.
NOTIC: [8] Undefined index: pwid /Library/WebServer/Documents/cost/Application/Home/Controller/IndexController.class.php 第 1050 行.
NOTIC: [8] Undefined index: pwid /Library/WebServer/Documents/cost/Application/Home/Controller/IndexController.class.php 第 1050 行.
NOTIC: [8] Undefined index: pwid /Library/WebServer/Documents/cost/Application/Home/Controller/IndexController.class.php 第 1050 行.
NOTIC: [8] Undefined index: pwid /Library/WebServer/Documents/cost/Application/Home/Controller/IndexController.class.php 第 1050 行.
NOTIC: [8] Undefined index: pwid /Library/WebServer/Documents/cost/Application/Home/Controller/IndexController.class.php 第 1050 行.
NOTIC: [8] Undefined index: pwid /Library/WebServer/Documents/cost/Application/Home/Controller/IndexController.class.php 第 1050 行.
NOTIC: [8] Undefined index: pwid /Library/WebServer/Documents/cost/Application/Home/Controller/IndexController.class.php 第 1050 行.
NOTIC: [8] Undefined index: pwid /Library/WebServer/Documents/cost/Application/Home/Controller/IndexController.class.php 第 1050 行.
NOTIC: [8] Undefined index: pwid /Library/WebServer/Documents/cost/Application/Home/Controller/IndexController.class.php 第 1050 行.
NOTIC: [8] Undefined index: pwid /Library/WebServer/Documents/cost/Application/Home/Controller/IndexController.class.php 第 1050 行.
NOTIC: [8] Undefined index: pwid /Library/WebServer/Documents/cost/Application/Home/Controller/IndexController.class.php 第 1050 行.
NOTIC: [8] Undefined index: pwid /Library/WebServer/Documents/cost/Application/Home/Controller/IndexController.class.php 第 1050 行.
NOTIC: [8] Undefined index: pwid /Library/WebServer/Documents/cost/Application/Home/Controller/IndexController.class.php 第 1050 行.
NOTIC: [8] Undefined index: pwid /Library/WebServer/Documents/cost/Application/Home/Controller/IndexController.class.php 第 1050 行.
NOTIC: [8] Undefined index: pwid /Library/WebServer/Documents/cost/Application/Home/Controller/IndexController.class.php 第 1050 行.
NOTIC: [8] Undefined index: pwid /Library/WebServer/Documents/cost/Application/Home/Controller/IndexController.class.php 第 1050 行.
NOTIC: [8] Undefined index: pwid /Library/WebServer/Documents/cost/Application/Home/Controller/IndexController.class.php 第 1050 行.
NOTIC: [8] Undefined index: pwid /Library/WebServer/Documents/cost/Application/Home/Controller/IndexController.class.php 第 1050 行.
NOTIC: [8] Undefined index: pwid /Library/WebServer/Documents/cost/Application/Home/Controller/IndexController.class.php 第 1050 行.
NOTIC: [8] Undefined index: pwid /Library/WebServer/Documents/cost/Application/Home/Controller/IndexController.class.php 第 1050 行.
NOTIC: [8] Undefined index: pwid /Library/WebServer/Documents/cost/Application/Home/Controller/IndexController.class.php 第 1050 行.
NOTIC: [8] Undefined index: pwid /Library/WebServer/Documents/cost/Application/Home/Controller/IndexController.class.php 第 1050 行.
NOTIC: [8] Undefined index: pwid /Library/WebServer/Documents/cost/Application/Home/Controller/IndexController.class.php 第 1050 行.
NOTIC: [8] Undefined index: pwid /Library/WebServer/Documents/cost/Application/Home/Controller/IndexController.class.php 第 1050 行.
NOTIC: [8] Undefined index: pwid /Library/WebServer/Documents/cost/Application/Home/Controller/IndexController.class.php 第 1050 行.
NOTIC: [8] Undefined index: pwid /Library/WebServer/Documents/cost/Application/Home/Controller/IndexController.class.php 第 1050 行.
NOTIC: [8] Undefined index: pwid /Library/WebServer/Documents/cost/Application/Home/Controller/IndexController.class.php 第 1050 行.
NOTIC: [8] Undefined index: pwid /Library/WebServer/Documents/cost/Application/Home/Controller/IndexController.class.php 第 1050 行.
NOTIC: [8] Undefined index: pwid /Library/WebServer/Documents/cost/Application/Home/Controller/IndexController.class.php 第 1050 行.
NOTIC: [8] Undefined index: pwid /Library/WebServer/Documents/cost/Application/Home/Controller/IndexController.class.php 第 1050 行.
NOTIC: [8] Undefined index: pwid /Library/WebServer/Documents/cost/Application/Home/Controller/IndexController.class.php 第 1050 行.
NOTIC: [8] Undefined index: pwid /Library/WebServer/Documents/cost/Application/Home/Controller/IndexController.class.php 第 1050 行.
NOTIC: [8] Undefined index: pwid /Library/WebServer/Documents/cost/Application/Home/Controller/IndexController.class.php 第 1050 行.
NOTIC: [8] Undefined index: pwid /Library/WebServer/Documents/cost/Application/Home/Controller/IndexController.class.php 第 1050 行.
NOTIC: [8] Undefined index: pwid /Library/WebServer/Documents/cost/Application/Home/Controller/IndexController.class.php 第 1050 行.
NOTIC: [8] Undefined index: pwid /Library/WebServer/Documents/cost/Application/Home/Controller/IndexController.class.php 第 1050 行.
NOTIC: [8] Undefined index: pwid /Library/WebServer/Documents/cost/Application/Home/Controller/IndexController.class.php 第 1050 行.
NOTIC: [8] Undefined index: pwid /Library/WebServer/Documents/cost/Application/Home/Controller/IndexController.class.php 第 1050 行.
NOTIC: [8] Undefined index: pwid /Library/WebServer/Documents/cost/Application/Home/Controller/IndexController.class.php 第 1050 行.
NOTIC: [8] Undefined index: pwid /Library/WebServer/Documents/cost/Application/Home/Controller/IndexController.class.php 第 1050 行.
NOTIC: [8] Undefined index: pwid /Library/WebServer/Documents/cost/Application/Home/Controller/IndexController.class.php 第 1050 行.
NOTIC: [8] Undefined index: pwid /Library/WebServer/Documents/cost/Application/Home/Controller/IndexController.class.php 第 1050 行.
NOTIC: [8] Undefined index: pwid /Library/WebServer/Documents/cost/Application/Home/Controller/IndexController.class.php 第 1050 行.
NOTIC: [8] Undefined index: pwid /Library/WebServer/Documents/cost/Application/Home/Controller/IndexController.class.php 第 1050 行.
SQL: SHOW COLUMNS FROM `hr_costproduct` [ RunTime:0.0015s ]
SQL: SELECT * FROM `hr_costproduct`  [ RunTime:0.0009s ]
SQL: SHOW COLUMNS FROM `hr_costwarehouse` [ RunTime:0.0014s ]
SQL: SELECT * FROM `hr_costwarehouse`  [ RunTime:0.0002s ]
SQL: SHOW COLUMNS FROM `hr_costproducttype` [ RunTime:0.0012s ]
SQL: SELECT * FROM `hr_costproducttype`  [ RunTime:0.0001s ]
SQL: SHOW COLUMNS FROM `hr_danwei` [ RunTime:0.0012s ]
SQL: SELECT * FROM `hr_danwei`  [ RunTime:0.0002s ]
SQL: SELECT COUNT(*) AS tp_count FROM `hr_costinbound` WHERE `sjquantity` > 0 AND `kcquantity` > 0 LIMIT 1   [ RunTime:0.0009s ]
INFO: [ app_end ] --START--
INFO: Run Behavior\ShowPageTraceBehavior [ RunTime:0.000358s ]
INFO: [ app_end ] --END-- [ RunTime:0.000521s ]

[ 2019-10-23T09:16:54+08:00 ] ::1 /cost/index.php/Home/Index/applyproduct_ups.html?page=1&limit=20&warehouseid=&product=%E6%9C%88%E9%A5%BC&date=
INFO: [ app_begin ] --START--
INFO: Run Behavior\ReadHtmlCacheBehavior [ RunTime:0.000326s ]
INFO: [ app_begin ] --END-- [ RunTime:0.000702s ]
SQL: SHOW COLUMNS FROM `hr_costproduct` [ RunTime:0.0016s ]
SQL: SELECT `productid` FROM `hr_costproduct` WHERE `productname` LIKE '%月饼%'  [ RunTime:0.0010s ]
SQL: SHOW COLUMNS FROM `hr_costinbound` [ RunTime:0.0015s ]
SQL: SELECT `productid`,`warehouseid`,sum(kcquantity) as sumkcquantity FROM `hr_costinbound` WHERE `productid` IN ('214') AND `sjquantity` > 0 AND `kcquantity` > 0 GROUP BY productid,warehouseid ORDER BY warehouseid asc LIMIT 0,20   [ RunTime:0.0012s ]
SQL: SHOW COLUMNS FROM `hr_costapply` [ RunTime:0.0014s ]
SQL: SELECT `pwid`,sum(applyquantity) as sumapplyquantity FROM `hr_costapply` WHERE `shenhe` IN ('未审核','审核同意') GROUP BY pwid  [ RunTime:0.0057s ]
NOTIC: [8] Undefined index: pwid /Library/WebServer/Documents/cost/Application/Home/Controller/IndexController.class.php 第 1050 行.
NOTIC: [8] Undefined index: pwid /Library/WebServer/Documents/cost/Application/Home/Controller/IndexController.class.php 第 1050 行.
NOTIC: [8] Undefined index: pwid /Library/WebServer/Documents/cost/Application/Home/Controller/IndexController.class.php 第 1050 行.
NOTIC: [8] Undefined index: pwid /Library/WebServer/Documents/cost/Application/Home/Controller/IndexController.class.php 第 1050 行.
NOTIC: [8] Undefined index: pwid /Library/WebServer/Documents/cost/Application/Home/Controller/IndexController.class.php 第 1050 行.
NOTIC: [8] Undefined index: pwid /Library/WebServer/Documents/cost/Application/Home/Controller/IndexController.class.php 第 1050 行.
NOTIC: [8] Undefined index: pwid /Library/WebServer/Documents/cost/Application/Home/Controller/IndexController.class.php 第 1050 行.
SQL: SELECT * FROM `hr_costproduct`  [ RunTime:0.0010s ]
SQL: SHOW COLUMNS FROM `hr_costwarehouse` [ RunTime:0.0015s ]
SQL: SELECT * FROM `hr_costwarehouse`  [ RunTime:0.0002s ]
SQL: SHOW COLUMNS FROM `hr_costproducttype` [ RunTime:0.0014s ]
SQL: SELECT * FROM `hr_costproducttype`  [ RunTime:0.0001s ]
SQL: SHOW COLUMNS FROM `hr_danwei` [ RunTime:0.0012s ]
SQL: SELECT * FROM `hr_danwei`  [ RunTime:0.0002s ]
SQL: SELECT COUNT(*) AS tp_count FROM `hr_costinbound` WHERE `productid` IN ('214') AND `sjquantity` > 0 AND `kcquantity` > 0 LIMIT 1   [ RunTime:0.0011s ]
INFO: [ app_end ] --START--
INFO: Run Behavior\ShowPageTraceBehavior [ RunTime:0.000415s ]
INFO: [ app_end ] --END-- [ RunTime:0.000581s ]

[ 2019-10-23T09:16:57+08:00 ] ::1 /cost/index.php/Home/Index/applyproduct_ups.html?page=1&limit=20
INFO: [ app_begin ] --START--
INFO: Run Behavior\ReadHtmlCacheBehavior [ RunTime:0.000542s ]
INFO: [ app_begin ] --END-- [ RunTime:0.000964s ]
NOTIC: [8] Undefined index: product /Library/WebServer/Documents/cost/Application/Home/Controller/IndexController.class.php 第 1008 行.
NOTIC: [8] Undefined index: warehouseid /Library/WebServer/Documents/cost/Application/Home/Controller/IndexController.class.php 第 1023 行.
NOTIC: [8] Undefined index: date /Library/WebServer/Documents/cost/Application/Home/Controller/IndexController.class.php 第 1024 行.
SQL: SHOW COLUMNS FROM `hr_costinbound` [ RunTime:0.0019s ]
SQL: SELECT `productid`,`warehouseid`,sum(kcquantity) as sumkcquantity FROM `hr_costinbound` WHERE `sjquantity` > 0 AND `kcquantity` > 0 GROUP BY productid,warehouseid ORDER BY warehouseid asc LIMIT 0,20   [ RunTime:0.0013s ]
SQL: SHOW COLUMNS FROM `hr_costapply` [ RunTime:0.0015s ]
SQL: SELECT `pwid`,sum(applyquantity) as sumapplyquantity FROM `hr_costapply` WHERE `shenhe` IN ('未审核','审核同意') GROUP BY pwid  [ RunTime:0.0061s ]
NOTIC: [8] Undefined index: pwid /Library/WebServer/Documents/cost/Application/Home/Controller/IndexController.class.php 第 1050 行.
NOTIC: [8] Undefined index: pwid /Library/WebServer/Documents/cost/Application/Home/Controller/IndexController.class.php 第 1050 行.
NOTIC: [8] Undefined index: pwid /Library/WebServer/Documents/cost/Application/Home/Controller/IndexController.class.php 第 1050 行.
NOTIC: [8] Undefined index: pwid /Library/WebServer/Documents/cost/Application/Home/Controller/IndexController.class.php 第 1050 行.
NOTIC: [8] Undefined index: pwid /Library/WebServer/Documents/cost/Application/Home/Controller/IndexController.class.php 第 1050 行.
NOTIC: [8] Undefined index: pwid /Library/WebServer/Documents/cost/Application/Home/Controller/IndexController.class.php 第 1050 行.
NOTIC: [8] Undefined index: pwid /Library/WebServer/Documents/cost/Application/Home/Controller/IndexController.class.php 第 1050 行.
NOTIC: [8] Undefined index: pwid /Library/WebServer/Documents/cost/Application/Home/Controller/IndexController.class.php 第 1050 行.
NOTIC: [8] Undefined index: pwid /Library/WebServer/Documents/cost/Application/Home/Controller/IndexController.class.php 第 1050 行.
NOTIC: [8] Undefined index: pwid /Library/WebServer/Documents/cost/Application/Home/Controller/IndexController.class.php 第 1050 行.
NOTIC: [8] Undefined index: pwid /Library/WebServer/Documents/cost/Application/Home/Controller/IndexController.class.php 第 1050 行.
NOTIC: [8] Undefined index: pwid /Library/WebServer/Documents/cost/Application/Home/Controller/IndexController.class.php 第 1050 行.
NOTIC: [8] Undefined index: pwid /Library/WebServer/Documents/cost/Application/Home/Controller/IndexController.class.php 第 1050 行.
NOTIC: [8] Undefined index: pwid /Library/WebServer/Documents/cost/Application/Home/Controller/IndexController.class.php 第 1050 行.
NOTIC: [8] Undefined index: pwid /Library/WebServer/Documents/cost/Application/Home/Controller/IndexController.class.php 第 1050 行.
NOTIC: [8] Undefined index: pwid /Library/WebServer/Documents/cost/Application/Home/Controller/IndexController.class.php 第 1050 行.
NOTIC: [8] Undefined index: pwid /Library/WebServer/Documents/cost/Application/Home/Controller/IndexController.class.php 第 1050 行.
NOTIC: [8] Undefined index: pwid /Library/WebServer/Documents/cost/Application/Home/Controller/IndexController.class.php 第 1050 行.
NOTIC: [8] Undefined index: pwid /Library/WebServer/Documents/cost/Application/Home/Controller/IndexController.class.php 第 1050 行.
NOTIC: [8] Undefined index: pwid /Library/WebServer/Documents/cost/Application/Home/Controller/IndexController.class.php 第 1050 行.
NOTIC: [8] Undefined index: pwid /Library/WebServer/Documents/cost/Application/Home/Controller/IndexController.class.php 第 1050 行.
NOTIC: [8] Undefined index: pwid /Library/WebServer/Documents/cost/Application/Home/Controller/IndexController.class.php 第 1050 行.
NOTIC: [8] Undefined index: pwid /Library/WebServer/Documents/cost/Application/Home/Controller/IndexController.class.php 第 1050 行.
NOTIC: [8] Undefined index: pwid /Library/WebServer/Documents/cost/Application/Home/Controller/IndexController.class.php 第 1050 行.
NOTIC: [8] Undefined index: pwid /Library/WebServer/Documents/cost/Application/Home/Controller/IndexController.class.php 第 1050 行.
NOTIC: [8] Undefined index: pwid /Library/WebServer/Documents/cost/Application/Home/Controller/IndexController.class.php 第 1050 行.
NOTIC: [8] Undefined index: pwid /Library/WebServer/Documents/cost/Application/Home/Controller/IndexController.class.php 第 1050 行.
NOTIC: [8] Undefined index: pwid /Library/WebServer/Documents/cost/Application/Home/Controller/IndexController.class.php 第 1050 行.
NOTIC: [8] Undefined index: pwid /Library/WebServer/Documents/cost/Application/Home/Controller/IndexController.class.php 第 1050 行.
NOTIC: [8] Undefined index: pwid /Library/WebServer/Documents/cost/Application/Home/Controller/IndexController.class.php 第 1050 行.
NOTIC: [8] Undefined index: pwid /Library/WebServer/Documents/cost/Application/Home/Controller/IndexController.class.php 第 1050 行.
NOTIC: [8] Undefined index: pwid /Library/WebServer/Documents/cost/Application/Home/Controller/IndexController.class.php 第 1050 行.
NOTIC: [8] Undefined index: pwid /Library/WebServer/Documents/cost/Application/Home/Controller/IndexController.class.php 第 1050 行.
NOTIC: [8] Undefined index: pwid /Library/WebServer/Documents/cost/Application/Home/Controller/IndexController.class.php 第 1050 行.
NOTIC: [8] Undefined index: pwid /Library/WebServer/Documents/cost/Application/Home/Controller/IndexController.class.php 第 1050 行.
NOTIC: [8] Undefined index: pwid /Library/WebServer/Documents/cost/Application/Home/Controller/IndexController.class.php 第 1050 行.
NOTIC: [8] Undefined index: pwid /Library/WebServer/Documents/cost/Application/Home/Controller/IndexController.class.php 第 1050 行.
NOTIC: [8] Undefined index: pwid /Library/WebServer/Documents/cost/Application/Home/Controller/IndexController.class.php 第 1050 行.
NOTIC: [8] Undefined index: pwid /Library/WebServer/Documents/cost/Application/Home/Controller/IndexController.class.php 第 1050 行.
NOTIC: [8] Undefined index: pwid /Library/WebServer/Documents/cost/Application/Home/Controller/IndexController.class.php 第 1050 行.
NOTIC: [8] Undefined index: pwid /Library/WebServer/Documents/cost/Application/Home/Controller/IndexController.class.php 第 1050 行.
NOTIC: [8] Undefined index: pwid /Library/WebServer/Documents/cost/Application/Home/Controller/IndexController.class.php 第 1050 行.
NOTIC: [8] Undefined index: pwid /Library/WebServer/Documents/cost/Application/Home/Controller/IndexController.class.php 第 1050 行.
NOTIC: [8] Undefined index: pwid /Library/WebServer/Documents/cost/Application/Home/Controller/IndexController.class.php 第 1050 行.
NOTIC: [8] Undefined index: pwid /Library/WebServer/Documents/cost/Application/Home/Controller/IndexController.class.php 第 1050 行.
NOTIC: [8] Undefined index: pwid /Library/WebServer/Documents/cost/Application/Home/Controller/IndexController.class.php 第 1050 行.
NOTIC: [8] Undefined index: pwid /Library/WebServer/Documents/cost/Application/Home/Controller/IndexController.class.php 第 1050 行.
NOTIC: [8] Undefined index: pwid /Library/WebServer/Documents/cost/Application/Home/Controller/IndexController.class.php 第 1050 行.
NOTIC: [8] Undefined index: pwid /Library/WebServer/Documents/cost/Application/Home/Controller/IndexController.class.php 第 1050 行.
NOTIC: [8] Undefined index: pwid /Library/WebServer/Documents/cost/Application/Home/Controller/IndexController.class.php 第 1050 行.
NOTIC: [8] Undefined index: pwid /Library/WebServer/Documents/cost/Application/Home/Controller/IndexController.class.php 第 1050 行.
NOTIC: [8] Undefined index: pwid /Library/WebServer/Documents/cost/Application/Home/Controller/IndexController.class.php 第 1050 行.
NOTIC: [8] Undefined index: pwid /Library/WebServer/Documents/cost/Application/Home/Controller/IndexController.class.php 第 1050 行.
NOTIC: [8] Undefined index: pwid /Library/WebServer/Documents/cost/Application/Home/Controller/IndexController.class.php 第 1050 行.
NOTIC: [8] Undefined index: pwid /Library/WebServer/Documents/cost/Application/Home/Controller/IndexController.class.php 第 1050 行.
NOTIC: [8] Undefined index: pwid /Library/WebServer/Documents/cost/Application/Home/Controller/IndexController.class.php 第 1050 行.
NOTIC: [8] Undefined index: pwid /Library/WebServer/Documents/cost/Application/Home/Controller/IndexController.class.php 第 1050 行.
NOTIC: [8] Undefined index: pwid /Library/WebServer/Documents/cost/Application/Home/Controller/IndexController.class.php 第 1050 行.
NOTIC: [8] Undefined index: pwid /Library/WebServer/Documents/cost/Application/Home/Controller/IndexController.class.php 第 1050 行.
NOTIC: [8] Undefined index: pwid /Library/WebServer/Documents/cost/Application/Home/Controller/IndexController.class.php 第 1050 行.
NOTIC: [8] Undefined index: pwid /Library/WebServer/Documents/cost/Application/Home/Controller/IndexController.class.php 第 1050 行.
NOTIC: [8] Undefined index: pwid /Library/WebServer/Documents/cost/Application/Home/Controller/IndexController.class.php 第 1050 行.
NOTIC: [8] Undefined index: pwid /Library/WebServer/Documents/cost/Application/Home/Controller/IndexController.class.php 第 1050 行.
NOTIC: [8] Undefined index: pwid /Library/WebServer/Documents/cost/Application/Home/Controller/IndexController.class.php 第 1050 行.
NOTIC: [8] Undefined index: pwid /Library/WebServer/Documents/cost/Application/Home/Controller/IndexController.class.php 第 1050 行.
NOTIC: [8] Undefined index: pwid /Library/WebServer/Documents/cost/Application/Home/Controller/IndexController.class.php 第 1050 行.
NOTIC: [8] Undefined index: pwid /Library/WebServer/Documents/cost/Application/Home/Controller/IndexController.class.php 第 1050 行.
NOTIC: [8] Undefined index: pwid /Library/WebServer/Documents/cost/Application/Home/Controller/IndexController.class.php 第 1050 行.
NOTIC: [8] Undefined index: pwid /Library/WebServer/Documents/cost/Application/Home/Controller/IndexController.class.php 第 1050 行.
NOTIC: [8] Undefined index: pwid /Library/WebServer/Documents/cost/Application/Home/Controller/IndexController.class.php 第 1050 行.
NOTIC: [8] Undefined index: pwid /Library/WebServer/Documents/cost/Application/Home/Controller/IndexController.class.php 第 1050 行.
NOTIC: [8] Undefined index: pwid /Library/WebServer/Documents/cost/Application/Home/Controller/IndexController.class.php 第 1050 行.
NOTIC: [8] Undefined index: pwid /Library/WebServer/Documents/cost/Application/Home/Controller/IndexController.class.php 第 1050 行.
NOTIC: [8] Undefined index: pwid /Library/WebServer/Documents/cost/Application/Home/Controller/IndexController.class.php 第 1050 行.
NOTIC: [8] Undefined index: pwid /Library/WebServer/Documents/cost/Application/Home/Controller/IndexController.class.php 第 1050 行.
NOTIC: [8] Undefined index: pwid /Library/WebServer/Documents/cost/Application/Home/Controller/IndexController.class.php 第 1050 行.
NOTIC: [8] Undefined index: pwid /Library/WebServer/Documents/cost/Application/Home/Controller/IndexController.class.php 第 1050 行.
NOTIC: [8] Undefined index: pwid /Library/WebServer/Documents/cost/Application/Home/Controller/IndexController.class.php 第 1050 行.
NOTIC: [8] Undefined index: pwid /Library/WebServer/Documents/cost/Application/Home/Controller/IndexController.class.php 第 1050 行.
NOTIC: [8] Undefined index: pwid /Library/WebServer/Documents/cost/Application/Home/Controller/IndexController.class.php 第 1050 行.
NOTIC: [8] Undefined index: pwid /Library/WebServer/Documents/cost/Application/Home/Controller/IndexController.class.php 第 1050 行.
NOTIC: [8] Undefined index: pwid /Library/WebServer/Documents/cost/Application/Home/Controller/IndexController.class.php 第 1050 行.
NOTIC: [8] Undefined index: pwid /Library/WebServer/Documents/cost/Application/Home/Controller/IndexController.class.php 第 1050 行.
NOTIC: [8] Undefined index: pwid /Library/WebServer/Documents/cost/Application/Home/Controller/IndexController.class.php 第 1050 行.
NOTIC: [8] Undefined index: pwid /Library/WebServer/Documents/cost/Application/Home/Controller/IndexController.class.php 第 1050 行.
NOTIC: [8] Undefined index: pwid /Library/WebServer/Documents/cost/Application/Home/Controller/IndexController.class.php 第 1050 行.
NOTIC: [8] Undefined index: pwid /Library/WebServer/Documents/cost/Application/Home/Controller/IndexController.class.php 第 1050 行.
NOTIC: [8] Undefined index: pwid /Library/WebServer/Documents/cost/Application/Home/Controller/IndexController.class.php 第 1050 行.
NOTIC: [8] Undefined index: pwid /Library/WebServer/Documents/cost/Application/Home/Controller/IndexController.class.php 第 1050 行.
NOTIC: [8] Undefined index: pwid /Library/WebServer/Documents/cost/Application/Home/Controller/IndexController.class.php 第 1050 行.
NOTIC: [8] Undefined index: pwid /Library/WebServer/Documents/cost/Application/Home/Controller/IndexController.class.php 第 1050 行.
NOTIC: [8] Undefined index: pwid /Library/WebServer/Documents/cost/Application/Home/Controller/IndexController.class.php 第 1050 行.
NOTIC: [8] Undefined index: pwid /Library/WebServer/Documents/cost/Application/Home/Controller/IndexController.class.php 第 1050 行.
NOTIC: [8] Undefined index: pwid /Library/WebServer/Documents/cost/Application/Home/Controller/IndexController.class.php 第 1050 行.
NOTIC: [8] Undefined index: pwid /Library/WebServer/Documents/cost/Application/Home/Controller/IndexController.class.php 第 1050 行.
NOTIC: [8] Undefined index: pwid /Library/WebServer/Documents/cost/Application/Home/Controller/IndexController.class.php 第 1050 行.
NOTIC: [8] Undefined index: pwid /Library/WebServer/Documents/cost/Application/Home/Controller/IndexController.class.php 第 1050 行.
NOTIC: [8] Undefined index: pwid /Library/WebServer/Documents/cost/Application/Home/Controller/IndexController.class.php 第 1050 行.
NOTIC: [8] Undefined index: pwid /Library/WebServer/Documents/cost/Application/Home/Controller/IndexController.class.php 第 1050 行.
NOTIC: [8] Undefined index: pwid /Library/WebServer/Documents/cost/Application/Home/Controller/IndexController.class.php 第 1050 行.
NOTIC: [8] Undefined index: pwid /Library/WebServer/Documents/cost/Application/Home/Controller/IndexController.class.php 第 1050 行.
NOTIC: [8] Undefined index: pwid /Library/WebServer/Documents/cost/Application/Home/Controller/IndexController.class.php 第 1050 行.
NOTIC: [8] Undefined index: pwid /Library/WebServer/Documents/cost/Application/Home/Controller/IndexController.class.php 第 1050 行.
NOTIC: [8] Undefined index: pwid /Library/WebServer/Documents/cost/Application/Home/Controller/IndexController.class.php 第 1050 行.
NOTIC: [8] Undefined index: pwid /Library/WebServer/Documents/cost/Application/Home/Controller/IndexController.class.php 第 1050 行.
NOTIC: [8] Undefined index: pwid /Library/WebServer/Documents/cost/Application/Home/Controller/IndexController.class.php 第 1050 行.
NOTIC: [8] Undefined index: pwid /Library/WebServer/Documents/cost/Application/Home/Controller/IndexController.class.php 第 1050 行.
NOTIC: [8] Undefined index: pwid /Library/WebServer/Documents/cost/Application/Home/Controller/IndexController.class.php 第 1050 行.
NOTIC: [8] Undefined index: pwid /Library/WebServer/Documents/cost/Application/Home/Controller/IndexController.class.php 第 1050 行.
NOTIC: [8] Undefined index: pwid /Library/WebServer/Documents/cost/Application/Home/Controller/IndexController.class.php 第 1050 行.
NOTIC: [8] Undefined index: pwid /Library/WebServer/Documents/cost/Application/Home/Controller/IndexController.class.php 第 1050 行.
NOTIC: [8] Undefined index: pwid /Library/WebServer/Documents/cost/Application/Home/Controller/IndexController.class.php 第 1050 行.
NOTIC: [8] Undefined index: pwid /Library/WebServer/Documents/cost/Application/Home/Controller/IndexController.class.php 第 1050 行.
NOTIC: [8] Undefined index: pwid /Library/WebServer/Documents/cost/Application/Home/Controller/IndexController.class.php 第 1050 行.
NOTIC: [8] Undefined index: pwid /Library/WebServer/Documents/cost/Application/Home/Controller/IndexController.class.php 第 1050 行.
NOTIC: [8] Undefined index: pwid /Library/WebServer/Documents/cost/Application/Home/Controller/IndexController.class.php 第 1050 行.
NOTIC: [8] Undefined index: pwid /Library/WebServer/Documents/cost/Application/Home/Controller/IndexController.class.php 第 1050 行.
NOTIC: [8] Undefined index: pwid /Library/WebServer/Documents/cost/Application/Home/Controller/IndexController.class.php 第 1050 行.
NOTIC: [8] Undefined index: pwid /Library/WebServer/Documents/cost/Application/Home/Controller/IndexController.class.php 第 1050 行.
NOTIC: [8] Undefined index: pwid /Library/WebServer/Documents/cost/Application/Home/Controller/IndexController.class.php 第 1050 行.
NOTIC: [8] Undefined index: pwid /Library/WebServer/Documents/cost/Application/Home/Controller/IndexController.class.php 第 1050 行.
NOTIC: [8] Undefined index: pwid /Library/WebServer/Documents/cost/Application/Home/Controller/IndexController.class.php 第 1050 行.
NOTIC: [8] Undefined index: pwid /Library/WebServer/Documents/cost/Application/Home/Controller/IndexController.class.php 第 1050 行.
NOTIC: [8] Undefined index: pwid /Library/WebServer/Documents/cost/Application/Home/Controller/IndexController.class.php 第 1050 行.
NOTIC: [8] Undefined index: pwid /Library/WebServer/Documents/cost/Application/Home/Controller/IndexController.class.php 第 1050 行.
NOTIC: [8] Undefined index: pwid /Library/WebServer/Documents/cost/Application/Home/Controller/IndexController.class.php 第 1050 行.
NOTIC: [8] Undefined index: pwid /Library/WebServer/Documents/cost/Application/Home/Controller/IndexController.class.php 第 1050 行.
NOTIC: [8] Undefined index: pwid /Library/WebServer/Documents/cost/Application/Home/Controller/IndexController.class.php 第 1050 行.
NOTIC: [8] Undefined index: pwid /Library/WebServer/Documents/cost/Application/Home/Controller/IndexController.class.php 第 1050 行.
NOTIC: [8] Undefined index: pwid /Library/WebServer/Documents/cost/Application/Home/Controller/IndexController.class.php 第 1050 行.
NOTIC: [8] Undefined index: pwid /Library/WebServer/Documents/cost/Application/Home/Controller/IndexController.class.php 第 1050 行.
NOTIC: [8] Undefined index: pwid /Library/WebServer/Documents/cost/Application/Home/Controller/IndexController.class.php 第 1050 行.
NOTIC: [8] Undefined index: pwid /Library/WebServer/Documents/cost/Application/Home/Controller/IndexController.class.php 第 1050 行.
NOTIC: [8] Undefined index: pwid /Library/WebServer/Documents/cost/Application/Home/Controller/IndexController.class.php 第 1050 行.
NOTIC: [8] Undefined index: pwid /Library/WebServer/Documents/cost/Application/Home/Controller/IndexController.class.php 第 1050 行.
NOTIC: [8] Undefined index: pwid /Library/WebServer/Documents/cost/Application/Home/Controller/IndexController.class.php 第 1050 行.
NOTIC: [8] Undefined index: pwid /Library/WebServer/Documents/cost/Application/Home/Controller/IndexController.class.php 第 1050 行.
NOTIC: [8] Undefined index: pwid /Library/WebServer/Documents/cost/Application/Home/Controller/IndexController.class.php 第 1050 行.
NOTIC: [8] Undefined index: pwid /Library/WebServer/Documents/cost/Application/Home/Controller/IndexController.class.php 第 1050 行.
NOTIC: [8] Undefined index: pwid /Library/WebServer/Documents/cost/Application/Home/Controller/IndexController.class.php 第 1050 行.
SQL: SHOW COLUMNS FROM `hr_costproduct` [ RunTime:0.0013s ]
SQL: SELECT * FROM `hr_costproduct`  [ RunTime:0.0009s ]
SQL: SHOW COLUMNS FROM `hr_costwarehouse` [ RunTime:0.0015s ]
SQL: SELECT * FROM `hr_costwarehouse`  [ RunTime:0.0002s ]
SQL: SHOW COLUMNS FROM `hr_costproducttype` [ RunTime:0.0014s ]
SQL: SELECT * FROM `hr_costproducttype`  [ RunTime:0.0001s ]
SQL: SHOW COLUMNS FROM `hr_danwei` [ RunTime:0.0012s ]
SQL: SELECT * FROM `hr_danwei`  [ RunTime:0.0002s ]
SQL: SELECT COUNT(*) AS tp_count FROM `hr_costinbound` WHERE `sjquantity` > 0 AND `kcquantity` > 0 LIMIT 1   [ RunTime:0.0009s ]
INFO: [ app_end ] --START--
INFO: Run Behavior\ShowPageTraceBehavior [ RunTime:0.000373s ]
INFO: [ app_end ] --END-- [ RunTime:0.000537s ]

[ 2019-10-23T09:17:22+08:00 ] ::1 /cost/index.php/Home/Index/applyproduct_ups.html?page=1&limit=20
INFO: [ app_begin ] --START--
INFO: Run Behavior\ReadHtmlCacheBehavior [ RunTime:0.000515s ]
INFO: [ app_begin ] --END-- [ RunTime:0.001070s ]
NOTIC: [8] Undefined index: product /Library/WebServer/Documents/cost/Application/Home/Controller/IndexController.class.php 第 1008 行.
NOTIC: [8] Undefined index: warehouseid /Library/WebServer/Documents/cost/Application/Home/Controller/IndexController.class.php 第 1023 行.
NOTIC: [8] Undefined index: date /Library/WebServer/Documents/cost/Application/Home/Controller/IndexController.class.php 第 1024 行.
SQL: SHOW COLUMNS FROM `hr_costinbound` [ RunTime:0.0016s ]
SQL: SELECT `productid`,`warehouseid`,`pwid`,sum(kcquantity) as sumkcquantity FROM `hr_costinbound` WHERE `sjquantity` > 0 AND `kcquantity` > 0 GROUP BY productid,pwid,warehouseid ORDER BY warehouseid asc LIMIT 0,20   [ RunTime:0.0013s ]
SQL: SHOW COLUMNS FROM `hr_costapply` [ RunTime:0.0016s ]
SQL: SELECT `pwid`,sum(applyquantity) as sumapplyquantity FROM `hr_costapply` WHERE `shenhe` IN ('未审核','审核同意') GROUP BY pwid  [ RunTime:0.0052s ]
SQL: SHOW COLUMNS FROM `hr_costproduct` [ RunTime:0.0013s ]
SQL: SELECT * FROM `hr_costproduct`  [ RunTime:0.0007s ]
SQL: SHOW COLUMNS FROM `hr_costwarehouse` [ RunTime:0.0011s ]
SQL: SELECT * FROM `hr_costwarehouse`  [ RunTime:0.0001s ]
SQL: SHOW COLUMNS FROM `hr_costproducttype` [ RunTime:0.0011s ]
SQL: SELECT * FROM `hr_costproducttype`  [ RunTime:0.0002s ]
SQL: SHOW COLUMNS FROM `hr_danwei` [ RunTime:0.0014s ]
SQL: SELECT * FROM `hr_danwei`  [ RunTime:0.0003s ]
SQL: SELECT COUNT(*) AS tp_count FROM `hr_costinbound` WHERE `sjquantity` > 0 AND `kcquantity` > 0 LIMIT 1   [ RunTime:0.0010s ]
INFO: [ app_end ] --START--
INFO: Run Behavior\ShowPageTraceBehavior [ RunTime:0.000531s ]
INFO: [ app_end ] --END-- [ RunTime:0.000786s ]

[ 2019-10-23T09:17:29+08:00 ] ::1 /cost/index.php/Home/Index/applyproduct_ups.html?page=1&limit=20&warehouseid=&product=%E6%9C%88%E9%A5%BC&date=
INFO: [ app_begin ] --START--
INFO: Run Behavior\ReadHtmlCacheBehavior [ RunTime:0.000371s ]
INFO: [ app_begin ] --END-- [ RunTime:0.000866s ]
SQL: SHOW COLUMNS FROM `hr_costproduct` [ RunTime:0.0014s ]
SQL: SELECT `productid` FROM `hr_costproduct` WHERE `productname` LIKE '%月饼%'  [ RunTime:0.0009s ]
SQL: SHOW COLUMNS FROM `hr_costinbound` [ RunTime:0.0017s ]
SQL: SELECT `productid`,`warehouseid`,`pwid`,sum(kcquantity) as sumkcquantity FROM `hr_costinbound` WHERE `productid` IN ('214') AND `sjquantity` > 0 AND `kcquantity` > 0 GROUP BY productid,pwid,warehouseid ORDER BY warehouseid asc LIMIT 0,20   [ RunTime:0.0014s ]
SQL: SHOW COLUMNS FROM `hr_costapply` [ RunTime:0.0017s ]
SQL: SELECT `pwid`,sum(applyquantity) as sumapplyquantity FROM `hr_costapply` WHERE `shenhe` IN ('未审核','审核同意') GROUP BY pwid  [ RunTime:0.0055s ]
SQL: SELECT * FROM `hr_costproduct`  [ RunTime:0.0009s ]
SQL: SHOW COLUMNS FROM `hr_costwarehouse` [ RunTime:0.0014s ]
SQL: SELECT * FROM `hr_costwarehouse`  [ RunTime:0.0002s ]
SQL: SHOW COLUMNS FROM `hr_costproducttype` [ RunTime:0.0015s ]
SQL: SELECT * FROM `hr_costproducttype`  [ RunTime:0.0003s ]
SQL: SHOW COLUMNS FROM `hr_danwei` [ RunTime:0.0016s ]
SQL: SELECT * FROM `hr_danwei`  [ RunTime:0.0003s ]
SQL: SELECT COUNT(*) AS tp_count FROM `hr_costinbound` WHERE `productid` IN ('214') AND `sjquantity` > 0 AND `kcquantity` > 0 LIMIT 1   [ RunTime:0.0012s ]
INFO: [ app_end ] --START--
INFO: Run Behavior\ShowPageTraceBehavior [ RunTime:0.000424s ]
INFO: [ app_end ] --END-- [ RunTime:0.000594s ]

[ 2019-10-23T09:17:49+08:00 ] ::1 /cost/index.php/Home/Index/applyproduct_ups.html?page=1&limit=20&warehouseid=&product=IBOH%E8%89%BE%E9%93%82%E8%B5%AB%E8%92%B8%E9%94%85&date=
INFO: [ app_begin ] --START--
INFO: Run Behavior\ReadHtmlCacheBehavior [ RunTime:0.000333s ]
INFO: [ app_begin ] --END-- [ RunTime:0.000708s ]
SQL: SHOW COLUMNS FROM `hr_costproduct` [ RunTime:0.0014s ]
SQL: SELECT `productid` FROM `hr_costproduct` WHERE `productname` LIKE '%IBOH艾铂赫蒸锅%'  [ RunTime:0.0009s ]
SQL: SHOW COLUMNS FROM `hr_costinbound` [ RunTime:0.0013s ]
SQL: SELECT `productid`,`warehouseid`,`pwid`,sum(kcquantity) as sumkcquantity FROM `hr_costinbound` WHERE `productid` IN ('2') AND `sjquantity` > 0 AND `kcquantity` > 0 GROUP BY productid,pwid,warehouseid ORDER BY warehouseid asc LIMIT 0,20   [ RunTime:0.0013s ]
SQL: SHOW COLUMNS FROM `hr_costapply` [ RunTime:0.0016s ]
SQL: SELECT `pwid`,sum(applyquantity) as sumapplyquantity FROM `hr_costapply` WHERE `shenhe` IN ('未审核','审核同意') GROUP BY pwid  [ RunTime:0.0057s ]
SQL: SELECT * FROM `hr_costproduct`  [ RunTime:0.0008s ]
SQL: SHOW COLUMNS FROM `hr_costwarehouse` [ RunTime:0.0019s ]
SQL: SELECT * FROM `hr_costwarehouse`  [ RunTime:0.0004s ]
SQL: SHOW COLUMNS FROM `hr_costproducttype` [ RunTime:0.0014s ]
SQL: SELECT * FROM `hr_costproducttype`  [ RunTime:0.0002s ]
SQL: SHOW COLUMNS FROM `hr_danwei` [ RunTime:0.0017s ]
SQL: SELECT * FROM `hr_danwei`  [ RunTime:0.0003s ]
SQL: SELECT COUNT(*) AS tp_count FROM `hr_costinbound` WHERE `productid` IN ('2') AND `sjquantity` > 0 AND `kcquantity` > 0 LIMIT 1   [ RunTime:0.0011s ]
INFO: [ app_end ] --START--
INFO: Run Behavior\ShowPageTraceBehavior [ RunTime:0.000429s ]
INFO: [ app_end ] --END-- [ RunTime:0.000599s ]

[ 2019-10-23T09:17:58+08:00 ] ::1 /cost/index.php/Home/Index/applyproduct_ups.html?page=1&limit=20&warehouseid=&product=IBOH%E8%89%BE%E9%93%82%E8%B5%AB%E8%92%B8%E9%94%85&date=
INFO: [ app_begin ] --START--
INFO: Run Behavior\ReadHtmlCacheBehavior [ RunTime:0.000407s ]
INFO: [ app_begin ] --END-- [ RunTime:0.000863s ]
SQL: SHOW COLUMNS FROM `hr_costproduct` [ RunTime:0.0015s ]
SQL: SELECT `productid` FROM `hr_costproduct` WHERE `productname` LIKE '%IBOH艾铂赫蒸锅%'  [ RunTime:0.0009s ]
SQL: SHOW COLUMNS FROM `hr_costinbound` [ RunTime:0.0014s ]
SQL: SELECT `productid`,`warehouseid`,`pwid`,sum(kcquantity) as sumkcquantity FROM `hr_costinbound` WHERE `productid` IN ('2') AND `sjquantity` > 0 AND `kcquantity` > 0 GROUP BY productid,pwid,warehouseid ORDER BY warehouseid asc LIMIT 0,20   [ RunTime:0.0012s ]
SQL: SHOW COLUMNS FROM `hr_costapply` [ RunTime:0.0013s ]
SQL: SELECT `pwid`,sum(applyquantity) as sumapplyquantity FROM `hr_costapply` WHERE `shenhe` IN ('未审核','审核同意') GROUP BY pwid  [ RunTime:0.0056s ]
SQL: SELECT * FROM `hr_costproduct`  [ RunTime:0.0010s ]
SQL: SHOW COLUMNS FROM `hr_costwarehouse` [ RunTime:0.0014s ]
SQL: SELECT * FROM `hr_costwarehouse`  [ RunTime:0.0002s ]
SQL: SHOW COLUMNS FROM `hr_costproducttype` [ RunTime:0.0013s ]
SQL: SELECT * FROM `hr_costproducttype`  [ RunTime:0.0002s ]
SQL: SHOW COLUMNS FROM `hr_danwei` [ RunTime:0.0012s ]
SQL: SELECT * FROM `hr_danwei`  [ RunTime:0.0002s ]
SQL: SELECT COUNT(*) AS tp_count FROM `hr_costinbound` WHERE `productid` IN ('2') AND `sjquantity` > 0 AND `kcquantity` > 0 LIMIT 1   [ RunTime:0.0010s ]
INFO: [ app_end ] --START--
INFO: Run Behavior\ShowPageTraceBehavior [ RunTime:0.000391s ]
INFO: [ app_end ] --END-- [ RunTime:0.000555s ]

