[ 2019-11-19T15:26:04+08:00 ] ::1 /cost/index.php/Home/Ic/welcomes.html?page=1&limit=10
INFO: [ app_begin ] --START--
INFO: Run Behavior\ReadHtmlCacheBehavior [ RunTime:0.000603s ]
INFO: [ app_begin ] --END-- [ RunTime:0.006685s ]
SQL: SHOW COLUMNS FROM `hr_icequipment_sub` [ RunTime:0.0037s ]
SQL: SELECT * FROM `hr_icequipment_sub` WHERE `stats` = 0  [ RunTime:0.0018s ]
SQL: SHOW COLUMNS FROM `hr_icdevice` [ RunTime:0.0023s ]
SQL: SELECT * FROM `hr_icdevice`  [ RunTime:0.0005s ]
SQL: SHOW COLUMNS FROM `hr_icdevice_class` [ RunTime:0.0019s ]
SQL: SELECT * FROM `hr_icdevice_class`  [ RunTime:0.0005s ]
SQL: SHOW COLUMNS FROM `hr_icdispose` [ RunTime:0.0017s ]
SQL: SELECT * FROM `hr_icdispose`  [ RunTime:0.0004s ]
SQL: SHOW COLUMNS FROM `hr_icdevice_sub` [ RunTime:0.0017s ]
SQL: SELECT * FROM `hr_icdevice_sub`  [ RunTime:0.0003s ]
SQL: SHOW COLUMNS FROM `hr_icmaintenance` [ RunTime:0.0021s ]
SQL: SELECT * FROM `hr_icmaintenance`  [ RunTime:0.0003s ]
SQL: SHOW COLUMNS FROM `hr_icsupplier` [ RunTime:0.0015s ]
SQL: SELECT * FROM `hr_icsupplier`  [ RunTime:0.0003s ]
SQL: SHOW COLUMNS FROM `hr_icpurcha` [ RunTime:0.0018s ]
SQL: SELECT * FROM `hr_icpurcha`  [ RunTime:0.0004s ]
NOTIC: [8] Undefined index: purchaid /Library/WebServer/Documents/cost/Application/Home/Controller/IcController.class.php 第 165 行.
NOTIC: [8] Undefined index: purchaid /Library/WebServer/Documents/cost/Application/Home/Controller/IcController.class.php 第 165 行.
NOTIC: [8] Undefined index: mianman /Library/WebServer/Documents/cost/Application/Home/Controller/IcController.class.php 第 182 行.
NOTIC: [8] Undefined index: mianman /Library/WebServer/Documents/cost/Application/Home/Controller/IcController.class.php 第 182 行.
NOTIC: [8] Undefined index: mianman /Library/WebServer/Documents/cost/Application/Home/Controller/IcController.class.php 第 182 行.
SQL: SHOW COLUMNS FROM `hr_icequipment` [ RunTime:0.0015s ]
SQL: SHOW COLUMNS FROM `hr_jrdanwei` [ RunTime:0.0014s ]
SQL: SELECT * FROM `hr_jrdanwei` WHERE ( jiagou = 'A1' )  [ RunTime:0.0003s ]
NOTIC: [8] Undefined offset: 1 /Library/WebServer/Documents/cost/Application/Home/Controller/IcController.class.php 第 214 行.
NOTIC: [8] Undefined offset: 2 /Library/WebServer/Documents/cost/Application/Home/Controller/IcController.class.php 第 214 行.
NOTIC: [8] Undefined offset: 3 /Library/WebServer/Documents/cost/Application/Home/Controller/IcController.class.php 第 214 行.
NOTIC: [8] Undefined index: dispose /Library/WebServer/Documents/cost/Application/Home/Controller/IcController.class.php 第 214 行.
NOTIC: [8] Undefined index: dispose /Library/WebServer/Documents/cost/Application/Home/Controller/IcController.class.php 第 214 行.
NOTIC: [8] Undefined index: dispose /Library/WebServer/Documents/cost/Application/Home/Controller/IcController.class.php 第 214 行.
NOTIC: [8] Undefined index: dispose /Library/WebServer/Documents/cost/Application/Home/Controller/IcController.class.php 第 214 行.
NOTIC: [8] Undefined offset: 9 /Library/WebServer/Documents/cost/Application/Home/Controller/IcController.class.php 第 214 行.
SQL: SELECT COUNT(*) AS tp_count FROM `hr_icequipment_sub` WHERE `stats` = 0 LIMIT 1   [ RunTime:0.0002s ]
INFO: [ app_end ] --START--
INFO: Run Behavior\ShowPageTraceBehavior [ RunTime:0.000488s ]
INFO: [ app_end ] --END-- [ RunTime:0.000657s ]

[ 2019-11-19T15:26:09+08:00 ] ::1 /cost/index.php/Home/Ic/www.baidu.com?mpi=m-p-i-3
INFO: [ app_begin ] --START--
INFO: Run Behavior\ReadHtmlCacheBehavior [ RunTime:0.000337s ]
INFO: [ app_begin ] --END-- [ RunTime:0.000735s ]
ERR: 非法操作:www.baidu.com

[ 2019-11-19T15:26:11+08:00 ] ::1 /cost/index.php/Home/Ic/www.baidu.com?mpi=m-p-i-3
INFO: [ app_begin ] --START--
INFO: Run Behavior\ReadHtmlCacheBehavior [ RunTime:0.000347s ]
INFO: [ app_begin ] --END-- [ RunTime:0.000769s ]
ERR: 非法操作:www.baidu.com

[ 2019-11-19T15:28:00+08:00 ] ::1 /cost/index.php/Home/Ic/www.baidu.com?mpi=m-p-i-3
INFO: [ app_begin ] --START--
INFO: Run Behavior\ReadHtmlCacheBehavior [ RunTime:0.000358s ]
INFO: [ app_begin ] --END-- [ RunTime:0.000812s ]
ERR: 非法操作:www.baidu.com

[ 2019-11-19T15:33:07+08:00 ] ::1 /cost/index.php/Home/Ic/welcomes.html?page=1&limit=10
INFO: [ app_begin ] --START--
INFO: Run Behavior\ReadHtmlCacheBehavior [ RunTime:0.000426s ]
INFO: [ app_begin ] --END-- [ RunTime:0.000809s ]
SQL: SHOW COLUMNS FROM `hr_icequipment_sub` [ RunTime:0.0023s ]
SQL: SELECT * FROM `hr_icequipment_sub` WHERE `stats` = 0  [ RunTime:0.0004s ]
SQL: SHOW COLUMNS FROM `hr_icdevice` [ RunTime:0.0022s ]
SQL: SELECT * FROM `hr_icdevice`  [ RunTime:0.0002s ]
SQL: SHOW COLUMNS FROM `hr_icdevice_class` [ RunTime:0.0014s ]
SQL: SELECT * FROM `hr_icdevice_class`  [ RunTime:0.0002s ]
SQL: SHOW COLUMNS FROM `hr_icdispose` [ RunTime:0.0013s ]
SQL: SELECT * FROM `hr_icdispose`  [ RunTime:0.0003s ]
SQL: SHOW COLUMNS FROM `hr_icdevice_sub` [ RunTime:0.0018s ]
SQL: SELECT * FROM `hr_icdevice_sub`  [ RunTime:0.0003s ]
SQL: SHOW COLUMNS FROM `hr_icmaintenance` [ RunTime:0.0014s ]
SQL: SELECT * FROM `hr_icmaintenance`  [ RunTime:0.0002s ]
SQL: SHOW COLUMNS FROM `hr_icsupplier` [ RunTime:0.0012s ]
SQL: SELECT * FROM `hr_icsupplier`  [ RunTime:0.0002s ]
SQL: SHOW COLUMNS FROM `hr_icpurcha` [ RunTime:0.0012s ]
SQL: SELECT * FROM `hr_icpurcha`  [ RunTime:0.0002s ]
NOTIC: [8] Undefined index: purchaid /Library/WebServer/Documents/cost/Application/Home/Controller/IcController.class.php 第 165 行.
NOTIC: [8] Undefined index: purchaid /Library/WebServer/Documents/cost/Application/Home/Controller/IcController.class.php 第 165 行.
NOTIC: [8] Undefined index: mianman /Library/WebServer/Documents/cost/Application/Home/Controller/IcController.class.php 第 182 行.
NOTIC: [8] Undefined index: mianman /Library/WebServer/Documents/cost/Application/Home/Controller/IcController.class.php 第 182 行.
NOTIC: [8] Undefined index: mianman /Library/WebServer/Documents/cost/Application/Home/Controller/IcController.class.php 第 182 行.
SQL: SHOW COLUMNS FROM `hr_icequipment` [ RunTime:0.0012s ]
SQL: SHOW COLUMNS FROM `hr_jrdanwei` [ RunTime:0.0012s ]
SQL: SELECT * FROM `hr_jrdanwei` WHERE ( jiagou = 'A1' )  [ RunTime:0.0003s ]
NOTIC: [8] Undefined offset: 1 /Library/WebServer/Documents/cost/Application/Home/Controller/IcController.class.php 第 214 行.
NOTIC: [8] Undefined offset: 2 /Library/WebServer/Documents/cost/Application/Home/Controller/IcController.class.php 第 214 行.
NOTIC: [8] Undefined offset: 3 /Library/WebServer/Documents/cost/Application/Home/Controller/IcController.class.php 第 214 行.
NOTIC: [8] Undefined index: dispose /Library/WebServer/Documents/cost/Application/Home/Controller/IcController.class.php 第 214 行.
NOTIC: [8] Undefined index: dispose /Library/WebServer/Documents/cost/Application/Home/Controller/IcController.class.php 第 214 行.
NOTIC: [8] Undefined index: dispose /Library/WebServer/Documents/cost/Application/Home/Controller/IcController.class.php 第 214 行.
NOTIC: [8] Undefined index: dispose /Library/WebServer/Documents/cost/Application/Home/Controller/IcController.class.php 第 214 行.
NOTIC: [8] Undefined offset: 9 /Library/WebServer/Documents/cost/Application/Home/Controller/IcController.class.php 第 214 行.
SQL: SELECT COUNT(*) AS tp_count FROM `hr_icequipment_sub` WHERE `stats` = 0 LIMIT 1   [ RunTime:0.0002s ]
INFO: [ app_end ] --START--
INFO: Run Behavior\ShowPageTraceBehavior [ RunTime:0.000368s ]
INFO: [ app_end ] --END-- [ RunTime:0.000545s ]

[ 2019-11-19T15:34:02+08:00 ] ::1 /cost/index.php/Home/Ic/welcomes.html?page=1&limit=10
INFO: [ app_begin ] --START--
INFO: Run Behavior\ReadHtmlCacheBehavior [ RunTime:0.000322s ]
INFO: [ app_begin ] --END-- [ RunTime:0.000680s ]
SQL: SHOW COLUMNS FROM `hr_icequipment_sub` [ RunTime:0.0027s ]
SQL: SELECT * FROM `hr_icequipment_sub` WHERE `stats` = 0  [ RunTime:0.0003s ]
SQL: SHOW COLUMNS FROM `hr_icdevice` [ RunTime:0.0014s ]
SQL: SELECT * FROM `hr_icdevice`  [ RunTime:0.0002s ]
SQL: SHOW COLUMNS FROM `hr_icdevice_class` [ RunTime:0.0012s ]
SQL: SELECT * FROM `hr_icdevice_class`  [ RunTime:0.0002s ]
SQL: SHOW COLUMNS FROM `hr_icdispose` [ RunTime:0.0012s ]
SQL: SELECT * FROM `hr_icdispose`  [ RunTime:0.0003s ]
SQL: SHOW COLUMNS FROM `hr_icdevice_sub` [ RunTime:0.0018s ]
SQL: SELECT * FROM `hr_icdevice_sub`  [ RunTime:0.0004s ]
SQL: SHOW COLUMNS FROM `hr_icmaintenance` [ RunTime:0.0016s ]
SQL: SELECT * FROM `hr_icmaintenance`  [ RunTime:0.0002s ]
SQL: SHOW COLUMNS FROM `hr_icsupplier` [ RunTime:0.0014s ]
SQL: SELECT * FROM `hr_icsupplier`  [ RunTime:0.0002s ]
SQL: SHOW COLUMNS FROM `hr_icpurcha` [ RunTime:0.0014s ]
SQL: SELECT * FROM `hr_icpurcha`  [ RunTime:0.0003s ]
NOTIC: [8] Undefined index: purchaid /Library/WebServer/Documents/cost/Application/Home/Controller/IcController.class.php 第 165 行.
NOTIC: [8] Undefined index: purchaid /Library/WebServer/Documents/cost/Application/Home/Controller/IcController.class.php 第 165 行.
NOTIC: [8] Undefined index: mianman /Library/WebServer/Documents/cost/Application/Home/Controller/IcController.class.php 第 182 行.
NOTIC: [8] Undefined index: mianman /Library/WebServer/Documents/cost/Application/Home/Controller/IcController.class.php 第 182 行.
NOTIC: [8] Undefined index: mianman /Library/WebServer/Documents/cost/Application/Home/Controller/IcController.class.php 第 182 行.
SQL: SHOW COLUMNS FROM `hr_icequipment` [ RunTime:0.0014s ]
SQL: SHOW COLUMNS FROM `hr_jrdanwei` [ RunTime:0.0013s ]
SQL: SELECT * FROM `hr_jrdanwei` WHERE ( jiagou = 'A1' )  [ RunTime:0.0004s ]
NOTIC: [8] Undefined offset: 1 /Library/WebServer/Documents/cost/Application/Home/Controller/IcController.class.php 第 214 行.
NOTIC: [8] Undefined offset: 2 /Library/WebServer/Documents/cost/Application/Home/Controller/IcController.class.php 第 214 行.
NOTIC: [8] Undefined offset: 3 /Library/WebServer/Documents/cost/Application/Home/Controller/IcController.class.php 第 214 行.
NOTIC: [8] Undefined index: dispose /Library/WebServer/Documents/cost/Application/Home/Controller/IcController.class.php 第 214 行.
NOTIC: [8] Undefined index: dispose /Library/WebServer/Documents/cost/Application/Home/Controller/IcController.class.php 第 214 行.
NOTIC: [8] Undefined index: dispose /Library/WebServer/Documents/cost/Application/Home/Controller/IcController.class.php 第 214 行.
NOTIC: [8] Undefined index: dispose /Library/WebServer/Documents/cost/Application/Home/Controller/IcController.class.php 第 214 行.
NOTIC: [8] Undefined offset: 9 /Library/WebServer/Documents/cost/Application/Home/Controller/IcController.class.php 第 214 行.
SQL: SELECT COUNT(*) AS tp_count FROM `hr_icequipment_sub` WHERE `stats` = 0 LIMIT 1   [ RunTime:0.0002s ]
INFO: [ app_end ] --START--
INFO: Run Behavior\ShowPageTraceBehavior [ RunTime:0.000388s ]
INFO: [ app_end ] --END-- [ RunTime:0.000552s ]

[ 2019-11-19T15:40:30+08:00 ] ::1 /cost/index.php/Home/Ic/welcomes.html?page=1&limit=10
INFO: [ app_begin ] --START--
INFO: Run Behavior\ReadHtmlCacheBehavior [ RunTime:0.000485s ]
INFO: [ app_begin ] --END-- [ RunTime:0.000873s ]
SQL: SHOW COLUMNS FROM `hr_icequipment_sub` [ RunTime:0.0021s ]
SQL: SELECT * FROM `hr_icequipment_sub` WHERE `stats` = 0  [ RunTime:0.0003s ]
SQL: SHOW COLUMNS FROM `hr_icdevice` [ RunTime:0.0015s ]
SQL: SELECT * FROM `hr_icdevice`  [ RunTime:0.0002s ]
SQL: SHOW COLUMNS FROM `hr_icdevice_class` [ RunTime:0.0013s ]
SQL: SELECT * FROM `hr_icdevice_class`  [ RunTime:0.0002s ]
SQL: SHOW COLUMNS FROM `hr_icdispose` [ RunTime:0.0013s ]
SQL: SELECT * FROM `hr_icdispose`  [ RunTime:0.0002s ]
SQL: SHOW COLUMNS FROM `hr_icdevice_sub` [ RunTime:0.0012s ]
SQL: SELECT * FROM `hr_icdevice_sub`  [ RunTime:0.0003s ]
SQL: SHOW COLUMNS FROM `hr_icmaintenance` [ RunTime:0.0013s ]
SQL: SELECT * FROM `hr_icmaintenance`  [ RunTime:0.0002s ]
SQL: SHOW COLUMNS FROM `hr_icsupplier` [ RunTime:0.0012s ]
SQL: SELECT * FROM `hr_icsupplier`  [ RunTime:0.0002s ]
SQL: SHOW COLUMNS FROM `hr_icpurcha` [ RunTime:0.0011s ]
SQL: SELECT * FROM `hr_icpurcha`  [ RunTime:0.0002s ]
NOTIC: [8] Undefined index: purchaid /Library/WebServer/Documents/cost/Application/Home/Controller/IcController.class.php 第 165 行.
NOTIC: [8] Undefined index: purchaid /Library/WebServer/Documents/cost/Application/Home/Controller/IcController.class.php 第 165 行.
NOTIC: [8] Undefined index: mianman /Library/WebServer/Documents/cost/Application/Home/Controller/IcController.class.php 第 182 行.
NOTIC: [8] Undefined index: mianman /Library/WebServer/Documents/cost/Application/Home/Controller/IcController.class.php 第 182 行.
NOTIC: [8] Undefined index: mianman /Library/WebServer/Documents/cost/Application/Home/Controller/IcController.class.php 第 182 行.
SQL: SHOW COLUMNS FROM `hr_icequipment` [ RunTime:0.0011s ]
SQL: SHOW COLUMNS FROM `hr_jrdanwei` [ RunTime:0.0011s ]
SQL: SELECT * FROM `hr_jrdanwei` WHERE ( jiagou = 'A1' )  [ RunTime:0.0002s ]
NOTIC: [8] Undefined offset: 1 /Library/WebServer/Documents/cost/Application/Home/Controller/IcController.class.php 第 214 行.
NOTIC: [8] Undefined offset: 2 /Library/WebServer/Documents/cost/Application/Home/Controller/IcController.class.php 第 214 行.
NOTIC: [8] Undefined offset: 3 /Library/WebServer/Documents/cost/Application/Home/Controller/IcController.class.php 第 214 行.
NOTIC: [8] Undefined index: dispose /Library/WebServer/Documents/cost/Application/Home/Controller/IcController.class.php 第 214 行.
NOTIC: [8] Undefined index: dispose /Library/WebServer/Documents/cost/Application/Home/Controller/IcController.class.php 第 214 行.
NOTIC: [8] Undefined index: dispose /Library/WebServer/Documents/cost/Application/Home/Controller/IcController.class.php 第 214 行.
NOTIC: [8] Undefined index: dispose /Library/WebServer/Documents/cost/Application/Home/Controller/IcController.class.php 第 214 行.
NOTIC: [8] Undefined offset: 9 /Library/WebServer/Documents/cost/Application/Home/Controller/IcController.class.php 第 214 行.
SQL: SELECT COUNT(*) AS tp_count FROM `hr_icequipment_sub` WHERE `stats` = 0 LIMIT 1   [ RunTime:0.0002s ]
INFO: [ app_end ] --START--
INFO: Run Behavior\ShowPageTraceBehavior [ RunTime:0.000512s ]
INFO: [ app_end ] --END-- [ RunTime:0.000681s ]

[ 2019-11-19T15:40:45+08:00 ] ::1 /cost/index.php/Home/Ic/welcomes.html?page=1&limit=10
INFO: [ app_begin ] --START--
INFO: Run Behavior\ReadHtmlCacheBehavior [ RunTime:0.000512s ]
INFO: [ app_begin ] --END-- [ RunTime:0.001038s ]
SQL: SHOW COLUMNS FROM `hr_icequipment_sub` [ RunTime:0.0028s ]
SQL: SELECT * FROM `hr_icequipment_sub` WHERE `stats` = 0  [ RunTime:0.0004s ]
SQL: SHOW COLUMNS FROM `hr_icdevice` [ RunTime:0.0016s ]
SQL: SELECT * FROM `hr_icdevice`  [ RunTime:0.0003s ]
SQL: SHOW COLUMNS FROM `hr_icdevice_class` [ RunTime:0.0015s ]
SQL: SELECT * FROM `hr_icdevice_class`  [ RunTime:0.0003s ]
SQL: SHOW COLUMNS FROM `hr_icdispose` [ RunTime:0.0016s ]
SQL: SELECT * FROM `hr_icdispose`  [ RunTime:0.0003s ]
SQL: SHOW COLUMNS FROM `hr_icdevice_sub` [ RunTime:0.0014s ]
SQL: SELECT * FROM `hr_icdevice_sub`  [ RunTime:0.0002s ]
SQL: SHOW COLUMNS FROM `hr_icmaintenance` [ RunTime:0.0014s ]
SQL: SELECT * FROM `hr_icmaintenance`  [ RunTime:0.0002s ]
SQL: SHOW COLUMNS FROM `hr_icsupplier` [ RunTime:0.0013s ]
SQL: SELECT * FROM `hr_icsupplier`  [ RunTime:0.0003s ]
SQL: SHOW COLUMNS FROM `hr_icpurcha` [ RunTime:0.0013s ]
SQL: SELECT * FROM `hr_icpurcha`  [ RunTime:0.0002s ]
NOTIC: [8] Undefined index: purchaid /Library/WebServer/Documents/cost/Application/Home/Controller/IcController.class.php 第 165 行.
NOTIC: [8] Undefined index: purchaid /Library/WebServer/Documents/cost/Application/Home/Controller/IcController.class.php 第 165 行.
NOTIC: [8] Undefined index: mianman /Library/WebServer/Documents/cost/Application/Home/Controller/IcController.class.php 第 182 行.
NOTIC: [8] Undefined index: mianman /Library/WebServer/Documents/cost/Application/Home/Controller/IcController.class.php 第 182 行.
NOTIC: [8] Undefined index: mianman /Library/WebServer/Documents/cost/Application/Home/Controller/IcController.class.php 第 182 行.
SQL: SHOW COLUMNS FROM `hr_icequipment` [ RunTime:0.0012s ]
SQL: SHOW COLUMNS FROM `hr_jrdanwei` [ RunTime:0.0015s ]
SQL: SELECT * FROM `hr_jrdanwei` WHERE ( jiagou = 'A1' )  [ RunTime:0.0005s ]
NOTIC: [8] Undefined offset: 1 /Library/WebServer/Documents/cost/Application/Home/Controller/IcController.class.php 第 214 行.
NOTIC: [8] Undefined offset: 2 /Library/WebServer/Documents/cost/Application/Home/Controller/IcController.class.php 第 214 行.
NOTIC: [8] Undefined offset: 3 /Library/WebServer/Documents/cost/Application/Home/Controller/IcController.class.php 第 214 行.
NOTIC: [8] Undefined index: dispose /Library/WebServer/Documents/cost/Application/Home/Controller/IcController.class.php 第 214 行.
NOTIC: [8] Undefined index: dispose /Library/WebServer/Documents/cost/Application/Home/Controller/IcController.class.php 第 214 行.
NOTIC: [8] Undefined index: dispose /Library/WebServer/Documents/cost/Application/Home/Controller/IcController.class.php 第 214 行.
NOTIC: [8] Undefined index: dispose /Library/WebServer/Documents/cost/Application/Home/Controller/IcController.class.php 第 214 行.
NOTIC: [8] Undefined offset: 9 /Library/WebServer/Documents/cost/Application/Home/Controller/IcController.class.php 第 214 行.
SQL: SELECT COUNT(*) AS tp_count FROM `hr_icequipment_sub` WHERE `stats` = 0 LIMIT 1   [ RunTime:0.0002s ]
INFO: [ app_end ] --START--
INFO: Run Behavior\ShowPageTraceBehavior [ RunTime:0.000426s ]
INFO: [ app_end ] --END-- [ RunTime:0.000638s ]

[ 2019-11-19T15:41:04+08:00 ] ::1 /cost/index.php/Home/Ic/welcomes.html?page=1&limit=10
INFO: [ app_begin ] --START--
INFO: Run Behavior\ReadHtmlCacheBehavior [ RunTime:0.000416s ]
INFO: [ app_begin ] --END-- [ RunTime:0.001002s ]
SQL: SHOW COLUMNS FROM `hr_icequipment_sub` [ RunTime:0.0023s ]
SQL: SELECT * FROM `hr_icequipment_sub` WHERE `stats` = 0  [ RunTime:0.0003s ]
SQL: SHOW COLUMNS FROM `hr_icdevice` [ RunTime:0.0015s ]
SQL: SELECT * FROM `hr_icdevice`  [ RunTime:0.0002s ]
SQL: SHOW COLUMNS FROM `hr_icdevice_class` [ RunTime:0.0018s ]
SQL: SELECT * FROM `hr_icdevice_class`  [ RunTime:0.0003s ]
SQL: SHOW COLUMNS FROM `hr_icdispose` [ RunTime:0.0018s ]
SQL: SELECT * FROM `hr_icdispose`  [ RunTime:0.0002s ]
SQL: SHOW COLUMNS FROM `hr_icdevice_sub` [ RunTime:0.0014s ]
SQL: SELECT * FROM `hr_icdevice_sub`  [ RunTime:0.0002s ]
SQL: SHOW COLUMNS FROM `hr_icmaintenance` [ RunTime:0.0013s ]
SQL: SELECT * FROM `hr_icmaintenance`  [ RunTime:0.0002s ]
SQL: SHOW COLUMNS FROM `hr_icsupplier` [ RunTime:0.0013s ]
SQL: SELECT * FROM `hr_icsupplier`  [ RunTime:0.0002s ]
SQL: SHOW COLUMNS FROM `hr_icpurcha` [ RunTime:0.0015s ]
SQL: SELECT * FROM `hr_icpurcha`  [ RunTime:0.0002s ]
NOTIC: [8] Undefined index: purchaid /Library/WebServer/Documents/cost/Application/Home/Controller/IcController.class.php 第 165 行.
NOTIC: [8] Undefined index: purchaid /Library/WebServer/Documents/cost/Application/Home/Controller/IcController.class.php 第 165 行.
NOTIC: [8] Undefined index: mianman /Library/WebServer/Documents/cost/Application/Home/Controller/IcController.class.php 第 182 行.
NOTIC: [8] Undefined index: mianman /Library/WebServer/Documents/cost/Application/Home/Controller/IcController.class.php 第 182 行.
NOTIC: [8] Undefined index: mianman /Library/WebServer/Documents/cost/Application/Home/Controller/IcController.class.php 第 182 行.
SQL: SHOW COLUMNS FROM `hr_icequipment` [ RunTime:0.0015s ]
SQL: SHOW COLUMNS FROM `hr_jrdanwei` [ RunTime:0.0015s ]
SQL: SELECT * FROM `hr_jrdanwei` WHERE ( jiagou = 'A1' )  [ RunTime:0.0004s ]
NOTIC: [8] Undefined offset: 1 /Library/WebServer/Documents/cost/Application/Home/Controller/IcController.class.php 第 214 行.
NOTIC: [8] Undefined offset: 2 /Library/WebServer/Documents/cost/Application/Home/Controller/IcController.class.php 第 214 行.
NOTIC: [8] Undefined offset: 3 /Library/WebServer/Documents/cost/Application/Home/Controller/IcController.class.php 第 214 行.
NOTIC: [8] Undefined index: dispose /Library/WebServer/Documents/cost/Application/Home/Controller/IcController.class.php 第 214 行.
NOTIC: [8] Undefined index: dispose /Library/WebServer/Documents/cost/Application/Home/Controller/IcController.class.php 第 214 行.
NOTIC: [8] Undefined index: dispose /Library/WebServer/Documents/cost/Application/Home/Controller/IcController.class.php 第 214 行.
NOTIC: [8] Undefined index: dispose /Library/WebServer/Documents/cost/Application/Home/Controller/IcController.class.php 第 214 行.
NOTIC: [8] Undefined offset: 9 /Library/WebServer/Documents/cost/Application/Home/Controller/IcController.class.php 第 214 行.
SQL: SELECT COUNT(*) AS tp_count FROM `hr_icequipment_sub` WHERE `stats` = 0 LIMIT 1   [ RunTime:0.0003s ]
INFO: [ app_end ] --START--
INFO: Run Behavior\ShowPageTraceBehavior [ RunTime:0.000479s ]
INFO: [ app_end ] --END-- [ RunTime:0.000661s ]

[ 2019-11-19T15:41:26+08:00 ] ::1 /cost/index.php/Home/Ic/welcomes.html?page=1&limit=10
INFO: [ app_begin ] --START--
INFO: Run Behavior\ReadHtmlCacheBehavior [ RunTime:0.000419s ]
INFO: [ app_begin ] --END-- [ RunTime:0.000815s ]
SQL: SHOW COLUMNS FROM `hr_icequipment_sub` [ RunTime:0.0019s ]
SQL: SELECT * FROM `hr_icequipment_sub` WHERE `stats` = 0  [ RunTime:0.0003s ]
SQL: SHOW COLUMNS FROM `hr_icdevice` [ RunTime:0.0016s ]
SQL: SELECT * FROM `hr_icdevice`  [ RunTime:0.0003s ]
SQL: SHOW COLUMNS FROM `hr_icdevice_class` [ RunTime:0.0016s ]
SQL: SELECT * FROM `hr_icdevice_class`  [ RunTime:0.0002s ]
SQL: SHOW COLUMNS FROM `hr_icdispose` [ RunTime:0.0014s ]
SQL: SELECT * FROM `hr_icdispose`  [ RunTime:0.0002s ]
SQL: SHOW COLUMNS FROM `hr_icdevice_sub` [ RunTime:0.0015s ]
SQL: SELECT * FROM `hr_icdevice_sub`  [ RunTime:0.0003s ]
SQL: SHOW COLUMNS FROM `hr_icmaintenance` [ RunTime:0.0014s ]
SQL: SELECT * FROM `hr_icmaintenance`  [ RunTime:0.0002s ]
SQL: SHOW COLUMNS FROM `hr_icsupplier` [ RunTime:0.0013s ]
SQL: SELECT * FROM `hr_icsupplier`  [ RunTime:0.0002s ]
SQL: SHOW COLUMNS FROM `hr_icpurcha` [ RunTime:0.0014s ]
SQL: SELECT * FROM `hr_icpurcha`  [ RunTime:0.0003s ]
NOTIC: [8] Undefined index: purchaid /Library/WebServer/Documents/cost/Application/Home/Controller/IcController.class.php 第 165 行.
NOTIC: [8] Undefined index: purchaid /Library/WebServer/Documents/cost/Application/Home/Controller/IcController.class.php 第 165 行.
NOTIC: [8] Undefined index: mianman /Library/WebServer/Documents/cost/Application/Home/Controller/IcController.class.php 第 182 行.
NOTIC: [8] Undefined index: mianman /Library/WebServer/Documents/cost/Application/Home/Controller/IcController.class.php 第 182 行.
NOTIC: [8] Undefined index: mianman /Library/WebServer/Documents/cost/Application/Home/Controller/IcController.class.php 第 182 行.
SQL: SHOW COLUMNS FROM `hr_icequipment` [ RunTime:0.0016s ]
SQL: SHOW COLUMNS FROM `hr_jrdanwei` [ RunTime:0.0014s ]
SQL: SELECT * FROM `hr_jrdanwei` WHERE ( jiagou = 'A1' )  [ RunTime:0.0003s ]
NOTIC: [8] Undefined offset: 1 /Library/WebServer/Documents/cost/Application/Home/Controller/IcController.class.php 第 214 行.
NOTIC: [8] Undefined offset: 2 /Library/WebServer/Documents/cost/Application/Home/Controller/IcController.class.php 第 214 行.
NOTIC: [8] Undefined offset: 3 /Library/WebServer/Documents/cost/Application/Home/Controller/IcController.class.php 第 214 行.
NOTIC: [8] Undefined index: dispose /Library/WebServer/Documents/cost/Application/Home/Controller/IcController.class.php 第 214 行.
NOTIC: [8] Undefined index: dispose /Library/WebServer/Documents/cost/Application/Home/Controller/IcController.class.php 第 214 行.
NOTIC: [8] Undefined index: dispose /Library/WebServer/Documents/cost/Application/Home/Controller/IcController.class.php 第 214 行.
NOTIC: [8] Undefined index: dispose /Library/WebServer/Documents/cost/Application/Home/Controller/IcController.class.php 第 214 行.
NOTIC: [8] Undefined offset: 9 /Library/WebServer/Documents/cost/Application/Home/Controller/IcController.class.php 第 214 行.
SQL: SELECT COUNT(*) AS tp_count FROM `hr_icequipment_sub` WHERE `stats` = 0 LIMIT 1   [ RunTime:0.0002s ]
INFO: [ app_end ] --START--
INFO: Run Behavior\ShowPageTraceBehavior [ RunTime:0.000391s ]
INFO: [ app_end ] --END-- [ RunTime:0.000575s ]

[ 2019-11-19T15:41:38+08:00 ] ::1 /cost/index.php/Home/Ic/welcomes.html?page=1&limit=10
INFO: [ app_begin ] --START--
INFO: Run Behavior\ReadHtmlCacheBehavior [ RunTime:0.000359s ]
INFO: [ app_begin ] --END-- [ RunTime:0.000836s ]
SQL: SHOW COLUMNS FROM `hr_icequipment_sub` [ RunTime:0.0019s ]
SQL: SELECT * FROM `hr_icequipment_sub` WHERE `stats` = 0  [ RunTime:0.0004s ]
SQL: SHOW COLUMNS FROM `hr_icdevice` [ RunTime:0.0016s ]
SQL: SELECT * FROM `hr_icdevice`  [ RunTime:0.0003s ]
SQL: SHOW COLUMNS FROM `hr_icdevice_class` [ RunTime:0.0015s ]
SQL: SELECT * FROM `hr_icdevice_class`  [ RunTime:0.0003s ]
SQL: SHOW COLUMNS FROM `hr_icdispose` [ RunTime:0.0015s ]
SQL: SELECT * FROM `hr_icdispose`  [ RunTime:0.0004s ]
SQL: SHOW COLUMNS FROM `hr_icdevice_sub` [ RunTime:0.0016s ]
SQL: SELECT * FROM `hr_icdevice_sub`  [ RunTime:0.0003s ]
SQL: SHOW COLUMNS FROM `hr_icmaintenance` [ RunTime:0.0014s ]
SQL: SELECT * FROM `hr_icmaintenance`  [ RunTime:0.0003s ]
SQL: SHOW COLUMNS FROM `hr_icsupplier` [ RunTime:0.0014s ]
SQL: SELECT * FROM `hr_icsupplier`  [ RunTime:0.0003s ]
SQL: SHOW COLUMNS FROM `hr_icpurcha` [ RunTime:0.0017s ]
SQL: SELECT * FROM `hr_icpurcha`  [ RunTime:0.0004s ]
NOTIC: [8] Undefined index: purchaid /Library/WebServer/Documents/cost/Application/Home/Controller/IcController.class.php 第 165 行.
NOTIC: [8] Undefined index: purchaid /Library/WebServer/Documents/cost/Application/Home/Controller/IcController.class.php 第 165 行.
NOTIC: [8] Undefined index: mianman /Library/WebServer/Documents/cost/Application/Home/Controller/IcController.class.php 第 182 行.
NOTIC: [8] Undefined index: mianman /Library/WebServer/Documents/cost/Application/Home/Controller/IcController.class.php 第 182 行.
NOTIC: [8] Undefined index: mianman /Library/WebServer/Documents/cost/Application/Home/Controller/IcController.class.php 第 182 行.
SQL: SHOW COLUMNS FROM `hr_icequipment` [ RunTime:0.0017s ]
SQL: SHOW COLUMNS FROM `hr_jrdanwei` [ RunTime:0.0015s ]
SQL: SELECT * FROM `hr_jrdanwei` WHERE ( jiagou = 'A1' )  [ RunTime:0.0012s ]
NOTIC: [8] Undefined offset: 1 /Library/WebServer/Documents/cost/Application/Home/Controller/IcController.class.php 第 214 行.
NOTIC: [8] Undefined offset: 2 /Library/WebServer/Documents/cost/Application/Home/Controller/IcController.class.php 第 214 行.
NOTIC: [8] Undefined offset: 3 /Library/WebServer/Documents/cost/Application/Home/Controller/IcController.class.php 第 214 行.
NOTIC: [8] Undefined index: dispose /Library/WebServer/Documents/cost/Application/Home/Controller/IcController.class.php 第 214 行.
NOTIC: [8] Undefined index: dispose /Library/WebServer/Documents/cost/Application/Home/Controller/IcController.class.php 第 214 行.
NOTIC: [8] Undefined index: dispose /Library/WebServer/Documents/cost/Application/Home/Controller/IcController.class.php 第 214 行.
NOTIC: [8] Undefined index: dispose /Library/WebServer/Documents/cost/Application/Home/Controller/IcController.class.php 第 214 行.
NOTIC: [8] Undefined offset: 9 /Library/WebServer/Documents/cost/Application/Home/Controller/IcController.class.php 第 214 行.
SQL: SELECT COUNT(*) AS tp_count FROM `hr_icequipment_sub` WHERE `stats` = 0 LIMIT 1   [ RunTime:0.0002s ]
INFO: [ app_end ] --START--
INFO: Run Behavior\ShowPageTraceBehavior [ RunTime:0.000478s ]
INFO: [ app_end ] --END-- [ RunTime:0.000666s ]

[ 2019-11-19T15:42:11+08:00 ] ::1 /cost/index.php/Home/Ic/welcomes.html?page=1&limit=10
INFO: [ app_begin ] --START--
INFO: Run Behavior\ReadHtmlCacheBehavior [ RunTime:0.000322s ]
INFO: [ app_begin ] --END-- [ RunTime:0.000686s ]
SQL: SHOW COLUMNS FROM `hr_icequipment_sub` [ RunTime:0.0016s ]
SQL: SELECT * FROM `hr_icequipment_sub` WHERE `stats` = 0  [ RunTime:0.0003s ]
SQL: SHOW COLUMNS FROM `hr_icdevice` [ RunTime:0.0017s ]
SQL: SELECT * FROM `hr_icdevice`  [ RunTime:0.0003s ]
SQL: SHOW COLUMNS FROM `hr_icdevice_class` [ RunTime:0.0015s ]
SQL: SELECT * FROM `hr_icdevice_class`  [ RunTime:0.0003s ]
SQL: SHOW COLUMNS FROM `hr_icdispose` [ RunTime:0.0015s ]
SQL: SELECT * FROM `hr_icdispose`  [ RunTime:0.0002s ]
SQL: SHOW COLUMNS FROM `hr_icdevice_sub` [ RunTime:0.0021s ]
SQL: SELECT * FROM `hr_icdevice_sub`  [ RunTime:0.0004s ]
SQL: SHOW COLUMNS FROM `hr_icmaintenance` [ RunTime:0.0015s ]
SQL: SELECT * FROM `hr_icmaintenance`  [ RunTime:0.0003s ]
SQL: SHOW COLUMNS FROM `hr_icsupplier` [ RunTime:0.0013s ]
SQL: SELECT * FROM `hr_icsupplier`  [ RunTime:0.0002s ]
SQL: SHOW COLUMNS FROM `hr_icpurcha` [ RunTime:0.0013s ]
SQL: SELECT * FROM `hr_icpurcha`  [ RunTime:0.0003s ]
NOTIC: [8] Undefined index: purchaid /Library/WebServer/Documents/cost/Application/Home/Controller/IcController.class.php 第 165 行.
NOTIC: [8] Undefined index: purchaid /Library/WebServer/Documents/cost/Application/Home/Controller/IcController.class.php 第 165 行.
NOTIC: [8] Undefined index: mianman /Library/WebServer/Documents/cost/Application/Home/Controller/IcController.class.php 第 182 行.
NOTIC: [8] Undefined index: mianman /Library/WebServer/Documents/cost/Application/Home/Controller/IcController.class.php 第 182 行.
NOTIC: [8] Undefined index: mianman /Library/WebServer/Documents/cost/Application/Home/Controller/IcController.class.php 第 182 行.
SQL: SHOW COLUMNS FROM `hr_icequipment` [ RunTime:0.0014s ]
SQL: SHOW COLUMNS FROM `hr_jrdanwei` [ RunTime:0.0012s ]
SQL: SELECT * FROM `hr_jrdanwei` WHERE ( jiagou = 'A1' )  [ RunTime:0.0003s ]
NOTIC: [8] Undefined offset: 1 /Library/WebServer/Documents/cost/Application/Home/Controller/IcController.class.php 第 214 行.
NOTIC: [8] Undefined offset: 2 /Library/WebServer/Documents/cost/Application/Home/Controller/IcController.class.php 第 214 行.
NOTIC: [8] Undefined offset: 3 /Library/WebServer/Documents/cost/Application/Home/Controller/IcController.class.php 第 214 行.
NOTIC: [8] Undefined index: dispose /Library/WebServer/Documents/cost/Application/Home/Controller/IcController.class.php 第 214 行.
NOTIC: [8] Undefined index: dispose /Library/WebServer/Documents/cost/Application/Home/Controller/IcController.class.php 第 214 行.
NOTIC: [8] Undefined index: dispose /Library/WebServer/Documents/cost/Application/Home/Controller/IcController.class.php 第 214 行.
NOTIC: [8] Undefined index: dispose /Library/WebServer/Documents/cost/Application/Home/Controller/IcController.class.php 第 214 行.
NOTIC: [8] Undefined offset: 9 /Library/WebServer/Documents/cost/Application/Home/Controller/IcController.class.php 第 214 行.
SQL: SELECT COUNT(*) AS tp_count FROM `hr_icequipment_sub` WHERE `stats` = 0 LIMIT 1   [ RunTime:0.0002s ]
INFO: [ app_end ] --START--
INFO: Run Behavior\ShowPageTraceBehavior [ RunTime:0.000456s ]
INFO: [ app_end ] --END-- [ RunTime:0.000652s ]

[ 2019-11-19T15:45:09+08:00 ] ::1 /cost/index.php/Home/Ic/welcomes.html?page=1&limit=10
INFO: [ app_begin ] --START--
INFO: Run Behavior\ReadHtmlCacheBehavior [ RunTime:0.000313s ]
INFO: [ app_begin ] --END-- [ RunTime:0.000657s ]
SQL: SHOW COLUMNS FROM `hr_icequipment_sub` [ RunTime:0.0015s ]
SQL: SELECT * FROM `hr_icequipment_sub` WHERE `stats` = 0  [ RunTime:0.0003s ]
SQL: SHOW COLUMNS FROM `hr_icdevice` [ RunTime:0.0015s ]
SQL: SELECT * FROM `hr_icdevice`  [ RunTime:0.0004s ]
SQL: SHOW COLUMNS FROM `hr_icdevice_class` [ RunTime:0.0014s ]
SQL: SELECT * FROM `hr_icdevice_class`  [ RunTime:0.0002s ]
SQL: SHOW COLUMNS FROM `hr_icdispose` [ RunTime:0.0012s ]
SQL: SELECT * FROM `hr_icdispose`  [ RunTime:0.0002s ]
SQL: SHOW COLUMNS FROM `hr_icdevice_sub` [ RunTime:0.0014s ]
SQL: SELECT * FROM `hr_icdevice_sub`  [ RunTime:0.0003s ]
SQL: SHOW COLUMNS FROM `hr_icmaintenance` [ RunTime:0.0016s ]
SQL: SELECT * FROM `hr_icmaintenance`  [ RunTime:0.0003s ]
SQL: SHOW COLUMNS FROM `hr_icsupplier` [ RunTime:0.0013s ]
SQL: SELECT * FROM `hr_icsupplier`  [ RunTime:0.0002s ]
SQL: SHOW COLUMNS FROM `hr_icpurcha` [ RunTime:0.0012s ]
SQL: SELECT * FROM `hr_icpurcha`  [ RunTime:0.0002s ]
NOTIC: [8] Undefined index: purchaid /Library/WebServer/Documents/cost/Application/Home/Controller/IcController.class.php 第 165 行.
NOTIC: [8] Undefined index: purchaid /Library/WebServer/Documents/cost/Application/Home/Controller/IcController.class.php 第 165 行.
NOTIC: [8] Undefined index: mianman /Library/WebServer/Documents/cost/Application/Home/Controller/IcController.class.php 第 182 行.
NOTIC: [8] Undefined index: mianman /Library/WebServer/Documents/cost/Application/Home/Controller/IcController.class.php 第 182 行.
NOTIC: [8] Undefined index: mianman /Library/WebServer/Documents/cost/Application/Home/Controller/IcController.class.php 第 182 行.
SQL: SHOW COLUMNS FROM `hr_icequipment` [ RunTime:0.0012s ]
SQL: SHOW COLUMNS FROM `hr_jrdanwei` [ RunTime:0.0012s ]
SQL: SELECT * FROM `hr_jrdanwei` WHERE ( jiagou = 'A1' )  [ RunTime:0.0002s ]
NOTIC: [8] Undefined offset: 1 /Library/WebServer/Documents/cost/Application/Home/Controller/IcController.class.php 第 214 行.
NOTIC: [8] Undefined offset: 2 /Library/WebServer/Documents/cost/Application/Home/Controller/IcController.class.php 第 214 行.
NOTIC: [8] Undefined offset: 3 /Library/WebServer/Documents/cost/Application/Home/Controller/IcController.class.php 第 214 行.
NOTIC: [8] Undefined index: dispose /Library/WebServer/Documents/cost/Application/Home/Controller/IcController.class.php 第 214 行.
NOTIC: [8] Undefined index: dispose /Library/WebServer/Documents/cost/Application/Home/Controller/IcController.class.php 第 214 行.
NOTIC: [8] Undefined index: dispose /Library/WebServer/Documents/cost/Application/Home/Controller/IcController.class.php 第 214 行.
NOTIC: [8] Undefined index: dispose /Library/WebServer/Documents/cost/Application/Home/Controller/IcController.class.php 第 214 行.
NOTIC: [8] Undefined offset: 9 /Library/WebServer/Documents/cost/Application/Home/Controller/IcController.class.php 第 214 行.
SQL: SELECT COUNT(*) AS tp_count FROM `hr_icequipment_sub` WHERE `stats` = 0 LIMIT 1   [ RunTime:0.0002s ]
INFO: [ app_end ] --START--
INFO: Run Behavior\ShowPageTraceBehavior [ RunTime:0.000382s ]
INFO: [ app_end ] --END-- [ RunTime:0.000546s ]

[ 2019-11-19T15:46:14+08:00 ] ::1 /cost/index.php/Home/Ic/welcomes.html?page=1&limit=10
INFO: [ app_begin ] --START--
INFO: Run Behavior\ReadHtmlCacheBehavior [ RunTime:0.000325s ]
INFO: [ app_begin ] --END-- [ RunTime:0.000650s ]
SQL: SHOW COLUMNS FROM `hr_icequipment_sub` [ RunTime:0.0014s ]
SQL: SELECT * FROM `hr_icequipment_sub` WHERE `stats` = 0  [ RunTime:0.0004s ]
SQL: SHOW COLUMNS FROM `hr_icdevice` [ RunTime:0.0015s ]
SQL: SELECT * FROM `hr_icdevice`  [ RunTime:0.0002s ]
SQL: SHOW COLUMNS FROM `hr_icdevice_class` [ RunTime:0.0014s ]
SQL: SELECT * FROM `hr_icdevice_class`  [ RunTime:0.0002s ]
SQL: SHOW COLUMNS FROM `hr_icdispose` [ RunTime:0.0013s ]
SQL: SELECT * FROM `hr_icdispose`  [ RunTime:0.0002s ]
SQL: SHOW COLUMNS FROM `hr_icdevice_sub` [ RunTime:0.0017s ]
SQL: SELECT * FROM `hr_icdevice_sub`  [ RunTime:0.0003s ]
SQL: SHOW COLUMNS FROM `hr_icmaintenance` [ RunTime:0.0014s ]
SQL: SELECT * FROM `hr_icmaintenance`  [ RunTime:0.0003s ]
SQL: SHOW COLUMNS FROM `hr_icsupplier` [ RunTime:0.0014s ]
SQL: SELECT * FROM `hr_icsupplier`  [ RunTime:0.0002s ]
SQL: SHOW COLUMNS FROM `hr_icpurcha` [ RunTime:0.0012s ]
SQL: SELECT * FROM `hr_icpurcha`  [ RunTime:0.0001s ]
NOTIC: [8] Undefined index: purchaid /Library/WebServer/Documents/cost/Application/Home/Controller/IcController.class.php 第 165 行.
NOTIC: [8] Undefined index: purchaid /Library/WebServer/Documents/cost/Application/Home/Controller/IcController.class.php 第 165 行.
NOTIC: [8] Undefined index: mianman /Library/WebServer/Documents/cost/Application/Home/Controller/IcController.class.php 第 182 行.
NOTIC: [8] Undefined index: mianman /Library/WebServer/Documents/cost/Application/Home/Controller/IcController.class.php 第 182 行.
NOTIC: [8] Undefined index: mianman /Library/WebServer/Documents/cost/Application/Home/Controller/IcController.class.php 第 182 行.
SQL: SHOW COLUMNS FROM `hr_icequipment` [ RunTime:0.0013s ]
SQL: SHOW COLUMNS FROM `hr_jrdanwei` [ RunTime:0.0014s ]
SQL: SELECT * FROM `hr_jrdanwei` WHERE ( jiagou = 'A1' )  [ RunTime:0.0003s ]
NOTIC: [8] Undefined offset: 1 /Library/WebServer/Documents/cost/Application/Home/Controller/IcController.class.php 第 214 行.
NOTIC: [8] Undefined offset: 2 /Library/WebServer/Documents/cost/Application/Home/Controller/IcController.class.php 第 214 行.
NOTIC: [8] Undefined offset: 3 /Library/WebServer/Documents/cost/Application/Home/Controller/IcController.class.php 第 214 行.
NOTIC: [8] Undefined index: dispose /Library/WebServer/Documents/cost/Application/Home/Controller/IcController.class.php 第 214 行.
NOTIC: [8] Undefined index: dispose /Library/WebServer/Documents/cost/Application/Home/Controller/IcController.class.php 第 214 行.
NOTIC: [8] Undefined index: dispose /Library/WebServer/Documents/cost/Application/Home/Controller/IcController.class.php 第 214 行.
NOTIC: [8] Undefined index: dispose /Library/WebServer/Documents/cost/Application/Home/Controller/IcController.class.php 第 214 行.
NOTIC: [8] Undefined offset: 9 /Library/WebServer/Documents/cost/Application/Home/Controller/IcController.class.php 第 214 行.
SQL: SELECT COUNT(*) AS tp_count FROM `hr_icequipment_sub` WHERE `stats` = 0 LIMIT 1   [ RunTime:0.0002s ]
INFO: [ app_end ] --START--
INFO: Run Behavior\ShowPageTraceBehavior [ RunTime:0.000413s ]
INFO: [ app_end ] --END-- [ RunTime:0.000585s ]

[ 2019-11-19T15:47:45+08:00 ] ::1 /cost/index.php/Home/Ic/welcomes.html?page=1&limit=10&searchParams=%7B%22username%22%3A%22%22%2C%22sex%22%3A%22%22%2C%22city%22%3A%22%22%2C%22classify%22%3A%22%22%7D
INFO: [ app_begin ] --START--
INFO: Run Behavior\ReadHtmlCacheBehavior [ RunTime:0.000325s ]
INFO: [ app_begin ] --END-- [ RunTime:0.000715s ]
SQL: SHOW COLUMNS FROM `hr_icequipment_sub` [ RunTime:0.0013s ]
SQL: SELECT * FROM `hr_icequipment_sub` WHERE `stats` = 0  [ RunTime:0.0003s ]
SQL: SHOW COLUMNS FROM `hr_icdevice` [ RunTime:0.0012s ]
SQL: SELECT * FROM `hr_icdevice`  [ RunTime:0.0002s ]
SQL: SHOW COLUMNS FROM `hr_icdevice_class` [ RunTime:0.0011s ]
SQL: SELECT * FROM `hr_icdevice_class`  [ RunTime:0.0002s ]
SQL: SHOW COLUMNS FROM `hr_icdispose` [ RunTime:0.0011s ]
SQL: SELECT * FROM `hr_icdispose`  [ RunTime:0.0003s ]
SQL: SHOW COLUMNS FROM `hr_icdevice_sub` [ RunTime:0.0016s ]
SQL: SELECT * FROM `hr_icdevice_sub`  [ RunTime:0.0003s ]
SQL: SHOW COLUMNS FROM `hr_icmaintenance` [ RunTime:0.0012s ]
SQL: SELECT * FROM `hr_icmaintenance`  [ RunTime:0.0002s ]
SQL: SHOW COLUMNS FROM `hr_icsupplier` [ RunTime:0.0011s ]
SQL: SELECT * FROM `hr_icsupplier`  [ RunTime:0.0002s ]
SQL: SHOW COLUMNS FROM `hr_icpurcha` [ RunTime:0.0011s ]
SQL: SELECT * FROM `hr_icpurcha`  [ RunTime:0.0002s ]
NOTIC: [8] Undefined index: purchaid /Library/WebServer/Documents/cost/Application/Home/Controller/IcController.class.php 第 165 行.
NOTIC: [8] Undefined index: purchaid /Library/WebServer/Documents/cost/Application/Home/Controller/IcController.class.php 第 165 行.
NOTIC: [8] Undefined index: mianman /Library/WebServer/Documents/cost/Application/Home/Controller/IcController.class.php 第 182 行.
NOTIC: [8] Undefined index: mianman /Library/WebServer/Documents/cost/Application/Home/Controller/IcController.class.php 第 182 行.
NOTIC: [8] Undefined index: mianman /Library/WebServer/Documents/cost/Application/Home/Controller/IcController.class.php 第 182 行.
SQL: SHOW COLUMNS FROM `hr_icequipment` [ RunTime:0.0011s ]
SQL: SHOW COLUMNS FROM `hr_jrdanwei` [ RunTime:0.0011s ]
SQL: SELECT * FROM `hr_jrdanwei` WHERE ( jiagou = 'A1' )  [ RunTime:0.0002s ]
NOTIC: [8] Undefined offset: 1 /Library/WebServer/Documents/cost/Application/Home/Controller/IcController.class.php 第 214 行.
NOTIC: [8] Undefined offset: 2 /Library/WebServer/Documents/cost/Application/Home/Controller/IcController.class.php 第 214 行.
NOTIC: [8] Undefined offset: 3 /Library/WebServer/Documents/cost/Application/Home/Controller/IcController.class.php 第 214 行.
NOTIC: [8] Undefined index: dispose /Library/WebServer/Documents/cost/Application/Home/Controller/IcController.class.php 第 214 行.
NOTIC: [8] Undefined index: dispose /Library/WebServer/Documents/cost/Application/Home/Controller/IcController.class.php 第 214 行.
NOTIC: [8] Undefined index: dispose /Library/WebServer/Documents/cost/Application/Home/Controller/IcController.class.php 第 214 行.
NOTIC: [8] Undefined index: dispose /Library/WebServer/Documents/cost/Application/Home/Controller/IcController.class.php 第 214 行.
NOTIC: [8] Undefined offset: 9 /Library/WebServer/Documents/cost/Application/Home/Controller/IcController.class.php 第 214 行.
SQL: SELECT COUNT(*) AS tp_count FROM `hr_icequipment_sub` WHERE `stats` = 0 LIMIT 1   [ RunTime:0.0002s ]
INFO: [ app_end ] --START--
INFO: Run Behavior\ShowPageTraceBehavior [ RunTime:0.000377s ]
INFO: [ app_end ] --END-- [ RunTime:0.000531s ]

[ 2019-11-19T15:47:45+08:00 ] ::1 /cost/index.php/Home/Ic/page/welcome-2.html
INFO: [ app_begin ] --START--
INFO: Run Behavior\ReadHtmlCacheBehavior [ RunTime:0.000281s ]
INFO: [ app_begin ] --END-- [ RunTime:0.000595s ]
ERR: 非法操作:page

[ 2019-11-19T15:47:47+08:00 ] ::1 /cost/index.php/Home/Ic/welcomes.html?page=1&limit=10
INFO: [ app_begin ] --START--
INFO: Run Behavior\ReadHtmlCacheBehavior [ RunTime:0.000346s ]
INFO: [ app_begin ] --END-- [ RunTime:0.000715s ]
SQL: SHOW COLUMNS FROM `hr_icequipment_sub` [ RunTime:0.0014s ]
SQL: SELECT * FROM `hr_icequipment_sub` WHERE `stats` = 0  [ RunTime:0.0003s ]
SQL: SHOW COLUMNS FROM `hr_icdevice` [ RunTime:0.0013s ]
SQL: SELECT * FROM `hr_icdevice`  [ RunTime:0.0002s ]
SQL: SHOW COLUMNS FROM `hr_icdevice_class` [ RunTime:0.0012s ]
SQL: SELECT * FROM `hr_icdevice_class`  [ RunTime:0.0002s ]
SQL: SHOW COLUMNS FROM `hr_icdispose` [ RunTime:0.0014s ]
SQL: SELECT * FROM `hr_icdispose`  [ RunTime:0.0003s ]
SQL: SHOW COLUMNS FROM `hr_icdevice_sub` [ RunTime:0.0013s ]
SQL: SELECT * FROM `hr_icdevice_sub`  [ RunTime:0.0002s ]
SQL: SHOW COLUMNS FROM `hr_icmaintenance` [ RunTime:0.0012s ]
SQL: SELECT * FROM `hr_icmaintenance`  [ RunTime:0.0002s ]
SQL: SHOW COLUMNS FROM `hr_icsupplier` [ RunTime:0.0012s ]
SQL: SELECT * FROM `hr_icsupplier`  [ RunTime:0.0002s ]
SQL: SHOW COLUMNS FROM `hr_icpurcha` [ RunTime:0.0013s ]
SQL: SELECT * FROM `hr_icpurcha`  [ RunTime:0.0002s ]
NOTIC: [8] Undefined index: purchaid /Library/WebServer/Documents/cost/Application/Home/Controller/IcController.class.php 第 165 行.
NOTIC: [8] Undefined index: purchaid /Library/WebServer/Documents/cost/Application/Home/Controller/IcController.class.php 第 165 行.
NOTIC: [8] Undefined index: mianman /Library/WebServer/Documents/cost/Application/Home/Controller/IcController.class.php 第 182 行.
NOTIC: [8] Undefined index: mianman /Library/WebServer/Documents/cost/Application/Home/Controller/IcController.class.php 第 182 行.
NOTIC: [8] Undefined index: mianman /Library/WebServer/Documents/cost/Application/Home/Controller/IcController.class.php 第 182 行.
SQL: SHOW COLUMNS FROM `hr_icequipment` [ RunTime:0.0012s ]
SQL: SHOW COLUMNS FROM `hr_jrdanwei` [ RunTime:0.0012s ]
SQL: SELECT * FROM `hr_jrdanwei` WHERE ( jiagou = 'A1' )  [ RunTime:0.0002s ]
NOTIC: [8] Undefined offset: 1 /Library/WebServer/Documents/cost/Application/Home/Controller/IcController.class.php 第 214 行.
NOTIC: [8] Undefined offset: 2 /Library/WebServer/Documents/cost/Application/Home/Controller/IcController.class.php 第 214 行.
NOTIC: [8] Undefined offset: 3 /Library/WebServer/Documents/cost/Application/Home/Controller/IcController.class.php 第 214 行.
NOTIC: [8] Undefined index: dispose /Library/WebServer/Documents/cost/Application/Home/Controller/IcController.class.php 第 214 行.
NOTIC: [8] Undefined index: dispose /Library/WebServer/Documents/cost/Application/Home/Controller/IcController.class.php 第 214 行.
NOTIC: [8] Undefined index: dispose /Library/WebServer/Documents/cost/Application/Home/Controller/IcController.class.php 第 214 行.
NOTIC: [8] Undefined index: dispose /Library/WebServer/Documents/cost/Application/Home/Controller/IcController.class.php 第 214 行.
NOTIC: [8] Undefined offset: 9 /Library/WebServer/Documents/cost/Application/Home/Controller/IcController.class.php 第 214 行.
SQL: SELECT COUNT(*) AS tp_count FROM `hr_icequipment_sub` WHERE `stats` = 0 LIMIT 1   [ RunTime:0.0002s ]
INFO: [ app_end ] --START--
INFO: Run Behavior\ShowPageTraceBehavior [ RunTime:0.000399s ]
INFO: [ app_end ] --END-- [ RunTime:0.000559s ]

[ 2019-11-19T15:48:42+08:00 ] ::1 /cost/index.php/Home/Ic/welcomes.html?page=1&limit=10
INFO: [ app_begin ] --START--
INFO: Run Behavior\ReadHtmlCacheBehavior [ RunTime:0.000403s ]
INFO: [ app_begin ] --END-- [ RunTime:0.000776s ]
SQL: SHOW COLUMNS FROM `hr_icequipment_sub` [ RunTime:0.0017s ]
SQL: SELECT * FROM `hr_icequipment_sub` WHERE `stats` = 0  [ RunTime:0.0004s ]
SQL: SHOW COLUMNS FROM `hr_icdevice` [ RunTime:0.0015s ]
SQL: SELECT * FROM `hr_icdevice`  [ RunTime:0.0003s ]
SQL: SHOW COLUMNS FROM `hr_icdevice_class` [ RunTime:0.0015s ]
SQL: SELECT * FROM `hr_icdevice_class`  [ RunTime:0.0002s ]
SQL: SHOW COLUMNS FROM `hr_icdispose` [ RunTime:0.0014s ]
SQL: SELECT * FROM `hr_icdispose`  [ RunTime:0.0004s ]
SQL: SHOW COLUMNS FROM `hr_icdevice_sub` [ RunTime:0.0014s ]
SQL: SELECT * FROM `hr_icdevice_sub`  [ RunTime:0.0002s ]
SQL: SHOW COLUMNS FROM `hr_icmaintenance` [ RunTime:0.0012s ]
SQL: SELECT * FROM `hr_icmaintenance`  [ RunTime:0.0002s ]
SQL: SHOW COLUMNS FROM `hr_icsupplier` [ RunTime:0.0011s ]
SQL: SELECT * FROM `hr_icsupplier`  [ RunTime:0.0003s ]
SQL: SHOW COLUMNS FROM `hr_icpurcha` [ RunTime:0.0013s ]
SQL: SELECT * FROM `hr_icpurcha`  [ RunTime:0.0002s ]
NOTIC: [8] Undefined index: purchaid /Library/WebServer/Documents/cost/Application/Home/Controller/IcController.class.php 第 165 行.
NOTIC: [8] Undefined index: purchaid /Library/WebServer/Documents/cost/Application/Home/Controller/IcController.class.php 第 165 行.
NOTIC: [8] Undefined index: mianman /Library/WebServer/Documents/cost/Application/Home/Controller/IcController.class.php 第 182 行.
NOTIC: [8] Undefined index: mianman /Library/WebServer/Documents/cost/Application/Home/Controller/IcController.class.php 第 182 行.
NOTIC: [8] Undefined index: mianman /Library/WebServer/Documents/cost/Application/Home/Controller/IcController.class.php 第 182 行.
SQL: SHOW COLUMNS FROM `hr_icequipment` [ RunTime:0.0012s ]
SQL: SHOW COLUMNS FROM `hr_jrdanwei` [ RunTime:0.0011s ]
SQL: SELECT * FROM `hr_jrdanwei` WHERE ( jiagou = 'A1' )  [ RunTime:0.0003s ]
NOTIC: [8] Undefined offset: 1 /Library/WebServer/Documents/cost/Application/Home/Controller/IcController.class.php 第 214 行.
NOTIC: [8] Undefined offset: 2 /Library/WebServer/Documents/cost/Application/Home/Controller/IcController.class.php 第 214 行.
NOTIC: [8] Undefined offset: 3 /Library/WebServer/Documents/cost/Application/Home/Controller/IcController.class.php 第 214 行.
NOTIC: [8] Undefined index: dispose /Library/WebServer/Documents/cost/Application/Home/Controller/IcController.class.php 第 214 行.
NOTIC: [8] Undefined index: dispose /Library/WebServer/Documents/cost/Application/Home/Controller/IcController.class.php 第 214 行.
NOTIC: [8] Undefined index: dispose /Library/WebServer/Documents/cost/Application/Home/Controller/IcController.class.php 第 214 行.
NOTIC: [8] Undefined index: dispose /Library/WebServer/Documents/cost/Application/Home/Controller/IcController.class.php 第 214 行.
NOTIC: [8] Undefined offset: 9 /Library/WebServer/Documents/cost/Application/Home/Controller/IcController.class.php 第 214 行.
SQL: SELECT COUNT(*) AS tp_count FROM `hr_icequipment_sub` WHERE `stats` = 0 LIMIT 1   [ RunTime:0.0002s ]
INFO: [ app_end ] --START--
INFO: Run Behavior\ShowPageTraceBehavior [ RunTime:0.000371s ]
INFO: [ app_end ] --END-- [ RunTime:0.000521s ]

[ 2019-11-19T15:51:47+08:00 ] ::1 /cost/index.php/Home/Ic/welcomes.html?page=1&limit=10
INFO: [ app_begin ] --START--
INFO: Run Behavior\ReadHtmlCacheBehavior [ RunTime:0.000508s ]
INFO: [ app_begin ] --END-- [ RunTime:0.001051s ]
SQL: SHOW COLUMNS FROM `hr_icequipment_sub` [ RunTime:0.0016s ]
SQL: SELECT * FROM `hr_icequipment_sub` WHERE `stats` = 0  [ RunTime:0.0003s ]
SQL: SHOW COLUMNS FROM `hr_icdevice` [ RunTime:0.0013s ]
SQL: SELECT * FROM `hr_icdevice`  [ RunTime:0.0002s ]
SQL: SHOW COLUMNS FROM `hr_icdevice_class` [ RunTime:0.0014s ]
SQL: SELECT * FROM `hr_icdevice_class`  [ RunTime:0.0004s ]
SQL: SHOW COLUMNS FROM `hr_icdispose` [ RunTime:0.0016s ]
SQL: SELECT * FROM `hr_icdispose`  [ RunTime:0.0003s ]
SQL: SHOW COLUMNS FROM `hr_icdevice_sub` [ RunTime:0.0015s ]
SQL: SELECT * FROM `hr_icdevice_sub`  [ RunTime:0.0003s ]
SQL: SHOW COLUMNS FROM `hr_icmaintenance` [ RunTime:0.0014s ]
SQL: SELECT * FROM `hr_icmaintenance`  [ RunTime:0.0002s ]
SQL: SHOW COLUMNS FROM `hr_icsupplier` [ RunTime:0.0015s ]
SQL: SELECT * FROM `hr_icsupplier`  [ RunTime:0.0003s ]
SQL: SHOW COLUMNS FROM `hr_icpurcha` [ RunTime:0.0013s ]
SQL: SELECT * FROM `hr_icpurcha`  [ RunTime:0.0002s ]
NOTIC: [8] Undefined index: purchaid /Library/WebServer/Documents/cost/Application/Home/Controller/IcController.class.php 第 165 行.
NOTIC: [8] Undefined index: purchaid /Library/WebServer/Documents/cost/Application/Home/Controller/IcController.class.php 第 165 行.
NOTIC: [8] Undefined index: mianman /Library/WebServer/Documents/cost/Application/Home/Controller/IcController.class.php 第 182 行.
NOTIC: [8] Undefined index: mianman /Library/WebServer/Documents/cost/Application/Home/Controller/IcController.class.php 第 182 行.
NOTIC: [8] Undefined index: mianman /Library/WebServer/Documents/cost/Application/Home/Controller/IcController.class.php 第 182 行.
SQL: SHOW COLUMNS FROM `hr_icequipment` [ RunTime:0.0015s ]
SQL: SHOW COLUMNS FROM `hr_jrdanwei` [ RunTime:0.0014s ]
SQL: SELECT * FROM `hr_jrdanwei` WHERE ( jiagou = 'A1' )  [ RunTime:0.0003s ]
NOTIC: [8] Undefined offset: 1 /Library/WebServer/Documents/cost/Application/Home/Controller/IcController.class.php 第 214 行.
NOTIC: [8] Undefined offset: 2 /Library/WebServer/Documents/cost/Application/Home/Controller/IcController.class.php 第 214 行.
NOTIC: [8] Undefined offset: 3 /Library/WebServer/Documents/cost/Application/Home/Controller/IcController.class.php 第 214 行.
NOTIC: [8] Undefined index: dispose /Library/WebServer/Documents/cost/Application/Home/Controller/IcController.class.php 第 214 行.
NOTIC: [8] Undefined index: dispose /Library/WebServer/Documents/cost/Application/Home/Controller/IcController.class.php 第 214 行.
NOTIC: [8] Undefined index: dispose /Library/WebServer/Documents/cost/Application/Home/Controller/IcController.class.php 第 214 行.
NOTIC: [8] Undefined index: dispose /Library/WebServer/Documents/cost/Application/Home/Controller/IcController.class.php 第 214 行.
NOTIC: [8] Undefined offset: 9 /Library/WebServer/Documents/cost/Application/Home/Controller/IcController.class.php 第 214 行.
SQL: SELECT COUNT(*) AS tp_count FROM `hr_icequipment_sub` WHERE `stats` = 0 LIMIT 1   [ RunTime:0.0002s ]
INFO: [ app_end ] --START--
INFO: Run Behavior\ShowPageTraceBehavior [ RunTime:0.000385s ]
INFO: [ app_end ] --END-- [ RunTime:0.000558s ]

