[ 2019-10-26T20:23:33+08:00 ] ::1 /cost/index.php/Home/Login/index
ERR: SQLSTATE[HY000] [2002] No such file or directory

[ 2019-10-26T20:24:26+08:00 ] ::1 /cost/index.php/Home/Index/applyproduct_ups.html?page=1&limit=20
INFO: [ app_begin ] --START--
INFO: Run Behavior\ReadHtmlCacheBehavior [ RunTime:0.000269s ]
INFO: [ app_begin ] --END-- [ RunTime:0.000642s ]
NOTIC: [8] Undefined index: product /Library/WebServer/Documents/cost/Application/Home/Controller/IndexController.class.php 第 1008 行.
NOTIC: [8] Undefined index: warehouseid /Library/WebServer/Documents/cost/Application/Home/Controller/IndexController.class.php 第 1023 行.
NOTIC: [8] Undefined index: date /Library/WebServer/Documents/cost/Application/Home/Controller/IndexController.class.php 第 1024 行.
SQL: SHOW COLUMNS FROM `hr_costinbound` [ RunTime:0.0016s ]
SQL: SELECT `productid`,`warehouseid`,`pwid`,sum(kcquantity) as sumkcquantity FROM `hr_costinbound` WHERE `sjquantity` > 0 AND `kcquantity` > 0 GROUP BY productid,pwid,warehouseid ORDER BY warehouseid asc LIMIT 0,20   [ RunTime:0.0013s ]
SQL: SHOW COLUMNS FROM `hr_costapply` [ RunTime:0.0020s ]
SQL: SELECT `pwid`,sum(applyquantity) as sumapplyquantity FROM `hr_costapply` WHERE `shenhe` IN ('未审核','审核同意') GROUP BY pwid  [ RunTime:0.0067s ]
SQL: SHOW COLUMNS FROM `hr_costproduct` [ RunTime:0.0013s ]
SQL: SELECT * FROM `hr_costproduct`  [ RunTime:0.0010s ]
SQL: SHOW COLUMNS FROM `hr_costwarehouse` [ RunTime:0.0011s ]
SQL: SELECT * FROM `hr_costwarehouse`  [ RunTime:0.0003s ]
SQL: SHOW COLUMNS FROM `hr_costproducttype` [ RunTime:0.0011s ]
SQL: SELECT * FROM `hr_costproducttype`  [ RunTime:0.0003s ]
SQL: SHOW COLUMNS FROM `hr_danwei` [ RunTime:0.0011s ]
SQL: SELECT * FROM `hr_danwei`  [ RunTime:0.0003s ]
SQL: SELECT COUNT(*) AS tp_count FROM `hr_costinbound` WHERE `sjquantity` > 0 AND `kcquantity` > 0 LIMIT 1   [ RunTime:0.0009s ]
INFO: [ app_end ] --START--
INFO: Run Behavior\ShowPageTraceBehavior [ RunTime:0.000343s ]
INFO: [ app_end ] --END-- [ RunTime:0.000495s ]

[ 2019-10-26T20:25:31+08:00 ] ::1 /cost/index.php/Home/Index/applyproduct_ups.html?page=1&limit=20&warehouseid=&product=%E6%9C%88%E9%A5%BC&date=
INFO: [ app_begin ] --START--
INFO: Run Behavior\ReadHtmlCacheBehavior [ RunTime:0.000325s ]
INFO: [ app_begin ] --END-- [ RunTime:0.000699s ]
SQL: SHOW COLUMNS FROM `hr_costproduct` [ RunTime:0.0016s ]
SQL: SELECT `productid` FROM `hr_costproduct` WHERE `productname` LIKE '%月饼%'  [ RunTime:0.0011s ]
SQL: SHOW COLUMNS FROM `hr_costinbound` [ RunTime:0.0016s ]
SQL: SELECT `productid`,`warehouseid`,`pwid`,sum(kcquantity) as sumkcquantity FROM `hr_costinbound` WHERE `productid` IN ('214') AND `sjquantity` > 0 AND `kcquantity` > 0 GROUP BY productid,pwid,warehouseid ORDER BY warehouseid asc LIMIT 0,20   [ RunTime:0.0013s ]
SQL: SHOW COLUMNS FROM `hr_costapply` [ RunTime:0.0012s ]
SQL: SELECT `pwid`,sum(applyquantity) as sumapplyquantity FROM `hr_costapply` WHERE `shenhe` IN ('未审核','审核同意') GROUP BY pwid  [ RunTime:0.0052s ]
SQL: SELECT * FROM `hr_costproduct`  [ RunTime:0.0008s ]
SQL: SHOW COLUMNS FROM `hr_costwarehouse` [ RunTime:0.0013s ]
SQL: SELECT * FROM `hr_costwarehouse`  [ RunTime:0.0004s ]
SQL: SHOW COLUMNS FROM `hr_costproducttype` [ RunTime:0.0014s ]
SQL: SELECT * FROM `hr_costproducttype`  [ RunTime:0.0004s ]
SQL: SHOW COLUMNS FROM `hr_danwei` [ RunTime:0.0012s ]
SQL: SELECT * FROM `hr_danwei`  [ RunTime:0.0003s ]
SQL: SELECT COUNT(*) AS tp_count FROM `hr_costinbound` WHERE `productid` IN ('214') AND `sjquantity` > 0 AND `kcquantity` > 0 LIMIT 1   [ RunTime:0.0010s ]
INFO: [ app_end ] --START--
INFO: Run Behavior\ShowPageTraceBehavior [ RunTime:0.000370s ]
INFO: [ app_end ] --END-- [ RunTime:0.000526s ]

[ 2019-10-26T20:30:14+08:00 ] ::1 /cost/index.php/Home/Index/applyproduct_ups.html?page=1&limit=20
INFO: [ app_begin ] --START--
INFO: Run Behavior\ReadHtmlCacheBehavior [ RunTime:0.000602s ]
INFO: [ app_begin ] --END-- [ RunTime:0.001060s ]
NOTIC: [8] Undefined index: product /Library/WebServer/Documents/cost/Application/Home/Controller/IndexController.class.php 第 1008 行.
NOTIC: [8] Undefined index: warehouseid /Library/WebServer/Documents/cost/Application/Home/Controller/IndexController.class.php 第 1023 行.
NOTIC: [8] Undefined index: date /Library/WebServer/Documents/cost/Application/Home/Controller/IndexController.class.php 第 1024 行.
SQL: SHOW COLUMNS FROM `hr_costinbound` [ RunTime:0.0017s ]
SQL: SELECT `productid`,`warehouseid`,`pwid`,sum(kcquantity) as sumkcquantity FROM `hr_costinbound` WHERE `sjquantity` > 0 AND `kcquantity` > 0 GROUP BY productid,pwid,warehouseid ORDER BY warehouseid asc LIMIT 0,20   [ RunTime:0.0013s ]
SQL: SHOW COLUMNS FROM `hr_costapply` [ RunTime:0.0012s ]
SQL: SELECT `pwid`,sum(applyquantity) as sumapplyquantity FROM `hr_costapply` WHERE `shenhe` IN ('未审核','审核同意') GROUP BY pwid  [ RunTime:0.0051s ]
SQL: SHOW COLUMNS FROM `hr_costproduct` [ RunTime:0.0011s ]
SQL: SELECT * FROM `hr_costproduct`  [ RunTime:0.0009s ]
SQL: SHOW COLUMNS FROM `hr_costwarehouse` [ RunTime:0.0011s ]
SQL: SELECT * FROM `hr_costwarehouse`  [ RunTime:0.0003s ]
SQL: SHOW COLUMNS FROM `hr_costproducttype` [ RunTime:0.0010s ]
SQL: SELECT * FROM `hr_costproducttype`  [ RunTime:0.0003s ]
SQL: SHOW COLUMNS FROM `hr_danwei` [ RunTime:0.0011s ]
SQL: SELECT * FROM `hr_danwei`  [ RunTime:0.0004s ]
SQL: SELECT COUNT(*) AS tp_count FROM `hr_costinbound` WHERE `sjquantity` > 0 AND `kcquantity` > 0 LIMIT 1   [ RunTime:0.0011s ]
INFO: [ app_end ] --START--
INFO: Run Behavior\ShowPageTraceBehavior [ RunTime:0.000373s ]
INFO: [ app_end ] --END-- [ RunTime:0.000560s ]

[ 2019-10-26T20:34:07+08:00 ] ::1 /cost/index.php/Home/Index/applyproduct_ups.html?page=1&limit=20
INFO: [ app_begin ] --START--
INFO: Run Behavior\ReadHtmlCacheBehavior [ RunTime:0.000321s ]
INFO: [ app_begin ] --END-- [ RunTime:0.000983s ]
NOTIC: [8] Undefined index: product /Library/WebServer/Documents/cost/Application/Home/Controller/IndexController.class.php 第 1008 行.
NOTIC: [8] Undefined index: warehouseid /Library/WebServer/Documents/cost/Application/Home/Controller/IndexController.class.php 第 1023 行.
NOTIC: [8] Undefined index: date /Library/WebServer/Documents/cost/Application/Home/Controller/IndexController.class.php 第 1024 行.
SQL: SHOW COLUMNS FROM `hr_costinbound` [ RunTime:0.0016s ]
SQL: SELECT `productid`,`warehouseid`,`pwid`,sum(kcquantity) as sumkcquantity FROM `hr_costinbound` WHERE `sjquantity` > 0 AND `kcquantity` > 0 GROUP BY productid,pwid,warehouseid ORDER BY warehouseid asc LIMIT 0,20   [ RunTime:0.0013s ]
SQL: SHOW COLUMNS FROM `hr_costapply` [ RunTime:0.0015s ]
SQL: SELECT `pwid`,sum(applyquantity) as sumapplyquantity FROM `hr_costapply` WHERE `shenhe` IN ('未审核','审核同意') GROUP BY pwid  [ RunTime:0.0060s ]
SQL: SHOW COLUMNS FROM `hr_costproduct` [ RunTime:0.0013s ]
SQL: SELECT * FROM `hr_costproduct`  [ RunTime:0.0009s ]
SQL: SHOW COLUMNS FROM `hr_costwarehouse` [ RunTime:0.0011s ]
SQL: SELECT * FROM `hr_costwarehouse`  [ RunTime:0.0003s ]
SQL: SHOW COLUMNS FROM `hr_costproducttype` [ RunTime:0.0011s ]
SQL: SELECT * FROM `hr_costproducttype`  [ RunTime:0.0003s ]
SQL: SHOW COLUMNS FROM `hr_danwei` [ RunTime:0.0011s ]
SQL: SELECT * FROM `hr_danwei`  [ RunTime:0.0002s ]
SQL: SELECT COUNT(*) AS tp_count FROM `hr_costinbound` WHERE `sjquantity` > 0 AND `kcquantity` > 0 LIMIT 1   [ RunTime:0.0009s ]
INFO: [ app_end ] --START--
INFO: Run Behavior\ShowPageTraceBehavior [ RunTime:0.000340s ]
INFO: [ app_end ] --END-- [ RunTime:0.000488s ]

[ 2019-10-26T20:34:12+08:00 ] ::1 /cost/index.php/Home/Index/applyproduct_ups.html?page=1&limit=20&warehouseid=&product=%E6%9C%88%E9%A5%BC&date=
INFO: [ app_begin ] --START--
INFO: Run Behavior\ReadHtmlCacheBehavior [ RunTime:0.000332s ]
INFO: [ app_begin ] --END-- [ RunTime:0.000700s ]
SQL: SHOW COLUMNS FROM `hr_costproduct` [ RunTime:0.0014s ]
SQL: SELECT `productid` FROM `hr_costproduct` WHERE `productname` LIKE '%月饼%'  [ RunTime:0.0010s ]
SQL: SHOW COLUMNS FROM `hr_costinbound` [ RunTime:0.0014s ]
SQL: SELECT `productid`,`warehouseid`,`pwid`,sum(kcquantity) as sumkcquantity FROM `hr_costinbound` WHERE `productid` IN ('214') AND `sjquantity` > 0 AND `kcquantity` > 0 GROUP BY productid,pwid,warehouseid ORDER BY warehouseid asc LIMIT 0,20   [ RunTime:0.0015s ]
SQL: SHOW COLUMNS FROM `hr_costapply` [ RunTime:0.0013s ]
SQL: SELECT `pwid`,sum(applyquantity) as sumapplyquantity FROM `hr_costapply` WHERE `shenhe` IN ('未审核','审核同意') GROUP BY pwid  [ RunTime:0.0054s ]
SQL: SELECT * FROM `hr_costproduct`  [ RunTime:0.0008s ]
SQL: SHOW COLUMNS FROM `hr_costwarehouse` [ RunTime:0.0012s ]
SQL: SELECT * FROM `hr_costwarehouse`  [ RunTime:0.0004s ]
SQL: SHOW COLUMNS FROM `hr_costproducttype` [ RunTime:0.0013s ]
SQL: SELECT * FROM `hr_costproducttype`  [ RunTime:0.0004s ]
SQL: SHOW COLUMNS FROM `hr_danwei` [ RunTime:0.0012s ]
SQL: SELECT * FROM `hr_danwei`  [ RunTime:0.0003s ]
SQL: SELECT COUNT(*) AS tp_count FROM `hr_costinbound` WHERE `productid` IN ('214') AND `sjquantity` > 0 AND `kcquantity` > 0 LIMIT 1   [ RunTime:0.0009s ]
INFO: [ app_end ] --START--
INFO: Run Behavior\ShowPageTraceBehavior [ RunTime:0.000444s ]
INFO: [ app_end ] --END-- [ RunTime:0.000598s ]

[ 2019-10-26T20:34:30+08:00 ] ::1 /cost/index.php/Home/Index/applyproduct_ups.html?page=1&limit=20
INFO: [ app_begin ] --START--
INFO: Run Behavior\ReadHtmlCacheBehavior [ RunTime:0.000371s ]
INFO: [ app_begin ] --END-- [ RunTime:0.000740s ]
NOTIC: [8] Undefined index: product /Library/WebServer/Documents/cost/Application/Home/Controller/IndexController.class.php 第 1008 行.
NOTIC: [8] Undefined index: warehouseid /Library/WebServer/Documents/cost/Application/Home/Controller/IndexController.class.php 第 1023 行.
NOTIC: [8] Undefined index: date /Library/WebServer/Documents/cost/Application/Home/Controller/IndexController.class.php 第 1024 行.
SQL: SHOW COLUMNS FROM `hr_costinbound` [ RunTime:0.0014s ]
SQL: SELECT `productid`,`warehouseid`,`pwid`,sum(kcquantity) as sumkcquantity FROM `hr_costinbound` WHERE `sjquantity` > 0 AND `kcquantity` > 0 GROUP BY productid,pwid,warehouseid ORDER BY warehouseid asc LIMIT 0,20   [ RunTime:0.0012s ]
SQL: SHOW COLUMNS FROM `hr_costapply` [ RunTime:0.0011s ]
SQL: SELECT `pwid`,sum(applyquantity) as sumapplyquantity FROM `hr_costapply` WHERE `shenhe` IN ('未审核','审核同意') GROUP BY pwid  [ RunTime:0.0050s ]
SQL: SHOW COLUMNS FROM `hr_costproduct` [ RunTime:0.0013s ]
SQL: SELECT * FROM `hr_costproduct`  [ RunTime:0.0008s ]
SQL: SHOW COLUMNS FROM `hr_costwarehouse` [ RunTime:0.0014s ]
SQL: SELECT * FROM `hr_costwarehouse`  [ RunTime:0.0002s ]
SQL: SHOW COLUMNS FROM `hr_costproducttype` [ RunTime:0.0012s ]
SQL: SELECT * FROM `hr_costproducttype`  [ RunTime:0.0001s ]
SQL: SHOW COLUMNS FROM `hr_danwei` [ RunTime:0.0011s ]
SQL: SELECT * FROM `hr_danwei`  [ RunTime:0.0002s ]
SQL: SELECT COUNT(*) AS tp_count FROM `hr_costinbound` WHERE `sjquantity` > 0 AND `kcquantity` > 0 LIMIT 1   [ RunTime:0.0011s ]
INFO: [ app_end ] --START--
INFO: Run Behavior\ShowPageTraceBehavior [ RunTime:0.000367s ]
INFO: [ app_end ] --END-- [ RunTime:0.000514s ]

[ 2019-10-26T20:34:34+08:00 ] ::1 /cost/index.php/Home/Index/applyproduct_ups.html?page=1&limit=20&warehouseid=&product=%E6%9C%88%E9%A5%BC&date=
INFO: [ app_begin ] --START--
INFO: Run Behavior\ReadHtmlCacheBehavior [ RunTime:0.000294s ]
INFO: [ app_begin ] --END-- [ RunTime:0.000639s ]
SQL: SHOW COLUMNS FROM `hr_costproduct` [ RunTime:0.0013s ]
SQL: SELECT `productid` FROM `hr_costproduct` WHERE `productname` LIKE '%月饼%'  [ RunTime:0.0009s ]
SQL: SHOW COLUMNS FROM `hr_costinbound` [ RunTime:0.0014s ]
SQL: SELECT `productid`,`warehouseid`,`pwid`,sum(kcquantity) as sumkcquantity FROM `hr_costinbound` WHERE `productid` IN ('214') AND `sjquantity` > 0 AND `kcquantity` > 0 GROUP BY productid,pwid,warehouseid ORDER BY warehouseid asc LIMIT 0,20   [ RunTime:0.0011s ]
SQL: SHOW COLUMNS FROM `hr_costapply` [ RunTime:0.0012s ]
SQL: SELECT `pwid`,sum(applyquantity) as sumapplyquantity FROM `hr_costapply` WHERE `shenhe` IN ('未审核','审核同意') GROUP BY pwid  [ RunTime:0.0048s ]
SQL: SELECT * FROM `hr_costproduct`  [ RunTime:0.0008s ]
SQL: SHOW COLUMNS FROM `hr_costwarehouse` [ RunTime:0.0012s ]
SQL: SELECT * FROM `hr_costwarehouse`  [ RunTime:0.0001s ]
SQL: SHOW COLUMNS FROM `hr_costproducttype` [ RunTime:0.0012s ]
SQL: SELECT * FROM `hr_costproducttype`  [ RunTime:0.0002s ]
SQL: SHOW COLUMNS FROM `hr_danwei` [ RunTime:0.0012s ]
SQL: SELECT * FROM `hr_danwei`  [ RunTime:0.0003s ]
SQL: SELECT COUNT(*) AS tp_count FROM `hr_costinbound` WHERE `productid` IN ('214') AND `sjquantity` > 0 AND `kcquantity` > 0 LIMIT 1   [ RunTime:0.0010s ]
INFO: [ app_end ] --START--
INFO: Run Behavior\ShowPageTraceBehavior [ RunTime:0.000379s ]
INFO: [ app_end ] --END-- [ RunTime:0.000536s ]

[ 2019-10-26T20:34:38+08:00 ] ::1 /cost/index.php/Home/Index/applyproductsuc_up.html
INFO: [ app_begin ] --START--
INFO: Run Behavior\ReadHtmlCacheBehavior [ RunTime:0.000298s ]
INFO: [ app_begin ] --END-- [ RunTime:0.000679s ]
SQL: SHOW COLUMNS FROM `hr_costapply` [ RunTime:0.0014s ]
SQL: INSERT INTO `hr_costapply` (`productid`,`warehouseid`,`pwid`,`jgh`,`applyquantity`,`applyjgh`,`date`,`shenhe`) VALUES ('214','1','2141','28','10','40','2019-10-26','未审核') [ RunTime:0.0007s ]
INFO: [ app_end ] --START--
INFO: Run Behavior\ShowPageTraceBehavior [ RunTime:0.000305s ]
INFO: [ app_end ] --END-- [ RunTime:0.000458s ]

[ 2019-10-26T20:34:40+08:00 ] ::1 /cost/index.php/Home/Index/applyproduct_ups.html?page=1&limit=20
INFO: [ app_begin ] --START--
INFO: Run Behavior\ReadHtmlCacheBehavior [ RunTime:0.000276s ]
INFO: [ app_begin ] --END-- [ RunTime:0.000604s ]
NOTIC: [8] Undefined index: product /Library/WebServer/Documents/cost/Application/Home/Controller/IndexController.class.php 第 1008 行.
NOTIC: [8] Undefined index: warehouseid /Library/WebServer/Documents/cost/Application/Home/Controller/IndexController.class.php 第 1023 行.
NOTIC: [8] Undefined index: date /Library/WebServer/Documents/cost/Application/Home/Controller/IndexController.class.php 第 1024 行.
SQL: SHOW COLUMNS FROM `hr_costinbound` [ RunTime:0.0015s ]
SQL: SELECT `productid`,`warehouseid`,`pwid`,sum(kcquantity) as sumkcquantity FROM `hr_costinbound` WHERE `sjquantity` > 0 AND `kcquantity` > 0 GROUP BY productid,pwid,warehouseid ORDER BY warehouseid asc LIMIT 0,20   [ RunTime:0.0015s ]
SQL: SHOW COLUMNS FROM `hr_costapply` [ RunTime:0.0013s ]
SQL: SELECT `pwid`,sum(applyquantity) as sumapplyquantity FROM `hr_costapply` WHERE `shenhe` IN ('未审核','审核同意') GROUP BY pwid  [ RunTime:0.0049s ]
SQL: SHOW COLUMNS FROM `hr_costproduct` [ RunTime:0.0015s ]
SQL: SELECT * FROM `hr_costproduct`  [ RunTime:0.0008s ]
SQL: SHOW COLUMNS FROM `hr_costwarehouse` [ RunTime:0.0012s ]
SQL: SELECT * FROM `hr_costwarehouse`  [ RunTime:0.0001s ]
SQL: SHOW COLUMNS FROM `hr_costproducttype` [ RunTime:0.0011s ]
SQL: SELECT * FROM `hr_costproducttype`  [ RunTime:0.0001s ]
SQL: SHOW COLUMNS FROM `hr_danwei` [ RunTime:0.0012s ]
SQL: SELECT * FROM `hr_danwei`  [ RunTime:0.0002s ]
SQL: SELECT COUNT(*) AS tp_count FROM `hr_costinbound` WHERE `sjquantity` > 0 AND `kcquantity` > 0 LIMIT 1   [ RunTime:0.0009s ]
INFO: [ app_end ] --START--
INFO: Run Behavior\ShowPageTraceBehavior [ RunTime:0.000448s ]
INFO: [ app_end ] --END-- [ RunTime:0.000599s ]

