[ 2019-12-08T00:00:06+08:00 ] ::1 /cost/index.php/Home/Ic/equipment_networks.html?page=1&limit=15
INFO: [ app_begin ] --START--
INFO: Run Behavior\ReadHtmlCacheBehavior [ RunTime:0.000313s ]
INFO: [ app_begin ] --END-- [ RunTime:0.000664s ]
SQL: SHOW COLUMNS FROM `hr_icequipment_sub` [ RunTime:0.0015s ]
SQL: SELECT * FROM `hr_icequipment_sub` WHERE `jgh` = '33001516' AND `equipmentid` = 9 AND `stats` = '0'  [ RunTime:0.0003s ]
SQL: SHOW COLUMNS FROM `hr_icswitch` [ RunTime:0.0013s ]
SQL: SELECT * FROM `hr_icswitch`  [ RunTime:0.0002s ]
SQL: SHOW COLUMNS FROM `hr_icdevice` [ RunTime:0.0013s ]
SQL: SELECT * FROM `hr_icdevice`  [ RunTime:0.0002s ]
SQL: SHOW COLUMNS FROM `hr_icdevice_class` [ RunTime:0.0015s ]
SQL: SELECT * FROM `hr_icdevice_class`  [ RunTime:0.0002s ]
SQL: SHOW COLUMNS FROM `hr_icdispose` [ RunTime:0.0012s ]
SQL: SELECT * FROM `hr_icdispose`  [ RunTime:0.0002s ]
SQL: SHOW COLUMNS FROM `hr_icdevice_sub` [ RunTime:0.0013s ]
SQL: SELECT * FROM `hr_icdevice_sub`  [ RunTime:0.0002s ]
SQL: SHOW COLUMNS FROM `hr_icmaintenance` [ RunTime:0.0015s ]
SQL: SELECT * FROM `hr_icmaintenance`  [ RunTime:0.0002s ]
SQL: SHOW COLUMNS FROM `hr_icsupplier` [ RunTime:0.0012s ]
SQL: SELECT * FROM `hr_icsupplier`  [ RunTime:0.0001s ]
SQL: SHOW COLUMNS FROM `hr_icpurcha` [ RunTime:0.0011s ]
SQL: SELECT * FROM `hr_icpurcha`  [ RunTime:0.0001s ]
SQL: SELECT COUNT(*) AS tp_count FROM `hr_icequipment_sub` WHERE `jgh` = '33001516' AND `equipmentid` = 9 AND `stats` = '0' LIMIT 1   [ RunTime:0.0002s ]
INFO: [ app_end ] --START--
INFO: Run Behavior\ShowPageTraceBehavior [ RunTime:0.000369s ]
INFO: [ app_end ] --END-- [ RunTime:0.000529s ]

[ 2019-12-08T00:00:09+08:00 ] ::1 /cost/index.php/Home/Ic/welcomes.html?page=1&limit=10
INFO: [ app_begin ] --START--
INFO: Run Behavior\ReadHtmlCacheBehavior [ RunTime:0.000315s ]
INFO: [ app_begin ] --END-- [ RunTime:0.000671s ]
SQL: SHOW COLUMNS FROM `hr_icequipment_sub` [ RunTime:0.0019s ]
SQL: SELECT * FROM `hr_icequipment_sub` WHERE `stats` = 0  [ RunTime:0.0003s ]
SQL: SHOW COLUMNS FROM `hr_icdevice` [ RunTime:0.0017s ]
SQL: SELECT * FROM `hr_icdevice`  [ RunTime:0.0002s ]
SQL: SHOW COLUMNS FROM `hr_icdevice_class` [ RunTime:0.0015s ]
SQL: SELECT * FROM `hr_icdevice_class`  [ RunTime:0.0002s ]
SQL: SHOW COLUMNS FROM `hr_icdispose` [ RunTime:0.0013s ]
SQL: SELECT * FROM `hr_icdispose`  [ RunTime:0.0002s ]
SQL: SHOW COLUMNS FROM `hr_icdevice_sub` [ RunTime:0.0013s ]
SQL: SELECT * FROM `hr_icdevice_sub`  [ RunTime:0.0002s ]
SQL: SHOW COLUMNS FROM `hr_icmaintenance` [ RunTime:0.0013s ]
SQL: SELECT * FROM `hr_icmaintenance`  [ RunTime:0.0003s ]
SQL: SHOW COLUMNS FROM `hr_icsupplier` [ RunTime:0.0014s ]
SQL: SELECT * FROM `hr_icsupplier`  [ RunTime:0.0002s ]
SQL: SHOW COLUMNS FROM `hr_icpurcha` [ RunTime:0.0015s ]
SQL: SELECT * FROM `hr_icpurcha`  [ RunTime:0.0001s ]
NOTIC: [8] Undefined index: purchaid /Library/WebServer/Documents/cost/Application/Home/Controller/IcController.class.php 第 168 行.
NOTIC: [8] Undefined index: purchaid /Library/WebServer/Documents/cost/Application/Home/Controller/IcController.class.php 第 168 行.
NOTIC: [8] Undefined index: mianman /Library/WebServer/Documents/cost/Application/Home/Controller/IcController.class.php 第 185 行.
NOTIC: [8] Undefined index: mianman /Library/WebServer/Documents/cost/Application/Home/Controller/IcController.class.php 第 185 行.
NOTIC: [8] Undefined index: mianman /Library/WebServer/Documents/cost/Application/Home/Controller/IcController.class.php 第 185 行.
SQL: SHOW COLUMNS FROM `hr_icequipment` [ RunTime:0.0012s ]
SQL: SHOW COLUMNS FROM `hr_jrdanwei` [ RunTime:0.0011s ]
SQL: SELECT * FROM `hr_jrdanwei` WHERE ( jiagou = 'A1' )  [ RunTime:0.0002s ]
NOTIC: [8] Undefined offset: 1 /Library/WebServer/Documents/cost/Application/Home/Controller/IcController.class.php 第 217 行.
NOTIC: [8] Undefined offset: 2 /Library/WebServer/Documents/cost/Application/Home/Controller/IcController.class.php 第 217 行.
NOTIC: [8] Undefined offset: 3 /Library/WebServer/Documents/cost/Application/Home/Controller/IcController.class.php 第 217 行.
NOTIC: [8] Undefined index: dispose /Library/WebServer/Documents/cost/Application/Home/Controller/IcController.class.php 第 217 行.
NOTIC: [8] Undefined index: dispose /Library/WebServer/Documents/cost/Application/Home/Controller/IcController.class.php 第 217 行.
NOTIC: [8] Undefined index: dispose /Library/WebServer/Documents/cost/Application/Home/Controller/IcController.class.php 第 217 行.
NOTIC: [8] Undefined index: dispose /Library/WebServer/Documents/cost/Application/Home/Controller/IcController.class.php 第 217 行.
NOTIC: [8] Undefined offset: 9 /Library/WebServer/Documents/cost/Application/Home/Controller/IcController.class.php 第 217 行.
SQL: SELECT COUNT(*) AS tp_count FROM `hr_icequipment_sub` WHERE `stats` = 0 LIMIT 1   [ RunTime:0.0002s ]
INFO: [ app_end ] --START--
INFO: Run Behavior\ShowPageTraceBehavior [ RunTime:0.000351s ]
INFO: [ app_end ] --END-- [ RunTime:0.000505s ]

[ 2019-12-08T00:00:10+08:00 ] ::1 /cost/index.php/Home/Ic/welcomes.html?page=1&limit=10
INFO: [ app_begin ] --START--
INFO: Run Behavior\ReadHtmlCacheBehavior [ RunTime:0.000305s ]
INFO: [ app_begin ] --END-- [ RunTime:0.000655s ]
SQL: SHOW COLUMNS FROM `hr_icequipment_sub` [ RunTime:0.0014s ]
SQL: SELECT * FROM `hr_icequipment_sub` WHERE `stats` = 0  [ RunTime:0.0003s ]
SQL: SHOW COLUMNS FROM `hr_icdevice` [ RunTime:0.0015s ]
SQL: SELECT * FROM `hr_icdevice`  [ RunTime:0.0002s ]
SQL: SHOW COLUMNS FROM `hr_icdevice_class` [ RunTime:0.0024s ]
SQL: SELECT * FROM `hr_icdevice_class`  [ RunTime:0.0003s ]
SQL: SHOW COLUMNS FROM `hr_icdispose` [ RunTime:0.0016s ]
SQL: SELECT * FROM `hr_icdispose`  [ RunTime:0.0003s ]
SQL: SHOW COLUMNS FROM `hr_icdevice_sub` [ RunTime:0.0015s ]
SQL: SELECT * FROM `hr_icdevice_sub`  [ RunTime:0.0003s ]
SQL: SHOW COLUMNS FROM `hr_icmaintenance` [ RunTime:0.0014s ]
SQL: SELECT * FROM `hr_icmaintenance`  [ RunTime:0.0002s ]
SQL: SHOW COLUMNS FROM `hr_icsupplier` [ RunTime:0.0013s ]
SQL: SELECT * FROM `hr_icsupplier`  [ RunTime:0.0001s ]
SQL: SHOW COLUMNS FROM `hr_icpurcha` [ RunTime:0.0012s ]
SQL: SELECT * FROM `hr_icpurcha`  [ RunTime:0.0001s ]
NOTIC: [8] Undefined index: purchaid /Library/WebServer/Documents/cost/Application/Home/Controller/IcController.class.php 第 168 行.
NOTIC: [8] Undefined index: purchaid /Library/WebServer/Documents/cost/Application/Home/Controller/IcController.class.php 第 168 行.
NOTIC: [8] Undefined index: mianman /Library/WebServer/Documents/cost/Application/Home/Controller/IcController.class.php 第 185 行.
NOTIC: [8] Undefined index: mianman /Library/WebServer/Documents/cost/Application/Home/Controller/IcController.class.php 第 185 行.
NOTIC: [8] Undefined index: mianman /Library/WebServer/Documents/cost/Application/Home/Controller/IcController.class.php 第 185 行.
SQL: SHOW COLUMNS FROM `hr_icequipment` [ RunTime:0.0013s ]
SQL: SHOW COLUMNS FROM `hr_jrdanwei` [ RunTime:0.0013s ]
SQL: SELECT * FROM `hr_jrdanwei` WHERE ( jiagou = 'A1' )  [ RunTime:0.0002s ]
NOTIC: [8] Undefined offset: 1 /Library/WebServer/Documents/cost/Application/Home/Controller/IcController.class.php 第 217 行.
NOTIC: [8] Undefined offset: 2 /Library/WebServer/Documents/cost/Application/Home/Controller/IcController.class.php 第 217 行.
NOTIC: [8] Undefined offset: 3 /Library/WebServer/Documents/cost/Application/Home/Controller/IcController.class.php 第 217 行.
NOTIC: [8] Undefined index: dispose /Library/WebServer/Documents/cost/Application/Home/Controller/IcController.class.php 第 217 行.
NOTIC: [8] Undefined index: dispose /Library/WebServer/Documents/cost/Application/Home/Controller/IcController.class.php 第 217 行.
NOTIC: [8] Undefined index: dispose /Library/WebServer/Documents/cost/Application/Home/Controller/IcController.class.php 第 217 行.
NOTIC: [8] Undefined index: dispose /Library/WebServer/Documents/cost/Application/Home/Controller/IcController.class.php 第 217 行.
NOTIC: [8] Undefined offset: 9 /Library/WebServer/Documents/cost/Application/Home/Controller/IcController.class.php 第 217 行.
SQL: SELECT COUNT(*) AS tp_count FROM `hr_icequipment_sub` WHERE `stats` = 0 LIMIT 1   [ RunTime:0.0002s ]
INFO: [ app_end ] --START--
INFO: Run Behavior\ShowPageTraceBehavior [ RunTime:0.000370s ]
INFO: [ app_end ] --END-- [ RunTime:0.000536s ]

[ 2019-12-08T00:00:11+08:00 ] ::1 /cost/index.php/Home/Ic/equipment_tablemat?equipmentid=1
INFO: [ app_begin ] --START--
INFO: Run Behavior\ReadHtmlCacheBehavior [ RunTime:0.000339s ]
INFO: [ app_begin ] --END-- [ RunTime:0.000742s ]
SQL: SHOW COLUMNS FROM `hr_icequipment` [ RunTime:0.0015s ]
SQL: SELECT * FROM `hr_icequipment` WHERE `equipmentid` = 1  [ RunTime:0.0002s ]
SQL: SHOW COLUMNS FROM `hr_ictablemat_class` [ RunTime:0.0013s ]
SQL: SELECT * FROM `hr_ictablemat_class` WHERE `tablemat_classid` = 1 LIMIT 1   [ RunTime:0.0001s ]
INFO: [ app_end ] --START--
INFO: Run Behavior\ShowPageTraceBehavior [ RunTime:0.000384s ]
INFO: [ app_end ] --END-- [ RunTime:0.000615s ]

[ 2019-12-08T00:00:11+08:00 ] ::1 /cost/index.php/Home/Ic/equipment_subs.html?page=1&limit=15
INFO: [ app_begin ] --START--
INFO: Run Behavior\ReadHtmlCacheBehavior [ RunTime:0.000356s ]
INFO: [ app_begin ] --END-- [ RunTime:0.000828s ]
SQL: SHOW COLUMNS FROM `hr_icequipment_sub` [ RunTime:0.0016s ]
SQL: SELECT * FROM `hr_icequipment_sub` WHERE `jgh` = '33001516' AND `equipmentid` = 1 AND `stats` = '0'  [ RunTime:0.0003s ]
SQL: SHOW COLUMNS FROM `hr_ictablemat` [ RunTime:0.0012s ]
SQL: SELECT * FROM `hr_ictablemat` WHERE `tablemat_classid` = 1 AND `stats` = 0  [ RunTime:0.0002s ]
SQL: SHOW COLUMNS FROM `hr_icdevice` [ RunTime:0.0012s ]
SQL: SELECT * FROM `hr_icdevice`  [ RunTime:0.0002s ]
SQL: SHOW COLUMNS FROM `hr_icdevice_class` [ RunTime:0.0012s ]
SQL: SELECT * FROM `hr_icdevice_class`  [ RunTime:0.0001s ]
SQL: SHOW COLUMNS FROM `hr_icdispose` [ RunTime:0.0011s ]
SQL: SELECT * FROM `hr_icdispose`  [ RunTime:0.0001s ]
SQL: SHOW COLUMNS FROM `hr_icdevice_sub` [ RunTime:0.0011s ]
SQL: SELECT * FROM `hr_icdevice_sub`  [ RunTime:0.0001s ]
SQL: SHOW COLUMNS FROM `hr_icmaintenance` [ RunTime:0.0011s ]
SQL: SELECT * FROM `hr_icmaintenance`  [ RunTime:0.0001s ]
SQL: SHOW COLUMNS FROM `hr_icsupplier` [ RunTime:0.0011s ]
SQL: SELECT * FROM `hr_icsupplier`  [ RunTime:0.0002s ]
SQL: SHOW COLUMNS FROM `hr_icpurcha` [ RunTime:0.0013s ]
SQL: SELECT * FROM `hr_icpurcha`  [ RunTime:0.0002s ]
NOTIC: [8] Undefined index: purchaid /Library/WebServer/Documents/cost/Application/Home/Controller/IcController.class.php 第 168 行.
NOTIC: [8] Undefined index: purchaid /Library/WebServer/Documents/cost/Application/Home/Controller/IcController.class.php 第 168 行.
NOTIC: [8] Undefined index: mianman /Library/WebServer/Documents/cost/Application/Home/Controller/IcController.class.php 第 185 行.
SQL: SELECT * FROM `hr_icdevice`  [ RunTime:0.0001s ]
SQL: SELECT * FROM `hr_icdevice_class`  [ RunTime:0.0001s ]
SQL: SELECT * FROM `hr_icdispose`  [ RunTime:0.0001s ]
SQL: SELECT * FROM `hr_icdevice_sub`  [ RunTime:0.0001s ]
SQL: SELECT * FROM `hr_icmaintenance`  [ RunTime:0.0001s ]
SQL: SELECT * FROM `hr_icsupplier`  [ RunTime:0.0001s ]
SQL: SELECT * FROM `hr_icpurcha`  [ RunTime:0.0001s ]
NOTIC: [8] Undefined index: device_subid /Library/WebServer/Documents/cost/Application/Home/Controller/IcController.class.php 第 84 行.
NOTIC: [8] Undefined index: device_subid /Library/WebServer/Documents/cost/Application/Home/Controller/IcController.class.php 第 84 行.
NOTIC: [8] Undefined index: device_subid /Library/WebServer/Documents/cost/Application/Home/Controller/IcController.class.php 第 84 行.
NOTIC: [8] Undefined index: device_subid /Library/WebServer/Documents/cost/Application/Home/Controller/IcController.class.php 第 84 行.
NOTIC: [8] Undefined index: device_subid /Library/WebServer/Documents/cost/Application/Home/Controller/IcController.class.php 第 84 行.
NOTIC: [8] Undefined index: device_subid /Library/WebServer/Documents/cost/Application/Home/Controller/IcController.class.php 第 84 行.
NOTIC: [8] Undefined index: device_subid /Library/WebServer/Documents/cost/Application/Home/Controller/IcController.class.php 第 84 行.
NOTIC: [8] Undefined index: device_subid /Library/WebServer/Documents/cost/Application/Home/Controller/IcController.class.php 第 84 行.
NOTIC: [8] Undefined index: device_subid /Library/WebServer/Documents/cost/Application/Home/Controller/IcController.class.php 第 84 行.
NOTIC: [8] Undefined index: device_subid /Library/WebServer/Documents/cost/Application/Home/Controller/IcController.class.php 第 84 行.
NOTIC: [8] Undefined index: device_subid /Library/WebServer/Documents/cost/Application/Home/Controller/IcController.class.php 第 84 行.
NOTIC: [8] Undefined index: device_subid /Library/WebServer/Documents/cost/Application/Home/Controller/IcController.class.php 第 84 行.
NOTIC: [8] Undefined index: device_subid /Library/WebServer/Documents/cost/Application/Home/Controller/IcController.class.php 第 84 行.
NOTIC: [8] Undefined index: device_subid /Library/WebServer/Documents/cost/Application/Home/Controller/IcController.class.php 第 84 行.
NOTIC: [8] Undefined index: device_subid /Library/WebServer/Documents/cost/Application/Home/Controller/IcController.class.php 第 84 行.
NOTIC: [8] Undefined index: device_subid /Library/WebServer/Documents/cost/Application/Home/Controller/IcController.class.php 第 84 行.
NOTIC: [8] Undefined index: device_subid /Library/WebServer/Documents/cost/Application/Home/Controller/IcController.class.php 第 84 行.
NOTIC: [8] Undefined index: device_subid /Library/WebServer/Documents/cost/Application/Home/Controller/IcController.class.php 第 84 行.
NOTIC: [8] Undefined index: device_subid /Library/WebServer/Documents/cost/Application/Home/Controller/IcController.class.php 第 84 行.
NOTIC: [8] Undefined index: device_subid /Library/WebServer/Documents/cost/Application/Home/Controller/IcController.class.php 第 84 行.
NOTIC: [8] Undefined index: device_subid /Library/WebServer/Documents/cost/Application/Home/Controller/IcController.class.php 第 84 行.
NOTIC: [8] Undefined index: device_subid /Library/WebServer/Documents/cost/Application/Home/Controller/IcController.class.php 第 84 行.
NOTIC: [8] Undefined index: device_subid /Library/WebServer/Documents/cost/Application/Home/Controller/IcController.class.php 第 84 行.
NOTIC: [8] Undefined index: device_subid /Library/WebServer/Documents/cost/Application/Home/Controller/IcController.class.php 第 84 行.
NOTIC: [8] Undefined index: disposeid /Library/WebServer/Documents/cost/Application/Home/Controller/IcController.class.php 第 122 行.
NOTIC: [8] Undefined index: disposeid /Library/WebServer/Documents/cost/Application/Home/Controller/IcController.class.php 第 122 行.
NOTIC: [8] Undefined index: disposeid /Library/WebServer/Documents/cost/Application/Home/Controller/IcController.class.php 第 122 行.
NOTIC: [8] Undefined index: disposeid /Library/WebServer/Documents/cost/Application/Home/Controller/IcController.class.php 第 122 行.
NOTIC: [8] Undefined index: disposeid /Library/WebServer/Documents/cost/Application/Home/Controller/IcController.class.php 第 122 行.
NOTIC: [8] Undefined index: disposeid /Library/WebServer/Documents/cost/Application/Home/Controller/IcController.class.php 第 122 行.
NOTIC: [8] Undefined index: disposeid /Library/WebServer/Documents/cost/Application/Home/Controller/IcController.class.php 第 122 行.
NOTIC: [8] Undefined index: disposeid /Library/WebServer/Documents/cost/Application/Home/Controller/IcController.class.php 第 122 行.
NOTIC: [8] Undefined index: disposeid /Library/WebServer/Documents/cost/Application/Home/Controller/IcController.class.php 第 122 行.
NOTIC: [8] Undefined index: disposeid /Library/WebServer/Documents/cost/Application/Home/Controller/IcController.class.php 第 122 行.
NOTIC: [8] Undefined index: disposeid /Library/WebServer/Documents/cost/Application/Home/Controller/IcController.class.php 第 122 行.
NOTIC: [8] Undefined index: disposeid /Library/WebServer/Documents/cost/Application/Home/Controller/IcController.class.php 第 122 行.
NOTIC: [8] Undefined index: device_classid /Library/WebServer/Documents/cost/Application/Home/Controller/IcController.class.php 第 138 行.
NOTIC: [8] Undefined index: device_classid /Library/WebServer/Documents/cost/Application/Home/Controller/IcController.class.php 第 138 行.
NOTIC: [8] Undefined index: device_classid /Library/WebServer/Documents/cost/Application/Home/Controller/IcController.class.php 第 138 行.
NOTIC: [8] Undefined index: device_classid /Library/WebServer/Documents/cost/Application/Home/Controller/IcController.class.php 第 138 行.
NOTIC: [8] Undefined index: device_classid /Library/WebServer/Documents/cost/Application/Home/Controller/IcController.class.php 第 138 行.
NOTIC: [8] Undefined index: device_classid /Library/WebServer/Documents/cost/Application/Home/Controller/IcController.class.php 第 138 行.
NOTIC: [8] Undefined index: device_classid /Library/WebServer/Documents/cost/Application/Home/Controller/IcController.class.php 第 138 行.
NOTIC: [8] Undefined index: device_classid /Library/WebServer/Documents/cost/Application/Home/Controller/IcController.class.php 第 138 行.
NOTIC: [8] Undefined index: device_classid /Library/WebServer/Documents/cost/Application/Home/Controller/IcController.class.php 第 138 行.
NOTIC: [8] Undefined index: device_classid /Library/WebServer/Documents/cost/Application/Home/Controller/IcController.class.php 第 138 行.
NOTIC: [8] Undefined index: device_classid /Library/WebServer/Documents/cost/Application/Home/Controller/IcController.class.php 第 138 行.
NOTIC: [8] Undefined index: device_classid /Library/WebServer/Documents/cost/Application/Home/Controller/IcController.class.php 第 138 行.
NOTIC: [8] Undefined index: device_classid /Library/WebServer/Documents/cost/Application/Home/Controller/IcController.class.php 第 138 行.
NOTIC: [8] Undefined index: device_classid /Library/WebServer/Documents/cost/Application/Home/Controller/IcController.class.php 第 138 行.
NOTIC: [8] Undefined index: device_classid /Library/WebServer/Documents/cost/Application/Home/Controller/IcController.class.php 第 138 行.
NOTIC: [8] Undefined index: device_classid /Library/WebServer/Documents/cost/Application/Home/Controller/IcController.class.php 第 138 行.
NOTIC: [8] Undefined index: device_classid /Library/WebServer/Documents/cost/Application/Home/Controller/IcController.class.php 第 138 行.
NOTIC: [8] Undefined index: device_classid /Library/WebServer/Documents/cost/Application/Home/Controller/IcController.class.php 第 138 行.
NOTIC: [8] Undefined index: supplierid /Library/WebServer/Documents/cost/Application/Home/Controller/IcController.class.php 第 153 行.
NOTIC: [8] Undefined index: supplierid /Library/WebServer/Documents/cost/Application/Home/Controller/IcController.class.php 第 153 行.
NOTIC: [8] Undefined index: supplierid /Library/WebServer/Documents/cost/Application/Home/Controller/IcController.class.php 第 153 行.
NOTIC: [8] Undefined index: supplierid /Library/WebServer/Documents/cost/Application/Home/Controller/IcController.class.php 第 153 行.
NOTIC: [8] Undefined index: supplierid /Library/WebServer/Documents/cost/Application/Home/Controller/IcController.class.php 第 153 行.
NOTIC: [8] Undefined index: supplierid /Library/WebServer/Documents/cost/Application/Home/Controller/IcController.class.php 第 153 行.
NOTIC: [8] Undefined index: supplierid /Library/WebServer/Documents/cost/Application/Home/Controller/IcController.class.php 第 153 行.
NOTIC: [8] Undefined index: supplierid /Library/WebServer/Documents/cost/Application/Home/Controller/IcController.class.php 第 153 行.
NOTIC: [8] Undefined index: supplierid /Library/WebServer/Documents/cost/Application/Home/Controller/IcController.class.php 第 153 行.
NOTIC: [8] Undefined index: supplierid /Library/WebServer/Documents/cost/Application/Home/Controller/IcController.class.php 第 153 行.
NOTIC: [8] Undefined index: supplierid /Library/WebServer/Documents/cost/Application/Home/Controller/IcController.class.php 第 153 行.
NOTIC: [8] Undefined index: supplierid /Library/WebServer/Documents/cost/Application/Home/Controller/IcController.class.php 第 153 行.
NOTIC: [8] Undefined index: purchaid /Library/WebServer/Documents/cost/Application/Home/Controller/IcController.class.php 第 168 行.
NOTIC: [8] Undefined index: purchaid /Library/WebServer/Documents/cost/Application/Home/Controller/IcController.class.php 第 168 行.
NOTIC: [8] Undefined index: purchaid /Library/WebServer/Documents/cost/Application/Home/Controller/IcController.class.php 第 168 行.
NOTIC: [8] Undefined index: purchaid /Library/WebServer/Documents/cost/Application/Home/Controller/IcController.class.php 第 168 行.
NOTIC: [8] Undefined index: purchaid /Library/WebServer/Documents/cost/Application/Home/Controller/IcController.class.php 第 168 行.
NOTIC: [8] Undefined index: purchaid /Library/WebServer/Documents/cost/Application/Home/Controller/IcController.class.php 第 168 行.
NOTIC: [8] Undefined index: maintenanceid /Library/WebServer/Documents/cost/Application/Home/Controller/IcController.class.php 第 181 行.
NOTIC: [8] Undefined index: maintenanceid /Library/WebServer/Documents/cost/Application/Home/Controller/IcController.class.php 第 181 行.
NOTIC: [8] Undefined index: maintenanceid /Library/WebServer/Documents/cost/Application/Home/Controller/IcController.class.php 第 181 行.
NOTIC: [8] Undefined index: maintenanceid /Library/WebServer/Documents/cost/Application/Home/Controller/IcController.class.php 第 181 行.
NOTIC: [8] Undefined index: maintenanceid /Library/WebServer/Documents/cost/Application/Home/Controller/IcController.class.php 第 181 行.
NOTIC: [8] Undefined index: maintenanceid /Library/WebServer/Documents/cost/Application/Home/Controller/IcController.class.php 第 181 行.
NOTIC: [8] Undefined index: mianphone /Library/WebServer/Documents/cost/Application/Home/Controller/IcController.class.php 第 287 行.
NOTIC: [8] Undefined index: dispose /Library/WebServer/Documents/cost/Application/Home/Controller/IcController.class.php 第 283 行.
NOTIC: [8] Undefined index: supplier /Library/WebServer/Documents/cost/Application/Home/Controller/IcController.class.php 第 285 行.
NOTIC: [8] Undefined index: maintenance /Library/WebServer/Documents/cost/Application/Home/Controller/IcController.class.php 第 286 行.
NOTIC: [8] Undefined index: mianphone /Library/WebServer/Documents/cost/Application/Home/Controller/IcController.class.php 第 287 行.
NOTIC: [8] Undefined index: purcha /Library/WebServer/Documents/cost/Application/Home/Controller/IcController.class.php 第 288 行.
SQL: SELECT COUNT(*) AS tp_count FROM `hr_icequipment_sub` WHERE `jgh` = '33001516' AND `equipmentid` = 1 AND `stats` = '0' LIMIT 1   [ RunTime:0.0003s ]
INFO: [ app_end ] --START--
INFO: Run Behavior\ShowPageTraceBehavior [ RunTime:0.000410s ]
INFO: [ app_end ] --END-- [ RunTime:0.000565s ]

[ 2019-12-08T00:00:14+08:00 ] ::1 /cost/index.php/Home/Ic/welcomes.html?page=1&limit=10
INFO: [ app_begin ] --START--
INFO: Run Behavior\ReadHtmlCacheBehavior [ RunTime:0.000333s ]
INFO: [ app_begin ] --END-- [ RunTime:0.000668s ]
SQL: SHOW COLUMNS FROM `hr_icequipment_sub` [ RunTime:0.0017s ]
SQL: SELECT * FROM `hr_icequipment_sub` WHERE `stats` = 0  [ RunTime:0.0003s ]
SQL: SHOW COLUMNS FROM `hr_icdevice` [ RunTime:0.0016s ]
SQL: SELECT * FROM `hr_icdevice`  [ RunTime:0.0003s ]
SQL: SHOW COLUMNS FROM `hr_icdevice_class` [ RunTime:0.0015s ]
SQL: SELECT * FROM `hr_icdevice_class`  [ RunTime:0.0002s ]
SQL: SHOW COLUMNS FROM `hr_icdispose` [ RunTime:0.0013s ]
SQL: SELECT * FROM `hr_icdispose`  [ RunTime:0.0002s ]
SQL: SHOW COLUMNS FROM `hr_icdevice_sub` [ RunTime:0.0014s ]
SQL: SELECT * FROM `hr_icdevice_sub`  [ RunTime:0.0002s ]
SQL: SHOW COLUMNS FROM `hr_icmaintenance` [ RunTime:0.0013s ]
SQL: SELECT * FROM `hr_icmaintenance`  [ RunTime:0.0001s ]
SQL: SHOW COLUMNS FROM `hr_icsupplier` [ RunTime:0.0012s ]
SQL: SELECT * FROM `hr_icsupplier`  [ RunTime:0.0002s ]
SQL: SHOW COLUMNS FROM `hr_icpurcha` [ RunTime:0.0016s ]
SQL: SELECT * FROM `hr_icpurcha`  [ RunTime:0.0002s ]
NOTIC: [8] Undefined index: purchaid /Library/WebServer/Documents/cost/Application/Home/Controller/IcController.class.php 第 168 行.
NOTIC: [8] Undefined index: purchaid /Library/WebServer/Documents/cost/Application/Home/Controller/IcController.class.php 第 168 行.
NOTIC: [8] Undefined index: mianman /Library/WebServer/Documents/cost/Application/Home/Controller/IcController.class.php 第 185 行.
NOTIC: [8] Undefined index: mianman /Library/WebServer/Documents/cost/Application/Home/Controller/IcController.class.php 第 185 行.
NOTIC: [8] Undefined index: mianman /Library/WebServer/Documents/cost/Application/Home/Controller/IcController.class.php 第 185 行.
SQL: SHOW COLUMNS FROM `hr_icequipment` [ RunTime:0.0016s ]
SQL: SHOW COLUMNS FROM `hr_jrdanwei` [ RunTime:0.0013s ]
SQL: SELECT * FROM `hr_jrdanwei` WHERE ( jiagou = 'A1' )  [ RunTime:0.0002s ]
NOTIC: [8] Undefined offset: 1 /Library/WebServer/Documents/cost/Application/Home/Controller/IcController.class.php 第 217 行.
NOTIC: [8] Undefined offset: 2 /Library/WebServer/Documents/cost/Application/Home/Controller/IcController.class.php 第 217 行.
NOTIC: [8] Undefined offset: 3 /Library/WebServer/Documents/cost/Application/Home/Controller/IcController.class.php 第 217 行.
NOTIC: [8] Undefined index: dispose /Library/WebServer/Documents/cost/Application/Home/Controller/IcController.class.php 第 217 行.
NOTIC: [8] Undefined index: dispose /Library/WebServer/Documents/cost/Application/Home/Controller/IcController.class.php 第 217 行.
NOTIC: [8] Undefined index: dispose /Library/WebServer/Documents/cost/Application/Home/Controller/IcController.class.php 第 217 行.
NOTIC: [8] Undefined index: dispose /Library/WebServer/Documents/cost/Application/Home/Controller/IcController.class.php 第 217 行.
NOTIC: [8] Undefined offset: 9 /Library/WebServer/Documents/cost/Application/Home/Controller/IcController.class.php 第 217 行.
SQL: SELECT COUNT(*) AS tp_count FROM `hr_icequipment_sub` WHERE `stats` = 0 LIMIT 1   [ RunTime:0.0001s ]
INFO: [ app_end ] --START--
INFO: Run Behavior\ShowPageTraceBehavior [ RunTime:0.000369s ]
INFO: [ app_end ] --END-- [ RunTime:0.000531s ]

[ 2019-12-08T00:00:16+08:00 ] ::1 /cost/index.php/Home/Ic/equipment_tablemat?equipmentid=7
INFO: [ app_begin ] --START--
INFO: Run Behavior\ReadHtmlCacheBehavior [ RunTime:0.000444s ]
INFO: [ app_begin ] --END-- [ RunTime:0.000814s ]
SQL: SHOW COLUMNS FROM `hr_icequipment` [ RunTime:0.0015s ]
SQL: SELECT * FROM `hr_icequipment` WHERE `equipmentid` = 7  [ RunTime:0.0003s ]
SQL: SHOW COLUMNS FROM `hr_ictablemat_class` [ RunTime:0.0014s ]
SQL: SELECT * FROM `hr_ictablemat_class` WHERE `tablemat_classid` = 0 LIMIT 1   [ RunTime:0.0002s ]
INFO: [ app_end ] --START--
INFO: Run Behavior\ShowPageTraceBehavior [ RunTime:0.000402s ]
INFO: [ app_end ] --END-- [ RunTime:0.000574s ]

[ 2019-12-08T00:00:17+08:00 ] ::1 /cost/index.php/Home/Ic/equipment_tablemat?equipmentid=7
INFO: [ app_begin ] --START--
INFO: Run Behavior\ReadHtmlCacheBehavior [ RunTime:0.000346s ]
INFO: [ app_begin ] --END-- [ RunTime:0.000755s ]
SQL: SHOW COLUMNS FROM `hr_icequipment` [ RunTime:0.0014s ]
SQL: SELECT * FROM `hr_icequipment` WHERE `equipmentid` = 7  [ RunTime:0.0003s ]
SQL: SHOW COLUMNS FROM `hr_ictablemat_class` [ RunTime:0.0016s ]
SQL: SELECT * FROM `hr_ictablemat_class` WHERE `tablemat_classid` = 0 LIMIT 1   [ RunTime:0.0002s ]
INFO: [ app_end ] --START--
INFO: Run Behavior\ShowPageTraceBehavior [ RunTime:0.000400s ]
INFO: [ app_end ] --END-- [ RunTime:0.000576s ]

[ 2019-12-08T00:00:32+08:00 ] ::1 /cost/index.php/Home/Ic/welcomes.html?page=1&limit=10
INFO: [ app_begin ] --START--
INFO: Run Behavior\ReadHtmlCacheBehavior [ RunTime:0.000355s ]
INFO: [ app_begin ] --END-- [ RunTime:0.000767s ]
SQL: SHOW COLUMNS FROM `hr_icequipment_sub` [ RunTime:0.0016s ]
SQL: SELECT * FROM `hr_icequipment_sub` WHERE `stats` = 0  [ RunTime:0.0003s ]
SQL: SHOW COLUMNS FROM `hr_icdevice` [ RunTime:0.0015s ]
SQL: SELECT * FROM `hr_icdevice`  [ RunTime:0.0002s ]
SQL: SHOW COLUMNS FROM `hr_icdevice_class` [ RunTime:0.0013s ]
SQL: SELECT * FROM `hr_icdevice_class`  [ RunTime:0.0002s ]
SQL: SHOW COLUMNS FROM `hr_icdispose` [ RunTime:0.0012s ]
SQL: SELECT * FROM `hr_icdispose`  [ RunTime:0.0002s ]
SQL: SHOW COLUMNS FROM `hr_icdevice_sub` [ RunTime:0.0014s ]
SQL: SELECT * FROM `hr_icdevice_sub`  [ RunTime:0.0002s ]
SQL: SHOW COLUMNS FROM `hr_icmaintenance` [ RunTime:0.0015s ]
SQL: SELECT * FROM `hr_icmaintenance`  [ RunTime:0.0002s ]
SQL: SHOW COLUMNS FROM `hr_icsupplier` [ RunTime:0.0012s ]
SQL: SELECT * FROM `hr_icsupplier`  [ RunTime:0.0001s ]
SQL: SHOW COLUMNS FROM `hr_icpurcha` [ RunTime:0.0011s ]
SQL: SELECT * FROM `hr_icpurcha`  [ RunTime:0.0001s ]
NOTIC: [8] Undefined index: purchaid /Library/WebServer/Documents/cost/Application/Home/Controller/IcController.class.php 第 168 行.
NOTIC: [8] Undefined index: purchaid /Library/WebServer/Documents/cost/Application/Home/Controller/IcController.class.php 第 168 行.
NOTIC: [8] Undefined index: mianman /Library/WebServer/Documents/cost/Application/Home/Controller/IcController.class.php 第 185 行.
NOTIC: [8] Undefined index: mianman /Library/WebServer/Documents/cost/Application/Home/Controller/IcController.class.php 第 185 行.
NOTIC: [8] Undefined index: mianman /Library/WebServer/Documents/cost/Application/Home/Controller/IcController.class.php 第 185 行.
SQL: SHOW COLUMNS FROM `hr_icequipment` [ RunTime:0.0011s ]
SQL: SHOW COLUMNS FROM `hr_jrdanwei` [ RunTime:0.0011s ]
SQL: SELECT * FROM `hr_jrdanwei` WHERE ( jiagou = 'A1' )  [ RunTime:0.0002s ]
NOTIC: [8] Undefined offset: 1 /Library/WebServer/Documents/cost/Application/Home/Controller/IcController.class.php 第 217 行.
NOTIC: [8] Undefined offset: 2 /Library/WebServer/Documents/cost/Application/Home/Controller/IcController.class.php 第 217 行.
NOTIC: [8] Undefined offset: 3 /Library/WebServer/Documents/cost/Application/Home/Controller/IcController.class.php 第 217 行.
NOTIC: [8] Undefined index: dispose /Library/WebServer/Documents/cost/Application/Home/Controller/IcController.class.php 第 217 行.
NOTIC: [8] Undefined index: dispose /Library/WebServer/Documents/cost/Application/Home/Controller/IcController.class.php 第 217 行.
NOTIC: [8] Undefined index: dispose /Library/WebServer/Documents/cost/Application/Home/Controller/IcController.class.php 第 217 行.
NOTIC: [8] Undefined index: dispose /Library/WebServer/Documents/cost/Application/Home/Controller/IcController.class.php 第 217 行.
NOTIC: [8] Undefined offset: 9 /Library/WebServer/Documents/cost/Application/Home/Controller/IcController.class.php 第 217 行.
SQL: SELECT COUNT(*) AS tp_count FROM `hr_icequipment_sub` WHERE `stats` = 0 LIMIT 1   [ RunTime:0.0001s ]
INFO: [ app_end ] --START--
INFO: Run Behavior\ShowPageTraceBehavior [ RunTime:0.000361s ]
INFO: [ app_end ] --END-- [ RunTime:0.000514s ]

[ 2019-12-08T00:00:35+08:00 ] ::1 /cost/index.php/Home/Ic/equipment_tablemat?equipmentid=7
INFO: [ app_begin ] --START--
INFO: Run Behavior\ReadHtmlCacheBehavior [ RunTime:0.000339s ]
INFO: [ app_begin ] --END-- [ RunTime:0.000729s ]
SQL: SHOW COLUMNS FROM `hr_icequipment` [ RunTime:0.0015s ]
SQL: SELECT * FROM `hr_icequipment` WHERE `equipmentid` = 7  [ RunTime:0.0002s ]
SQL: SHOW COLUMNS FROM `hr_ictablemat_class` [ RunTime:0.0015s ]
SQL: SELECT * FROM `hr_ictablemat_class` WHERE `tablemat_classid` = 0 LIMIT 1   [ RunTime:0.0002s ]
INFO: [ app_end ] --START--
INFO: Run Behavior\ShowPageTraceBehavior [ RunTime:0.000378s ]
INFO: [ app_end ] --END-- [ RunTime:0.000563s ]

[ 2019-12-08T00:01:20+08:00 ] ::1 /cost/index.php/Home/Ic/equipment_tablemat?equipmentid=1
INFO: [ app_begin ] --START--
INFO: Run Behavior\ReadHtmlCacheBehavior [ RunTime:0.000323s ]
INFO: [ app_begin ] --END-- [ RunTime:0.000687s ]
SQL: SHOW COLUMNS FROM `hr_icequipment` [ RunTime:0.0015s ]
SQL: SELECT * FROM `hr_icequipment` WHERE `equipmentid` = 1  [ RunTime:0.0002s ]
SQL: SHOW COLUMNS FROM `hr_ictablemat_class` [ RunTime:0.0014s ]
SQL: SELECT * FROM `hr_ictablemat_class` WHERE `tablemat_classid` = 1 LIMIT 1   [ RunTime:0.0002s ]
INFO: [ app_end ] --START--
INFO: Run Behavior\ShowPageTraceBehavior [ RunTime:0.000463s ]
INFO: [ app_end ] --END-- [ RunTime:0.000700s ]

[ 2019-12-08T00:01:20+08:00 ] ::1 /cost/index.php/Home/Ic/equipment_subs.html?page=1&limit=15
INFO: [ app_begin ] --START--
INFO: Run Behavior\ReadHtmlCacheBehavior [ RunTime:0.000315s ]
INFO: [ app_begin ] --END-- [ RunTime:0.000657s ]
SQL: SHOW COLUMNS FROM `hr_icequipment_sub` [ RunTime:0.0013s ]
SQL: SELECT * FROM `hr_icequipment_sub` WHERE `jgh` = '33001516' AND `equipmentid` = 1 AND `stats` = '0'  [ RunTime:0.0004s ]
SQL: SHOW COLUMNS FROM `hr_ictablemat` [ RunTime:0.0013s ]
SQL: SELECT * FROM `hr_ictablemat` WHERE `tablemat_classid` = 1 AND `stats` = 0  [ RunTime:0.0005s ]
SQL: SHOW COLUMNS FROM `hr_icdevice` [ RunTime:0.0014s ]
SQL: SELECT * FROM `hr_icdevice`  [ RunTime:0.0002s ]
SQL: SHOW COLUMNS FROM `hr_icdevice_class` [ RunTime:0.0012s ]
SQL: SELECT * FROM `hr_icdevice_class`  [ RunTime:0.0002s ]
SQL: SHOW COLUMNS FROM `hr_icdispose` [ RunTime:0.0012s ]
SQL: SELECT * FROM `hr_icdispose`  [ RunTime:0.0002s ]
SQL: SHOW COLUMNS FROM `hr_icdevice_sub` [ RunTime:0.0013s ]
SQL: SELECT * FROM `hr_icdevice_sub`  [ RunTime:0.0001s ]
SQL: SHOW COLUMNS FROM `hr_icmaintenance` [ RunTime:0.0011s ]
SQL: SELECT * FROM `hr_icmaintenance`  [ RunTime:0.0002s ]
SQL: SHOW COLUMNS FROM `hr_icsupplier` [ RunTime:0.0012s ]
SQL: SELECT * FROM `hr_icsupplier`  [ RunTime:0.0001s ]
SQL: SHOW COLUMNS FROM `hr_icpurcha` [ RunTime:0.0011s ]
SQL: SELECT * FROM `hr_icpurcha`  [ RunTime:0.0001s ]
NOTIC: [8] Undefined index: purchaid /Library/WebServer/Documents/cost/Application/Home/Controller/IcController.class.php 第 168 行.
NOTIC: [8] Undefined index: purchaid /Library/WebServer/Documents/cost/Application/Home/Controller/IcController.class.php 第 168 行.
NOTIC: [8] Undefined index: mianman /Library/WebServer/Documents/cost/Application/Home/Controller/IcController.class.php 第 185 行.
SQL: SELECT * FROM `hr_icdevice`  [ RunTime:0.0001s ]
SQL: SELECT * FROM `hr_icdevice_class`  [ RunTime:0.0001s ]
SQL: SELECT * FROM `hr_icdispose`  [ RunTime:0.0001s ]
SQL: SELECT * FROM `hr_icdevice_sub`  [ RunTime:0.0001s ]
SQL: SELECT * FROM `hr_icmaintenance`  [ RunTime:0.0001s ]
SQL: SELECT * FROM `hr_icsupplier`  [ RunTime:0.0001s ]
SQL: SELECT * FROM `hr_icpurcha`  [ RunTime:0.0001s ]
NOTIC: [8] Undefined index: device_subid /Library/WebServer/Documents/cost/Application/Home/Controller/IcController.class.php 第 84 行.
NOTIC: [8] Undefined index: device_subid /Library/WebServer/Documents/cost/Application/Home/Controller/IcController.class.php 第 84 行.
NOTIC: [8] Undefined index: device_subid /Library/WebServer/Documents/cost/Application/Home/Controller/IcController.class.php 第 84 行.
NOTIC: [8] Undefined index: device_subid /Library/WebServer/Documents/cost/Application/Home/Controller/IcController.class.php 第 84 行.
NOTIC: [8] Undefined index: device_subid /Library/WebServer/Documents/cost/Application/Home/Controller/IcController.class.php 第 84 行.
NOTIC: [8] Undefined index: device_subid /Library/WebServer/Documents/cost/Application/Home/Controller/IcController.class.php 第 84 行.
NOTIC: [8] Undefined index: device_subid /Library/WebServer/Documents/cost/Application/Home/Controller/IcController.class.php 第 84 行.
NOTIC: [8] Undefined index: device_subid /Library/WebServer/Documents/cost/Application/Home/Controller/IcController.class.php 第 84 行.
NOTIC: [8] Undefined index: device_subid /Library/WebServer/Documents/cost/Application/Home/Controller/IcController.class.php 第 84 行.
NOTIC: [8] Undefined index: device_subid /Library/WebServer/Documents/cost/Application/Home/Controller/IcController.class.php 第 84 行.
NOTIC: [8] Undefined index: device_subid /Library/WebServer/Documents/cost/Application/Home/Controller/IcController.class.php 第 84 行.
NOTIC: [8] Undefined index: device_subid /Library/WebServer/Documents/cost/Application/Home/Controller/IcController.class.php 第 84 行.
NOTIC: [8] Undefined index: device_subid /Library/WebServer/Documents/cost/Application/Home/Controller/IcController.class.php 第 84 行.
NOTIC: [8] Undefined index: device_subid /Library/WebServer/Documents/cost/Application/Home/Controller/IcController.class.php 第 84 行.
NOTIC: [8] Undefined index: device_subid /Library/WebServer/Documents/cost/Application/Home/Controller/IcController.class.php 第 84 行.
NOTIC: [8] Undefined index: device_subid /Library/WebServer/Documents/cost/Application/Home/Controller/IcController.class.php 第 84 行.
NOTIC: [8] Undefined index: device_subid /Library/WebServer/Documents/cost/Application/Home/Controller/IcController.class.php 第 84 行.
NOTIC: [8] Undefined index: device_subid /Library/WebServer/Documents/cost/Application/Home/Controller/IcController.class.php 第 84 行.
NOTIC: [8] Undefined index: device_subid /Library/WebServer/Documents/cost/Application/Home/Controller/IcController.class.php 第 84 行.
NOTIC: [8] Undefined index: device_subid /Library/WebServer/Documents/cost/Application/Home/Controller/IcController.class.php 第 84 行.
NOTIC: [8] Undefined index: device_subid /Library/WebServer/Documents/cost/Application/Home/Controller/IcController.class.php 第 84 行.
NOTIC: [8] Undefined index: device_subid /Library/WebServer/Documents/cost/Application/Home/Controller/IcController.class.php 第 84 行.
NOTIC: [8] Undefined index: device_subid /Library/WebServer/Documents/cost/Application/Home/Controller/IcController.class.php 第 84 行.
NOTIC: [8] Undefined index: device_subid /Library/WebServer/Documents/cost/Application/Home/Controller/IcController.class.php 第 84 行.
NOTIC: [8] Undefined index: disposeid /Library/WebServer/Documents/cost/Application/Home/Controller/IcController.class.php 第 122 行.
NOTIC: [8] Undefined index: disposeid /Library/WebServer/Documents/cost/Application/Home/Controller/IcController.class.php 第 122 行.
NOTIC: [8] Undefined index: disposeid /Library/WebServer/Documents/cost/Application/Home/Controller/IcController.class.php 第 122 行.
NOTIC: [8] Undefined index: disposeid /Library/WebServer/Documents/cost/Application/Home/Controller/IcController.class.php 第 122 行.
NOTIC: [8] Undefined index: disposeid /Library/WebServer/Documents/cost/Application/Home/Controller/IcController.class.php 第 122 行.
NOTIC: [8] Undefined index: disposeid /Library/WebServer/Documents/cost/Application/Home/Controller/IcController.class.php 第 122 行.
NOTIC: [8] Undefined index: disposeid /Library/WebServer/Documents/cost/Application/Home/Controller/IcController.class.php 第 122 行.
NOTIC: [8] Undefined index: disposeid /Library/WebServer/Documents/cost/Application/Home/Controller/IcController.class.php 第 122 行.
NOTIC: [8] Undefined index: disposeid /Library/WebServer/Documents/cost/Application/Home/Controller/IcController.class.php 第 122 行.
NOTIC: [8] Undefined index: disposeid /Library/WebServer/Documents/cost/Application/Home/Controller/IcController.class.php 第 122 行.
NOTIC: [8] Undefined index: disposeid /Library/WebServer/Documents/cost/Application/Home/Controller/IcController.class.php 第 122 行.
NOTIC: [8] Undefined index: disposeid /Library/WebServer/Documents/cost/Application/Home/Controller/IcController.class.php 第 122 行.
NOTIC: [8] Undefined index: device_classid /Library/WebServer/Documents/cost/Application/Home/Controller/IcController.class.php 第 138 行.
NOTIC: [8] Undefined index: device_classid /Library/WebServer/Documents/cost/Application/Home/Controller/IcController.class.php 第 138 行.
NOTIC: [8] Undefined index: device_classid /Library/WebServer/Documents/cost/Application/Home/Controller/IcController.class.php 第 138 行.
NOTIC: [8] Undefined index: device_classid /Library/WebServer/Documents/cost/Application/Home/Controller/IcController.class.php 第 138 行.
NOTIC: [8] Undefined index: device_classid /Library/WebServer/Documents/cost/Application/Home/Controller/IcController.class.php 第 138 行.
NOTIC: [8] Undefined index: device_classid /Library/WebServer/Documents/cost/Application/Home/Controller/IcController.class.php 第 138 行.
NOTIC: [8] Undefined index: device_classid /Library/WebServer/Documents/cost/Application/Home/Controller/IcController.class.php 第 138 行.
NOTIC: [8] Undefined index: device_classid /Library/WebServer/Documents/cost/Application/Home/Controller/IcController.class.php 第 138 行.
NOTIC: [8] Undefined index: device_classid /Library/WebServer/Documents/cost/Application/Home/Controller/IcController.class.php 第 138 行.
NOTIC: [8] Undefined index: device_classid /Library/WebServer/Documents/cost/Application/Home/Controller/IcController.class.php 第 138 行.
NOTIC: [8] Undefined index: device_classid /Library/WebServer/Documents/cost/Application/Home/Controller/IcController.class.php 第 138 行.
NOTIC: [8] Undefined index: device_classid /Library/WebServer/Documents/cost/Application/Home/Controller/IcController.class.php 第 138 行.
NOTIC: [8] Undefined index: device_classid /Library/WebServer/Documents/cost/Application/Home/Controller/IcController.class.php 第 138 行.
NOTIC: [8] Undefined index: device_classid /Library/WebServer/Documents/cost/Application/Home/Controller/IcController.class.php 第 138 行.
NOTIC: [8] Undefined index: device_classid /Library/WebServer/Documents/cost/Application/Home/Controller/IcController.class.php 第 138 行.
NOTIC: [8] Undefined index: device_classid /Library/WebServer/Documents/cost/Application/Home/Controller/IcController.class.php 第 138 行.
NOTIC: [8] Undefined index: device_classid /Library/WebServer/Documents/cost/Application/Home/Controller/IcController.class.php 第 138 行.
NOTIC: [8] Undefined index: device_classid /Library/WebServer/Documents/cost/Application/Home/Controller/IcController.class.php 第 138 行.
NOTIC: [8] Undefined index: supplierid /Library/WebServer/Documents/cost/Application/Home/Controller/IcController.class.php 第 153 行.
NOTIC: [8] Undefined index: supplierid /Library/WebServer/Documents/cost/Application/Home/Controller/IcController.class.php 第 153 行.
NOTIC: [8] Undefined index: supplierid /Library/WebServer/Documents/cost/Application/Home/Controller/IcController.class.php 第 153 行.
NOTIC: [8] Undefined index: supplierid /Library/WebServer/Documents/cost/Application/Home/Controller/IcController.class.php 第 153 行.
NOTIC: [8] Undefined index: supplierid /Library/WebServer/Documents/cost/Application/Home/Controller/IcController.class.php 第 153 行.
NOTIC: [8] Undefined index: supplierid /Library/WebServer/Documents/cost/Application/Home/Controller/IcController.class.php 第 153 行.
NOTIC: [8] Undefined index: supplierid /Library/WebServer/Documents/cost/Application/Home/Controller/IcController.class.php 第 153 行.
NOTIC: [8] Undefined index: supplierid /Library/WebServer/Documents/cost/Application/Home/Controller/IcController.class.php 第 153 行.
NOTIC: [8] Undefined index: supplierid /Library/WebServer/Documents/cost/Application/Home/Controller/IcController.class.php 第 153 行.
NOTIC: [8] Undefined index: supplierid /Library/WebServer/Documents/cost/Application/Home/Controller/IcController.class.php 第 153 行.
NOTIC: [8] Undefined index: supplierid /Library/WebServer/Documents/cost/Application/Home/Controller/IcController.class.php 第 153 行.
NOTIC: [8] Undefined index: supplierid /Library/WebServer/Documents/cost/Application/Home/Controller/IcController.class.php 第 153 行.
NOTIC: [8] Undefined index: purchaid /Library/WebServer/Documents/cost/Application/Home/Controller/IcController.class.php 第 168 行.
NOTIC: [8] Undefined index: purchaid /Library/WebServer/Documents/cost/Application/Home/Controller/IcController.class.php 第 168 行.
NOTIC: [8] Undefined index: purchaid /Library/WebServer/Documents/cost/Application/Home/Controller/IcController.class.php 第 168 行.
NOTIC: [8] Undefined index: purchaid /Library/WebServer/Documents/cost/Application/Home/Controller/IcController.class.php 第 168 行.
NOTIC: [8] Undefined index: purchaid /Library/WebServer/Documents/cost/Application/Home/Controller/IcController.class.php 第 168 行.
NOTIC: [8] Undefined index: purchaid /Library/WebServer/Documents/cost/Application/Home/Controller/IcController.class.php 第 168 行.
NOTIC: [8] Undefined index: maintenanceid /Library/WebServer/Documents/cost/Application/Home/Controller/IcController.class.php 第 181 行.
NOTIC: [8] Undefined index: maintenanceid /Library/WebServer/Documents/cost/Application/Home/Controller/IcController.class.php 第 181 行.
NOTIC: [8] Undefined index: maintenanceid /Library/WebServer/Documents/cost/Application/Home/Controller/IcController.class.php 第 181 行.
NOTIC: [8] Undefined index: maintenanceid /Library/WebServer/Documents/cost/Application/Home/Controller/IcController.class.php 第 181 行.
NOTIC: [8] Undefined index: maintenanceid /Library/WebServer/Documents/cost/Application/Home/Controller/IcController.class.php 第 181 行.
NOTIC: [8] Undefined index: maintenanceid /Library/WebServer/Documents/cost/Application/Home/Controller/IcController.class.php 第 181 行.
NOTIC: [8] Undefined index: mianphone /Library/WebServer/Documents/cost/Application/Home/Controller/IcController.class.php 第 287 行.
NOTIC: [8] Undefined index: dispose /Library/WebServer/Documents/cost/Application/Home/Controller/IcController.class.php 第 283 行.
NOTIC: [8] Undefined index: supplier /Library/WebServer/Documents/cost/Application/Home/Controller/IcController.class.php 第 285 行.
NOTIC: [8] Undefined index: maintenance /Library/WebServer/Documents/cost/Application/Home/Controller/IcController.class.php 第 286 行.
NOTIC: [8] Undefined index: mianphone /Library/WebServer/Documents/cost/Application/Home/Controller/IcController.class.php 第 287 行.
NOTIC: [8] Undefined index: purcha /Library/WebServer/Documents/cost/Application/Home/Controller/IcController.class.php 第 288 行.
SQL: SELECT COUNT(*) AS tp_count FROM `hr_icequipment_sub` WHERE `jgh` = '33001516' AND `equipmentid` = 1 AND `stats` = '0' LIMIT 1   [ RunTime:0.0003s ]
INFO: [ app_end ] --START--
INFO: Run Behavior\ShowPageTraceBehavior [ RunTime:0.000359s ]
INFO: [ app_end ] --END-- [ RunTime:0.000508s ]

[ 2019-12-08T00:01:46+08:00 ] ::1 /cost/index.php/Home/Ic/welcomes.html?page=1&limit=10
INFO: [ app_begin ] --START--
INFO: Run Behavior\ReadHtmlCacheBehavior [ RunTime:0.000321s ]
INFO: [ app_begin ] --END-- [ RunTime:0.000816s ]
SQL: SHOW COLUMNS FROM `hr_icequipment_sub` [ RunTime:0.0014s ]
SQL: SELECT * FROM `hr_icequipment_sub` WHERE `stats` = 0  [ RunTime:0.0002s ]
SQL: SHOW COLUMNS FROM `hr_icdevice` [ RunTime:0.0013s ]
SQL: SELECT * FROM `hr_icdevice`  [ RunTime:0.0001s ]
SQL: SHOW COLUMNS FROM `hr_icdevice_class` [ RunTime:0.0014s ]
SQL: SELECT * FROM `hr_icdevice_class`  [ RunTime:0.0002s ]
SQL: SHOW COLUMNS FROM `hr_icdispose` [ RunTime:0.0015s ]
SQL: SELECT * FROM `hr_icdispose`  [ RunTime:0.0002s ]
SQL: SHOW COLUMNS FROM `hr_icdevice_sub` [ RunTime:0.0014s ]
SQL: SELECT * FROM `hr_icdevice_sub`  [ RunTime:0.0002s ]
SQL: SHOW COLUMNS FROM `hr_icmaintenance` [ RunTime:0.0013s ]
SQL: SELECT * FROM `hr_icmaintenance`  [ RunTime:0.0001s ]
SQL: SHOW COLUMNS FROM `hr_icsupplier` [ RunTime:0.0013s ]
SQL: SELECT * FROM `hr_icsupplier`  [ RunTime:0.0001s ]
SQL: SHOW COLUMNS FROM `hr_icpurcha` [ RunTime:0.0013s ]
SQL: SELECT * FROM `hr_icpurcha`  [ RunTime:0.0001s ]
NOTIC: [8] Undefined index: purchaid /Library/WebServer/Documents/cost/Application/Home/Controller/IcController.class.php 第 168 行.
NOTIC: [8] Undefined index: purchaid /Library/WebServer/Documents/cost/Application/Home/Controller/IcController.class.php 第 168 行.
NOTIC: [8] Undefined index: mianman /Library/WebServer/Documents/cost/Application/Home/Controller/IcController.class.php 第 185 行.
NOTIC: [8] Undefined index: mianman /Library/WebServer/Documents/cost/Application/Home/Controller/IcController.class.php 第 185 行.
NOTIC: [8] Undefined index: mianman /Library/WebServer/Documents/cost/Application/Home/Controller/IcController.class.php 第 185 行.
SQL: SHOW COLUMNS FROM `hr_icequipment` [ RunTime:0.0011s ]
SQL: SHOW COLUMNS FROM `hr_jrdanwei` [ RunTime:0.0011s ]
SQL: SELECT * FROM `hr_jrdanwei` WHERE ( jiagou = 'A1' )  [ RunTime:0.0002s ]
NOTIC: [8] Undefined offset: 1 /Library/WebServer/Documents/cost/Application/Home/Controller/IcController.class.php 第 217 行.
NOTIC: [8] Undefined offset: 2 /Library/WebServer/Documents/cost/Application/Home/Controller/IcController.class.php 第 217 行.
NOTIC: [8] Undefined offset: 3 /Library/WebServer/Documents/cost/Application/Home/Controller/IcController.class.php 第 217 行.
NOTIC: [8] Undefined index: dispose /Library/WebServer/Documents/cost/Application/Home/Controller/IcController.class.php 第 217 行.
NOTIC: [8] Undefined index: dispose /Library/WebServer/Documents/cost/Application/Home/Controller/IcController.class.php 第 217 行.
NOTIC: [8] Undefined index: dispose /Library/WebServer/Documents/cost/Application/Home/Controller/IcController.class.php 第 217 行.
NOTIC: [8] Undefined index: dispose /Library/WebServer/Documents/cost/Application/Home/Controller/IcController.class.php 第 217 行.
NOTIC: [8] Undefined offset: 9 /Library/WebServer/Documents/cost/Application/Home/Controller/IcController.class.php 第 217 行.
SQL: SELECT COUNT(*) AS tp_count FROM `hr_icequipment_sub` WHERE `stats` = 0 LIMIT 1   [ RunTime:0.0002s ]
INFO: [ app_end ] --START--
INFO: Run Behavior\ShowPageTraceBehavior [ RunTime:0.000362s ]
INFO: [ app_end ] --END-- [ RunTime:0.000545s ]

[ 2019-12-08T00:02:48+08:00 ] ::1 /cost/index.php/Home/Ic/welcomes.html?page=1&limit=10
INFO: [ app_begin ] --START--
INFO: Run Behavior\ReadHtmlCacheBehavior [ RunTime:0.000483s ]
INFO: [ app_begin ] --END-- [ RunTime:0.001018s ]
SQL: SHOW COLUMNS FROM `hr_icequipment_sub` [ RunTime:0.0019s ]
SQL: SELECT * FROM `hr_icequipment_sub` WHERE `stats` = 0  [ RunTime:0.0003s ]
SQL: SHOW COLUMNS FROM `hr_icdevice` [ RunTime:0.0014s ]
SQL: SELECT * FROM `hr_icdevice`  [ RunTime:0.0002s ]
SQL: SHOW COLUMNS FROM `hr_icdevice_class` [ RunTime:0.0017s ]
SQL: SELECT * FROM `hr_icdevice_class`  [ RunTime:0.0003s ]
SQL: SHOW COLUMNS FROM `hr_icdispose` [ RunTime:0.0015s ]
SQL: SELECT * FROM `hr_icdispose`  [ RunTime:0.0002s ]
SQL: SHOW COLUMNS FROM `hr_icdevice_sub` [ RunTime:0.0013s ]
SQL: SELECT * FROM `hr_icdevice_sub`  [ RunTime:0.0002s ]
SQL: SHOW COLUMNS FROM `hr_icmaintenance` [ RunTime:0.0012s ]
SQL: SELECT * FROM `hr_icmaintenance`  [ RunTime:0.0002s ]
SQL: SHOW COLUMNS FROM `hr_icsupplier` [ RunTime:0.0016s ]
SQL: SELECT * FROM `hr_icsupplier`  [ RunTime:0.0004s ]
SQL: SHOW COLUMNS FROM `hr_icpurcha` [ RunTime:0.0013s ]
SQL: SELECT * FROM `hr_icpurcha`  [ RunTime:0.0001s ]
NOTIC: [8] Undefined index: purchaid /Library/WebServer/Documents/cost/Application/Home/Controller/IcController.class.php 第 168 行.
NOTIC: [8] Undefined index: purchaid /Library/WebServer/Documents/cost/Application/Home/Controller/IcController.class.php 第 168 行.
NOTIC: [8] Undefined index: mianman /Library/WebServer/Documents/cost/Application/Home/Controller/IcController.class.php 第 185 行.
NOTIC: [8] Undefined index: mianman /Library/WebServer/Documents/cost/Application/Home/Controller/IcController.class.php 第 185 行.
NOTIC: [8] Undefined index: mianman /Library/WebServer/Documents/cost/Application/Home/Controller/IcController.class.php 第 185 行.
SQL: SHOW COLUMNS FROM `hr_icequipment` [ RunTime:0.0013s ]
SQL: SHOW COLUMNS FROM `hr_jrdanwei` [ RunTime:0.0012s ]
SQL: SELECT * FROM `hr_jrdanwei` WHERE ( jiagou = 'A1' )  [ RunTime:0.0002s ]
NOTIC: [8] Undefined offset: 1 /Library/WebServer/Documents/cost/Application/Home/Controller/IcController.class.php 第 217 行.
NOTIC: [8] Undefined offset: 2 /Library/WebServer/Documents/cost/Application/Home/Controller/IcController.class.php 第 217 行.
NOTIC: [8] Undefined offset: 3 /Library/WebServer/Documents/cost/Application/Home/Controller/IcController.class.php 第 217 行.
NOTIC: [8] Undefined index: dispose /Library/WebServer/Documents/cost/Application/Home/Controller/IcController.class.php 第 217 行.
NOTIC: [8] Undefined index: dispose /Library/WebServer/Documents/cost/Application/Home/Controller/IcController.class.php 第 217 行.
NOTIC: [8] Undefined index: dispose /Library/WebServer/Documents/cost/Application/Home/Controller/IcController.class.php 第 217 行.
NOTIC: [8] Undefined index: dispose /Library/WebServer/Documents/cost/Application/Home/Controller/IcController.class.php 第 217 行.
NOTIC: [8] Undefined offset: 9 /Library/WebServer/Documents/cost/Application/Home/Controller/IcController.class.php 第 217 行.
SQL: SELECT COUNT(*) AS tp_count FROM `hr_icequipment_sub` WHERE `stats` = 0 LIMIT 1   [ RunTime:0.0002s ]
INFO: [ app_end ] --START--
INFO: Run Behavior\ShowPageTraceBehavior [ RunTime:0.000367s ]
INFO: [ app_end ] --END-- [ RunTime:0.000525s ]

[ 2019-12-08T00:02:50+08:00 ] ::1 /cost/index.php/Home/Ic/equipment_tablemat?equipmentid=7
INFO: [ app_begin ] --START--
INFO: Run Behavior\ReadHtmlCacheBehavior [ RunTime:0.000459s ]
INFO: [ app_begin ] --END-- [ RunTime:0.000876s ]
SQL: SHOW COLUMNS FROM `hr_icequipment` [ RunTime:0.0016s ]
SQL: SELECT * FROM `hr_icequipment` WHERE `equipmentid` = 7  [ RunTime:0.0002s ]
SQL: SHOW COLUMNS FROM `hr_ictablemat_class` [ RunTime:0.0013s ]
SQL: SELECT * FROM `hr_ictablemat_class` WHERE `tablemat_classid` = 0 LIMIT 1   [ RunTime:0.0001s ]
INFO: [ app_end ] --START--
INFO: Run Behavior\ShowPageTraceBehavior [ RunTime:0.000402s ]
INFO: [ app_end ] --END-- [ RunTime:0.000584s ]

[ 2019-12-08T00:02:50+08:00 ] ::1 /cost/index.php/Home/Ic/equipment_other?jgh=33001516&equipmentid=7&tablemat_classid=undefined
ERR: 非法操作:equipment_other

[ 2019-12-08T00:09:34+08:00 ] ::1 /cost/index.php/Home/Ic/equipment_subs.html?page=1&limit=15
INFO: [ app_begin ] --START--
INFO: Run Behavior\ReadHtmlCacheBehavior [ RunTime:0.000364s ]
INFO: [ app_begin ] --END-- [ RunTime:0.000941s ]
SQL: SHOW COLUMNS FROM `hr_icequipment_sub` [ RunTime:0.0020s ]
SQL: SELECT * FROM `hr_icequipment_sub` WHERE `jgh` = '33001516' AND `equipmentid` = 7 AND `stats` = '0'  [ RunTime:0.0005s ]
SQL: SHOW COLUMNS FROM `hr_ictablemat` [ RunTime:0.0017s ]
SQL: SELECT * FROM `hr_ictablemat` WHERE `tablemat_classid` = 0 AND `stats` = 0  [ RunTime:0.0003s ]
SQL: SHOW COLUMNS FROM `hr_icdevice` [ RunTime:0.0014s ]
SQL: SELECT * FROM `hr_icdevice`  [ RunTime:0.0002s ]
SQL: SHOW COLUMNS FROM `hr_icdevice_class` [ RunTime:0.0015s ]
SQL: SELECT * FROM `hr_icdevice_class`  [ RunTime:0.0003s ]
SQL: SHOW COLUMNS FROM `hr_icdispose` [ RunTime:0.0017s ]
SQL: SELECT * FROM `hr_icdispose`  [ RunTime:0.0003s ]
SQL: SHOW COLUMNS FROM `hr_icdevice_sub` [ RunTime:0.0014s ]
SQL: SELECT * FROM `hr_icdevice_sub`  [ RunTime:0.0002s ]
SQL: SHOW COLUMNS FROM `hr_icmaintenance` [ RunTime:0.0015s ]
SQL: SELECT * FROM `hr_icmaintenance`  [ RunTime:0.0002s ]
SQL: SHOW COLUMNS FROM `hr_icsupplier` [ RunTime:0.0015s ]
SQL: SELECT * FROM `hr_icsupplier`  [ RunTime:0.0002s ]
SQL: SHOW COLUMNS FROM `hr_icpurcha` [ RunTime:0.0014s ]
SQL: SELECT * FROM `hr_icpurcha`  [ RunTime:0.0001s ]
SQL: SELECT * FROM `hr_icdevice`  [ RunTime:0.0001s ]
SQL: SELECT * FROM `hr_icdevice_class`  [ RunTime:0.0001s ]
SQL: SELECT * FROM `hr_icdispose`  [ RunTime:0.0002s ]
SQL: SELECT * FROM `hr_icdevice_sub`  [ RunTime:0.0002s ]
SQL: SELECT * FROM `hr_icmaintenance`  [ RunTime:0.0002s ]
SQL: SELECT * FROM `hr_icsupplier`  [ RunTime:0.0002s ]
SQL: SELECT * FROM `hr_icpurcha`  [ RunTime:0.0001s ]
SQL: SELECT COUNT(*) AS tp_count FROM `hr_icequipment_sub` WHERE `jgh` = '33001516' AND `equipmentid` = 7 AND `stats` = '0' LIMIT 1   [ RunTime:0.0002s ]
INFO: [ app_end ] --START--
INFO: Run Behavior\ShowPageTraceBehavior [ RunTime:0.000381s ]
INFO: [ app_end ] --END-- [ RunTime:0.000549s ]

[ 2019-12-08T00:09:36+08:00 ] ::1 /cost/index.php/Home/Ic/welcomes.html?page=1&limit=10
INFO: [ app_begin ] --START--
INFO: Run Behavior\ReadHtmlCacheBehavior [ RunTime:0.000334s ]
INFO: [ app_begin ] --END-- [ RunTime:0.000743s ]
SQL: SHOW COLUMNS FROM `hr_icequipment_sub` [ RunTime:0.0016s ]
SQL: SELECT * FROM `hr_icequipment_sub` WHERE `stats` = 0  [ RunTime:0.0003s ]
SQL: SHOW COLUMNS FROM `hr_icdevice` [ RunTime:0.0014s ]
SQL: SELECT * FROM `hr_icdevice`  [ RunTime:0.0002s ]
SQL: SHOW COLUMNS FROM `hr_icdevice_class` [ RunTime:0.0015s ]
SQL: SELECT * FROM `hr_icdevice_class`  [ RunTime:0.0003s ]
SQL: SHOW COLUMNS FROM `hr_icdispose` [ RunTime:0.0014s ]
SQL: SELECT * FROM `hr_icdispose`  [ RunTime:0.0003s ]
SQL: SHOW COLUMNS FROM `hr_icdevice_sub` [ RunTime:0.0014s ]
SQL: SELECT * FROM `hr_icdevice_sub`  [ RunTime:0.0002s ]
SQL: SHOW COLUMNS FROM `hr_icmaintenance` [ RunTime:0.0015s ]
SQL: SELECT * FROM `hr_icmaintenance`  [ RunTime:0.0004s ]
SQL: SHOW COLUMNS FROM `hr_icsupplier` [ RunTime:0.0015s ]
SQL: SELECT * FROM `hr_icsupplier`  [ RunTime:0.0002s ]
SQL: SHOW COLUMNS FROM `hr_icpurcha` [ RunTime:0.0012s ]
SQL: SELECT * FROM `hr_icpurcha`  [ RunTime:0.0001s ]
NOTIC: [8] Undefined index: purchaid /Library/WebServer/Documents/cost/Application/Home/Controller/IcController.class.php 第 169 行.
NOTIC: [8] Undefined index: purchaid /Library/WebServer/Documents/cost/Application/Home/Controller/IcController.class.php 第 169 行.
NOTIC: [8] Undefined index: mianman /Library/WebServer/Documents/cost/Application/Home/Controller/IcController.class.php 第 186 行.
NOTIC: [8] Undefined index: mianman /Library/WebServer/Documents/cost/Application/Home/Controller/IcController.class.php 第 186 行.
NOTIC: [8] Undefined index: mianman /Library/WebServer/Documents/cost/Application/Home/Controller/IcController.class.php 第 186 行.
SQL: SHOW COLUMNS FROM `hr_icequipment` [ RunTime:0.0011s ]
SQL: SHOW COLUMNS FROM `hr_jrdanwei` [ RunTime:0.0011s ]
SQL: SELECT * FROM `hr_jrdanwei` WHERE ( jiagou = 'A1' )  [ RunTime:0.0002s ]
NOTIC: [8] Undefined offset: 1 /Library/WebServer/Documents/cost/Application/Home/Controller/IcController.class.php 第 218 行.
NOTIC: [8] Undefined offset: 2 /Library/WebServer/Documents/cost/Application/Home/Controller/IcController.class.php 第 218 行.
NOTIC: [8] Undefined offset: 3 /Library/WebServer/Documents/cost/Application/Home/Controller/IcController.class.php 第 218 行.
NOTIC: [8] Undefined index: dispose /Library/WebServer/Documents/cost/Application/Home/Controller/IcController.class.php 第 218 行.
NOTIC: [8] Undefined index: dispose /Library/WebServer/Documents/cost/Application/Home/Controller/IcController.class.php 第 218 行.
NOTIC: [8] Undefined index: dispose /Library/WebServer/Documents/cost/Application/Home/Controller/IcController.class.php 第 218 行.
NOTIC: [8] Undefined index: dispose /Library/WebServer/Documents/cost/Application/Home/Controller/IcController.class.php 第 218 行.
NOTIC: [8] Undefined offset: 9 /Library/WebServer/Documents/cost/Application/Home/Controller/IcController.class.php 第 218 行.
SQL: SELECT COUNT(*) AS tp_count FROM `hr_icequipment_sub` WHERE `stats` = 0 LIMIT 1   [ RunTime:0.0001s ]
INFO: [ app_end ] --START--
INFO: Run Behavior\ShowPageTraceBehavior [ RunTime:0.000362s ]
INFO: [ app_end ] --END-- [ RunTime:0.000512s ]

[ 2019-12-08T00:09:39+08:00 ] ::1 /cost/index.php/Home/Ic/welcomes.html?page=1&limit=10
INFO: [ app_begin ] --START--
INFO: Run Behavior\ReadHtmlCacheBehavior [ RunTime:0.000282s ]
INFO: [ app_begin ] --END-- [ RunTime:0.000594s ]
SQL: SHOW COLUMNS FROM `hr_icequipment_sub` [ RunTime:0.0017s ]
SQL: SELECT * FROM `hr_icequipment_sub` WHERE `stats` = 0  [ RunTime:0.0003s ]
SQL: SHOW COLUMNS FROM `hr_icdevice` [ RunTime:0.0014s ]
SQL: SELECT * FROM `hr_icdevice`  [ RunTime:0.0002s ]
SQL: SHOW COLUMNS FROM `hr_icdevice_class` [ RunTime:0.0016s ]
SQL: SELECT * FROM `hr_icdevice_class`  [ RunTime:0.0002s ]
SQL: SHOW COLUMNS FROM `hr_icdispose` [ RunTime:0.0012s ]
SQL: SELECT * FROM `hr_icdispose`  [ RunTime:0.0001s ]
SQL: SHOW COLUMNS FROM `hr_icdevice_sub` [ RunTime:0.0011s ]
SQL: SELECT * FROM `hr_icdevice_sub`  [ RunTime:0.0002s ]
SQL: SHOW COLUMNS FROM `hr_icmaintenance` [ RunTime:0.0011s ]
SQL: SELECT * FROM `hr_icmaintenance`  [ RunTime:0.0002s ]
SQL: SHOW COLUMNS FROM `hr_icsupplier` [ RunTime:0.0015s ]
SQL: SELECT * FROM `hr_icsupplier`  [ RunTime:0.0002s ]
SQL: SHOW COLUMNS FROM `hr_icpurcha` [ RunTime:0.0017s ]
SQL: SELECT * FROM `hr_icpurcha`  [ RunTime:0.0002s ]
NOTIC: [8] Undefined index: purchaid /Library/WebServer/Documents/cost/Application/Home/Controller/IcController.class.php 第 169 行.
NOTIC: [8] Undefined index: purchaid /Library/WebServer/Documents/cost/Application/Home/Controller/IcController.class.php 第 169 行.
NOTIC: [8] Undefined index: mianman /Library/WebServer/Documents/cost/Application/Home/Controller/IcController.class.php 第 186 行.
NOTIC: [8] Undefined index: mianman /Library/WebServer/Documents/cost/Application/Home/Controller/IcController.class.php 第 186 行.
NOTIC: [8] Undefined index: mianman /Library/WebServer/Documents/cost/Application/Home/Controller/IcController.class.php 第 186 行.
SQL: SHOW COLUMNS FROM `hr_icequipment` [ RunTime:0.0014s ]
SQL: SHOW COLUMNS FROM `hr_jrdanwei` [ RunTime:0.0014s ]
SQL: SELECT * FROM `hr_jrdanwei` WHERE ( jiagou = 'A1' )  [ RunTime:0.0002s ]
NOTIC: [8] Undefined offset: 1 /Library/WebServer/Documents/cost/Application/Home/Controller/IcController.class.php 第 218 行.
NOTIC: [8] Undefined offset: 2 /Library/WebServer/Documents/cost/Application/Home/Controller/IcController.class.php 第 218 行.
NOTIC: [8] Undefined offset: 3 /Library/WebServer/Documents/cost/Application/Home/Controller/IcController.class.php 第 218 行.
NOTIC: [8] Undefined index: dispose /Library/WebServer/Documents/cost/Application/Home/Controller/IcController.class.php 第 218 行.
NOTIC: [8] Undefined index: dispose /Library/WebServer/Documents/cost/Application/Home/Controller/IcController.class.php 第 218 行.
NOTIC: [8] Undefined index: dispose /Library/WebServer/Documents/cost/Application/Home/Controller/IcController.class.php 第 218 行.
NOTIC: [8] Undefined index: dispose /Library/WebServer/Documents/cost/Application/Home/Controller/IcController.class.php 第 218 行.
NOTIC: [8] Undefined offset: 9 /Library/WebServer/Documents/cost/Application/Home/Controller/IcController.class.php 第 218 行.
SQL: SELECT COUNT(*) AS tp_count FROM `hr_icequipment_sub` WHERE `stats` = 0 LIMIT 1   [ RunTime:0.0002s ]
INFO: [ app_end ] --START--
INFO: Run Behavior\ShowPageTraceBehavior [ RunTime:0.000419s ]
INFO: [ app_end ] --END-- [ RunTime:0.000589s ]

[ 2019-12-08T00:09:43+08:00 ] ::1 /cost/index.php/Home/Ic/equipment_tablemat?equipmentid=7
INFO: [ app_begin ] --START--
INFO: Run Behavior\ReadHtmlCacheBehavior [ RunTime:0.000408s ]
INFO: [ app_begin ] --END-- [ RunTime:0.000801s ]
SQL: SHOW COLUMNS FROM `hr_icequipment` [ RunTime:0.0015s ]
SQL: SELECT * FROM `hr_icequipment` WHERE `equipmentid` = 7  [ RunTime:0.0002s ]
SQL: SHOW COLUMNS FROM `hr_ictablemat_class` [ RunTime:0.0014s ]
SQL: SELECT * FROM `hr_ictablemat_class` WHERE `tablemat_classid` = 0 LIMIT 1   [ RunTime:0.0002s ]
INFO: [ app_end ] --START--
INFO: Run Behavior\ShowPageTraceBehavior [ RunTime:0.000429s ]
INFO: [ app_end ] --END-- [ RunTime:0.000670s ]

[ 2019-12-08T00:09:43+08:00 ] ::1 /cost/index.php/Home/Ic/equipment_subs.html?page=1&limit=15
INFO: [ app_begin ] --START--
INFO: Run Behavior\ReadHtmlCacheBehavior [ RunTime:0.000379s ]
INFO: [ app_begin ] --END-- [ RunTime:0.000876s ]
SQL: SHOW COLUMNS FROM `hr_icequipment_sub` [ RunTime:0.0014s ]
SQL: SELECT * FROM `hr_icequipment_sub` WHERE `jgh` = '33001516' AND `equipmentid` = 7 AND `stats` = '0'  [ RunTime:0.0002s ]
SQL: SHOW COLUMNS FROM `hr_ictablemat` [ RunTime:0.0013s ]
SQL: SELECT * FROM `hr_ictablemat` WHERE `tablemat_classid` = 0 AND `stats` = 0  [ RunTime:0.0002s ]
SQL: SHOW COLUMNS FROM `hr_icdevice` [ RunTime:0.0013s ]
SQL: SELECT * FROM `hr_icdevice`  [ RunTime:0.0002s ]
SQL: SHOW COLUMNS FROM `hr_icdevice_class` [ RunTime:0.0012s ]
SQL: SELECT * FROM `hr_icdevice_class`  [ RunTime:0.0001s ]
SQL: SHOW COLUMNS FROM `hr_icdispose` [ RunTime:0.0011s ]
SQL: SELECT * FROM `hr_icdispose`  [ RunTime:0.0001s ]
SQL: SHOW COLUMNS FROM `hr_icdevice_sub` [ RunTime:0.0011s ]
SQL: SELECT * FROM `hr_icdevice_sub`  [ RunTime:0.0001s ]
SQL: SHOW COLUMNS FROM `hr_icmaintenance` [ RunTime:0.0011s ]
SQL: SELECT * FROM `hr_icmaintenance`  [ RunTime:0.0001s ]
SQL: SHOW COLUMNS FROM `hr_icsupplier` [ RunTime:0.0011s ]
SQL: SELECT * FROM `hr_icsupplier`  [ RunTime:0.0001s ]
SQL: SHOW COLUMNS FROM `hr_icpurcha` [ RunTime:0.0011s ]
SQL: SELECT * FROM `hr_icpurcha`  [ RunTime:0.0001s ]
SQL: SELECT * FROM `hr_icdevice`  [ RunTime:0.0001s ]
SQL: SELECT * FROM `hr_icdevice_class`  [ RunTime:0.0001s ]
SQL: SELECT * FROM `hr_icdispose`  [ RunTime:0.0001s ]
SQL: SELECT * FROM `hr_icdevice_sub`  [ RunTime:0.0001s ]
SQL: SELECT * FROM `hr_icmaintenance`  [ RunTime:0.0001s ]
SQL: SELECT * FROM `hr_icsupplier`  [ RunTime:0.0001s ]
SQL: SELECT * FROM `hr_icpurcha`  [ RunTime:0.0002s ]
SQL: SELECT COUNT(*) AS tp_count FROM `hr_icequipment_sub` WHERE `jgh` = '33001516' AND `equipmentid` = 7 AND `stats` = '0' LIMIT 1   [ RunTime:0.0002s ]
INFO: [ app_end ] --START--
INFO: Run Behavior\ShowPageTraceBehavior [ RunTime:0.000364s ]
INFO: [ app_end ] --END-- [ RunTime:0.000529s ]

[ 2019-12-08T00:11:24+08:00 ] ::1 /cost/index.php/Home/Ic/equipment_subs.html?page=1&limit=15
INFO: [ app_begin ] --START--
INFO: Run Behavior\ReadHtmlCacheBehavior [ RunTime:0.000350s ]
INFO: [ app_begin ] --END-- [ RunTime:0.000741s ]
SQL: SHOW COLUMNS FROM `hr_icequipment_sub` [ RunTime:0.0015s ]
SQL: SELECT * FROM `hr_icequipment_sub` WHERE `jgh` = '33001516' AND `equipmentid` = 7 AND `stats` = '0'  [ RunTime:0.0003s ]
SQL: SHOW COLUMNS FROM `hr_ictablemat` [ RunTime:0.0013s ]
SQL: SELECT * FROM `hr_ictablemat` WHERE `tablemat_classid` = 0 AND `stats` = 0  [ RunTime:0.0002s ]
SQL: SHOW COLUMNS FROM `hr_icdevice` [ RunTime:0.0014s ]
SQL: SELECT * FROM `hr_icdevice`  [ RunTime:0.0002s ]
SQL: SHOW COLUMNS FROM `hr_icdevice_class` [ RunTime:0.0013s ]
SQL: SELECT * FROM `hr_icdevice_class`  [ RunTime:0.0002s ]
SQL: SHOW COLUMNS FROM `hr_icdispose` [ RunTime:0.0013s ]
SQL: SELECT * FROM `hr_icdispose`  [ RunTime:0.0002s ]
SQL: SHOW COLUMNS FROM `hr_icdevice_sub` [ RunTime:0.0012s ]
SQL: SELECT * FROM `hr_icdevice_sub`  [ RunTime:0.0001s ]
SQL: SHOW COLUMNS FROM `hr_icmaintenance` [ RunTime:0.0013s ]
SQL: SELECT * FROM `hr_icmaintenance`  [ RunTime:0.0002s ]
SQL: SHOW COLUMNS FROM `hr_icsupplier` [ RunTime:0.0013s ]
SQL: SELECT * FROM `hr_icsupplier`  [ RunTime:0.0002s ]
SQL: SHOW COLUMNS FROM `hr_icpurcha` [ RunTime:0.0013s ]
SQL: SELECT * FROM `hr_icpurcha`  [ RunTime:0.0001s ]
SQL: SELECT * FROM `hr_icdevice`  [ RunTime:0.0001s ]
SQL: SELECT * FROM `hr_icdevice_class`  [ RunTime:0.0002s ]
SQL: SELECT * FROM `hr_icdispose`  [ RunTime:0.0001s ]
SQL: SELECT * FROM `hr_icdevice_sub`  [ RunTime:0.0002s ]
SQL: SELECT * FROM `hr_icmaintenance`  [ RunTime:0.0001s ]
SQL: SELECT * FROM `hr_icsupplier`  [ RunTime:0.0002s ]
SQL: SELECT * FROM `hr_icpurcha`  [ RunTime:0.0001s ]
SQL: SELECT COUNT(*) AS tp_count FROM `hr_icequipment_sub` WHERE `jgh` = '33001516' AND `equipmentid` = 7 AND `stats` = '0' LIMIT 1   [ RunTime:0.0003s ]
INFO: [ app_end ] --START--
INFO: Run Behavior\ShowPageTraceBehavior [ RunTime:0.000396s ]
INFO: [ app_end ] --END-- [ RunTime:0.000559s ]

[ 2019-12-08T00:11:26+08:00 ] ::1 /cost/index.php/Home/Ic/welcomes.html?page=1&limit=10
INFO: [ app_begin ] --START--
INFO: Run Behavior\ReadHtmlCacheBehavior [ RunTime:0.000340s ]
INFO: [ app_begin ] --END-- [ RunTime:0.000689s ]
SQL: SHOW COLUMNS FROM `hr_icequipment_sub` [ RunTime:0.0016s ]
SQL: SELECT * FROM `hr_icequipment_sub` WHERE `stats` = 0  [ RunTime:0.0003s ]
SQL: SHOW COLUMNS FROM `hr_icdevice` [ RunTime:0.0018s ]
SQL: SELECT * FROM `hr_icdevice`  [ RunTime:0.0003s ]
SQL: SHOW COLUMNS FROM `hr_icdevice_class` [ RunTime:0.0014s ]
SQL: SELECT * FROM `hr_icdevice_class`  [ RunTime:0.0002s ]
SQL: SHOW COLUMNS FROM `hr_icdispose` [ RunTime:0.0020s ]
SQL: SELECT * FROM `hr_icdispose`  [ RunTime:0.0002s ]
SQL: SHOW COLUMNS FROM `hr_icdevice_sub` [ RunTime:0.0015s ]
SQL: SELECT * FROM `hr_icdevice_sub`  [ RunTime:0.0002s ]
SQL: SHOW COLUMNS FROM `hr_icmaintenance` [ RunTime:0.0013s ]
SQL: SELECT * FROM `hr_icmaintenance`  [ RunTime:0.0001s ]
SQL: SHOW COLUMNS FROM `hr_icsupplier` [ RunTime:0.0013s ]
SQL: SELECT * FROM `hr_icsupplier`  [ RunTime:0.0001s ]
SQL: SHOW COLUMNS FROM `hr_icpurcha` [ RunTime:0.0013s ]
SQL: SELECT * FROM `hr_icpurcha`  [ RunTime:0.0001s ]
NOTIC: [8] Undefined index: purchaid /Library/WebServer/Documents/cost/Application/Home/Controller/IcController.class.php 第 169 行.
NOTIC: [8] Undefined index: purchaid /Library/WebServer/Documents/cost/Application/Home/Controller/IcController.class.php 第 169 行.
NOTIC: [8] Undefined index: mianman /Library/WebServer/Documents/cost/Application/Home/Controller/IcController.class.php 第 186 行.
NOTIC: [8] Undefined index: mianman /Library/WebServer/Documents/cost/Application/Home/Controller/IcController.class.php 第 186 行.
NOTIC: [8] Undefined index: mianman /Library/WebServer/Documents/cost/Application/Home/Controller/IcController.class.php 第 186 行.
SQL: SHOW COLUMNS FROM `hr_icequipment` [ RunTime:0.0012s ]
SQL: SHOW COLUMNS FROM `hr_jrdanwei` [ RunTime:0.0012s ]
SQL: SELECT * FROM `hr_jrdanwei` WHERE ( jiagou = 'A1' )  [ RunTime:0.0002s ]
NOTIC: [8] Undefined offset: 1 /Library/WebServer/Documents/cost/Application/Home/Controller/IcController.class.php 第 218 行.
NOTIC: [8] Undefined offset: 2 /Library/WebServer/Documents/cost/Application/Home/Controller/IcController.class.php 第 218 行.
NOTIC: [8] Undefined offset: 3 /Library/WebServer/Documents/cost/Application/Home/Controller/IcController.class.php 第 218 行.
NOTIC: [8] Undefined index: dispose /Library/WebServer/Documents/cost/Application/Home/Controller/IcController.class.php 第 218 行.
NOTIC: [8] Undefined index: dispose /Library/WebServer/Documents/cost/Application/Home/Controller/IcController.class.php 第 218 行.
NOTIC: [8] Undefined index: dispose /Library/WebServer/Documents/cost/Application/Home/Controller/IcController.class.php 第 218 行.
NOTIC: [8] Undefined index: dispose /Library/WebServer/Documents/cost/Application/Home/Controller/IcController.class.php 第 218 行.
NOTIC: [8] Undefined offset: 9 /Library/WebServer/Documents/cost/Application/Home/Controller/IcController.class.php 第 218 行.
SQL: SELECT COUNT(*) AS tp_count FROM `hr_icequipment_sub` WHERE `stats` = 0 LIMIT 1   [ RunTime:0.0001s ]
INFO: [ app_end ] --START--
INFO: Run Behavior\ShowPageTraceBehavior [ RunTime:0.000357s ]
INFO: [ app_end ] --END-- [ RunTime:0.000512s ]

[ 2019-12-08T00:11:27+08:00 ] ::1 /cost/index.php/Home/Ic/welcomes.html?page=1&limit=10
INFO: [ app_begin ] --START--
INFO: Run Behavior\ReadHtmlCacheBehavior [ RunTime:0.000373s ]
INFO: [ app_begin ] --END-- [ RunTime:0.000724s ]
SQL: SHOW COLUMNS FROM `hr_icequipment_sub` [ RunTime:0.0014s ]
SQL: SELECT * FROM `hr_icequipment_sub` WHERE `stats` = 0  [ RunTime:0.0002s ]
SQL: SHOW COLUMNS FROM `hr_icdevice` [ RunTime:0.0012s ]
SQL: SELECT * FROM `hr_icdevice`  [ RunTime:0.0003s ]
SQL: SHOW COLUMNS FROM `hr_icdevice_class` [ RunTime:0.0015s ]
SQL: SELECT * FROM `hr_icdevice_class`  [ RunTime:0.0003s ]
SQL: SHOW COLUMNS FROM `hr_icdispose` [ RunTime:0.0015s ]
SQL: SELECT * FROM `hr_icdispose`  [ RunTime:0.0001s ]
SQL: SHOW COLUMNS FROM `hr_icdevice_sub` [ RunTime:0.0013s ]
SQL: SELECT * FROM `hr_icdevice_sub`  [ RunTime:0.0002s ]
SQL: SHOW COLUMNS FROM `hr_icmaintenance` [ RunTime:0.0014s ]
SQL: SELECT * FROM `hr_icmaintenance`  [ RunTime:0.0002s ]
SQL: SHOW COLUMNS FROM `hr_icsupplier` [ RunTime:0.0012s ]
SQL: SELECT * FROM `hr_icsupplier`  [ RunTime:0.0001s ]
SQL: SHOW COLUMNS FROM `hr_icpurcha` [ RunTime:0.0011s ]
SQL: SELECT * FROM `hr_icpurcha`  [ RunTime:0.0001s ]
NOTIC: [8] Undefined index: purchaid /Library/WebServer/Documents/cost/Application/Home/Controller/IcController.class.php 第 169 行.
NOTIC: [8] Undefined index: purchaid /Library/WebServer/Documents/cost/Application/Home/Controller/IcController.class.php 第 169 行.
NOTIC: [8] Undefined index: mianman /Library/WebServer/Documents/cost/Application/Home/Controller/IcController.class.php 第 186 行.
NOTIC: [8] Undefined index: mianman /Library/WebServer/Documents/cost/Application/Home/Controller/IcController.class.php 第 186 行.
NOTIC: [8] Undefined index: mianman /Library/WebServer/Documents/cost/Application/Home/Controller/IcController.class.php 第 186 行.
SQL: SHOW COLUMNS FROM `hr_icequipment` [ RunTime:0.0012s ]
SQL: SHOW COLUMNS FROM `hr_jrdanwei` [ RunTime:0.0011s ]
SQL: SELECT * FROM `hr_jrdanwei` WHERE ( jiagou = 'A1' )  [ RunTime:0.0004s ]
NOTIC: [8] Undefined offset: 1 /Library/WebServer/Documents/cost/Application/Home/Controller/IcController.class.php 第 218 行.
NOTIC: [8] Undefined offset: 2 /Library/WebServer/Documents/cost/Application/Home/Controller/IcController.class.php 第 218 行.
NOTIC: [8] Undefined offset: 3 /Library/WebServer/Documents/cost/Application/Home/Controller/IcController.class.php 第 218 行.
NOTIC: [8] Undefined index: dispose /Library/WebServer/Documents/cost/Application/Home/Controller/IcController.class.php 第 218 行.
NOTIC: [8] Undefined index: dispose /Library/WebServer/Documents/cost/Application/Home/Controller/IcController.class.php 第 218 行.
NOTIC: [8] Undefined index: dispose /Library/WebServer/Documents/cost/Application/Home/Controller/IcController.class.php 第 218 行.
NOTIC: [8] Undefined index: dispose /Library/WebServer/Documents/cost/Application/Home/Controller/IcController.class.php 第 218 行.
NOTIC: [8] Undefined offset: 9 /Library/WebServer/Documents/cost/Application/Home/Controller/IcController.class.php 第 218 行.
SQL: SELECT COUNT(*) AS tp_count FROM `hr_icequipment_sub` WHERE `stats` = 0 LIMIT 1   [ RunTime:0.0002s ]
INFO: [ app_end ] --START--
INFO: Run Behavior\ShowPageTraceBehavior [ RunTime:0.000372s ]
INFO: [ app_end ] --END-- [ RunTime:0.000535s ]

[ 2019-12-08T00:11:31+08:00 ] ::1 /cost/index.php/Home/Ic/equipment_tablemat?equipmentid=8
INFO: [ app_begin ] --START--
INFO: Run Behavior\ReadHtmlCacheBehavior [ RunTime:0.000344s ]
INFO: [ app_begin ] --END-- [ RunTime:0.000742s ]
SQL: SHOW COLUMNS FROM `hr_icequipment` [ RunTime:0.0016s ]
SQL: SELECT * FROM `hr_icequipment` WHERE `equipmentid` = 8  [ RunTime:0.0003s ]
SQL: SHOW COLUMNS FROM `hr_ictablemat_class` [ RunTime:0.0016s ]
SQL: SELECT * FROM `hr_ictablemat_class` WHERE `tablemat_classid` = null LIMIT 1   [ RunTime:0.0003s ]
INFO: [ app_end ] --START--
INFO: Run Behavior\ShowPageTraceBehavior [ RunTime:0.000470s ]
INFO: [ app_end ] --END-- [ RunTime:0.000664s ]

[ 2019-12-08T00:11:31+08:00 ] ::1 /cost/index.php/Home/Ic/equipment_subs.html?page=1&limit=15
INFO: [ app_begin ] --START--
INFO: Run Behavior\ReadHtmlCacheBehavior [ RunTime:0.000408s ]
INFO: [ app_begin ] --END-- [ RunTime:0.000836s ]
SQL: SHOW COLUMNS FROM `hr_icequipment_sub` [ RunTime:0.0013s ]
SQL: SELECT * FROM `hr_icequipment_sub` WHERE `jgh` = '33001516' AND `equipmentid` = 8 AND `stats` = '0'  [ RunTime:0.0003s ]
SQL: SHOW COLUMNS FROM `hr_ictablemat` [ RunTime:0.0015s ]
SQL: SELECT * FROM `hr_ictablemat` WHERE `tablemat_classid` = 0 AND `stats` = 0  [ RunTime:0.0003s ]
SQL: SHOW COLUMNS FROM `hr_icdevice` [ RunTime:0.0014s ]
SQL: SELECT * FROM `hr_icdevice`  [ RunTime:0.0002s ]
SQL: SHOW COLUMNS FROM `hr_icdevice_class` [ RunTime:0.0016s ]
SQL: SELECT * FROM `hr_icdevice_class`  [ RunTime:0.0002s ]
SQL: SHOW COLUMNS FROM `hr_icdispose` [ RunTime:0.0013s ]
SQL: SELECT * FROM `hr_icdispose`  [ RunTime:0.0003s ]
SQL: SHOW COLUMNS FROM `hr_icdevice_sub` [ RunTime:0.0015s ]
SQL: SELECT * FROM `hr_icdevice_sub`  [ RunTime:0.0002s ]
SQL: SHOW COLUMNS FROM `hr_icmaintenance` [ RunTime:0.0014s ]
SQL: SELECT * FROM `hr_icmaintenance`  [ RunTime:0.0001s ]
SQL: SHOW COLUMNS FROM `hr_icsupplier` [ RunTime:0.0012s ]
SQL: SELECT * FROM `hr_icsupplier`  [ RunTime:0.0001s ]
SQL: SHOW COLUMNS FROM `hr_icpurcha` [ RunTime:0.0012s ]
SQL: SELECT * FROM `hr_icpurcha`  [ RunTime:0.0001s ]
SQL: SELECT * FROM `hr_icdevice`  [ RunTime:0.0002s ]
SQL: SELECT * FROM `hr_icdevice_class`  [ RunTime:0.0001s ]
SQL: SELECT * FROM `hr_icdispose`  [ RunTime:0.0001s ]
SQL: SELECT * FROM `hr_icdevice_sub`  [ RunTime:0.0001s ]
SQL: SELECT * FROM `hr_icmaintenance`  [ RunTime:0.0002s ]
SQL: SELECT * FROM `hr_icsupplier`  [ RunTime:0.0001s ]
SQL: SELECT * FROM `hr_icpurcha`  [ RunTime:0.0001s ]
SQL: SELECT COUNT(*) AS tp_count FROM `hr_icequipment_sub` WHERE `jgh` = '33001516' AND `equipmentid` = 8 AND `stats` = '0' LIMIT 1   [ RunTime:0.0003s ]
INFO: [ app_end ] --START--
INFO: Run Behavior\ShowPageTraceBehavior [ RunTime:0.000846s ]
INFO: [ app_end ] --END-- [ RunTime:0.001029s ]

[ 2019-12-08T00:12:12+08:00 ] ::1 /cost/index.php/Home/Ic/equipment_subs.html?page=1&limit=15
INFO: [ app_begin ] --START--
INFO: Run Behavior\ReadHtmlCacheBehavior [ RunTime:0.000387s ]
INFO: [ app_begin ] --END-- [ RunTime:0.000975s ]
SQL: SHOW COLUMNS FROM `hr_icequipment_sub` [ RunTime:0.0014s ]
SQL: SELECT * FROM `hr_icequipment_sub` WHERE `jgh` = '33001516' AND `equipmentid` = 8 AND `stats` = '0'  [ RunTime:0.0003s ]
SQL: SHOW COLUMNS FROM `hr_ictablemat` [ RunTime:0.0014s ]
SQL: SELECT * FROM `hr_ictablemat` WHERE `tablemat_classid` = 0 AND `stats` = 0  [ RunTime:0.0003s ]
SQL: SHOW COLUMNS FROM `hr_icdevice` [ RunTime:0.0013s ]
SQL: SELECT * FROM `hr_icdevice`  [ RunTime:0.0002s ]
SQL: SHOW COLUMNS FROM `hr_icdevice_class` [ RunTime:0.0013s ]
SQL: SELECT * FROM `hr_icdevice_class`  [ RunTime:0.0002s ]
SQL: SHOW COLUMNS FROM `hr_icdispose` [ RunTime:0.0013s ]
SQL: SELECT * FROM `hr_icdispose`  [ RunTime:0.0002s ]
SQL: SHOW COLUMNS FROM `hr_icdevice_sub` [ RunTime:0.0013s ]
SQL: SELECT * FROM `hr_icdevice_sub`  [ RunTime:0.0002s ]
SQL: SHOW COLUMNS FROM `hr_icmaintenance` [ RunTime:0.0013s ]
SQL: SELECT * FROM `hr_icmaintenance`  [ RunTime:0.0002s ]
SQL: SHOW COLUMNS FROM `hr_icsupplier` [ RunTime:0.0015s ]
SQL: SELECT * FROM `hr_icsupplier`  [ RunTime:0.0002s ]
SQL: SHOW COLUMNS FROM `hr_icpurcha` [ RunTime:0.0012s ]
SQL: SELECT * FROM `hr_icpurcha`  [ RunTime:0.0001s ]
SQL: SELECT * FROM `hr_icdevice`  [ RunTime:0.0003s ]
SQL: SELECT * FROM `hr_icdevice_class`  [ RunTime:0.0002s ]
SQL: SELECT * FROM `hr_icdispose`  [ RunTime:0.0002s ]
SQL: SELECT * FROM `hr_icdevice_sub`  [ RunTime:0.0003s ]
SQL: SELECT * FROM `hr_icmaintenance`  [ RunTime:0.0001s ]
SQL: SELECT * FROM `hr_icsupplier`  [ RunTime:0.0001s ]
SQL: SELECT * FROM `hr_icpurcha`  [ RunTime:0.0001s ]
SQL: SELECT COUNT(*) AS tp_count FROM `hr_icequipment_sub` WHERE `jgh` = '33001516' AND `equipmentid` = 8 AND `stats` = '0' LIMIT 1   [ RunTime:0.0002s ]
INFO: [ app_end ] --START--
INFO: Run Behavior\ShowPageTraceBehavior [ RunTime:0.000382s ]
INFO: [ app_end ] --END-- [ RunTime:0.000546s ]

[ 2019-12-08T00:12:14+08:00 ] ::1 /cost/index.php/Home/Ic/welcomes.html?page=1&limit=10
INFO: [ app_begin ] --START--
INFO: Run Behavior\ReadHtmlCacheBehavior [ RunTime:0.000368s ]
INFO: [ app_begin ] --END-- [ RunTime:0.000816s ]
SQL: SHOW COLUMNS FROM `hr_icequipment_sub` [ RunTime:0.0020s ]
SQL: SELECT * FROM `hr_icequipment_sub` WHERE `stats` = 0  [ RunTime:0.0003s ]
SQL: SHOW COLUMNS FROM `hr_icdevice` [ RunTime:0.0015s ]
SQL: SELECT * FROM `hr_icdevice`  [ RunTime:0.0002s ]
SQL: SHOW COLUMNS FROM `hr_icdevice_class` [ RunTime:0.0015s ]
SQL: SELECT * FROM `hr_icdevice_class`  [ RunTime:0.0002s ]
SQL: SHOW COLUMNS FROM `hr_icdispose` [ RunTime:0.0018s ]
SQL: SELECT * FROM `hr_icdispose`  [ RunTime:0.0003s ]
SQL: SHOW COLUMNS FROM `hr_icdevice_sub` [ RunTime:0.0018s ]
SQL: SELECT * FROM `hr_icdevice_sub`  [ RunTime:0.0003s ]
SQL: SHOW COLUMNS FROM `hr_icmaintenance` [ RunTime:0.0017s ]
SQL: SELECT * FROM `hr_icmaintenance`  [ RunTime:0.0002s ]
SQL: SHOW COLUMNS FROM `hr_icsupplier` [ RunTime:0.0013s ]
SQL: SELECT * FROM `hr_icsupplier`  [ RunTime:0.0002s ]
SQL: SHOW COLUMNS FROM `hr_icpurcha` [ RunTime:0.0013s ]
SQL: SELECT * FROM `hr_icpurcha`  [ RunTime:0.0002s ]
NOTIC: [8] Undefined index: purchaid /Library/WebServer/Documents/cost/Application/Home/Controller/IcController.class.php 第 169 行.
NOTIC: [8] Undefined index: purchaid /Library/WebServer/Documents/cost/Application/Home/Controller/IcController.class.php 第 169 行.
NOTIC: [8] Undefined index: mianman /Library/WebServer/Documents/cost/Application/Home/Controller/IcController.class.php 第 186 行.
NOTIC: [8] Undefined index: mianman /Library/WebServer/Documents/cost/Application/Home/Controller/IcController.class.php 第 186 行.
NOTIC: [8] Undefined index: mianman /Library/WebServer/Documents/cost/Application/Home/Controller/IcController.class.php 第 186 行.
SQL: SHOW COLUMNS FROM `hr_icequipment` [ RunTime:0.0012s ]
SQL: SHOW COLUMNS FROM `hr_jrdanwei` [ RunTime:0.0012s ]
SQL: SELECT * FROM `hr_jrdanwei` WHERE ( jiagou = 'A1' )  [ RunTime:0.0002s ]
NOTIC: [8] Undefined offset: 1 /Library/WebServer/Documents/cost/Application/Home/Controller/IcController.class.php 第 218 行.
NOTIC: [8] Undefined offset: 2 /Library/WebServer/Documents/cost/Application/Home/Controller/IcController.class.php 第 218 行.
NOTIC: [8] Undefined offset: 3 /Library/WebServer/Documents/cost/Application/Home/Controller/IcController.class.php 第 218 行.
NOTIC: [8] Undefined index: dispose /Library/WebServer/Documents/cost/Application/Home/Controller/IcController.class.php 第 218 行.
NOTIC: [8] Undefined index: dispose /Library/WebServer/Documents/cost/Application/Home/Controller/IcController.class.php 第 218 行.
NOTIC: [8] Undefined index: dispose /Library/WebServer/Documents/cost/Application/Home/Controller/IcController.class.php 第 218 行.
NOTIC: [8] Undefined index: dispose /Library/WebServer/Documents/cost/Application/Home/Controller/IcController.class.php 第 218 行.
NOTIC: [8] Undefined offset: 9 /Library/WebServer/Documents/cost/Application/Home/Controller/IcController.class.php 第 218 行.
NOTIC: [8] Undefined offset: 7 /Library/WebServer/Documents/cost/Application/Home/Controller/IcController.class.php 第 218 行.
SQL: SELECT COUNT(*) AS tp_count FROM `hr_icequipment_sub` WHERE `stats` = 0 LIMIT 1   [ RunTime:0.0002s ]
INFO: [ app_end ] --START--
INFO: Run Behavior\ShowPageTraceBehavior [ RunTime:0.000608s ]
INFO: [ app_end ] --END-- [ RunTime:0.000845s ]

[ 2019-12-08T00:12:24+08:00 ] ::1 /cost/index.php/Home/Ic/equipment_tablemat?equipmentid=7
INFO: [ app_begin ] --START--
INFO: Run Behavior\ReadHtmlCacheBehavior [ RunTime:0.000334s ]
INFO: [ app_begin ] --END-- [ RunTime:0.000717s ]
SQL: SHOW COLUMNS FROM `hr_icequipment` [ RunTime:0.0015s ]
SQL: SELECT * FROM `hr_icequipment` WHERE `equipmentid` = 7  [ RunTime:0.0002s ]
SQL: SHOW COLUMNS FROM `hr_ictablemat_class` [ RunTime:0.0015s ]
SQL: SELECT * FROM `hr_ictablemat_class` WHERE `tablemat_classid` = null LIMIT 1   [ RunTime:0.0002s ]
INFO: [ app_end ] --START--
INFO: Run Behavior\ShowPageTraceBehavior [ RunTime:0.000408s ]
INFO: [ app_end ] --END-- [ RunTime:0.000580s ]

[ 2019-12-08T00:12:24+08:00 ] ::1 /cost/index.php/Home/Ic/equipment_subs.html?page=1&limit=15
INFO: [ app_begin ] --START--
INFO: Run Behavior\ReadHtmlCacheBehavior [ RunTime:0.000337s ]
INFO: [ app_begin ] --END-- [ RunTime:0.000734s ]
SQL: SHOW COLUMNS FROM `hr_icequipment_sub` [ RunTime:0.0016s ]
SQL: SELECT * FROM `hr_icequipment_sub` WHERE `jgh` = '33001516' AND `equipmentid` = 7 AND `stats` = '0'  [ RunTime:0.0004s ]
SQL: SHOW COLUMNS FROM `hr_ictablemat` [ RunTime:0.0016s ]
SQL: SELECT * FROM `hr_ictablemat` WHERE `tablemat_classid` = 0 AND `stats` = 0  [ RunTime:0.0003s ]
SQL: SHOW COLUMNS FROM `hr_icdevice` [ RunTime:0.0013s ]
SQL: SELECT * FROM `hr_icdevice`  [ RunTime:0.0001s ]
SQL: SHOW COLUMNS FROM `hr_icdevice_class` [ RunTime:0.0012s ]
SQL: SELECT * FROM `hr_icdevice_class`  [ RunTime:0.0002s ]
SQL: SHOW COLUMNS FROM `hr_icdispose` [ RunTime:0.0013s ]
SQL: SELECT * FROM `hr_icdispose`  [ RunTime:0.0002s ]
SQL: SHOW COLUMNS FROM `hr_icdevice_sub` [ RunTime:0.0012s ]
SQL: SELECT * FROM `hr_icdevice_sub`  [ RunTime:0.0002s ]
SQL: SHOW COLUMNS FROM `hr_icmaintenance` [ RunTime:0.0018s ]
SQL: SELECT * FROM `hr_icmaintenance`  [ RunTime:0.0003s ]
SQL: SHOW COLUMNS FROM `hr_icsupplier` [ RunTime:0.0015s ]
SQL: SELECT * FROM `hr_icsupplier`  [ RunTime:0.0003s ]
SQL: SHOW COLUMNS FROM `hr_icpurcha` [ RunTime:0.0015s ]
SQL: SELECT * FROM `hr_icpurcha`  [ RunTime:0.0002s ]
SQL: SELECT * FROM `hr_icdevice`  [ RunTime:0.0002s ]
SQL: SELECT * FROM `hr_icdevice_class`  [ RunTime:0.0002s ]
SQL: SELECT * FROM `hr_icdispose`  [ RunTime:0.0001s ]
SQL: SELECT * FROM `hr_icdevice_sub`  [ RunTime:0.0001s ]
SQL: SELECT * FROM `hr_icmaintenance`  [ RunTime:0.0001s ]
SQL: SELECT * FROM `hr_icsupplier`  [ RunTime:0.0001s ]
SQL: SELECT * FROM `hr_icpurcha`  [ RunTime:0.0002s ]
SQL: SELECT COUNT(*) AS tp_count FROM `hr_icequipment_sub` WHERE `jgh` = '33001516' AND `equipmentid` = 7 AND `stats` = '0' LIMIT 1   [ RunTime:0.0003s ]
INFO: [ app_end ] --START--
INFO: Run Behavior\ShowPageTraceBehavior [ RunTime:0.000390s ]
INFO: [ app_end ] --END-- [ RunTime:0.000565s ]

[ 2019-12-08T00:12:27+08:00 ] ::1 /cost/index.php/Home/Ic/welcomes.html?page=1&limit=10
INFO: [ app_begin ] --START--
INFO: Run Behavior\ReadHtmlCacheBehavior [ RunTime:0.000387s ]
INFO: [ app_begin ] --END-- [ RunTime:0.000910s ]
SQL: SHOW COLUMNS FROM `hr_icequipment_sub` [ RunTime:0.0018s ]
SQL: SELECT * FROM `hr_icequipment_sub` WHERE `stats` = 0  [ RunTime:0.0003s ]
SQL: SHOW COLUMNS FROM `hr_icdevice` [ RunTime:0.0013s ]
SQL: SELECT * FROM `hr_icdevice`  [ RunTime:0.0001s ]
SQL: SHOW COLUMNS FROM `hr_icdevice_class` [ RunTime:0.0012s ]
SQL: SELECT * FROM `hr_icdevice_class`  [ RunTime:0.0001s ]
SQL: SHOW COLUMNS FROM `hr_icdispose` [ RunTime:0.0012s ]
SQL: SELECT * FROM `hr_icdispose`  [ RunTime:0.0002s ]
SQL: SHOW COLUMNS FROM `hr_icdevice_sub` [ RunTime:0.0013s ]
SQL: SELECT * FROM `hr_icdevice_sub`  [ RunTime:0.0002s ]
SQL: SHOW COLUMNS FROM `hr_icmaintenance` [ RunTime:0.0012s ]
SQL: SELECT * FROM `hr_icmaintenance`  [ RunTime:0.0001s ]
SQL: SHOW COLUMNS FROM `hr_icsupplier` [ RunTime:0.0012s ]
SQL: SELECT * FROM `hr_icsupplier`  [ RunTime:0.0001s ]
SQL: SHOW COLUMNS FROM `hr_icpurcha` [ RunTime:0.0013s ]
SQL: SELECT * FROM `hr_icpurcha`  [ RunTime:0.0002s ]
NOTIC: [8] Undefined index: purchaid /Library/WebServer/Documents/cost/Application/Home/Controller/IcController.class.php 第 169 行.
NOTIC: [8] Undefined index: purchaid /Library/WebServer/Documents/cost/Application/Home/Controller/IcController.class.php 第 169 行.
NOTIC: [8] Undefined index: mianman /Library/WebServer/Documents/cost/Application/Home/Controller/IcController.class.php 第 186 行.
NOTIC: [8] Undefined index: mianman /Library/WebServer/Documents/cost/Application/Home/Controller/IcController.class.php 第 186 行.
NOTIC: [8] Undefined index: mianman /Library/WebServer/Documents/cost/Application/Home/Controller/IcController.class.php 第 186 行.
SQL: SHOW COLUMNS FROM `hr_icequipment` [ RunTime:0.0012s ]
SQL: SHOW COLUMNS FROM `hr_jrdanwei` [ RunTime:0.0011s ]
SQL: SELECT * FROM `hr_jrdanwei` WHERE ( jiagou = 'A1' )  [ RunTime:0.0002s ]
NOTIC: [8] Undefined offset: 1 /Library/WebServer/Documents/cost/Application/Home/Controller/IcController.class.php 第 218 行.
NOTIC: [8] Undefined offset: 2 /Library/WebServer/Documents/cost/Application/Home/Controller/IcController.class.php 第 218 行.
NOTIC: [8] Undefined offset: 3 /Library/WebServer/Documents/cost/Application/Home/Controller/IcController.class.php 第 218 行.
NOTIC: [8] Undefined index: dispose /Library/WebServer/Documents/cost/Application/Home/Controller/IcController.class.php 第 218 行.
NOTIC: [8] Undefined index: dispose /Library/WebServer/Documents/cost/Application/Home/Controller/IcController.class.php 第 218 行.
NOTIC: [8] Undefined index: dispose /Library/WebServer/Documents/cost/Application/Home/Controller/IcController.class.php 第 218 行.
NOTIC: [8] Undefined index: dispose /Library/WebServer/Documents/cost/Application/Home/Controller/IcController.class.php 第 218 行.
NOTIC: [8] Undefined offset: 9 /Library/WebServer/Documents/cost/Application/Home/Controller/IcController.class.php 第 218 行.
NOTIC: [8] Undefined offset: 7 /Library/WebServer/Documents/cost/Application/Home/Controller/IcController.class.php 第 218 行.
SQL: SELECT COUNT(*) AS tp_count FROM `hr_icequipment_sub` WHERE `stats` = 0 LIMIT 1   [ RunTime:0.0001s ]
INFO: [ app_end ] --START--
INFO: Run Behavior\ShowPageTraceBehavior [ RunTime:0.000365s ]
INFO: [ app_end ] --END-- [ RunTime:0.000522s ]

