[ 2020-01-01T19:48:44+08:00 ] 192.168.50.68 /cost/index.php/Home/Index/warehouseproductalls.html
ERR: 1054:Unknown column 'sjapplyquantity' in 'field list'
 [ SQL语句 ] : SELECT `productid`,`unitprice`,`vatprice`,`vatfill`,sum(sjapplyquantity) as sumsjapplyquantity FROM `hr_costinbound` WHERE `shenhe` NOT IN ('未审核') AND ( `date` >= '2019-12-01' AND `date` <= '2019-12-31'  ) GROUP BY productid , unitprice , vatprice , vatfill 

[ 2020-01-01T21:49:14+08:00 ] ::1 /cost/index.php/Home/Index/dwoutbound_ups.html?page=1&limit=20
INFO: [ app_begin ] --START--
INFO: Run Behavior\ReadHtmlCacheBehavior [ RunTime:0.000311s ]
INFO: [ app_begin ] --END-- [ RunTime:0.000714s ]
NOTIC: [8] Undefined index: product /Library/WebServer/Documents/cost/Application/Home/Controller/IndexController.class.php 第 2604 行.
NOTIC: [8] Undefined index: warehouseid /Library/WebServer/Documents/cost/Application/Home/Controller/IndexController.class.php 第 2619 行.
NOTIC: [8] Undefined index: date /Library/WebServer/Documents/cost/Application/Home/Controller/IndexController.class.php 第 2620 行.
SQL: SHOW COLUMNS FROM `hr_costproduct` [ RunTime:0.0013s ]
SQL: SELECT `productid` FROM `hr_costproduct` WHERE `producttype` = 2  [ RunTime:0.0007s ]
SQL: SHOW COLUMNS FROM `hr_costoutbound` [ RunTime:0.0018s ]
SQL: SELECT * FROM `hr_costoutbound` WHERE `applyjgh` = '72' AND `productid` IN ('1','2','3','4','5','6','7','8','9','10','11','12','13','14','15','16','17','18','19','20','21','22','23','24','25','26','27','28','29','30','31','32','33','34','35','36','37','38','39','40','41','42','43','44','45','46','47','48','49','50','51','52','53','54','55','56','57','58','59','60','61','62','63','64','65','66','67','68','69','70','71','72','73','74','75','76','77','78','79','80','81','82','83','84','85','86','87','88','89','90','91','92','93','94','95','96','97','98','99','100','101','102','103','104','105','106','107','108','109','110','111','112','113','114','115','116','117','118','119','120','121','122','123','124','125','126','127','128','129','130','131','132','133','134','135','136','137','138','139','140','141','142','143','144','145','146','147','148','149','150','151','152','153','154','155','156','157','158','159','160','161','162','163','164','165','166','167','168','169','170','171','172','173','174','175','176','177','178','179','180','181','182','183','184','185','186','187','188','189','190','191','192','193','194','195','196','197','198','199','200','201','202','203','204','205','206','207','208','209','210','211','212','214','215','216','217') AND `kcapplyquantity` > 0 AND `shenhe` = '出库中' LIMIT 0,20   [ RunTime:0.0030s ]
SQL: SELECT * FROM `hr_costproduct`  [ RunTime:0.0009s ]
SQL: SHOW COLUMNS FROM `hr_costwarehouse` [ RunTime:0.0013s ]
SQL: SELECT * FROM `hr_costwarehouse`  [ RunTime:0.0002s ]
SQL: SHOW COLUMNS FROM `hr_costproducttype` [ RunTime:0.0011s ]
SQL: SELECT * FROM `hr_costproducttype`  [ RunTime:0.0002s ]
SQL: SHOW COLUMNS FROM `hr_jrdanwei` [ RunTime:0.0011s ]
SQL: SELECT * FROM `hr_jrdanwei`  [ RunTime:0.0002s ]
SQL: SELECT COUNT(*) AS tp_count FROM `hr_costoutbound` WHERE `applyjgh` = '72' AND `productid` IN ('1','2','3','4','5','6','7','8','9','10','11','12','13','14','15','16','17','18','19','20','21','22','23','24','25','26','27','28','29','30','31','32','33','34','35','36','37','38','39','40','41','42','43','44','45','46','47','48','49','50','51','52','53','54','55','56','57','58','59','60','61','62','63','64','65','66','67','68','69','70','71','72','73','74','75','76','77','78','79','80','81','82','83','84','85','86','87','88','89','90','91','92','93','94','95','96','97','98','99','100','101','102','103','104','105','106','107','108','109','110','111','112','113','114','115','116','117','118','119','120','121','122','123','124','125','126','127','128','129','130','131','132','133','134','135','136','137','138','139','140','141','142','143','144','145','146','147','148','149','150','151','152','153','154','155','156','157','158','159','160','161','162','163','164','165','166','167','168','169','170','171','172','173','174','175','176','177','178','179','180','181','182','183','184','185','186','187','188','189','190','191','192','193','194','195','196','197','198','199','200','201','202','203','204','205','206','207','208','209','210','211','212','214','215','216','217') AND `kcapplyquantity` > 0 AND `shenhe` = '出库中' LIMIT 1   [ RunTime:0.0064s ]
INFO: [ app_end ] --START--
INFO: Run Behavior\ShowPageTraceBehavior [ RunTime:0.000405s ]
INFO: [ app_end ] --END-- [ RunTime:0.000592s ]

[ 2020-01-01T21:49:19+08:00 ] ::1 /cost/index.php/Home/Index/dwoutbound_ups.html?page=1&limit=20&warehouseid=4&product=&date=
INFO: [ app_begin ] --START--
INFO: Run Behavior\ReadHtmlCacheBehavior [ RunTime:0.000332s ]
INFO: [ app_begin ] --END-- [ RunTime:0.000726s ]
SQL: SHOW COLUMNS FROM `hr_costproduct` [ RunTime:0.0015s ]
SQL: SELECT `productid` FROM `hr_costproduct` WHERE `producttype` = 2  [ RunTime:0.0009s ]
SQL: SHOW COLUMNS FROM `hr_costoutbound` [ RunTime:0.0014s ]
SQL: SELECT * FROM `hr_costoutbound` WHERE `warehouseid` = '4' AND `applyjgh` = '72' AND `productid` IN ('1','2','3','4','5','6','7','8','9','10','11','12','13','14','15','16','17','18','19','20','21','22','23','24','25','26','27','28','29','30','31','32','33','34','35','36','37','38','39','40','41','42','43','44','45','46','47','48','49','50','51','52','53','54','55','56','57','58','59','60','61','62','63','64','65','66','67','68','69','70','71','72','73','74','75','76','77','78','79','80','81','82','83','84','85','86','87','88','89','90','91','92','93','94','95','96','97','98','99','100','101','102','103','104','105','106','107','108','109','110','111','112','113','114','115','116','117','118','119','120','121','122','123','124','125','126','127','128','129','130','131','132','133','134','135','136','137','138','139','140','141','142','143','144','145','146','147','148','149','150','151','152','153','154','155','156','157','158','159','160','161','162','163','164','165','166','167','168','169','170','171','172','173','174','175','176','177','178','179','180','181','182','183','184','185','186','187','188','189','190','191','192','193','194','195','196','197','198','199','200','201','202','203','204','205','206','207','208','209','210','211','212','214','215','216','217') AND `kcapplyquantity` > 0 AND `shenhe` = '出库中' LIMIT 0,20   [ RunTime:0.0062s ]
SQL: SELECT * FROM `hr_costproduct`  [ RunTime:0.0007s ]
SQL: SHOW COLUMNS FROM `hr_costwarehouse` [ RunTime:0.0011s ]
SQL: SELECT * FROM `hr_costwarehouse`  [ RunTime:0.0002s ]
SQL: SHOW COLUMNS FROM `hr_costproducttype` [ RunTime:0.0011s ]
SQL: SELECT * FROM `hr_costproducttype`  [ RunTime:0.0001s ]
SQL: SHOW COLUMNS FROM `hr_jrdanwei` [ RunTime:0.0011s ]
SQL: SELECT * FROM `hr_jrdanwei`  [ RunTime:0.0002s ]
SQL: SELECT COUNT(*) AS tp_count FROM `hr_costoutbound` WHERE `warehouseid` = '4' AND `applyjgh` = '72' AND `productid` IN ('1','2','3','4','5','6','7','8','9','10','11','12','13','14','15','16','17','18','19','20','21','22','23','24','25','26','27','28','29','30','31','32','33','34','35','36','37','38','39','40','41','42','43','44','45','46','47','48','49','50','51','52','53','54','55','56','57','58','59','60','61','62','63','64','65','66','67','68','69','70','71','72','73','74','75','76','77','78','79','80','81','82','83','84','85','86','87','88','89','90','91','92','93','94','95','96','97','98','99','100','101','102','103','104','105','106','107','108','109','110','111','112','113','114','115','116','117','118','119','120','121','122','123','124','125','126','127','128','129','130','131','132','133','134','135','136','137','138','139','140','141','142','143','144','145','146','147','148','149','150','151','152','153','154','155','156','157','158','159','160','161','162','163','164','165','166','167','168','169','170','171','172','173','174','175','176','177','178','179','180','181','182','183','184','185','186','187','188','189','190','191','192','193','194','195','196','197','198','199','200','201','202','203','204','205','206','207','208','209','210','211','212','214','215','216','217') AND `kcapplyquantity` > 0 AND `shenhe` = '出库中' LIMIT 1   [ RunTime:0.0060s ]
INFO: [ app_end ] --START--
INFO: Run Behavior\ShowPageTraceBehavior [ RunTime:0.000352s ]
INFO: [ app_end ] --END-- [ RunTime:0.000505s ]

[ 2020-01-01T21:49:27+08:00 ] ::1 /cost/index.php/Home/Index/dwoutboundsuc_up.html
INFO: [ app_begin ] --START--
INFO: Run Behavior\ReadHtmlCacheBehavior [ RunTime:0.000291s ]
INFO: [ app_begin ] --END-- [ RunTime:0.000645s ]
SQL: SHOW COLUMNS FROM `hr_costoutbound` [ RunTime:0.0013s ]
SQL: UPDATE `hr_costoutbound` SET `kcapplyquantity`='295' WHERE `outboundid` = 1699 [ RunTime:0.0018s ]
SQL: SHOW COLUMNS FROM `hr_costdwoutbound` [ RunTime:0.0012s ]
SQL: INSERT INTO `hr_costdwoutbound` (`outboundid`,`inboundid`,`productid`,`warehouseid`,`pwid`,`outjgh`,`outquantity`,`shenhe`,`date`) VALUES ('1699','283','215','4','2154','72','5','出库中','2020-01-01') [ RunTime:0.0010s ]
INFO: [ app_end ] --START--
INFO: Run Behavior\ShowPageTraceBehavior [ RunTime:0.000392s ]
INFO: [ app_end ] --END-- [ RunTime:0.000560s ]

