[ 2020-01-21T16:00:51+08:00 ] ::1 /cost/index.php/Home/Ic/welcomes.html?page=1&limit=10
INFO: [ app_begin ] --START--
INFO: Run Behavior\ReadHtmlCacheBehavior [ RunTime:0.000285s ]
INFO: [ app_begin ] --END-- [ RunTime:0.000609s ]
SQL: SHOW COLUMNS FROM `hr_icequipment_sub` [ RunTime:0.0013s ]
SQL: SELECT * FROM `hr_icequipment_sub` WHERE `stats` = 0  [ RunTime:0.0004s ]
SQL: SHOW COLUMNS FROM `hr_icdevice` [ RunTime:0.0013s ]
SQL: SELECT * FROM `hr_icdevice`  [ RunTime:0.0003s ]
SQL: SHOW COLUMNS FROM `hr_icdevice_class` [ RunTime:0.0015s ]
SQL: SELECT * FROM `hr_icdevice_class`  [ RunTime:0.0002s ]
SQL: SHOW COLUMNS FROM `hr_icdispose` [ RunTime:0.0013s ]
SQL: SELECT * FROM `hr_icdispose`  [ RunTime:0.0001s ]
SQL: SHOW COLUMNS FROM `hr_icdevice_sub` [ RunTime:0.0012s ]
SQL: SELECT * FROM `hr_icdevice_sub`  [ RunTime:0.0002s ]
SQL: SHOW COLUMNS FROM `hr_icmaintenance` [ RunTime:0.0012s ]
SQL: SELECT * FROM `hr_icmaintenance`  [ RunTime:0.0002s ]
SQL: SHOW COLUMNS FROM `hr_icsupplier` [ RunTime:0.0011s ]
SQL: SELECT * FROM `hr_icsupplier`  [ RunTime:0.0001s ]
SQL: SHOW COLUMNS FROM `hr_icpurcha` [ RunTime:0.0012s ]
SQL: SELECT * FROM `hr_icpurcha`  [ RunTime:0.0001s ]
NOTIC: [8] Undefined index: purchaid /Library/WebServer/Documents/cost/Application/Home/Controller/IcController.class.php 第 171 行.
NOTIC: [8] Undefined index: purchaid /Library/WebServer/Documents/cost/Application/Home/Controller/IcController.class.php 第 171 行.
NOTIC: [8] Undefined index: purchaid /Library/WebServer/Documents/cost/Application/Home/Controller/IcController.class.php 第 171 行.
NOTIC: [8] Undefined index: purchaid /Library/WebServer/Documents/cost/Application/Home/Controller/IcController.class.php 第 171 行.
NOTIC: [8] Undefined index: purchaid /Library/WebServer/Documents/cost/Application/Home/Controller/IcController.class.php 第 171 行.
NOTIC: [8] Undefined index: purchaid /Library/WebServer/Documents/cost/Application/Home/Controller/IcController.class.php 第 171 行.
SQL: SHOW COLUMNS FROM `hr_icequipment` [ RunTime:0.0013s ]
SQL: SHOW COLUMNS FROM `hr_jrdanwei` [ RunTime:0.0012s ]
SQL: SELECT * FROM `hr_jrdanwei` WHERE ( jiagou = 'A1' )  [ RunTime:0.0002s ]
SQL: SELECT COUNT(*) AS tp_count FROM `hr_icequipment_sub` WHERE `stats` = 0 LIMIT 1   [ RunTime:0.0002s ]
INFO: [ app_end ] --START--
INFO: Run Behavior\ShowPageTraceBehavior [ RunTime:0.000371s ]
INFO: [ app_end ] --END-- [ RunTime:0.000529s ]

[ 2020-01-21T16:48:17+08:00 ] ::1 /cost/index.php/Home/Ic/table-select
INFO: [ app_begin ] --START--
INFO: Run Behavior\ReadHtmlCacheBehavior [ RunTime:0.000967s ]
INFO: [ app_begin ] --END-- [ RunTime:0.001914s ]
INFO: [ view_parse ] --START--
INFO: [ template_filter ] --START--
INFO: Run Behavior\ContentReplaceBehavior [ RunTime:0.000104s ]
INFO: [ template_filter ] --END-- [ RunTime:0.000320s ]
INFO: Run Behavior\ParseTemplateBehavior [ RunTime:0.008630s ]
INFO: [ view_parse ] --END-- [ RunTime:0.008861s ]
INFO: [ view_filter ] --START--
INFO: Run Behavior\WriteHtmlCacheBehavior [ RunTime:0.000629s ]
INFO: [ view_filter ] --END-- [ RunTime:0.000846s ]
INFO: [ app_end ] --START--
INFO: Run Behavior\ShowPageTraceBehavior [ RunTime:0.000977s ]
INFO: [ app_end ] --END-- [ RunTime:0.001195s ]

[ 2020-01-21T16:48:18+08:00 ] ::1 /cost/index.php/Home/Ic/table
INFO: [ app_begin ] --START--
INFO: Run Behavior\ReadHtmlCacheBehavior [ RunTime:0.000307s ]
INFO: [ app_begin ] --END-- [ RunTime:0.000731s ]
INFO: [ app_end ] --START--
INFO: Run Behavior\ShowPageTraceBehavior [ RunTime:0.000311s ]
INFO: [ app_end ] --END-- [ RunTime:0.000486s ]

[ 2020-01-21T16:48:28+08:00 ] ::1 /cost/index.php/Home/Ic/page/table.html
INFO: [ app_begin ] --START--
INFO: Run Behavior\ReadHtmlCacheBehavior [ RunTime:0.000357s ]
INFO: [ app_begin ] --END-- [ RunTime:0.000764s ]
ERR: 非法操作:page

[ 2020-01-21T16:48:29+08:00 ] ::1 /cost/index.php/Home/Ic/page/setting.html
INFO: [ app_begin ] --START--
INFO: Run Behavior\ReadHtmlCacheBehavior [ RunTime:0.000351s ]
INFO: [ app_begin ] --END-- [ RunTime:0.000751s ]
ERR: 非法操作:page

[ 2020-01-21T16:48:30+08:00 ] ::1 /cost/index.php/Home/Ic/network
INFO: [ app_begin ] --START--
INFO: Run Behavior\ReadHtmlCacheBehavior [ RunTime:0.000316s ]
INFO: [ app_begin ] --END-- [ RunTime:0.000672s ]
SQL: SHOW COLUMNS FROM `hr_icswitch` [ RunTime:0.0018s ]
SQL: SELECT * FROM `hr_icswitch`  [ RunTime:0.0002s ]
INFO: [ view_parse ] --START--
INFO: [ template_filter ] --START--
INFO: Run Behavior\ContentReplaceBehavior [ RunTime:0.000093s ]
INFO: [ template_filter ] --END-- [ RunTime:0.000269s ]
INFO: Run Behavior\ParseTemplateBehavior [ RunTime:0.006442s ]
INFO: [ view_parse ] --END-- [ RunTime:0.006621s ]
INFO: [ view_filter ] --START--
INFO: Run Behavior\WriteHtmlCacheBehavior [ RunTime:0.000202s ]
INFO: [ view_filter ] --END-- [ RunTime:0.000370s ]
INFO: [ app_end ] --START--
INFO: Run Behavior\ShowPageTraceBehavior [ RunTime:0.000385s ]
INFO: [ app_end ] --END-- [ RunTime:0.000576s ]

[ 2020-01-21T16:48:30+08:00 ] ::1 /cost/index.php/Home/Ic/networks.html?page=1&limit=10
INFO: [ app_begin ] --START--
INFO: Run Behavior\ReadHtmlCacheBehavior [ RunTime:0.000312s ]
INFO: [ app_begin ] --END-- [ RunTime:0.000706s ]
SQL: SHOW COLUMNS FROM `hr_icswitch` [ RunTime:0.0015s ]
SQL: SELECT * FROM `hr_icswitch`  [ RunTime:0.0002s ]
SQL: SELECT COUNT(*) AS tp_count FROM `hr_icswitch` LIMIT 1   [ RunTime:0.0002s ]
INFO: [ app_end ] --START--
INFO: Run Behavior\ShowPageTraceBehavior [ RunTime:0.000385s ]
INFO: [ app_end ] --END-- [ RunTime:0.000543s ]

[ 2020-01-21T16:48:32+08:00 ] ::1 /cost/index.php/Home/Ic/network
INFO: [ app_begin ] --START--
INFO: Run Behavior\ReadHtmlCacheBehavior [ RunTime:0.000324s ]
INFO: [ app_begin ] --END-- [ RunTime:0.000688s ]
SQL: SHOW COLUMNS FROM `hr_icswitch` [ RunTime:0.0015s ]
SQL: SELECT * FROM `hr_icswitch`  [ RunTime:0.0002s ]
INFO: [ view_parse ] --START--
INFO: [ template_filter ] --START--
INFO: Run Behavior\ContentReplaceBehavior [ RunTime:0.000087s ]
INFO: [ template_filter ] --END-- [ RunTime:0.000255s ]
INFO: Run Behavior\ParseTemplateBehavior [ RunTime:0.004483s ]
INFO: [ view_parse ] --END-- [ RunTime:0.004650s ]
INFO: [ view_filter ] --START--
INFO: Run Behavior\WriteHtmlCacheBehavior [ RunTime:0.000177s ]
INFO: [ view_filter ] --END-- [ RunTime:0.000335s ]
INFO: [ app_end ] --START--
INFO: Run Behavior\ShowPageTraceBehavior [ RunTime:0.000311s ]
INFO: [ app_end ] --END-- [ RunTime:0.000557s ]

