[ 2020-01-30T15:49:46+08:00 ] ::1 /cost/index.php/Home/Ic/welcomes.html?page=1&limit=10
INFO: [ app_begin ] --START--
INFO: Run Behavior\ReadHtmlCacheBehavior [ RunTime:0.000293s ]
INFO: [ app_begin ] --END-- [ RunTime:0.000650s ]
SQL: SHOW COLUMNS FROM `hr_icequipment_sub` [ RunTime:0.0020s ]
SQL: SELECT * FROM `hr_icequipment_sub` WHERE `stats` = 0  [ RunTime:0.0004s ]
SQL: SHOW COLUMNS FROM `hr_icdevice` [ RunTime:0.0023s ]
SQL: SELECT * FROM `hr_icdevice`  [ RunTime:0.0003s ]
SQL: SHOW COLUMNS FROM `hr_icdevice_class` [ RunTime:0.0016s ]
SQL: SELECT * FROM `hr_icdevice_class`  [ RunTime:0.0010s ]
SQL: SHOW COLUMNS FROM `hr_icdispose` [ RunTime:0.0016s ]
SQL: SELECT * FROM `hr_icdispose`  [ RunTime:0.0003s ]
SQL: SHOW COLUMNS FROM `hr_icdevice_sub` [ RunTime:0.0013s ]
SQL: SELECT * FROM `hr_icdevice_sub`  [ RunTime:0.0003s ]
SQL: SHOW COLUMNS FROM `hr_icmaintenance` [ RunTime:0.0015s ]
SQL: SELECT * FROM `hr_icmaintenance`  [ RunTime:0.0004s ]
SQL: SHOW COLUMNS FROM `hr_icsupplier` [ RunTime:0.0016s ]
SQL: SELECT * FROM `hr_icsupplier`  [ RunTime:0.0003s ]
SQL: SHOW COLUMNS FROM `hr_icpurcha` [ RunTime:0.0015s ]
SQL: SELECT * FROM `hr_icpurcha`  [ RunTime:0.0003s ]
NOTIC: [8] Undefined index: purchaid /Library/WebServer/Documents/cost/Application/Home/Controller/IcController.class.php 第 171 行.
NOTIC: [8] Undefined index: purchaid /Library/WebServer/Documents/cost/Application/Home/Controller/IcController.class.php 第 171 行.
NOTIC: [8] Undefined index: purchaid /Library/WebServer/Documents/cost/Application/Home/Controller/IcController.class.php 第 171 行.
NOTIC: [8] Undefined index: purchaid /Library/WebServer/Documents/cost/Application/Home/Controller/IcController.class.php 第 171 行.
NOTIC: [8] Undefined index: purchaid /Library/WebServer/Documents/cost/Application/Home/Controller/IcController.class.php 第 171 行.
NOTIC: [8] Undefined index: purchaid /Library/WebServer/Documents/cost/Application/Home/Controller/IcController.class.php 第 171 行.
SQL: SHOW COLUMNS FROM `hr_icequipment` [ RunTime:0.0013s ]
SQL: SHOW COLUMNS FROM `hr_jrdanwei` [ RunTime:0.0015s ]
SQL: SELECT * FROM `hr_jrdanwei` WHERE ( jiagou = 'A1' )  [ RunTime:0.0003s ]
SQL: SELECT COUNT(*) AS tp_count FROM `hr_icequipment_sub` WHERE `stats` = 0 LIMIT 1   [ RunTime:0.0002s ]
INFO: [ app_end ] --START--
INFO: Run Behavior\ShowPageTraceBehavior [ RunTime:0.000411s ]
INFO: [ app_end ] --END-- [ RunTime:0.000587s ]

[ 2020-01-30T15:49:55+08:00 ] ::1 /cost/index.php/Home/Ic/welcomes.html?page=1&limit=10
INFO: [ app_begin ] --START--
INFO: Run Behavior\ReadHtmlCacheBehavior [ RunTime:0.000413s ]
INFO: [ app_begin ] --END-- [ RunTime:0.000793s ]
SQL: SHOW COLUMNS FROM `hr_icequipment_sub` [ RunTime:0.0018s ]
SQL: SELECT * FROM `hr_icequipment_sub` WHERE `stats` = 0  [ RunTime:0.0014s ]
SQL: SHOW COLUMNS FROM `hr_icdevice` [ RunTime:0.0013s ]
SQL: SELECT * FROM `hr_icdevice`  [ RunTime:0.0002s ]
SQL: SHOW COLUMNS FROM `hr_icdevice_class` [ RunTime:0.0012s ]
SQL: SELECT * FROM `hr_icdevice_class`  [ RunTime:0.0002s ]
SQL: SHOW COLUMNS FROM `hr_icdispose` [ RunTime:0.0013s ]
SQL: SELECT * FROM `hr_icdispose`  [ RunTime:0.0003s ]
SQL: SHOW COLUMNS FROM `hr_icdevice_sub` [ RunTime:0.0015s ]
SQL: SELECT * FROM `hr_icdevice_sub`  [ RunTime:0.0002s ]
SQL: SHOW COLUMNS FROM `hr_icmaintenance` [ RunTime:0.0012s ]
SQL: SELECT * FROM `hr_icmaintenance`  [ RunTime:0.0002s ]
SQL: SHOW COLUMNS FROM `hr_icsupplier` [ RunTime:0.0011s ]
SQL: SELECT * FROM `hr_icsupplier`  [ RunTime:0.0001s ]
SQL: SHOW COLUMNS FROM `hr_icpurcha` [ RunTime:0.0011s ]
SQL: SELECT * FROM `hr_icpurcha`  [ RunTime:0.0002s ]
NOTIC: [8] Undefined index: purchaid /Library/WebServer/Documents/cost/Application/Home/Controller/IcController.class.php 第 171 行.
NOTIC: [8] Undefined index: purchaid /Library/WebServer/Documents/cost/Application/Home/Controller/IcController.class.php 第 171 行.
NOTIC: [8] Undefined index: purchaid /Library/WebServer/Documents/cost/Application/Home/Controller/IcController.class.php 第 171 行.
NOTIC: [8] Undefined index: purchaid /Library/WebServer/Documents/cost/Application/Home/Controller/IcController.class.php 第 171 行.
NOTIC: [8] Undefined index: purchaid /Library/WebServer/Documents/cost/Application/Home/Controller/IcController.class.php 第 171 行.
NOTIC: [8] Undefined index: purchaid /Library/WebServer/Documents/cost/Application/Home/Controller/IcController.class.php 第 171 行.
SQL: SHOW COLUMNS FROM `hr_icequipment` [ RunTime:0.0015s ]
SQL: SHOW COLUMNS FROM `hr_jrdanwei` [ RunTime:0.0013s ]
SQL: SELECT * FROM `hr_jrdanwei` WHERE ( jiagou = 'A1' )  [ RunTime:0.0002s ]
SQL: SELECT COUNT(*) AS tp_count FROM `hr_icequipment_sub` WHERE `stats` = 0 LIMIT 1   [ RunTime:0.0002s ]
INFO: [ app_end ] --START--
INFO: Run Behavior\ShowPageTraceBehavior [ RunTime:0.000388s ]
INFO: [ app_end ] --END-- [ RunTime:0.000568s ]

[ 2020-01-30T15:49:56+08:00 ] ::1 /cost/index.php/Home/Ic/equipment_tablemat?equipmentid=1
INFO: [ app_begin ] --START--
INFO: Run Behavior\ReadHtmlCacheBehavior [ RunTime:0.000302s ]
INFO: [ app_begin ] --END-- [ RunTime:0.000693s ]
SQL: SHOW COLUMNS FROM `hr_icequipment` [ RunTime:0.0018s ]
SQL: SELECT * FROM `hr_icequipment` WHERE `equipmentid` = 1  [ RunTime:0.0003s ]
SQL: SHOW COLUMNS FROM `hr_ictablemat_class` [ RunTime:0.0014s ]
SQL: SELECT * FROM `hr_ictablemat_class` WHERE `tablemat_classid` = 1 LIMIT 1   [ RunTime:0.0003s ]
INFO: [ app_end ] --START--
INFO: Run Behavior\ShowPageTraceBehavior [ RunTime:0.000401s ]
INFO: [ app_end ] --END-- [ RunTime:0.000563s ]

[ 2020-01-30T15:50:08+08:00 ] ::1 /cost/index.php/Home/Ic/welcomes.html?page=1&limit=10
INFO: [ app_begin ] --START--
INFO: Run Behavior\ReadHtmlCacheBehavior [ RunTime:0.000492s ]
INFO: [ app_begin ] --END-- [ RunTime:0.001101s ]
SQL: SHOW COLUMNS FROM `hr_icequipment_sub` [ RunTime:0.0016s ]
SQL: SELECT * FROM `hr_icequipment_sub` WHERE `stats` = 0  [ RunTime:0.0002s ]
SQL: SHOW COLUMNS FROM `hr_icdevice` [ RunTime:0.0012s ]
SQL: SELECT * FROM `hr_icdevice`  [ RunTime:0.0002s ]
SQL: SHOW COLUMNS FROM `hr_icdevice_class` [ RunTime:0.0013s ]
SQL: SELECT * FROM `hr_icdevice_class`  [ RunTime:0.0003s ]
SQL: SHOW COLUMNS FROM `hr_icdispose` [ RunTime:0.0014s ]
SQL: SELECT * FROM `hr_icdispose`  [ RunTime:0.0002s ]
SQL: SHOW COLUMNS FROM `hr_icdevice_sub` [ RunTime:0.0013s ]
SQL: SELECT * FROM `hr_icdevice_sub`  [ RunTime:0.0002s ]
SQL: SHOW COLUMNS FROM `hr_icmaintenance` [ RunTime:0.0011s ]
SQL: SELECT * FROM `hr_icmaintenance`  [ RunTime:0.0002s ]
SQL: SHOW COLUMNS FROM `hr_icsupplier` [ RunTime:0.0011s ]
SQL: SELECT * FROM `hr_icsupplier`  [ RunTime:0.0002s ]
SQL: SHOW COLUMNS FROM `hr_icpurcha` [ RunTime:0.0015s ]
SQL: SELECT * FROM `hr_icpurcha`  [ RunTime:0.0003s ]
NOTIC: [8] Undefined index: purchaid /Library/WebServer/Documents/cost/Application/Home/Controller/IcController.class.php 第 171 行.
NOTIC: [8] Undefined index: purchaid /Library/WebServer/Documents/cost/Application/Home/Controller/IcController.class.php 第 171 行.
NOTIC: [8] Undefined index: purchaid /Library/WebServer/Documents/cost/Application/Home/Controller/IcController.class.php 第 171 行.
NOTIC: [8] Undefined index: purchaid /Library/WebServer/Documents/cost/Application/Home/Controller/IcController.class.php 第 171 行.
NOTIC: [8] Undefined index: purchaid /Library/WebServer/Documents/cost/Application/Home/Controller/IcController.class.php 第 171 行.
NOTIC: [8] Undefined index: purchaid /Library/WebServer/Documents/cost/Application/Home/Controller/IcController.class.php 第 171 行.
SQL: SHOW COLUMNS FROM `hr_icequipment` [ RunTime:0.0015s ]
SQL: SHOW COLUMNS FROM `hr_jrdanwei` [ RunTime:0.0012s ]
SQL: SELECT * FROM `hr_jrdanwei` WHERE ( jiagou = 'A1' )  [ RunTime:0.0003s ]
SQL: SELECT COUNT(*) AS tp_count FROM `hr_icequipment_sub` WHERE `stats` = 0 LIMIT 1   [ RunTime:0.0002s ]
INFO: [ app_end ] --START--
INFO: Run Behavior\ShowPageTraceBehavior [ RunTime:0.000374s ]
INFO: [ app_end ] --END-- [ RunTime:0.000541s ]

[ 2020-01-30T15:50:09+08:00 ] ::1 /cost/index.php/Home/Ic/equipment_tablemat?equipmentid=1
INFO: [ app_begin ] --START--
INFO: Run Behavior\ReadHtmlCacheBehavior [ RunTime:0.000265s ]
INFO: [ app_begin ] --END-- [ RunTime:0.000566s ]
SQL: SHOW COLUMNS FROM `hr_icequipment` [ RunTime:0.0015s ]
SQL: SELECT * FROM `hr_icequipment` WHERE `equipmentid` = 1  [ RunTime:0.0002s ]
SQL: SHOW COLUMNS FROM `hr_ictablemat_class` [ RunTime:0.0011s ]
SQL: SELECT * FROM `hr_ictablemat_class` WHERE `tablemat_classid` = 1 LIMIT 1   [ RunTime:0.0004s ]
INFO: [ app_end ] --START--
INFO: Run Behavior\ShowPageTraceBehavior [ RunTime:0.000376s ]
INFO: [ app_end ] --END-- [ RunTime:0.000532s ]

[ 2020-01-30T15:51:22+08:00 ] ::1 /cost/index.php/Home/Ic/welcomes.html?page=1&limit=10
INFO: [ app_begin ] --START--
INFO: Run Behavior\ReadHtmlCacheBehavior [ RunTime:0.000469s ]
INFO: [ app_begin ] --END-- [ RunTime:0.001142s ]
SQL: SHOW COLUMNS FROM `hr_icequipment_sub` [ RunTime:0.0020s ]
SQL: SELECT * FROM `hr_icequipment_sub` WHERE `stats` = 0  [ RunTime:0.0004s ]
SQL: SHOW COLUMNS FROM `hr_icdevice` [ RunTime:0.0015s ]
SQL: SELECT * FROM `hr_icdevice`  [ RunTime:0.0004s ]
SQL: SHOW COLUMNS FROM `hr_icdevice_class` [ RunTime:0.0017s ]
SQL: SELECT * FROM `hr_icdevice_class`  [ RunTime:0.0003s ]
SQL: SHOW COLUMNS FROM `hr_icdispose` [ RunTime:0.0017s ]
SQL: SELECT * FROM `hr_icdispose`  [ RunTime:0.0002s ]
SQL: SHOW COLUMNS FROM `hr_icdevice_sub` [ RunTime:0.0014s ]
SQL: SELECT * FROM `hr_icdevice_sub`  [ RunTime:0.0002s ]
SQL: SHOW COLUMNS FROM `hr_icmaintenance` [ RunTime:0.0015s ]
SQL: SELECT * FROM `hr_icmaintenance`  [ RunTime:0.0002s ]
SQL: SHOW COLUMNS FROM `hr_icsupplier` [ RunTime:0.0014s ]
SQL: SELECT * FROM `hr_icsupplier`  [ RunTime:0.0003s ]
SQL: SHOW COLUMNS FROM `hr_icpurcha` [ RunTime:0.0015s ]
SQL: SELECT * FROM `hr_icpurcha`  [ RunTime:0.0002s ]
NOTIC: [8] Undefined index: purchaid /Library/WebServer/Documents/cost/Application/Home/Controller/IcController.class.php 第 171 行.
NOTIC: [8] Undefined index: purchaid /Library/WebServer/Documents/cost/Application/Home/Controller/IcController.class.php 第 171 行.
NOTIC: [8] Undefined index: purchaid /Library/WebServer/Documents/cost/Application/Home/Controller/IcController.class.php 第 171 行.
NOTIC: [8] Undefined index: purchaid /Library/WebServer/Documents/cost/Application/Home/Controller/IcController.class.php 第 171 行.
NOTIC: [8] Undefined index: purchaid /Library/WebServer/Documents/cost/Application/Home/Controller/IcController.class.php 第 171 行.
NOTIC: [8] Undefined index: purchaid /Library/WebServer/Documents/cost/Application/Home/Controller/IcController.class.php 第 171 行.
SQL: SHOW COLUMNS FROM `hr_icequipment` [ RunTime:0.0015s ]
SQL: SHOW COLUMNS FROM `hr_jrdanwei` [ RunTime:0.0013s ]
SQL: SELECT * FROM `hr_jrdanwei` WHERE ( jiagou = 'A1' )  [ RunTime:0.0003s ]
SQL: SELECT COUNT(*) AS tp_count FROM `hr_icequipment_sub` WHERE `stats` = 0 LIMIT 1   [ RunTime:0.0002s ]
INFO: [ app_end ] --START--
INFO: Run Behavior\ShowPageTraceBehavior [ RunTime:0.000420s ]
INFO: [ app_end ] --END-- [ RunTime:0.000590s ]

[ 2020-01-30T15:51:24+08:00 ] ::1 /cost/index.php/Home/Ic/equipment_tablemat?equipmentid=1
INFO: [ app_begin ] --START--
INFO: Run Behavior\ReadHtmlCacheBehavior [ RunTime:0.000314s ]
INFO: [ app_begin ] --END-- [ RunTime:0.000672s ]
SQL: SHOW COLUMNS FROM `hr_icequipment` [ RunTime:0.0018s ]
SQL: SELECT * FROM `hr_icequipment` WHERE `equipmentid` = 1  [ RunTime:0.0002s ]
SQL: SHOW COLUMNS FROM `hr_ictablemat_class` [ RunTime:0.0012s ]
SQL: SELECT * FROM `hr_ictablemat_class` WHERE `tablemat_classid` = 1 LIMIT 1   [ RunTime:0.0003s ]
INFO: [ app_end ] --START--
INFO: Run Behavior\ShowPageTraceBehavior [ RunTime:0.000484s ]
INFO: [ app_end ] --END-- [ RunTime:0.000680s ]

[ 2020-01-30T15:53:04+08:00 ] ::1 /cost/index.php/Home/Ic/welcomes.html?page=1&limit=10
INFO: [ app_begin ] --START--
INFO: Run Behavior\ReadHtmlCacheBehavior [ RunTime:0.000306s ]
INFO: [ app_begin ] --END-- [ RunTime:0.000654s ]
SQL: SHOW COLUMNS FROM `hr_icequipment_sub` [ RunTime:0.0020s ]
SQL: SELECT * FROM `hr_icequipment_sub` WHERE `stats` = 0  [ RunTime:0.0003s ]
SQL: SHOW COLUMNS FROM `hr_icdevice` [ RunTime:0.0014s ]
SQL: SELECT * FROM `hr_icdevice`  [ RunTime:0.0003s ]
SQL: SHOW COLUMNS FROM `hr_icdevice_class` [ RunTime:0.0015s ]
SQL: SELECT * FROM `hr_icdevice_class`  [ RunTime:0.0002s ]
SQL: SHOW COLUMNS FROM `hr_icdispose` [ RunTime:0.0014s ]
SQL: SELECT * FROM `hr_icdispose`  [ RunTime:0.0002s ]
SQL: SHOW COLUMNS FROM `hr_icdevice_sub` [ RunTime:0.0014s ]
SQL: SELECT * FROM `hr_icdevice_sub`  [ RunTime:0.0002s ]
SQL: SHOW COLUMNS FROM `hr_icmaintenance` [ RunTime:0.0013s ]
SQL: SELECT * FROM `hr_icmaintenance`  [ RunTime:0.0002s ]
SQL: SHOW COLUMNS FROM `hr_icsupplier` [ RunTime:0.0012s ]
SQL: SELECT * FROM `hr_icsupplier`  [ RunTime:0.0002s ]
SQL: SHOW COLUMNS FROM `hr_icpurcha` [ RunTime:0.0011s ]
SQL: SELECT * FROM `hr_icpurcha`  [ RunTime:0.0002s ]
NOTIC: [8] Undefined index: purchaid /Library/WebServer/Documents/cost/Application/Home/Controller/IcController.class.php 第 171 行.
NOTIC: [8] Undefined index: purchaid /Library/WebServer/Documents/cost/Application/Home/Controller/IcController.class.php 第 171 行.
NOTIC: [8] Undefined index: purchaid /Library/WebServer/Documents/cost/Application/Home/Controller/IcController.class.php 第 171 行.
NOTIC: [8] Undefined index: purchaid /Library/WebServer/Documents/cost/Application/Home/Controller/IcController.class.php 第 171 行.
NOTIC: [8] Undefined index: purchaid /Library/WebServer/Documents/cost/Application/Home/Controller/IcController.class.php 第 171 行.
NOTIC: [8] Undefined index: purchaid /Library/WebServer/Documents/cost/Application/Home/Controller/IcController.class.php 第 171 行.
SQL: SHOW COLUMNS FROM `hr_icequipment` [ RunTime:0.0011s ]
SQL: SHOW COLUMNS FROM `hr_jrdanwei` [ RunTime:0.0011s ]
SQL: SELECT * FROM `hr_jrdanwei` WHERE ( jiagou = 'A1' )  [ RunTime:0.0002s ]
SQL: SELECT COUNT(*) AS tp_count FROM `hr_icequipment_sub` WHERE `stats` = 0 LIMIT 1   [ RunTime:0.0001s ]
INFO: [ app_end ] --START--
INFO: Run Behavior\ShowPageTraceBehavior [ RunTime:0.000357s ]
INFO: [ app_end ] --END-- [ RunTime:0.000511s ]

[ 2020-01-30T15:53:05+08:00 ] ::1 /cost/index.php/Home/Ic/equipment_tablemat?equipmentid=1
INFO: [ app_begin ] --START--
INFO: Run Behavior\ReadHtmlCacheBehavior [ RunTime:0.000412s ]
INFO: [ app_begin ] --END-- [ RunTime:0.000848s ]
SQL: SHOW COLUMNS FROM `hr_icequipment` [ RunTime:0.0016s ]
SQL: SELECT * FROM `hr_icequipment` WHERE `equipmentid` = 1  [ RunTime:0.0002s ]
SQL: SHOW COLUMNS FROM `hr_ictablemat_class` [ RunTime:0.0012s ]
SQL: SELECT * FROM `hr_ictablemat_class` WHERE `tablemat_classid` = 1 LIMIT 1   [ RunTime:0.0002s ]
INFO: [ app_end ] --START--
INFO: Run Behavior\ShowPageTraceBehavior [ RunTime:0.000388s ]
INFO: [ app_end ] --END-- [ RunTime:0.000560s ]

