[ 2020-01-13T10:24:18+08:00 ] ::1 /cost/index.php/Home/Index/equipmentups.html?page=1&limit=20
INFO: [ app_begin ] --START--
INFO: Run Behavior\ReadHtmlCacheBehavior [ RunTime:0.000371s ]
INFO: [ app_begin ] --END-- [ RunTime:0.000724s ]
NOTIC: [8] Undefined index: device_class /Library/WebServer/Documents/cost/Application/Home/Controller/IndexController.class.php 第 4481 行.
NOTIC: [8] Undefined index: equipmentid /Library/WebServer/Documents/cost/Application/Home/Controller/IndexController.class.php 第 4503 行.
NOTIC: [8] Undefined index: date /Library/WebServer/Documents/cost/Application/Home/Controller/IndexController.class.php 第 4504 行.
SQL: SHOW COLUMNS FROM `hr_icequipment_sub` [ RunTime:0.0014s ]
SQL: SELECT * FROM `hr_icequipment_sub` WHERE `dwname` = '33001516' AND `status` = 0 AND `stats` = 0 ORDER BY equipmentid asc LIMIT 0,20   [ RunTime:0.0002s ]
SQL: SHOW COLUMNS FROM `hr_icdevice` [ RunTime:0.0012s ]
SQL: SELECT * FROM `hr_icdevice`  [ RunTime:0.0003s ]
SQL: SHOW COLUMNS FROM `hr_icdevice_class` [ RunTime:0.0015s ]
SQL: SELECT * FROM `hr_icdevice_class`  [ RunTime:0.0002s ]
SQL: SHOW COLUMNS FROM `hr_icdispose` [ RunTime:0.0013s ]
SQL: SELECT * FROM `hr_icdispose`  [ RunTime:0.0002s ]
SQL: SHOW COLUMNS FROM `hr_icdevice_sub` [ RunTime:0.0013s ]
SQL: SELECT * FROM `hr_icdevice_sub`  [ RunTime:0.0002s ]
SQL: SHOW COLUMNS FROM `hr_icmaintenance` [ RunTime:0.0012s ]
SQL: SELECT * FROM `hr_icmaintenance`  [ RunTime:0.0003s ]
SQL: SHOW COLUMNS FROM `hr_icsupplier` [ RunTime:0.0015s ]
SQL: SELECT * FROM `hr_icsupplier`  [ RunTime:0.0001s ]
SQL: SHOW COLUMNS FROM `hr_icpurcha` [ RunTime:0.0011s ]
SQL: SELECT * FROM `hr_icpurcha`  [ RunTime:0.0001s ]
SQL: SHOW COLUMNS FROM `hr_icequipment` [ RunTime:0.0011s ]
SQL: SELECT * FROM `hr_icequipment`  [ RunTime:0.0002s ]
NOTIC: [8] Undefined index: purchaid /Library/WebServer/Documents/cost/Application/Home/Controller/IndexController.class.php 第 4421 行.
NOTIC: [8] Undefined index: purchaid /Library/WebServer/Documents/cost/Application/Home/Controller/IndexController.class.php 第 4421 行.
NOTIC: [8] Undefined index: purchaid /Library/WebServer/Documents/cost/Application/Home/Controller/IndexController.class.php 第 4421 行.
NOTIC: [8] Undefined index: purchaid /Library/WebServer/Documents/cost/Application/Home/Controller/IndexController.class.php 第 4421 行.
NOTIC: [8] Undefined variable: equipment /Library/WebServer/Documents/cost/Application/Home/Controller/IndexController.class.php 第 4528 行.
SQL: SELECT COUNT(*) AS tp_count FROM `hr_icequipment_sub` LIMIT 1   [ RunTime:0.0004s ]
INFO: [ app_end ] --START--
INFO: Run Behavior\ShowPageTraceBehavior [ RunTime:0.000421s ]
INFO: [ app_end ] --END-- [ RunTime:0.000585s ]

[ 2020-01-13T10:24:31+08:00 ] ::1 /cost/index.php/Home/Index/equipmentups.html?page=1&limit=20
INFO: [ app_begin ] --START--
INFO: Run Behavior\ReadHtmlCacheBehavior [ RunTime:0.000317s ]
INFO: [ app_begin ] --END-- [ RunTime:0.000761s ]
NOTIC: [8] Undefined index: device_class /Library/WebServer/Documents/cost/Application/Home/Controller/IndexController.class.php 第 4481 行.
NOTIC: [8] Undefined index: equipmentid /Library/WebServer/Documents/cost/Application/Home/Controller/IndexController.class.php 第 4503 行.
NOTIC: [8] Undefined index: date /Library/WebServer/Documents/cost/Application/Home/Controller/IndexController.class.php 第 4504 行.
SQL: SHOW COLUMNS FROM `hr_icequipment_sub` [ RunTime:0.0017s ]
SQL: SELECT * FROM `hr_icequipment_sub` WHERE `dwname` = '33001516' AND `status` = 0 AND `stats` = 0 ORDER BY equipmentid asc LIMIT 0,20   [ RunTime:0.0004s ]
SQL: SHOW COLUMNS FROM `hr_icdevice` [ RunTime:0.0014s ]
SQL: SELECT * FROM `hr_icdevice`  [ RunTime:0.0002s ]
SQL: SHOW COLUMNS FROM `hr_icdevice_class` [ RunTime:0.0012s ]
SQL: SELECT * FROM `hr_icdevice_class`  [ RunTime:0.0002s ]
SQL: SHOW COLUMNS FROM `hr_icdispose` [ RunTime:0.0014s ]
SQL: SELECT * FROM `hr_icdispose`  [ RunTime:0.0001s ]
SQL: SHOW COLUMNS FROM `hr_icdevice_sub` [ RunTime:0.0012s ]
SQL: SELECT * FROM `hr_icdevice_sub`  [ RunTime:0.0002s ]
SQL: SHOW COLUMNS FROM `hr_icmaintenance` [ RunTime:0.0013s ]
SQL: SELECT * FROM `hr_icmaintenance`  [ RunTime:0.0002s ]
SQL: SHOW COLUMNS FROM `hr_icsupplier` [ RunTime:0.0014s ]
SQL: SELECT * FROM `hr_icsupplier`  [ RunTime:0.0002s ]
SQL: SHOW COLUMNS FROM `hr_icpurcha` [ RunTime:0.0013s ]
SQL: SELECT * FROM `hr_icpurcha`  [ RunTime:0.0002s ]
SQL: SHOW COLUMNS FROM `hr_icequipment` [ RunTime:0.0012s ]
SQL: SELECT * FROM `hr_icequipment`  [ RunTime:0.0002s ]
NOTIC: [8] Undefined index: purchaid /Library/WebServer/Documents/cost/Application/Home/Controller/IndexController.class.php 第 4421 行.
NOTIC: [8] Undefined index: purchaid /Library/WebServer/Documents/cost/Application/Home/Controller/IndexController.class.php 第 4421 行.
NOTIC: [8] Undefined index: purchaid /Library/WebServer/Documents/cost/Application/Home/Controller/IndexController.class.php 第 4421 行.
NOTIC: [8] Undefined index: purchaid /Library/WebServer/Documents/cost/Application/Home/Controller/IndexController.class.php 第 4421 行.
NOTIC: [8] Undefined variable: equipment /Library/WebServer/Documents/cost/Application/Home/Controller/IndexController.class.php 第 4528 行.
SQL: SELECT COUNT(*) AS tp_count FROM `hr_icequipment_sub` LIMIT 1   [ RunTime:0.0002s ]
INFO: [ app_end ] --START--
INFO: Run Behavior\ShowPageTraceBehavior [ RunTime:0.000377s ]
INFO: [ app_end ] --END-- [ RunTime:0.000545s ]

[ 2020-01-13T10:24:40+08:00 ] ::1 /cost/index.php/Home/Index/equipmentups.html?page=1&limit=20&equipmentid=1&device_class=&device_sub=
INFO: [ app_begin ] --START--
INFO: Run Behavior\ReadHtmlCacheBehavior [ RunTime:0.000401s ]
INFO: [ app_begin ] --END-- [ RunTime:0.000792s ]
NOTIC: [8] Undefined index: date /Library/WebServer/Documents/cost/Application/Home/Controller/IndexController.class.php 第 4504 行.
SQL: SHOW COLUMNS FROM `hr_icequipment_sub` [ RunTime:0.0014s ]
SQL: SELECT * FROM `hr_icequipment_sub` WHERE `equipmentid` = 1 AND `dwname` = '33001516' AND `status` = 0 AND `stats` = 0 ORDER BY equipmentid asc LIMIT 0,20   [ RunTime:0.0003s ]
SQL: SHOW COLUMNS FROM `hr_icdevice` [ RunTime:0.0012s ]
SQL: SELECT * FROM `hr_icdevice`  [ RunTime:0.0002s ]
SQL: SHOW COLUMNS FROM `hr_icdevice_class` [ RunTime:0.0012s ]
SQL: SELECT * FROM `hr_icdevice_class`  [ RunTime:0.0002s ]
SQL: SHOW COLUMNS FROM `hr_icdispose` [ RunTime:0.0012s ]
SQL: SELECT * FROM `hr_icdispose`  [ RunTime:0.0001s ]
SQL: SHOW COLUMNS FROM `hr_icdevice_sub` [ RunTime:0.0014s ]
SQL: SELECT * FROM `hr_icdevice_sub`  [ RunTime:0.0003s ]
SQL: SHOW COLUMNS FROM `hr_icmaintenance` [ RunTime:0.0013s ]
SQL: SELECT * FROM `hr_icmaintenance`  [ RunTime:0.0002s ]
SQL: SHOW COLUMNS FROM `hr_icsupplier` [ RunTime:0.0012s ]
SQL: SELECT * FROM `hr_icsupplier`  [ RunTime:0.0001s ]
SQL: SHOW COLUMNS FROM `hr_icpurcha` [ RunTime:0.0011s ]
SQL: SELECT * FROM `hr_icpurcha`  [ RunTime:0.0001s ]
SQL: SHOW COLUMNS FROM `hr_icequipment` [ RunTime:0.0011s ]
SQL: SELECT * FROM `hr_icequipment`  [ RunTime:0.0001s ]
NOTIC: [8] Undefined index: purchaid /Library/WebServer/Documents/cost/Application/Home/Controller/IndexController.class.php 第 4421 行.
NOTIC: [8] Undefined index: purchaid /Library/WebServer/Documents/cost/Application/Home/Controller/IndexController.class.php 第 4421 行.
NOTIC: [8] Undefined variable: equipment /Library/WebServer/Documents/cost/Application/Home/Controller/IndexController.class.php 第 4528 行.
SQL: SELECT COUNT(*) AS tp_count FROM `hr_icequipment_sub` LIMIT 1   [ RunTime:0.0002s ]
INFO: [ app_end ] --START--
INFO: Run Behavior\ShowPageTraceBehavior [ RunTime:0.000393s ]
INFO: [ app_end ] --END-- [ RunTime:0.000556s ]

[ 2020-01-13T10:24:59+08:00 ] ::1 /cost/index.php/Home/Index/equipmentupsuc.html
INFO: [ app_begin ] --START--
INFO: Run Behavior\ReadHtmlCacheBehavior [ RunTime:0.000306s ]
INFO: [ app_begin ] --END-- [ RunTime:0.000682s ]
SQL: SHOW COLUMNS FROM `hr_icdevice_break` [ RunTime:0.0025s ]
SQL: INSERT INTO `hr_icdevice_break` (`equipment_subid`,`dwname`,`jgh`,`equipmentid`,`maintenanceid`,`device_classid`,`reason`,`device_subid`) VALUES ('1','33001516','72','1','1','1','点不亮','1') [ RunTime:0.0059s ]
SQL: SHOW COLUMNS FROM `hr_icequipment_sub` [ RunTime:0.0015s ]
SQL: UPDATE `hr_icequipment_sub` SET `status`='1' WHERE ( equipment_subid = '1' ) [ RunTime:0.0006s ]
INFO: [ app_end ] --START--
INFO: Run Behavior\ShowPageTraceBehavior [ RunTime:0.000394s ]
INFO: [ app_end ] --END-- [ RunTime:0.000605s ]

[ 2020-01-13T10:25:00+08:00 ] ::1 /cost/index.php/Home/Index/equipmentups.html?page=1&limit=20
INFO: [ app_begin ] --START--
INFO: Run Behavior\ReadHtmlCacheBehavior [ RunTime:0.000362s ]
INFO: [ app_begin ] --END-- [ RunTime:0.000710s ]
NOTIC: [8] Undefined index: device_class /Library/WebServer/Documents/cost/Application/Home/Controller/IndexController.class.php 第 4481 行.
NOTIC: [8] Undefined index: equipmentid /Library/WebServer/Documents/cost/Application/Home/Controller/IndexController.class.php 第 4503 行.
NOTIC: [8] Undefined index: date /Library/WebServer/Documents/cost/Application/Home/Controller/IndexController.class.php 第 4504 行.
SQL: SHOW COLUMNS FROM `hr_icequipment_sub` [ RunTime:0.0014s ]
SQL: SELECT * FROM `hr_icequipment_sub` WHERE `dwname` = '33001516' AND `status` = 0 AND `stats` = 0 ORDER BY equipmentid asc LIMIT 0,20   [ RunTime:0.0003s ]
SQL: SHOW COLUMNS FROM `hr_icdevice` [ RunTime:0.0014s ]
SQL: SELECT * FROM `hr_icdevice`  [ RunTime:0.0002s ]
SQL: SHOW COLUMNS FROM `hr_icdevice_class` [ RunTime:0.0012s ]
SQL: SELECT * FROM `hr_icdevice_class`  [ RunTime:0.0001s ]
SQL: SHOW COLUMNS FROM `hr_icdispose` [ RunTime:0.0012s ]
SQL: SELECT * FROM `hr_icdispose`  [ RunTime:0.0002s ]
SQL: SHOW COLUMNS FROM `hr_icdevice_sub` [ RunTime:0.0016s ]
SQL: SELECT * FROM `hr_icdevice_sub`  [ RunTime:0.0002s ]
SQL: SHOW COLUMNS FROM `hr_icmaintenance` [ RunTime:0.0013s ]
SQL: SELECT * FROM `hr_icmaintenance`  [ RunTime:0.0002s ]
SQL: SHOW COLUMNS FROM `hr_icsupplier` [ RunTime:0.0012s ]
SQL: SELECT * FROM `hr_icsupplier`  [ RunTime:0.0002s ]
SQL: SHOW COLUMNS FROM `hr_icpurcha` [ RunTime:0.0015s ]
SQL: SELECT * FROM `hr_icpurcha`  [ RunTime:0.0002s ]
SQL: SHOW COLUMNS FROM `hr_icequipment` [ RunTime:0.0013s ]
SQL: SELECT * FROM `hr_icequipment`  [ RunTime:0.0002s ]
NOTIC: [8] Undefined index: purchaid /Library/WebServer/Documents/cost/Application/Home/Controller/IndexController.class.php 第 4421 行.
NOTIC: [8] Undefined index: purchaid /Library/WebServer/Documents/cost/Application/Home/Controller/IndexController.class.php 第 4421 行.
NOTIC: [8] Undefined variable: equipment /Library/WebServer/Documents/cost/Application/Home/Controller/IndexController.class.php 第 4528 行.
SQL: SELECT COUNT(*) AS tp_count FROM `hr_icequipment_sub` LIMIT 1   [ RunTime:0.0003s ]
INFO: [ app_end ] --START--
INFO: Run Behavior\ShowPageTraceBehavior [ RunTime:0.000408s ]
INFO: [ app_end ] --END-- [ RunTime:0.000573s ]

[ 2020-01-13T10:25:06+08:00 ] ::1 /cost/index.php/Home/Index/equipmentmodifys.html?page=1&limit=20
INFO: [ app_begin ] --START--
INFO: Run Behavior\ReadHtmlCacheBehavior [ RunTime:0.000313s ]
INFO: [ app_begin ] --END-- [ RunTime:0.000700s ]
SQL: SHOW COLUMNS FROM `hr_icdevice_break` [ RunTime:0.0013s ]
SQL: SELECT * FROM `hr_icdevice_break` WHERE `dwname` = '33001516' AND `stats` = 0 AND `status` = 0  [ RunTime:0.0003s ]
SQL: SHOW COLUMNS FROM `hr_icdevice` [ RunTime:0.0015s ]
SQL: SELECT * FROM `hr_icdevice`  [ RunTime:0.0002s ]
SQL: SHOW COLUMNS FROM `hr_icdevice_class` [ RunTime:0.0013s ]
SQL: SELECT * FROM `hr_icdevice_class`  [ RunTime:0.0002s ]
SQL: SHOW COLUMNS FROM `hr_icdispose` [ RunTime:0.0012s ]
SQL: SELECT * FROM `hr_icdispose`  [ RunTime:0.0002s ]
SQL: SHOW COLUMNS FROM `hr_icdevice_sub` [ RunTime:0.0014s ]
SQL: SELECT * FROM `hr_icdevice_sub`  [ RunTime:0.0002s ]
SQL: SHOW COLUMNS FROM `hr_icmaintenance` [ RunTime:0.0013s ]
SQL: SELECT * FROM `hr_icmaintenance`  [ RunTime:0.0002s ]
SQL: SHOW COLUMNS FROM `hr_icsupplier` [ RunTime:0.0013s ]
SQL: SELECT * FROM `hr_icsupplier`  [ RunTime:0.0002s ]
SQL: SHOW COLUMNS FROM `hr_icpurcha` [ RunTime:0.0013s ]
SQL: SELECT * FROM `hr_icpurcha`  [ RunTime:0.0002s ]
SQL: SHOW COLUMNS FROM `hr_icequipment` [ RunTime:0.0013s ]
SQL: SELECT * FROM `hr_icequipment`  [ RunTime:0.0002s ]
NOTIC: [8] Undefined index: purchaid /Library/WebServer/Documents/cost/Application/Home/Controller/IndexController.class.php 第 4421 行.
NOTIC: [8] Undefined index: purchaid /Library/WebServer/Documents/cost/Application/Home/Controller/IndexController.class.php 第 4421 行.
NOTIC: [8] Undefined index: purchaid /Library/WebServer/Documents/cost/Application/Home/Controller/IndexController.class.php 第 4421 行.
NOTIC: [8] Undefined index: purchaid /Library/WebServer/Documents/cost/Application/Home/Controller/IndexController.class.php 第 4421 行.
SQL: SELECT COUNT(*) AS tp_count FROM `hr_icdevice_break` WHERE `dwname` = '33001516' AND `stats` = 0 AND `status` = 0 LIMIT 1   [ RunTime:0.0002s ]
INFO: [ app_end ] --START--
INFO: Run Behavior\ShowPageTraceBehavior [ RunTime:0.000365s ]
INFO: [ app_end ] --END-- [ RunTime:0.000518s ]

[ 2020-01-13T10:25:21+08:00 ] ::1 /cost/index.php/Home/Ic/welcomes.html?page=1&limit=10
INFO: [ app_begin ] --START--
INFO: Run Behavior\ReadHtmlCacheBehavior [ RunTime:0.000374s ]
INFO: [ app_begin ] --END-- [ RunTime:0.000725s ]
SQL: SHOW COLUMNS FROM `hr_icequipment_sub` [ RunTime:0.0013s ]
SQL: SELECT * FROM `hr_icequipment_sub` WHERE `stats` = 0  [ RunTime:0.0002s ]
SQL: SHOW COLUMNS FROM `hr_icdevice` [ RunTime:0.0015s ]
SQL: SELECT * FROM `hr_icdevice`  [ RunTime:0.0002s ]
SQL: SHOW COLUMNS FROM `hr_icdevice_class` [ RunTime:0.0013s ]
SQL: SELECT * FROM `hr_icdevice_class`  [ RunTime:0.0001s ]
SQL: SHOW COLUMNS FROM `hr_icdispose` [ RunTime:0.0013s ]
SQL: SELECT * FROM `hr_icdispose`  [ RunTime:0.0001s ]
SQL: SHOW COLUMNS FROM `hr_icdevice_sub` [ RunTime:0.0015s ]
SQL: SELECT * FROM `hr_icdevice_sub`  [ RunTime:0.0002s ]
SQL: SHOW COLUMNS FROM `hr_icmaintenance` [ RunTime:0.0013s ]
SQL: SELECT * FROM `hr_icmaintenance`  [ RunTime:0.0002s ]
SQL: SHOW COLUMNS FROM `hr_icsupplier` [ RunTime:0.0013s ]
SQL: SELECT * FROM `hr_icsupplier`  [ RunTime:0.0002s ]
SQL: SHOW COLUMNS FROM `hr_icpurcha` [ RunTime:0.0013s ]
SQL: SELECT * FROM `hr_icpurcha`  [ RunTime:0.0002s ]
NOTIC: [8] Undefined index: purchaid /Library/WebServer/Documents/cost/Application/Home/Controller/IcController.class.php 第 171 行.
NOTIC: [8] Undefined index: purchaid /Library/WebServer/Documents/cost/Application/Home/Controller/IcController.class.php 第 171 行.
NOTIC: [8] Undefined index: purchaid /Library/WebServer/Documents/cost/Application/Home/Controller/IcController.class.php 第 171 行.
NOTIC: [8] Undefined index: purchaid /Library/WebServer/Documents/cost/Application/Home/Controller/IcController.class.php 第 171 行.
NOTIC: [8] Undefined index: purchaid /Library/WebServer/Documents/cost/Application/Home/Controller/IcController.class.php 第 171 行.
NOTIC: [8] Undefined index: purchaid /Library/WebServer/Documents/cost/Application/Home/Controller/IcController.class.php 第 171 行.
SQL: SHOW COLUMNS FROM `hr_icequipment` [ RunTime:0.0015s ]
SQL: SHOW COLUMNS FROM `hr_jrdanwei` [ RunTime:0.0012s ]
SQL: SELECT * FROM `hr_jrdanwei` WHERE ( jiagou = 'A1' )  [ RunTime:0.0002s ]
SQL: SELECT COUNT(*) AS tp_count FROM `hr_icequipment_sub` WHERE `stats` = 0 LIMIT 1   [ RunTime:0.0002s ]
INFO: [ app_end ] --START--
INFO: Run Behavior\ShowPageTraceBehavior [ RunTime:0.000425s ]
INFO: [ app_end ] --END-- [ RunTime:0.000581s ]

